mode: set
github.com/SergioLacerda/strategist-skill/cmd/strategist/check_stale.go:15.52,17.17 2 1
github.com/SergioLacerda/strategist-skill/cmd/strategist/check_stale.go:17.17,19.4 1 1
github.com/SergioLacerda/strategist-skill/cmd/strategist/check_stale.go:20.3,20.14 1 1
github.com/SergioLacerda/strategist-skill/cmd/strategist/check_stale.go:20.14,22.4 1 0
github.com/SergioLacerda/strategist-skill/cmd/strategist/check_stale.go:23.3,23.13 1 1
github.com/SergioLacerda/strategist-skill/cmd/strategist/compile.go:16.49,17.24 1 1
github.com/SergioLacerda/strategist-skill/cmd/strategist/compile.go:17.24,19.4 1 1
github.com/SergioLacerda/strategist-skill/cmd/strategist/compile.go:21.3,23.62 3 1
github.com/SergioLacerda/strategist-skill/cmd/strategist/compile.go:23.62,25.4 1 1
github.com/SergioLacerda/strategist-skill/cmd/strategist/compile.go:27.3,28.13 2 1
github.com/SergioLacerda/strategist-skill/cmd/strategist/compile.go:32.13,34.2 1 1
github.com/SergioLacerda/strategist-skill/cmd/strategist/install.go:23.49,24.26 1 1
github.com/SergioLacerda/strategist-skill/cmd/strategist/install.go:24.26,26.4 1 1
github.com/SergioLacerda/strategist-skill/cmd/strategist/install.go:28.3,39.64 3 1
github.com/SergioLacerda/strategist-skill/cmd/strategist/install.go:39.64,41.4 1 1
github.com/SergioLacerda/strategist-skill/cmd/strategist/install.go:43.3,44.13 2 1
github.com/SergioLacerda/strategist-skill/cmd/strategist/install.go:48.13,52.2 3 1
github.com/SergioLacerda/strategist-skill/cmd/strategist/install_global.go:24.49,26.19 2 1
github.com/SergioLacerda/strategist-skill/cmd/strategist/install_global.go:26.19,28.18 2 1
github.com/SergioLacerda/strategist-skill/cmd/strategist/install_global.go:28.18,30.5 1 0
github.com/SergioLacerda/strategist-skill/cmd/strategist/install_global.go:31.4,32.32 2 1
github.com/SergioLacerda/strategist-skill/cmd/strategist/install_global.go:35.3,45.64 3 1
github.com/SergioLacerda/strategist-skill/cmd/strategist/install_global.go:45.64,47.4 1 1
github.com/SergioLacerda/strategist-skill/cmd/strategist/install_global.go:49.3,50.13 2 1
github.com/SergioLacerda/strategist-skill/cmd/strategist/main.go:3.13,5.2 1 1
github.com/SergioLacerda/strategist-skill/cmd/strategist/root.go:16.13,23.2 6 1
github.com/SergioLacerda/strategist-skill/cmd/strategist/root.go:25.16,26.42 1 1
github.com/SergioLacerda/strategist-skill/cmd/strategist/root.go:26.42,28.3 1 1
github.com/SergioLacerda/strategist-skill/cmd/strategist/validate.go:25.49,26.25 1 1
github.com/SergioLacerda/strategist-skill/cmd/strategist/validate.go:26.25,28.4 1 1
github.com/SergioLacerda/strategist-skill/cmd/strategist/validate.go:30.3,36.23 5 1
github.com/SergioLacerda/strategist-skill/cmd/strategist/validate.go:36.23,38.4 1 1
github.com/SergioLacerda/strategist-skill/cmd/strategist/validate.go:41.3,52.44 8 1
github.com/SergioLacerda/strategist-skill/cmd/strategist/validate.go:52.44,54.55 2 1
github.com/SergioLacerda/strategist-skill/cmd/strategist/validate.go:54.55,56.5 1 1
github.com/SergioLacerda/strategist-skill/cmd/strategist/validate.go:59.3,59.20 1 1
github.com/SergioLacerda/strategist-skill/cmd/strategist/validate.go:59.20,60.27 1 1
github.com/SergioLacerda/strategist-skill/cmd/strategist/validate.go:60.27,62.5 1 1
github.com/SergioLacerda/strategist-skill/cmd/strategist/validate.go:63.4,63.77 1 1
github.com/SergioLacerda/strategist-skill/cmd/strategist/validate.go:66.3,67.13 2 1
github.com/SergioLacerda/strategist-skill/cmd/strategist/validate.go:71.44,73.16 2 1
github.com/SergioLacerda/strategist-skill/cmd/strategist/validate.go:73.16,74.25 1 1
github.com/SergioLacerda/strategist-skill/cmd/strategist/validate.go:74.25,76.4 1 1
github.com/SergioLacerda/strategist-skill/cmd/strategist/validate.go:77.3,77.37 1 0
github.com/SergioLacerda/strategist-skill/cmd/strategist/validate.go:80.2,81.50 2 1
github.com/SergioLacerda/strategist-skill/cmd/strategist/validate.go:81.50,83.3 1 1
github.com/SergioLacerda/strategist-skill/cmd/strategist/validate.go:85.2,85.57 1 1
github.com/SergioLacerda/strategist-skill/cmd/strategist/validate.go:85.57,86.31 1 1
github.com/SergioLacerda/strategist-skill/cmd/strategist/validate.go:86.31,88.4 1 1
github.com/SergioLacerda/strategist-skill/cmd/strategist/validate.go:91.2,91.42 1 1
github.com/SergioLacerda/strategist-skill/cmd/strategist/validate.go:91.42,92.44 1 1
github.com/SergioLacerda/strategist-skill/cmd/strategist/validate.go:92.44,94.4 1 1
github.com/SergioLacerda/strategist-skill/cmd/strategist/validate.go:97.2,97.12 1 1
github.com/SergioLacerda/strategist-skill/cmd/strategist/validate.go:100.66,102.16 2 1
github.com/SergioLacerda/strategist-skill/cmd/strategist/validate.go:102.16,104.3 1 1
github.com/SergioLacerda/strategist-skill/cmd/strategist/validate.go:106.2,106.28 1 1
github.com/SergioLacerda/strategist-skill/cmd/strategist/validate.go:106.28,107.57 1 1
github.com/SergioLacerda/strategist-skill/cmd/strategist/validate.go:107.57,108.12 1 0
github.com/SergioLacerda/strategist-skill/cmd/strategist/validate.go:110.3,113.17 4 1
github.com/SergioLacerda/strategist-skill/cmd/strategist/validate.go:113.17,115.12 2 0
github.com/SergioLacerda/strategist-skill/cmd/strategist/validate.go:117.3,118.49 2 1
github.com/SergioLacerda/strategist-skill/cmd/strategist/validate.go:118.49,120.12 2 1
github.com/SergioLacerda/strategist-skill/cmd/strategist/validate.go:122.3,122.68 1 1
github.com/SergioLacerda/strategist-skill/cmd/strategist/validate.go:122.68,123.30 1 1
github.com/SergioLacerda/strategist-skill/cmd/strategist/validate.go:123.30,125.5 1 1
github.com/SergioLacerda/strategist-skill/cmd/strategist/validate.go:128.2,128.21 1 1
github.com/SergioLacerda/strategist-skill/cmd/strategist/validate.go:131.63,133.16 2 1
github.com/SergioLacerda/strategist-skill/cmd/strategist/validate.go:133.16,135.3 1 1
github.com/SergioLacerda/strategist-skill/cmd/strategist/validate.go:137.2,137.28 1 1
github.com/SergioLacerda/strategist-skill/cmd/strategist/validate.go:137.28,138.57 1 1
github.com/SergioLacerda/strategist-skill/cmd/strategist/validate.go:138.57,139.12 1 0
github.com/SergioLacerda/strategist-skill/cmd/strategist/validate.go:141.3,144.17 4 1
github.com/SergioLacerda/strategist-skill/cmd/strategist/validate.go:144.17,146.12 2 0
github.com/SergioLacerda/strategist-skill/cmd/strategist/validate.go:148.3,149.49 2 1
github.com/SergioLacerda/strategist-skill/cmd/strategist/validate.go:149.49,151.12 2 1
github.com/SergioLacerda/strategist-skill/cmd/strategist/validate.go:153.3,153.73 1 1
github.com/SergioLacerda/strategist-skill/cmd/strategist/validate.go:153.73,154.29 1 1
github.com/SergioLacerda/strategist-skill/cmd/strategist/validate.go:154.29,156.5 1 1
github.com/SergioLacerda/strategist-skill/cmd/strategist/validate.go:159.2,159.21 1 1
github.com/SergioLacerda/strategist-skill/cmd/strategist/validate.go:162.42,164.16 2 1
github.com/SergioLacerda/strategist-skill/cmd/strategist/validate.go:164.16,166.3 1 0
github.com/SergioLacerda/strategist-skill/cmd/strategist/validate.go:167.2,168.48 2 1
github.com/SergioLacerda/strategist-skill/cmd/strategist/validate.go:168.48,170.3 1 1
github.com/SergioLacerda/strategist-skill/cmd/strategist/validate.go:171.2,171.12 1 1
github.com/SergioLacerda/strategist-skill/cmd/strategist/validate.go:174.13,176.2 1 1
github.com/SergioLacerda/strategist-skill/cmd/strategist/version.go:15.42,17.3 1 1
