mode: atomic
github.com/SergioLacerda/strategist-skill/cmd/strategist/check.go:34.49,36.17 2 5
github.com/SergioLacerda/strategist-skill/cmd/strategist/check.go:36.17,38.21 2 1
github.com/SergioLacerda/strategist-skill/cmd/strategist/check.go:38.21,40.5 1 0
github.com/SergioLacerda/strategist-skill/cmd/strategist/check.go:41.4,42.22 2 1
github.com/SergioLacerda/strategist-skill/cmd/strategist/check.go:42.22,44.5 1 1
github.com/SergioLacerda/strategist-skill/cmd/strategist/check.go:45.4,45.21 1 0
github.com/SergioLacerda/strategist-skill/cmd/strategist/check.go:48.3,50.17 3 4
github.com/SergioLacerda/strategist-skill/cmd/strategist/check.go:50.17,51.26 1 1
github.com/SergioLacerda/strategist-skill/cmd/strategist/check.go:51.26,53.5 1 1
github.com/SergioLacerda/strategist-skill/cmd/strategist/check.go:54.4,54.90 1 0
github.com/SergioLacerda/strategist-skill/cmd/strategist/check.go:57.3,58.51 2 3
github.com/SergioLacerda/strategist-skill/cmd/strategist/check.go:58.51,60.4 1 0
github.com/SergioLacerda/strategist-skill/cmd/strategist/check.go:62.3,69.73 3 3
github.com/SergioLacerda/strategist-skill/cmd/strategist/check.go:69.73,71.22 2 9
github.com/SergioLacerda/strategist-skill/cmd/strategist/check.go:71.22,73.13 2 0
github.com/SergioLacerda/strategist-skill/cmd/strategist/check.go:76.4,78.22 3 9
github.com/SergioLacerda/strategist-skill/cmd/strategist/check.go:78.22,79.31 1 3
github.com/SergioLacerda/strategist-skill/cmd/strategist/check.go:79.31,81.6 1 3
github.com/SergioLacerda/strategist-skill/cmd/strategist/check.go:81.11,83.6 1 0
github.com/SergioLacerda/strategist-skill/cmd/strategist/check.go:84.5,84.13 1 3
github.com/SergioLacerda/strategist-skill/cmd/strategist/check.go:87.4,90.70 2 6
github.com/SergioLacerda/strategist-skill/cmd/strategist/check.go:90.70,92.13 2 0
github.com/SergioLacerda/strategist-skill/cmd/strategist/check.go:95.4,96.38 2 6
github.com/SergioLacerda/strategist-skill/cmd/strategist/check.go:96.38,98.5 1 1
github.com/SergioLacerda/strategist-skill/cmd/strategist/check.go:101.3,101.20 1 3
github.com/SergioLacerda/strategist-skill/cmd/strategist/check.go:101.20,102.27 1 2
github.com/SergioLacerda/strategist-skill/cmd/strategist/check.go:102.27,104.5 1 4
github.com/SergioLacerda/strategist-skill/cmd/strategist/check.go:105.4,105.85 1 2
github.com/SergioLacerda/strategist-skill/cmd/strategist/check.go:108.3,110.13 2 1
github.com/SergioLacerda/strategist-skill/cmd/strategist/check.go:114.13,117.2 2 2
github.com/SergioLacerda/strategist-skill/cmd/strategist/check_stale.go:25.61,29.16 3 2
github.com/SergioLacerda/strategist-skill/cmd/strategist/check_stale.go:29.16,31.3 1 2
github.com/SergioLacerda/strategist-skill/cmd/strategist/check_stale.go:32.2,33.16 2 2
github.com/SergioLacerda/strategist-skill/cmd/strategist/check_stale.go:33.16,36.3 2 0
github.com/SergioLacerda/strategist-skill/cmd/strategist/check_stale.go:37.2,48.16 3 2
github.com/SergioLacerda/strategist-skill/cmd/strategist/check_stale.go:48.16,53.3 4 1
github.com/SergioLacerda/strategist-skill/cmd/strategist/check_stale.go:55.2,65.13 4 1
github.com/SergioLacerda/strategist-skill/cmd/strategist/check_stale.go:65.13,67.3 1 0
github.com/SergioLacerda/strategist-skill/cmd/strategist/check_stale.go:68.2,68.12 1 1
github.com/SergioLacerda/strategist-skill/cmd/strategist/compile.go:26.64,27.23 1 3
github.com/SergioLacerda/strategist-skill/cmd/strategist/compile.go:27.23,29.48 2 1
github.com/SergioLacerda/strategist-skill/cmd/strategist/compile.go:29.48,31.4 1 1
github.com/SergioLacerda/strategist-skill/cmd/strategist/compile.go:34.2,35.16 2 2
github.com/SergioLacerda/strategist-skill/cmd/strategist/compile.go:35.16,37.3 1 2
github.com/SergioLacerda/strategist-skill/cmd/strategist/compile.go:38.2,39.16 2 2
github.com/SergioLacerda/strategist-skill/cmd/strategist/compile.go:39.16,41.3 1 0
github.com/SergioLacerda/strategist-skill/cmd/strategist/compile.go:42.2,50.15 2 2
github.com/SergioLacerda/strategist-skill/cmd/strategist/compile.go:50.15,51.20 1 2
github.com/SergioLacerda/strategist-skill/cmd/strategist/compile.go:51.20,54.4 2 0
github.com/SergioLacerda/strategist-skill/cmd/strategist/compile.go:55.3,55.13 1 2
github.com/SergioLacerda/strategist-skill/cmd/strategist/compile.go:58.2,58.16 1 2
github.com/SergioLacerda/strategist-skill/cmd/strategist/compile.go:58.16,60.3 1 0
github.com/SergioLacerda/strategist-skill/cmd/strategist/compile.go:61.2,70.61 4 2
github.com/SergioLacerda/strategist-skill/cmd/strategist/compile.go:70.61,72.3 1 0
github.com/SergioLacerda/strategist-skill/cmd/strategist/compile.go:74.2,74.16 1 2
github.com/SergioLacerda/strategist-skill/cmd/strategist/compile.go:74.16,76.3 1 0
github.com/SergioLacerda/strategist-skill/cmd/strategist/compile.go:77.2,84.12 3 2
github.com/SergioLacerda/strategist-skill/cmd/strategist/compile.go:87.13,89.2 1 2
github.com/SergioLacerda/strategist-skill/cmd/strategist/dojo.go:45.58,49.16 3 6
github.com/SergioLacerda/strategist-skill/cmd/strategist/dojo.go:49.16,51.3 1 2
github.com/SergioLacerda/strategist-skill/cmd/strategist/dojo.go:53.2,55.16 3 4
github.com/SergioLacerda/strategist-skill/cmd/strategist/dojo.go:55.16,57.3 1 1
github.com/SergioLacerda/strategist-skill/cmd/strategist/dojo.go:59.2,62.48 3 3
github.com/SergioLacerda/strategist-skill/cmd/strategist/dojo.go:62.48,64.3 1 0
github.com/SergioLacerda/strategist-skill/cmd/strategist/dojo.go:65.2,65.22 1 3
github.com/SergioLacerda/strategist-skill/cmd/strategist/dojo.go:65.22,67.3 1 1
github.com/SergioLacerda/strategist-skill/cmd/strategist/dojo.go:68.2,68.12 1 2
github.com/SergioLacerda/strategist-skill/cmd/strategist/dojo.go:71.54,73.16 2 4
github.com/SergioLacerda/strategist-skill/cmd/strategist/dojo.go:73.16,75.3 1 1
github.com/SergioLacerda/strategist-skill/cmd/strategist/dojo.go:77.2,79.16 3 3
github.com/SergioLacerda/strategist-skill/cmd/strategist/dojo.go:79.16,81.3 1 1
github.com/SergioLacerda/strategist-skill/cmd/strategist/dojo.go:83.2,84.28 2 2
github.com/SergioLacerda/strategist-skill/cmd/strategist/dojo.go:84.28,85.44 1 2
github.com/SergioLacerda/strategist-skill/cmd/strategist/dojo.go:85.44,86.12 1 0
github.com/SergioLacerda/strategist-skill/cmd/strategist/dojo.go:88.3,90.56 3 2
github.com/SergioLacerda/strategist-skill/cmd/strategist/dojo.go:90.56,92.38 2 2
github.com/SergioLacerda/strategist-skill/cmd/strategist/dojo.go:92.38,94.5 1 2
github.com/SergioLacerda/strategist-skill/cmd/strategist/dojo.go:96.3,96.78 1 2
github.com/SergioLacerda/strategist-skill/cmd/strategist/dojo.go:96.78,98.4 1 0
github.com/SergioLacerda/strategist-skill/cmd/strategist/dojo.go:100.2,100.34 1 2
github.com/SergioLacerda/strategist-skill/cmd/strategist/dojo.go:100.34,102.3 1 0
github.com/SergioLacerda/strategist-skill/cmd/strategist/dojo.go:103.2,103.12 1 2
github.com/SergioLacerda/strategist-skill/cmd/strategist/dojo.go:106.81,108.26 2 10
github.com/SergioLacerda/strategist-skill/cmd/strategist/dojo.go:108.26,110.3 1 0
github.com/SergioLacerda/strategist-skill/cmd/strategist/dojo.go:112.2,113.16 2 10
github.com/SergioLacerda/strategist-skill/cmd/strategist/dojo.go:113.16,115.3 1 2
github.com/SergioLacerda/strategist-skill/cmd/strategist/dojo.go:116.2,117.50 2 8
github.com/SergioLacerda/strategist-skill/cmd/strategist/dojo.go:117.50,119.3 1 0
github.com/SergioLacerda/strategist-skill/cmd/strategist/dojo.go:120.2,120.24 1 8
github.com/SergioLacerda/strategist-skill/cmd/strategist/dojo.go:120.24,122.3 1 1
github.com/SergioLacerda/strategist-skill/cmd/strategist/dojo.go:123.2,124.31 2 7
github.com/SergioLacerda/strategist-skill/cmd/strategist/dojo.go:124.31,126.3 1 7
github.com/SergioLacerda/strategist-skill/cmd/strategist/dojo.go:127.2,127.38 1 7
github.com/SergioLacerda/strategist-skill/cmd/strategist/dojo.go:130.53,131.17 1 7
github.com/SergioLacerda/strategist-skill/cmd/strategist/dojo.go:131.17,133.3 1 4
github.com/SergioLacerda/strategist-skill/cmd/strategist/dojo.go:134.2,135.18 2 3
github.com/SergioLacerda/strategist-skill/cmd/strategist/dojo.go:135.18,137.3 1 1
github.com/SergioLacerda/strategist-skill/cmd/strategist/dojo.go:138.2,138.64 1 3
github.com/SergioLacerda/strategist-skill/cmd/strategist/dojo.go:141.60,142.21 1 3
github.com/SergioLacerda/strategist-skill/cmd/strategist/dojo.go:142.21,144.3 1 2
github.com/SergioLacerda/strategist-skill/cmd/strategist/dojo.go:145.2,145.102 1 1
github.com/SergioLacerda/strategist-skill/cmd/strategist/dojo.go:148.59,154.36 3 3
github.com/SergioLacerda/strategist-skill/cmd/strategist/dojo.go:154.36,156.3 1 4
github.com/SergioLacerda/strategist-skill/cmd/strategist/dojo.go:157.2,158.29 2 3
github.com/SergioLacerda/strategist-skill/cmd/strategist/dojo.go:158.29,159.48 1 16
github.com/SergioLacerda/strategist-skill/cmd/strategist/dojo.go:159.48,161.4 1 0
github.com/SergioLacerda/strategist-skill/cmd/strategist/dojo.go:163.2,163.34 1 3
github.com/SergioLacerda/strategist-skill/cmd/strategist/dojo.go:163.34,165.3 1 0
github.com/SergioLacerda/strategist-skill/cmd/strategist/dojo.go:166.2,166.12 1 3
github.com/SergioLacerda/strategist-skill/cmd/strategist/dojo.go:169.13,176.2 6 2
github.com/SergioLacerda/strategist-skill/cmd/strategist/initiative.go:36.56,38.16 2 6
github.com/SergioLacerda/strategist-skill/cmd/strategist/initiative.go:38.16,40.3 1 0
github.com/SergioLacerda/strategist-skill/cmd/strategist/initiative.go:42.2,43.16 2 6
github.com/SergioLacerda/strategist-skill/cmd/strategist/initiative.go:43.16,45.3 1 1
github.com/SergioLacerda/strategist-skill/cmd/strategist/initiative.go:47.2,48.16 2 5
github.com/SergioLacerda/strategist-skill/cmd/strategist/initiative.go:48.16,50.3 1 1
github.com/SergioLacerda/strategist-skill/cmd/strategist/initiative.go:52.2,53.50 2 4
github.com/SergioLacerda/strategist-skill/cmd/strategist/initiative.go:53.50,55.3 1 0
github.com/SergioLacerda/strategist-skill/cmd/strategist/initiative.go:57.2,59.58 2 4
github.com/SergioLacerda/strategist-skill/cmd/strategist/initiative.go:59.58,61.3 1 0
github.com/SergioLacerda/strategist-skill/cmd/strategist/initiative.go:62.2,62.72 1 4
github.com/SergioLacerda/strategist-skill/cmd/strategist/initiative.go:62.72,65.105 3 12
github.com/SergioLacerda/strategist-skill/cmd/strategist/initiative.go:65.105,67.4 1 0
github.com/SergioLacerda/strategist-skill/cmd/strategist/initiative.go:70.2,70.73 1 4
github.com/SergioLacerda/strategist-skill/cmd/strategist/initiative.go:70.73,72.3 1 0
github.com/SergioLacerda/strategist-skill/cmd/strategist/initiative.go:74.2,74.34 1 4
github.com/SergioLacerda/strategist-skill/cmd/strategist/initiative.go:74.34,76.3 1 0
github.com/SergioLacerda/strategist-skill/cmd/strategist/initiative.go:77.2,77.12 1 4
github.com/SergioLacerda/strategist-skill/cmd/strategist/initiative.go:80.106,81.53 1 4
github.com/SergioLacerda/strategist-skill/cmd/strategist/initiative.go:81.53,83.3 1 0
github.com/SergioLacerda/strategist-skill/cmd/strategist/initiative.go:84.2,84.62 1 4
github.com/SergioLacerda/strategist-skill/cmd/strategist/initiative.go:84.62,86.3 1 0
github.com/SergioLacerda/strategist-skill/cmd/strategist/initiative.go:88.2,89.20 2 4
github.com/SergioLacerda/strategist-skill/cmd/strategist/initiative.go:89.20,91.3 1 0
github.com/SergioLacerda/strategist-skill/cmd/strategist/initiative.go:92.2,93.31 2 4
github.com/SergioLacerda/strategist-skill/cmd/strategist/initiative.go:93.31,95.3 1 4
github.com/SergioLacerda/strategist-skill/cmd/strategist/initiative.go:97.2,108.25 5 4
github.com/SergioLacerda/strategist-skill/cmd/strategist/initiative.go:108.25,109.69 1 20
github.com/SergioLacerda/strategist-skill/cmd/strategist/initiative.go:109.69,111.4 1 0
github.com/SergioLacerda/strategist-skill/cmd/strategist/initiative.go:113.2,113.12 1 4
github.com/SergioLacerda/strategist-skill/cmd/strategist/initiative.go:116.45,117.11 1 8
github.com/SergioLacerda/strategist-skill/cmd/strategist/initiative.go:117.11,119.3 1 6
github.com/SergioLacerda/strategist-skill/cmd/strategist/initiative.go:120.2,121.23 2 2
github.com/SergioLacerda/strategist-skill/cmd/strategist/initiative.go:121.23,123.3 1 1
github.com/SergioLacerda/strategist-skill/cmd/strategist/initiative.go:124.2,124.12 1 2
github.com/SergioLacerda/strategist-skill/cmd/strategist/initiative.go:124.12,126.3 1 1
github.com/SergioLacerda/strategist-skill/cmd/strategist/initiative.go:127.2,127.40 1 1
github.com/SergioLacerda/strategist-skill/cmd/strategist/initiative.go:131.35,133.16 2 8
github.com/SergioLacerda/strategist-skill/cmd/strategist/initiative.go:133.16,135.3 1 6
github.com/SergioLacerda/strategist-skill/cmd/strategist/initiative.go:136.2,136.21 1 2
github.com/SergioLacerda/strategist-skill/cmd/strategist/initiative.go:141.44,143.16 2 4
github.com/SergioLacerda/strategist-skill/cmd/strategist/initiative.go:143.16,145.3 1 4
github.com/SergioLacerda/strategist-skill/cmd/strategist/initiative.go:146.2,146.15 1 0
github.com/SergioLacerda/strategist-skill/cmd/strategist/initiative.go:146.15,146.32 1 0
github.com/SergioLacerda/strategist-skill/cmd/strategist/initiative.go:148.2,150.21 3 0
github.com/SergioLacerda/strategist-skill/cmd/strategist/initiative.go:150.21,151.60 1 0
github.com/SergioLacerda/strategist-skill/cmd/strategist/initiative.go:151.60,153.4 1 0
github.com/SergioLacerda/strategist-skill/cmd/strategist/initiative.go:155.2,155.20 1 0
github.com/SergioLacerda/strategist-skill/cmd/strategist/initiative.go:155.20,157.3 1 0
github.com/SergioLacerda/strategist-skill/cmd/strategist/initiative.go:159.2,160.63 2 0
github.com/SergioLacerda/strategist-skill/cmd/strategist/initiative.go:160.63,162.3 1 0
github.com/SergioLacerda/strategist-skill/cmd/strategist/initiative.go:163.2,163.58 1 0
github.com/SergioLacerda/strategist-skill/cmd/strategist/initiative.go:163.58,165.3 1 0
github.com/SergioLacerda/strategist-skill/cmd/strategist/initiative.go:166.2,166.14 1 0
github.com/SergioLacerda/strategist-skill/cmd/strategist/initiative.go:169.42,170.14 1 16
github.com/SergioLacerda/strategist-skill/cmd/strategist/initiative.go:171.19,172.18 1 5
github.com/SergioLacerda/strategist-skill/cmd/strategist/initiative.go:173.20,174.21 1 5
github.com/SergioLacerda/strategist-skill/cmd/strategist/initiative.go:175.19,176.18 1 5
github.com/SergioLacerda/strategist-skill/cmd/strategist/initiative.go:177.10,178.46 1 1
github.com/SergioLacerda/strategist-skill/cmd/strategist/initiative.go:182.44,183.30 1 8
github.com/SergioLacerda/strategist-skill/cmd/strategist/initiative.go:184.16,185.18 1 3
github.com/SergioLacerda/strategist-skill/cmd/strategist/initiative.go:186.19,187.21 1 2
github.com/SergioLacerda/strategist-skill/cmd/strategist/initiative.go:188.16,189.18 1 1
github.com/SergioLacerda/strategist-skill/cmd/strategist/initiative.go:190.10,191.20 1 2
github.com/SergioLacerda/strategist-skill/cmd/strategist/initiative.go:191.20,193.4 1 1
github.com/SergioLacerda/strategist-skill/cmd/strategist/initiative.go:194.3,194.44 1 1
github.com/SergioLacerda/strategist-skill/cmd/strategist/initiative.go:199.95,204.22 4 16
github.com/SergioLacerda/strategist-skill/cmd/strategist/initiative.go:204.22,206.3 1 0
github.com/SergioLacerda/strategist-skill/cmd/strategist/initiative.go:208.2,209.16 2 16
github.com/SergioLacerda/strategist-skill/cmd/strategist/initiative.go:209.16,211.3 1 15
github.com/SergioLacerda/strategist-skill/cmd/strategist/initiative.go:213.2,214.37 2 1
github.com/SergioLacerda/strategist-skill/cmd/strategist/initiative.go:214.37,216.3 1 0
github.com/SergioLacerda/strategist-skill/cmd/strategist/initiative.go:218.2,218.60 1 1
github.com/SergioLacerda/strategist-skill/cmd/strategist/initiative.go:218.60,220.3 1 1
github.com/SergioLacerda/strategist-skill/cmd/strategist/initiative.go:221.2,221.91 1 1
github.com/SergioLacerda/strategist-skill/cmd/strategist/initiative.go:221.91,223.3 1 1
github.com/SergioLacerda/strategist-skill/cmd/strategist/initiative.go:224.2,225.8 2 1
github.com/SergioLacerda/strategist-skill/cmd/strategist/initiative.go:228.13,231.2 2 2
github.com/SergioLacerda/strategist-skill/cmd/strategist/install.go:39.73,40.20 1 4
github.com/SergioLacerda/strategist-skill/cmd/strategist/install.go:40.20,42.3 1 2
github.com/SergioLacerda/strategist-skill/cmd/strategist/install.go:43.2,43.12 1 2
github.com/SergioLacerda/strategist-skill/cmd/strategist/install.go:43.12,45.17 2 1
github.com/SergioLacerda/strategist-skill/cmd/strategist/install.go:45.17,47.4 1 0
github.com/SergioLacerda/strategist-skill/cmd/strategist/install.go:48.3,48.19 1 1
github.com/SergioLacerda/strategist-skill/cmd/strategist/install.go:50.2,50.40 1 1
github.com/SergioLacerda/strategist-skill/cmd/strategist/install.go:50.40,51.70 1 1
github.com/SergioLacerda/strategist-skill/cmd/strategist/install.go:51.70,53.4 1 0
github.com/SergioLacerda/strategist-skill/cmd/strategist/install.go:55.2,55.17 1 1
github.com/SergioLacerda/strategist-skill/cmd/strategist/install.go:58.64,60.16 2 4
github.com/SergioLacerda/strategist-skill/cmd/strategist/install.go:60.16,62.3 1 0
github.com/SergioLacerda/strategist-skill/cmd/strategist/install.go:63.2,66.16 3 4
github.com/SergioLacerda/strategist-skill/cmd/strategist/install.go:66.16,68.3 1 4
github.com/SergioLacerda/strategist-skill/cmd/strategist/install.go:69.2,70.16 2 4
github.com/SergioLacerda/strategist-skill/cmd/strategist/install.go:70.16,72.3 1 0
github.com/SergioLacerda/strategist-skill/cmd/strategist/install.go:73.2,81.15 2 4
github.com/SergioLacerda/strategist-skill/cmd/strategist/install.go:81.15,82.20 1 4
github.com/SergioLacerda/strategist-skill/cmd/strategist/install.go:82.20,85.4 2 2
github.com/SergioLacerda/strategist-skill/cmd/strategist/install.go:86.3,86.13 1 4
github.com/SergioLacerda/strategist-skill/cmd/strategist/install.go:89.2,89.16 1 4
github.com/SergioLacerda/strategist-skill/cmd/strategist/install.go:89.16,91.3 1 0
github.com/SergioLacerda/strategist-skill/cmd/strategist/install.go:92.2,100.16 3 4
github.com/SergioLacerda/strategist-skill/cmd/strategist/install.go:100.16,102.3 1 0
github.com/SergioLacerda/strategist-skill/cmd/strategist/install.go:104.2,118.46 3 4
github.com/SergioLacerda/strategist-skill/cmd/strategist/install.go:118.46,120.3 1 2
github.com/SergioLacerda/strategist-skill/cmd/strategist/install.go:122.2,122.16 1 2
github.com/SergioLacerda/strategist-skill/cmd/strategist/install.go:122.16,124.3 1 0
github.com/SergioLacerda/strategist-skill/cmd/strategist/install.go:125.2,132.12 3 2
github.com/SergioLacerda/strategist-skill/cmd/strategist/install.go:135.13,141.2 5 2
github.com/SergioLacerda/strategist-skill/cmd/strategist/main.go:10.13,13.16 3 1
github.com/SergioLacerda/strategist-skill/cmd/strategist/main.go:13.16,20.3 1 0
github.com/SergioLacerda/strategist-skill/cmd/strategist/main.go:20.8,22.3 1 1
github.com/SergioLacerda/strategist-skill/cmd/strategist/main.go:23.2,23.11 1 1
github.com/SergioLacerda/strategist-skill/cmd/strategist/root.go:24.13,25.73 1 2
github.com/SergioLacerda/strategist-skill/cmd/strategist/root.go:25.73,40.123 10 3
github.com/SergioLacerda/strategist-skill/cmd/strategist/root.go:40.123,44.4 1 0
github.com/SergioLacerda/strategist-skill/cmd/strategist/root.go:45.3,45.13 1 3
github.com/SergioLacerda/strategist-skill/cmd/strategist/root.go:47.2,47.74 1 2
github.com/SergioLacerda/strategist-skill/cmd/strategist/root.go:47.74,50.3 2 3
github.com/SergioLacerda/strategist-skill/cmd/strategist/root.go:51.2,56.32 6 2
github.com/SergioLacerda/strategist-skill/cmd/strategist/root.go:61.35,62.70 1 2
github.com/SergioLacerda/strategist-skill/cmd/strategist/root.go:62.70,64.3 1 1
github.com/SergioLacerda/strategist-skill/cmd/strategist/root.go:65.2,65.12 1 1
github.com/SergioLacerda/strategist-skill/cmd/strategist/root.go:68.16,69.42 1 3
github.com/SergioLacerda/strategist-skill/cmd/strategist/root.go:69.42,71.3 1 1
github.com/SergioLacerda/strategist-skill/cmd/strategist/root.go:81.33,82.9 1 7
github.com/SergioLacerda/strategist-skill/cmd/strategist/root.go:83.56,84.11 1 2
github.com/SergioLacerda/strategist-skill/cmd/strategist/root.go:85.130,86.11 1 3
github.com/SergioLacerda/strategist-skill/cmd/strategist/root.go:87.10,88.11 1 2
github.com/SergioLacerda/strategist-skill/cmd/strategist/root_discovery.go:17.89,19.46 2 11
github.com/SergioLacerda/strategist-skill/cmd/strategist/root_discovery.go:19.46,21.74 2 34
github.com/SergioLacerda/strategist-skill/cmd/strategist/root_discovery.go:21.74,23.4 1 5
github.com/SergioLacerda/strategist-skill/cmd/strategist/root_discovery.go:24.3,25.20 2 29
github.com/SergioLacerda/strategist-skill/cmd/strategist/root_discovery.go:25.20,26.9 1 6
github.com/SergioLacerda/strategist-skill/cmd/strategist/root_discovery.go:28.3,28.15 1 23
github.com/SergioLacerda/strategist-skill/cmd/strategist/root_discovery.go:30.2,30.147 1 6
github.com/SergioLacerda/strategist-skill/cmd/strategist/root_discovery.go:36.97,37.20 1 20
github.com/SergioLacerda/strategist-skill/cmd/strategist/root_discovery.go:37.20,39.20 2 17
github.com/SergioLacerda/strategist-skill/cmd/strategist/root_discovery.go:39.20,41.4 1 0
github.com/SergioLacerda/strategist-skill/cmd/strategist/root_discovery.go:42.3,42.37 1 17
github.com/SergioLacerda/strategist-skill/cmd/strategist/root_discovery.go:44.2,44.32 1 3
github.com/SergioLacerda/strategist-skill/cmd/strategist/sync_governance.go:41.74,42.30 1 3
github.com/SergioLacerda/strategist-skill/cmd/strategist/sync_governance.go:42.30,44.3 1 1
github.com/SergioLacerda/strategist-skill/cmd/strategist/sync_governance.go:45.2,45.32 1 3
github.com/SergioLacerda/strategist-skill/cmd/strategist/sync_governance.go:45.32,47.3 1 1
github.com/SergioLacerda/strategist-skill/cmd/strategist/sync_governance.go:49.2,50.16 2 3
github.com/SergioLacerda/strategist-skill/cmd/strategist/sync_governance.go:50.16,52.3 1 3
github.com/SergioLacerda/strategist-skill/cmd/strategist/sync_governance.go:53.2,54.16 2 3
github.com/SergioLacerda/strategist-skill/cmd/strategist/sync_governance.go:54.16,56.3 1 0
github.com/SergioLacerda/strategist-skill/cmd/strategist/sync_governance.go:57.2,58.15 2 3
github.com/SergioLacerda/strategist-skill/cmd/strategist/sync_governance.go:58.15,59.20 1 3
github.com/SergioLacerda/strategist-skill/cmd/strategist/sync_governance.go:59.20,62.4 2 2
github.com/SergioLacerda/strategist-skill/cmd/strategist/sync_governance.go:63.3,63.13 1 3
github.com/SergioLacerda/strategist-skill/cmd/strategist/sync_governance.go:66.2,67.16 2 3
github.com/SergioLacerda/strategist-skill/cmd/strategist/sync_governance.go:67.16,69.3 1 2
github.com/SergioLacerda/strategist-skill/cmd/strategist/sync_governance.go:71.2,79.16 2 1
github.com/SergioLacerda/strategist-skill/cmd/strategist/sync_governance.go:79.16,81.3 1 0
github.com/SergioLacerda/strategist-skill/cmd/strategist/sync_governance.go:82.2,93.12 3 1
github.com/SergioLacerda/strategist-skill/cmd/strategist/sync_governance.go:123.83,127.16 3 9
github.com/SergioLacerda/strategist-skill/cmd/strategist/sync_governance.go:127.16,129.3 1 3
github.com/SergioLacerda/strategist-skill/cmd/strategist/sync_governance.go:130.2,135.16 5 6
github.com/SergioLacerda/strategist-skill/cmd/strategist/sync_governance.go:135.16,137.3 1 1
github.com/SergioLacerda/strategist-skill/cmd/strategist/sync_governance.go:139.2,142.24 3 5
github.com/SergioLacerda/strategist-skill/cmd/strategist/sync_governance.go:142.24,144.17 2 2
github.com/SergioLacerda/strategist-skill/cmd/strategist/sync_governance.go:144.17,146.4 1 0
github.com/SergioLacerda/strategist-skill/cmd/strategist/sync_governance.go:147.3,147.61 1 2
github.com/SergioLacerda/strategist-skill/cmd/strategist/sync_governance.go:147.61,149.4 1 1
github.com/SergioLacerda/strategist-skill/cmd/strategist/sync_governance.go:152.2,152.20 1 4
github.com/SergioLacerda/strategist-skill/cmd/strategist/sync_governance.go:155.93,158.16 3 16
github.com/SergioLacerda/strategist-skill/cmd/strategist/sync_governance.go:158.16,159.25 1 5
github.com/SergioLacerda/strategist-skill/cmd/strategist/sync_governance.go:159.25,161.4 1 4
github.com/SergioLacerda/strategist-skill/cmd/strategist/sync_governance.go:162.3,162.55 1 1
github.com/SergioLacerda/strategist-skill/cmd/strategist/sync_governance.go:164.2,165.55 2 11
github.com/SergioLacerda/strategist-skill/cmd/strategist/sync_governance.go:165.55,167.3 1 1
github.com/SergioLacerda/strategist-skill/cmd/strategist/sync_governance.go:168.2,169.14 2 10
github.com/SergioLacerda/strategist-skill/cmd/strategist/sync_governance.go:169.14,171.3 1 1
github.com/SergioLacerda/strategist-skill/cmd/strategist/sync_governance.go:173.2,175.16 3 10
github.com/SergioLacerda/strategist-skill/cmd/strategist/sync_governance.go:175.16,177.3 1 1
github.com/SergioLacerda/strategist-skill/cmd/strategist/sync_governance.go:178.2,179.55 2 9
github.com/SergioLacerda/strategist-skill/cmd/strategist/sync_governance.go:179.55,181.3 1 1
github.com/SergioLacerda/strategist-skill/cmd/strategist/sync_governance.go:182.2,182.34 1 8
github.com/SergioLacerda/strategist-skill/cmd/strategist/sync_governance.go:182.34,183.58 1 8
github.com/SergioLacerda/strategist-skill/cmd/strategist/sync_governance.go:183.58,185.4 1 8
github.com/SergioLacerda/strategist-skill/cmd/strategist/sync_governance.go:187.2,187.32 1 8
github.com/SergioLacerda/strategist-skill/cmd/strategist/sync_governance.go:190.58,192.16 2 9
github.com/SergioLacerda/strategist-skill/cmd/strategist/sync_governance.go:192.16,194.3 1 2
github.com/SergioLacerda/strategist-skill/cmd/strategist/sync_governance.go:195.2,196.57 2 7
github.com/SergioLacerda/strategist-skill/cmd/strategist/sync_governance.go:196.57,198.3 1 1
github.com/SergioLacerda/strategist-skill/cmd/strategist/sync_governance.go:199.2,199.19 1 6
github.com/SergioLacerda/strategist-skill/cmd/strategist/sync_governance.go:202.70,204.65 2 8
github.com/SergioLacerda/strategist-skill/cmd/strategist/sync_governance.go:204.65,207.3 2 6
github.com/SergioLacerda/strategist-skill/cmd/strategist/sync_governance.go:208.2,208.64 1 8
github.com/SergioLacerda/strategist-skill/cmd/strategist/sync_governance.go:208.64,211.3 2 1
github.com/SergioLacerda/strategist-skill/cmd/strategist/sync_governance.go:212.2,212.42 1 8
github.com/SergioLacerda/strategist-skill/cmd/strategist/sync_governance.go:212.42,213.18 1 12
github.com/SergioLacerda/strategist-skill/cmd/strategist/sync_governance.go:213.18,215.4 1 5
github.com/SergioLacerda/strategist-skill/cmd/strategist/sync_governance.go:219.82,228.29 2 8
github.com/SergioLacerda/strategist-skill/cmd/strategist/sync_governance.go:228.29,229.33 1 24
github.com/SergioLacerda/strategist-skill/cmd/strategist/sync_governance.go:229.33,233.4 3 14
github.com/SergioLacerda/strategist-skill/cmd/strategist/sync_governance.go:235.2,235.16 1 8
github.com/SergioLacerda/strategist-skill/cmd/strategist/sync_governance.go:238.41,239.16 1 19
github.com/SergioLacerda/strategist-skill/cmd/strategist/sync_governance.go:239.16,241.3 1 1
github.com/SergioLacerda/strategist-skill/cmd/strategist/sync_governance.go:244.63,251.32 5 5
github.com/SergioLacerda/strategist-skill/cmd/strategist/sync_governance.go:251.32,254.39 3 1
github.com/SergioLacerda/strategist-skill/cmd/strategist/sync_governance.go:254.39,257.4 2 1
github.com/SergioLacerda/strategist-skill/cmd/strategist/sync_governance.go:258.3,258.16 1 1
github.com/SergioLacerda/strategist-skill/cmd/strategist/sync_governance.go:261.2,262.31 2 5
github.com/SergioLacerda/strategist-skill/cmd/strategist/sync_governance.go:262.31,265.3 2 3
github.com/SergioLacerda/strategist-skill/cmd/strategist/sync_governance.go:267.2,267.14 1 2
github.com/SergioLacerda/strategist-skill/cmd/strategist/sync_governance.go:267.14,269.3 1 1
github.com/SergioLacerda/strategist-skill/cmd/strategist/sync_governance.go:269.8,271.3 1 1
github.com/SergioLacerda/strategist-skill/cmd/strategist/sync_governance.go:275.61,277.25 2 21
github.com/SergioLacerda/strategist-skill/cmd/strategist/sync_governance.go:277.25,279.10 2 40
github.com/SergioLacerda/strategist-skill/cmd/strategist/sync_governance.go:279.10,281.4 1 9
github.com/SergioLacerda/strategist-skill/cmd/strategist/sync_governance.go:282.3,282.14 1 31
github.com/SergioLacerda/strategist-skill/cmd/strategist/sync_governance.go:284.2,285.9 2 12
github.com/SergioLacerda/strategist-skill/cmd/strategist/sync_governance.go:285.9,287.3 1 6
github.com/SergioLacerda/strategist-skill/cmd/strategist/sync_governance.go:288.2,289.24 2 6
github.com/SergioLacerda/strategist-skill/cmd/strategist/sync_governance.go:289.24,290.30 1 9
github.com/SergioLacerda/strategist-skill/cmd/strategist/sync_governance.go:290.30,292.4 1 9
github.com/SergioLacerda/strategist-skill/cmd/strategist/sync_governance.go:294.2,294.12 1 6
github.com/SergioLacerda/strategist-skill/cmd/strategist/sync_governance.go:297.13,301.2 3 2
github.com/SergioLacerda/strategist-skill/cmd/strategist/treasure_chest.go:23.58,24.35 1 14
github.com/SergioLacerda/strategist-skill/cmd/strategist/treasure_chest.go:24.35,27.3 2 11
github.com/SergioLacerda/strategist-skill/cmd/strategist/treasure_chest.go:28.2,29.42 2 3
github.com/SergioLacerda/strategist-skill/cmd/strategist/treasure_chest.go:29.42,31.3 1 0
github.com/SergioLacerda/strategist-skill/cmd/strategist/treasure_chest.go:32.2,33.12 2 3
github.com/SergioLacerda/strategist-skill/cmd/strategist/treasure_chest.go:114.59,116.16 2 14
github.com/SergioLacerda/strategist-skill/cmd/strategist/treasure_chest.go:116.16,118.3 1 0
github.com/SergioLacerda/strategist-skill/cmd/strategist/treasure_chest.go:120.2,121.16 2 14
github.com/SergioLacerda/strategist-skill/cmd/strategist/treasure_chest.go:121.16,123.3 1 1
github.com/SergioLacerda/strategist-skill/cmd/strategist/treasure_chest.go:126.2,127.16 2 13
github.com/SergioLacerda/strategist-skill/cmd/strategist/treasure_chest.go:127.16,129.3 1 1
github.com/SergioLacerda/strategist-skill/cmd/strategist/treasure_chest.go:131.2,137.26 5 12
github.com/SergioLacerda/strategist-skill/cmd/strategist/treasure_chest.go:137.26,139.3 1 2
github.com/SergioLacerda/strategist-skill/cmd/strategist/treasure_chest.go:141.2,142.53 2 10
github.com/SergioLacerda/strategist-skill/cmd/strategist/treasure_chest.go:142.53,144.3 1 0
github.com/SergioLacerda/strategist-skill/cmd/strategist/treasure_chest.go:145.2,145.73 1 10
github.com/SergioLacerda/strategist-skill/cmd/strategist/treasure_chest.go:145.73,147.3 1 0
github.com/SergioLacerda/strategist-skill/cmd/strategist/treasure_chest.go:148.2,149.59 2 10
github.com/SergioLacerda/strategist-skill/cmd/strategist/treasure_chest.go:149.59,151.3 1 0
github.com/SergioLacerda/strategist-skill/cmd/strategist/treasure_chest.go:152.2,152.34 1 10
github.com/SergioLacerda/strategist-skill/cmd/strategist/treasure_chest.go:152.34,154.3 1 0
github.com/SergioLacerda/strategist-skill/cmd/strategist/treasure_chest.go:155.2,155.12 1 10
github.com/SergioLacerda/strategist-skill/cmd/strategist/treasure_chest.go:160.64,163.37 2 2
github.com/SergioLacerda/strategist-skill/cmd/strategist/treasure_chest.go:163.37,165.21 2 2
github.com/SergioLacerda/strategist-skill/cmd/strategist/treasure_chest.go:165.21,168.4 2 1
github.com/SergioLacerda/strategist-skill/cmd/strategist/treasure_chest.go:171.2,172.54 2 2
github.com/SergioLacerda/strategist-skill/cmd/strategist/treasure_chest.go:172.54,174.3 1 0
github.com/SergioLacerda/strategist-skill/cmd/strategist/treasure_chest.go:175.2,176.12 2 2
github.com/SergioLacerda/strategist-skill/cmd/strategist/treasure_chest.go:179.43,181.25 2 2
github.com/SergioLacerda/strategist-skill/cmd/strategist/treasure_chest.go:181.25,182.49 1 2
github.com/SergioLacerda/strategist-skill/cmd/strategist/treasure_chest.go:182.49,184.4 1 1
github.com/SergioLacerda/strategist-skill/cmd/strategist/treasure_chest.go:186.2,186.10 1 2
github.com/SergioLacerda/strategist-skill/cmd/strategist/treasure_chest.go:191.64,193.16 2 13
github.com/SergioLacerda/strategist-skill/cmd/strategist/treasure_chest.go:193.16,195.3 1 1
github.com/SergioLacerda/strategist-skill/cmd/strategist/treasure_chest.go:196.2,197.50 2 12
github.com/SergioLacerda/strategist-skill/cmd/strategist/treasure_chest.go:197.50,199.3 1 0
github.com/SergioLacerda/strategist-skill/cmd/strategist/treasure_chest.go:200.2,200.32 1 12
github.com/SergioLacerda/strategist-skill/cmd/strategist/treasure_chest.go:203.61,205.16 2 12
github.com/SergioLacerda/strategist-skill/cmd/strategist/treasure_chest.go:205.16,206.25 1 1
github.com/SergioLacerda/strategist-skill/cmd/strategist/treasure_chest.go:206.25,208.4 1 1
github.com/SergioLacerda/strategist-skill/cmd/strategist/treasure_chest.go:209.3,209.63 1 0
github.com/SergioLacerda/strategist-skill/cmd/strategist/treasure_chest.go:211.2,212.48 2 11
github.com/SergioLacerda/strategist-skill/cmd/strategist/treasure_chest.go:212.48,214.3 1 0
github.com/SergioLacerda/strategist-skill/cmd/strategist/treasure_chest.go:215.2,216.29 2 11
github.com/SergioLacerda/strategist-skill/cmd/strategist/treasure_chest.go:216.29,218.3 1 10
github.com/SergioLacerda/strategist-skill/cmd/strategist/treasure_chest.go:219.2,219.17 1 11
github.com/SergioLacerda/strategist-skill/cmd/strategist/treasure_chest.go:222.56,224.16 2 12
github.com/SergioLacerda/strategist-skill/cmd/strategist/treasure_chest.go:224.16,225.25 1 0
github.com/SergioLacerda/strategist-skill/cmd/strategist/treasure_chest.go:225.25,227.4 1 0
github.com/SergioLacerda/strategist-skill/cmd/strategist/treasure_chest.go:228.3,228.63 1 0
github.com/SergioLacerda/strategist-skill/cmd/strategist/treasure_chest.go:230.2,231.49 2 12
github.com/SergioLacerda/strategist-skill/cmd/strategist/treasure_chest.go:231.49,233.3 1 0
github.com/SergioLacerda/strategist-skill/cmd/strategist/treasure_chest.go:234.2,235.31 2 12
github.com/SergioLacerda/strategist-skill/cmd/strategist/treasure_chest.go:235.31,237.3 1 8
github.com/SergioLacerda/strategist-skill/cmd/strategist/treasure_chest.go:238.2,238.17 1 12
github.com/SergioLacerda/strategist-skill/cmd/strategist/treasure_chest.go:241.69,244.16 3 12
github.com/SergioLacerda/strategist-skill/cmd/strategist/treasure_chest.go:244.16,245.25 1 12
github.com/SergioLacerda/strategist-skill/cmd/strategist/treasure_chest.go:245.25,247.4 1 12
github.com/SergioLacerda/strategist-skill/cmd/strategist/treasure_chest.go:248.3,248.65 1 0
github.com/SergioLacerda/strategist-skill/cmd/strategist/treasure_chest.go:250.2,250.15 1 0
github.com/SergioLacerda/strategist-skill/cmd/strategist/treasure_chest.go:250.15,250.32 1 0
github.com/SergioLacerda/strategist-skill/cmd/strategist/treasure_chest.go:252.2,253.16 2 0
github.com/SergioLacerda/strategist-skill/cmd/strategist/treasure_chest.go:253.16,255.3 1 0
github.com/SergioLacerda/strategist-skill/cmd/strategist/treasure_chest.go:256.2,256.15 1 0
github.com/SergioLacerda/strategist-skill/cmd/strategist/treasure_chest.go:256.15,256.33 1 0
github.com/SergioLacerda/strategist-skill/cmd/strategist/treasure_chest.go:258.2,262.57 2 0
github.com/SergioLacerda/strategist-skill/cmd/strategist/treasure_chest.go:262.57,264.3 1 0
github.com/SergioLacerda/strategist-skill/cmd/strategist/treasure_chest.go:266.2,267.33 2 0
github.com/SergioLacerda/strategist-skill/cmd/strategist/treasure_chest.go:267.33,269.3 1 0
github.com/SergioLacerda/strategist-skill/cmd/strategist/treasure_chest.go:270.2,270.37 1 0
github.com/SergioLacerda/strategist-skill/cmd/strategist/treasure_chest.go:280.14,284.28 3 12
github.com/SergioLacerda/strategist-skill/cmd/strategist/treasure_chest.go:284.28,293.36 2 12
github.com/SergioLacerda/strategist-skill/cmd/strategist/treasure_chest.go:293.36,298.4 4 10
github.com/SergioLacerda/strategist-skill/cmd/strategist/treasure_chest.go:299.3,302.21 4 12
github.com/SergioLacerda/strategist-skill/cmd/strategist/treasure_chest.go:306.2,306.31 1 12
github.com/SergioLacerda/strategist-skill/cmd/strategist/treasure_chest.go:306.31,307.15 1 10
github.com/SergioLacerda/strategist-skill/cmd/strategist/treasure_chest.go:307.15,308.12 1 10
github.com/SergioLacerda/strategist-skill/cmd/strategist/treasure_chest.go:310.3,323.18 5 0
github.com/SergioLacerda/strategist-skill/cmd/strategist/treasure_chest.go:327.2,327.26 1 12
github.com/SergioLacerda/strategist-skill/cmd/strategist/treasure_chest.go:327.26,328.15 1 8
github.com/SergioLacerda/strategist-skill/cmd/strategist/treasure_chest.go:328.15,329.12 1 8
github.com/SergioLacerda/strategist-skill/cmd/strategist/treasure_chest.go:331.3,339.18 4 0
github.com/SergioLacerda/strategist-skill/cmd/strategist/treasure_chest.go:342.2,342.13 1 12
github.com/SergioLacerda/strategist-skill/cmd/strategist/treasure_chest.go:345.41,346.26 1 14
github.com/SergioLacerda/strategist-skill/cmd/strategist/treasure_chest.go:346.26,348.3 1 7
github.com/SergioLacerda/strategist-skill/cmd/strategist/treasure_chest.go:349.2,349.18 1 7
github.com/SergioLacerda/strategist-skill/cmd/strategist/treasure_chest.go:352.39,354.33 2 16
github.com/SergioLacerda/strategist-skill/cmd/strategist/treasure_chest.go:354.33,356.3 1 3
github.com/SergioLacerda/strategist-skill/cmd/strategist/treasure_chest.go:357.2,357.48 1 16
github.com/SergioLacerda/strategist-skill/cmd/strategist/treasure_chest.go:357.48,359.3 1 5
github.com/SergioLacerda/strategist-skill/cmd/strategist/treasure_chest.go:360.2,360.48 1 16
github.com/SergioLacerda/strategist-skill/cmd/strategist/treasure_chest.go:360.48,362.3 1 1
github.com/SergioLacerda/strategist-skill/cmd/strategist/treasure_chest.go:363.2,363.10 1 16
github.com/SergioLacerda/strategist-skill/cmd/strategist/treasure_chest.go:368.70,369.63 1 10
github.com/SergioLacerda/strategist-skill/cmd/strategist/treasure_chest.go:369.63,371.3 1 0
github.com/SergioLacerda/strategist-skill/cmd/strategist/treasure_chest.go:372.2,373.69 1 10
github.com/SergioLacerda/strategist-skill/cmd/strategist/treasure_chest.go:373.69,375.3 1 0
github.com/SergioLacerda/strategist-skill/cmd/strategist/treasure_chest.go:376.2,376.25 1 10
github.com/SergioLacerda/strategist-skill/cmd/strategist/treasure_chest.go:376.25,378.18 2 10
github.com/SergioLacerda/strategist-skill/cmd/strategist/treasure_chest.go:378.18,380.4 1 0
github.com/SergioLacerda/strategist-skill/cmd/strategist/treasure_chest.go:381.3,382.18 2 10
github.com/SergioLacerda/strategist-skill/cmd/strategist/treasure_chest.go:382.18,384.4 1 2
github.com/SergioLacerda/strategist-skill/cmd/strategist/treasure_chest.go:385.3,386.23 2 10
github.com/SergioLacerda/strategist-skill/cmd/strategist/treasure_chest.go:386.23,388.4 1 4
github.com/SergioLacerda/strategist-skill/cmd/strategist/treasure_chest.go:389.3,390.64 1 10
github.com/SergioLacerda/strategist-skill/cmd/strategist/treasure_chest.go:390.64,392.4 1 0
github.com/SergioLacerda/strategist-skill/cmd/strategist/treasure_chest.go:394.2,394.12 1 10
github.com/SergioLacerda/strategist-skill/cmd/strategist/treasure_chest.go:397.98,398.57 1 10
github.com/SergioLacerda/strategist-skill/cmd/strategist/treasure_chest.go:398.57,400.3 1 0
github.com/SergioLacerda/strategist-skill/cmd/strategist/treasure_chest.go:401.2,401.62 1 10
github.com/SergioLacerda/strategist-skill/cmd/strategist/treasure_chest.go:401.62,403.3 1 0
github.com/SergioLacerda/strategist-skill/cmd/strategist/treasure_chest.go:405.2,408.9 3 10
github.com/SergioLacerda/strategist-skill/cmd/strategist/treasure_chest.go:409.22,411.13 2 0
github.com/SergioLacerda/strategist-skill/cmd/strategist/treasure_chest.go:412.23,414.13 2 10
github.com/SergioLacerda/strategist-skill/cmd/strategist/treasure_chest.go:415.10,417.72 2 0
github.com/SergioLacerda/strategist-skill/cmd/strategist/treasure_chest.go:420.2,425.27 2 10
github.com/SergioLacerda/strategist-skill/cmd/strategist/treasure_chest.go:425.27,426.77 1 30
github.com/SergioLacerda/strategist-skill/cmd/strategist/treasure_chest.go:426.77,428.4 1 0
github.com/SergioLacerda/strategist-skill/cmd/strategist/treasure_chest.go:430.2,430.12 1 10
github.com/SergioLacerda/strategist-skill/cmd/strategist/treasure_chest.go:433.74,434.24 1 10
github.com/SergioLacerda/strategist-skill/cmd/strategist/treasure_chest.go:434.24,436.3 1 0
github.com/SergioLacerda/strategist-skill/cmd/strategist/treasure_chest.go:437.2,437.57 1 10
github.com/SergioLacerda/strategist-skill/cmd/strategist/treasure_chest.go:437.57,439.3 1 0
github.com/SergioLacerda/strategist-skill/cmd/strategist/treasure_chest.go:440.2,440.65 1 10
github.com/SergioLacerda/strategist-skill/cmd/strategist/treasure_chest.go:440.65,442.3 1 0
github.com/SergioLacerda/strategist-skill/cmd/strategist/treasure_chest.go:443.2,443.32 1 10
github.com/SergioLacerda/strategist-skill/cmd/strategist/treasure_chest.go:443.32,444.67 1 15
github.com/SergioLacerda/strategist-skill/cmd/strategist/treasure_chest.go:444.67,446.4 1 0
github.com/SergioLacerda/strategist-skill/cmd/strategist/treasure_chest.go:448.2,448.12 1 10
github.com/SergioLacerda/strategist-skill/cmd/strategist/treasure_chest.go:451.97,454.19 2 10
github.com/SergioLacerda/strategist-skill/cmd/strategist/treasure_chest.go:454.19,456.3 1 0
github.com/SergioLacerda/strategist-skill/cmd/strategist/treasure_chest.go:457.2,457.19 1 10
github.com/SergioLacerda/strategist-skill/cmd/strategist/treasure_chest.go:457.19,459.3 1 0
github.com/SergioLacerda/strategist-skill/cmd/strategist/treasure_chest.go:460.2,460.20 1 10
github.com/SergioLacerda/strategist-skill/cmd/strategist/treasure_chest.go:460.20,462.3 1 0
github.com/SergioLacerda/strategist-skill/cmd/strategist/treasure_chest.go:462.8,462.28 1 10
github.com/SergioLacerda/strategist-skill/cmd/strategist/treasure_chest.go:462.28,464.3 1 10
github.com/SergioLacerda/strategist-skill/cmd/strategist/treasure_chest.go:466.2,468.25 3 10
github.com/SergioLacerda/strategist-skill/cmd/strategist/treasure_chest.go:468.25,469.23 1 10
github.com/SergioLacerda/strategist-skill/cmd/strategist/treasure_chest.go:469.23,471.4 1 4
github.com/SergioLacerda/strategist-skill/cmd/strategist/treasure_chest.go:472.3,472.75 1 10
github.com/SergioLacerda/strategist-skill/cmd/strategist/treasure_chest.go:472.75,474.4 1 1
github.com/SergioLacerda/strategist-skill/cmd/strategist/treasure_chest.go:476.2,476.23 1 10
github.com/SergioLacerda/strategist-skill/cmd/strategist/treasure_chest.go:476.23,478.22 2 4
github.com/SergioLacerda/strategist-skill/cmd/strategist/treasure_chest.go:478.22,480.4 1 0
github.com/SergioLacerda/strategist-skill/cmd/strategist/treasure_chest.go:482.2,482.32 1 10
github.com/SergioLacerda/strategist-skill/cmd/strategist/treasure_chest.go:482.32,484.3 1 1
github.com/SergioLacerda/strategist-skill/cmd/strategist/treasure_chest.go:485.2,485.10 1 10
github.com/SergioLacerda/strategist-skill/cmd/strategist/treasure_chest.go:488.13,495.2 6 2
github.com/SergioLacerda/strategist-skill/cmd/strategist/validate.go:33.51,34.25 1 14
github.com/SergioLacerda/strategist-skill/cmd/strategist/validate.go:34.25,36.21 2 1
github.com/SergioLacerda/strategist-skill/cmd/strategist/validate.go:36.21,38.5 1 0
github.com/SergioLacerda/strategist-skill/cmd/strategist/validate.go:39.4,40.22 2 1
github.com/SergioLacerda/strategist-skill/cmd/strategist/validate.go:40.22,42.5 1 1
github.com/SergioLacerda/strategist-skill/cmd/strategist/validate.go:43.4,43.29 1 0
github.com/SergioLacerda/strategist-skill/cmd/strategist/validate.go:45.3,46.17 2 13
github.com/SergioLacerda/strategist-skill/cmd/strategist/validate.go:46.17,48.4 1 13
github.com/SergioLacerda/strategist-skill/cmd/strategist/validate.go:49.3,50.17 2 13
github.com/SergioLacerda/strategist-skill/cmd/strategist/validate.go:50.17,52.4 1 0
github.com/SergioLacerda/strategist-skill/cmd/strategist/validate.go:53.3,69.23 7 13
github.com/SergioLacerda/strategist-skill/cmd/strategist/validate.go:69.23,71.4 1 5
github.com/SergioLacerda/strategist-skill/cmd/strategist/validate.go:74.3,85.44 8 13
github.com/SergioLacerda/strategist-skill/cmd/strategist/validate.go:85.44,87.55 2 2
github.com/SergioLacerda/strategist-skill/cmd/strategist/validate.go:87.55,89.5 1 1
github.com/SergioLacerda/strategist-skill/cmd/strategist/validate.go:92.3,92.20 1 13
github.com/SergioLacerda/strategist-skill/cmd/strategist/validate.go:92.20,95.27 3 10
github.com/SergioLacerda/strategist-skill/cmd/strategist/validate.go:95.27,97.5 1 13
github.com/SergioLacerda/strategist-skill/cmd/strategist/validate.go:98.4,98.77 1 10
github.com/SergioLacerda/strategist-skill/cmd/strategist/validate.go:101.3,101.17 1 3
github.com/SergioLacerda/strategist-skill/cmd/strategist/validate.go:101.17,103.4 1 0
github.com/SergioLacerda/strategist-skill/cmd/strategist/validate.go:104.3,112.13 3 3
github.com/SergioLacerda/strategist-skill/cmd/strategist/validate.go:116.44,118.16 2 13
github.com/SergioLacerda/strategist-skill/cmd/strategist/validate.go:118.16,119.25 1 2
github.com/SergioLacerda/strategist-skill/cmd/strategist/validate.go:119.25,121.4 1 2
github.com/SergioLacerda/strategist-skill/cmd/strategist/validate.go:122.3,122.37 1 0
github.com/SergioLacerda/strategist-skill/cmd/strategist/validate.go:125.2,126.50 2 11
github.com/SergioLacerda/strategist-skill/cmd/strategist/validate.go:126.50,128.3 1 1
github.com/SergioLacerda/strategist-skill/cmd/strategist/validate.go:129.2,129.20 1 10
github.com/SergioLacerda/strategist-skill/cmd/strategist/validate.go:129.20,131.3 1 0
github.com/SergioLacerda/strategist-skill/cmd/strategist/validate.go:132.2,132.27 1 10
github.com/SergioLacerda/strategist-skill/cmd/strategist/validate.go:132.27,134.3 1 1
github.com/SergioLacerda/strategist-skill/cmd/strategist/validate.go:135.2,135.51 1 9
github.com/SergioLacerda/strategist-skill/cmd/strategist/validate.go:135.51,137.3 1 1
github.com/SergioLacerda/strategist-skill/cmd/strategist/validate.go:138.2,138.12 1 8
github.com/SergioLacerda/strategist-skill/cmd/strategist/validate.go:141.66,143.16 2 13
github.com/SergioLacerda/strategist-skill/cmd/strategist/validate.go:143.16,145.3 1 1
github.com/SergioLacerda/strategist-skill/cmd/strategist/validate.go:147.2,147.28 1 12
github.com/SergioLacerda/strategist-skill/cmd/strategist/validate.go:147.28,148.57 1 12
github.com/SergioLacerda/strategist-skill/cmd/strategist/validate.go:148.57,149.12 1 0
github.com/SergioLacerda/strategist-skill/cmd/strategist/validate.go:151.3,154.17 4 12
github.com/SergioLacerda/strategist-skill/cmd/strategist/validate.go:154.17,156.12 2 0
github.com/SergioLacerda/strategist-skill/cmd/strategist/validate.go:158.3,159.49 2 12
github.com/SergioLacerda/strategist-skill/cmd/strategist/validate.go:159.49,161.12 2 1
github.com/SergioLacerda/strategist-skill/cmd/strategist/validate.go:163.3,163.28 1 11
github.com/SergioLacerda/strategist-skill/cmd/strategist/validate.go:163.28,165.4 1 0
github.com/SergioLacerda/strategist-skill/cmd/strategist/validate.go:166.3,166.103 1 11
github.com/SergioLacerda/strategist-skill/cmd/strategist/validate.go:166.103,168.4 1 1
github.com/SergioLacerda/strategist-skill/cmd/strategist/validate.go:170.2,170.21 1 12
github.com/SergioLacerda/strategist-skill/cmd/strategist/validate.go:173.63,175.16 2 13
github.com/SergioLacerda/strategist-skill/cmd/strategist/validate.go:175.16,177.3 1 1
github.com/SergioLacerda/strategist-skill/cmd/strategist/validate.go:179.2,179.28 1 12
github.com/SergioLacerda/strategist-skill/cmd/strategist/validate.go:179.28,180.57 1 11
github.com/SergioLacerda/strategist-skill/cmd/strategist/validate.go:180.57,181.12 1 0
github.com/SergioLacerda/strategist-skill/cmd/strategist/validate.go:183.3,184.58 2 11
github.com/SergioLacerda/strategist-skill/cmd/strategist/validate.go:186.2,186.21 1 12
github.com/SergioLacerda/strategist-skill/cmd/strategist/validate.go:189.57,192.16 3 11
github.com/SergioLacerda/strategist-skill/cmd/strategist/validate.go:192.16,194.3 1 0
github.com/SergioLacerda/strategist-skill/cmd/strategist/validate.go:196.2,197.51 2 11
github.com/SergioLacerda/strategist-skill/cmd/strategist/validate.go:197.51,199.3 1 1
github.com/SergioLacerda/strategist-skill/cmd/strategist/validate.go:201.2,201.45 1 10
github.com/SergioLacerda/strategist-skill/cmd/strategist/validate.go:201.45,203.3 1 0
github.com/SergioLacerda/strategist-skill/cmd/strategist/validate.go:205.2,205.72 1 10
github.com/SergioLacerda/strategist-skill/cmd/strategist/validate.go:205.72,206.31 1 30
github.com/SergioLacerda/strategist-skill/cmd/strategist/validate.go:206.31,208.4 1 2
github.com/SergioLacerda/strategist-skill/cmd/strategist/validate.go:210.2,210.13 1 10
github.com/SergioLacerda/strategist-skill/cmd/strategist/validate.go:213.42,215.16 2 2
github.com/SergioLacerda/strategist-skill/cmd/strategist/validate.go:215.16,217.3 1 0
github.com/SergioLacerda/strategist-skill/cmd/strategist/validate.go:218.2,219.48 2 2
github.com/SergioLacerda/strategist-skill/cmd/strategist/validate.go:219.48,221.3 1 1
github.com/SergioLacerda/strategist-skill/cmd/strategist/validate.go:222.2,222.12 1 1
github.com/SergioLacerda/strategist-skill/cmd/strategist/validate.go:225.13,227.2 1 2
github.com/SergioLacerda/strategist-skill/cmd/strategist/version.go:17.44,25.3 2 5
