mode: atomic
github.com/SergioLacerda/strategist-skill/internal/embed/defaults.go:20.52,22.2 1 5
github.com/SergioLacerda/strategist-skill/internal/embed/defaults.go:26.57,27.81 1 10
github.com/SergioLacerda/strategist-skill/internal/embed/defaults.go:27.81,28.17 1 270
github.com/SergioLacerda/strategist-skill/internal/embed/defaults.go:28.17,30.4 1 1
github.com/SergioLacerda/strategist-skill/internal/embed/defaults.go:32.3,33.31 2 269
github.com/SergioLacerda/strategist-skill/internal/embed/defaults.go:33.31,35.4 1 10
github.com/SergioLacerda/strategist-skill/internal/embed/defaults.go:37.3,39.16 2 259
github.com/SergioLacerda/strategist-skill/internal/embed/defaults.go:39.16,40.54 1 87
github.com/SergioLacerda/strategist-skill/internal/embed/defaults.go:40.54,42.5 1 1
github.com/SergioLacerda/strategist-skill/internal/embed/defaults.go:43.4,43.14 1 86
github.com/SergioLacerda/strategist-skill/internal/embed/defaults.go:46.3,47.21 2 172
github.com/SergioLacerda/strategist-skill/internal/embed/defaults.go:47.21,49.4 1 0
github.com/SergioLacerda/strategist-skill/internal/embed/defaults.go:51.3,51.67 1 172
github.com/SergioLacerda/strategist-skill/internal/embed/defaults.go:51.67,53.4 1 0
github.com/SergioLacerda/strategist-skill/internal/embed/defaults.go:55.3,55.66 1 172
github.com/SergioLacerda/strategist-skill/internal/embed/defaults.go:55.66,57.4 1 2
github.com/SergioLacerda/strategist-skill/internal/embed/defaults.go:59.3,59.13 1 170
