mode: atomic
github.com/SergioLacerda/strategist-skill/cmd/strategist/check.go:60.60,62.17 2 18
github.com/SergioLacerda/strategist-skill/cmd/strategist/check.go:62.17,64.21 2 1
github.com/SergioLacerda/strategist-skill/cmd/strategist/check.go:64.21,66.5 1 0
github.com/SergioLacerda/strategist-skill/cmd/strategist/check.go:67.4,68.22 2 1
github.com/SergioLacerda/strategist-skill/cmd/strategist/check.go:68.22,70.5 1 1
github.com/SergioLacerda/strategist-skill/cmd/strategist/check.go:71.4,71.21 1 0
github.com/SergioLacerda/strategist-skill/cmd/strategist/check.go:74.3,75.17 2 17
github.com/SergioLacerda/strategist-skill/cmd/strategist/check.go:75.17,77.4 1 17
github.com/SergioLacerda/strategist-skill/cmd/strategist/check.go:78.3,84.16 2 17
github.com/SergioLacerda/strategist-skill/cmd/strategist/check.go:84.16,85.21 1 17
github.com/SergioLacerda/strategist-skill/cmd/strategist/check.go:85.21,88.5 2 12
github.com/SergioLacerda/strategist-skill/cmd/strategist/check.go:89.4,89.14 1 17
github.com/SergioLacerda/strategist-skill/cmd/strategist/check.go:92.3,94.17 3 17
github.com/SergioLacerda/strategist-skill/cmd/strategist/check.go:94.17,95.26 1 1
github.com/SergioLacerda/strategist-skill/cmd/strategist/check.go:95.26,97.5 1 1
github.com/SergioLacerda/strategist-skill/cmd/strategist/check.go:98.4,98.90 1 0
github.com/SergioLacerda/strategist-skill/cmd/strategist/check.go:101.3,102.51 2 16
github.com/SergioLacerda/strategist-skill/cmd/strategist/check.go:102.51,104.4 1 0
github.com/SergioLacerda/strategist-skill/cmd/strategist/check.go:106.3,113.73 3 16
github.com/SergioLacerda/strategist-skill/cmd/strategist/check.go:113.73,115.22 2 48
github.com/SergioLacerda/strategist-skill/cmd/strategist/check.go:115.22,117.13 2 0
github.com/SergioLacerda/strategist-skill/cmd/strategist/check.go:120.4,122.22 3 48
github.com/SergioLacerda/strategist-skill/cmd/strategist/check.go:122.22,123.31 1 6
github.com/SergioLacerda/strategist-skill/cmd/strategist/check.go:123.31,127.24 3 6
github.com/SergioLacerda/strategist-skill/cmd/strategist/check.go:127.24,129.71 2 3
github.com/SergioLacerda/strategist-skill/cmd/strategist/check.go:129.71,130.55 1 3
github.com/SergioLacerda/strategist-skill/cmd/strategist/check.go:130.55,132.17 2 1
github.com/SergioLacerda/strategist-skill/cmd/strategist/check.go:134.8,134.32 1 2
github.com/SergioLacerda/strategist-skill/cmd/strategist/check.go:134.32,135.17 1 1
github.com/SergioLacerda/strategist-skill/cmd/strategist/check.go:137.8,138.16 2 1
github.com/SergioLacerda/strategist-skill/cmd/strategist/check.go:141.6,141.116 1 3
github.com/SergioLacerda/strategist-skill/cmd/strategist/check.go:142.11,144.6 1 0
github.com/SergioLacerda/strategist-skill/cmd/strategist/check.go:145.5,145.13 1 3
github.com/SergioLacerda/strategist-skill/cmd/strategist/check.go:148.4,151.70 2 42
github.com/SergioLacerda/strategist-skill/cmd/strategist/check.go:151.70,153.13 2 0
github.com/SergioLacerda/strategist-skill/cmd/strategist/check.go:156.4,157.38 2 42
github.com/SergioLacerda/strategist-skill/cmd/strategist/check.go:157.38,159.5 1 1
github.com/SergioLacerda/strategist-skill/cmd/strategist/check.go:163.3,163.21 1 16
github.com/SergioLacerda/strategist-skill/cmd/strategist/check.go:163.21,165.4 1 1
github.com/SergioLacerda/strategist-skill/cmd/strategist/check.go:165.9,168.25 3 15
github.com/SergioLacerda/strategist-skill/cmd/strategist/check.go:168.25,170.5 1 4
github.com/SergioLacerda/strategist-skill/cmd/strategist/check.go:170.10,172.72 2 11
github.com/SergioLacerda/strategist-skill/cmd/strategist/check.go:172.72,174.6 1 0
github.com/SergioLacerda/strategist-skill/cmd/strategist/check.go:174.11,174.67 1 11
github.com/SergioLacerda/strategist-skill/cmd/strategist/check.go:174.67,176.6 1 1
github.com/SergioLacerda/strategist-skill/cmd/strategist/check.go:180.3,182.18 2 16
github.com/SergioLacerda/strategist-skill/cmd/strategist/check.go:182.18,184.4 1 3
github.com/SergioLacerda/strategist-skill/cmd/strategist/check.go:186.3,187.73 2 16
github.com/SergioLacerda/strategist-skill/cmd/strategist/check.go:187.73,188.29 1 48
github.com/SergioLacerda/strategist-skill/cmd/strategist/check.go:188.29,190.10 2 0
github.com/SergioLacerda/strategist-skill/cmd/strategist/check.go:193.3,193.59 1 16
github.com/SergioLacerda/strategist-skill/cmd/strategist/check.go:193.59,195.4 1 11
github.com/SergioLacerda/strategist-skill/cmd/strategist/check.go:196.3,201.20 2 16
github.com/SergioLacerda/strategist-skill/cmd/strategist/check.go:201.20,203.4 1 2
github.com/SergioLacerda/strategist-skill/cmd/strategist/check.go:205.3,205.20 1 14
github.com/SergioLacerda/strategist-skill/cmd/strategist/check.go:205.20,206.27 1 10
github.com/SergioLacerda/strategist-skill/cmd/strategist/check.go:206.27,208.5 1 15
github.com/SergioLacerda/strategist-skill/cmd/strategist/check.go:209.4,209.85 1 10
github.com/SergioLacerda/strategist-skill/cmd/strategist/check.go:212.3,215.56 3 4
github.com/SergioLacerda/strategist-skill/cmd/strategist/check.go:215.56,217.4 1 0
github.com/SergioLacerda/strategist-skill/cmd/strategist/check.go:218.3,218.68 1 4
github.com/SergioLacerda/strategist-skill/cmd/strategist/check.go:218.68,220.4 1 0
github.com/SergioLacerda/strategist-skill/cmd/strategist/check.go:221.3,221.50 1 4
github.com/SergioLacerda/strategist-skill/cmd/strategist/check.go:221.50,223.4 1 0
github.com/SergioLacerda/strategist-skill/cmd/strategist/check.go:224.3,224.55 1 4
github.com/SergioLacerda/strategist-skill/cmd/strategist/check.go:224.55,226.4 1 0
github.com/SergioLacerda/strategist-skill/cmd/strategist/check.go:227.3,227.73 1 4
github.com/SergioLacerda/strategist-skill/cmd/strategist/check.go:227.73,228.84 1 12
github.com/SergioLacerda/strategist-skill/cmd/strategist/check.go:228.84,230.5 1 0
github.com/SergioLacerda/strategist-skill/cmd/strategist/check.go:232.3,232.50 1 4
github.com/SergioLacerda/strategist-skill/cmd/strategist/check.go:232.50,234.4 1 0
github.com/SergioLacerda/strategist-skill/cmd/strategist/check.go:235.3,235.57 1 4
github.com/SergioLacerda/strategist-skill/cmd/strategist/check.go:235.57,237.4 1 0
github.com/SergioLacerda/strategist-skill/cmd/strategist/check.go:238.3,238.69 1 4
github.com/SergioLacerda/strategist-skill/cmd/strategist/check.go:238.69,240.4 1 0
github.com/SergioLacerda/strategist-skill/cmd/strategist/check.go:241.3,241.35 1 4
github.com/SergioLacerda/strategist-skill/cmd/strategist/check.go:241.35,243.4 1 0
github.com/SergioLacerda/strategist-skill/cmd/strategist/check.go:244.3,244.13 1 4
github.com/SergioLacerda/strategist-skill/cmd/strategist/check.go:251.44,256.41 4 3
github.com/SergioLacerda/strategist-skill/cmd/strategist/check.go:256.41,258.66 2 12
github.com/SergioLacerda/strategist-skill/cmd/strategist/check.go:258.66,260.4 1 1
github.com/SergioLacerda/strategist-skill/cmd/strategist/check.go:263.2,264.16 2 3
github.com/SergioLacerda/strategist-skill/cmd/strategist/check.go:264.16,266.3 1 0
github.com/SergioLacerda/strategist-skill/cmd/strategist/check.go:267.2,267.26 1 3
github.com/SergioLacerda/strategist-skill/cmd/strategist/check.go:267.26,269.3 1 2
github.com/SergioLacerda/strategist-skill/cmd/strategist/check.go:271.2,271.13 1 3
github.com/SergioLacerda/strategist-skill/cmd/strategist/check.go:278.118,280.92 2 2
github.com/SergioLacerda/strategist-skill/cmd/strategist/check.go:280.92,282.3 1 0
github.com/SergioLacerda/strategist-skill/cmd/strategist/check.go:283.2,283.34 1 2
github.com/SergioLacerda/strategist-skill/cmd/strategist/check.go:283.34,285.3 1 0
github.com/SergioLacerda/strategist-skill/cmd/strategist/check.go:286.2,286.19 1 2
github.com/SergioLacerda/strategist-skill/cmd/strategist/check.go:286.19,288.3 1 1
github.com/SergioLacerda/strategist-skill/cmd/strategist/check.go:289.2,289.12 1 1
github.com/SergioLacerda/strategist-skill/cmd/strategist/check.go:300.60,301.18 1 27
github.com/SergioLacerda/strategist-skill/cmd/strategist/check.go:301.18,303.3 1 0
github.com/SergioLacerda/strategist-skill/cmd/strategist/check.go:304.2,304.61 1 27
github.com/SergioLacerda/strategist-skill/cmd/strategist/check.go:304.61,306.3 1 0
github.com/SergioLacerda/strategist-skill/cmd/strategist/check.go:311.139,327.2 13 2
github.com/SergioLacerda/strategist-skill/cmd/strategist/check.go:329.75,330.72 1 2
github.com/SergioLacerda/strategist-skill/cmd/strategist/check.go:330.72,332.28 2 6
github.com/SergioLacerda/strategist-skill/cmd/strategist/check.go:332.28,334.4 1 0
github.com/SergioLacerda/strategist-skill/cmd/strategist/check.go:335.3,335.78 1 6
github.com/SergioLacerda/strategist-skill/cmd/strategist/check.go:339.64,340.20 1 2
github.com/SergioLacerda/strategist-skill/cmd/strategist/check.go:340.20,342.3 1 1
github.com/SergioLacerda/strategist-skill/cmd/strategist/check.go:343.2,345.25 3 1
github.com/SergioLacerda/strategist-skill/cmd/strategist/check.go:345.25,347.3 1 1
github.com/SergioLacerda/strategist-skill/cmd/strategist/check.go:350.57,354.51 3 16
github.com/SergioLacerda/strategist-skill/cmd/strategist/check.go:354.51,357.21 3 128
github.com/SergioLacerda/strategist-skill/cmd/strategist/check.go:357.21,358.30 1 127
github.com/SergioLacerda/strategist-skill/cmd/strategist/check.go:358.30,359.13 1 127
github.com/SergioLacerda/strategist-skill/cmd/strategist/check.go:361.4,362.12 2 0
github.com/SergioLacerda/strategist-skill/cmd/strategist/check.go:365.3,366.22 2 1
github.com/SergioLacerda/strategist-skill/cmd/strategist/check.go:366.22,368.12 2 0
github.com/SergioLacerda/strategist-skill/cmd/strategist/check.go:371.3,371.48 1 1
github.com/SergioLacerda/strategist-skill/cmd/strategist/check.go:371.48,373.4 1 1
github.com/SergioLacerda/strategist-skill/cmd/strategist/check.go:376.2,376.13 1 16
github.com/SergioLacerda/strategist-skill/cmd/strategist/check.go:379.13,384.2 4 2
github.com/SergioLacerda/strategist-skill/cmd/strategist/check_stale.go:25.61,29.16 3 2
github.com/SergioLacerda/strategist-skill/cmd/strategist/check_stale.go:29.16,31.3 1 2
github.com/SergioLacerda/strategist-skill/cmd/strategist/check_stale.go:32.2,33.16 2 2
github.com/SergioLacerda/strategist-skill/cmd/strategist/check_stale.go:33.16,36.3 2 0
github.com/SergioLacerda/strategist-skill/cmd/strategist/check_stale.go:37.2,48.16 3 2
github.com/SergioLacerda/strategist-skill/cmd/strategist/check_stale.go:48.16,53.3 4 1
github.com/SergioLacerda/strategist-skill/cmd/strategist/check_stale.go:55.2,65.13 4 1
github.com/SergioLacerda/strategist-skill/cmd/strategist/check_stale.go:65.13,67.3 1 0
github.com/SergioLacerda/strategist-skill/cmd/strategist/check_stale.go:68.2,68.12 1 1
github.com/SergioLacerda/strategist-skill/cmd/strategist/compile.go:27.64,28.23 1 4
github.com/SergioLacerda/strategist-skill/cmd/strategist/compile.go:28.23,30.48 2 1
github.com/SergioLacerda/strategist-skill/cmd/strategist/compile.go:30.48,32.4 1 1
github.com/SergioLacerda/strategist-skill/cmd/strategist/compile.go:35.2,36.16 2 3
github.com/SergioLacerda/strategist-skill/cmd/strategist/compile.go:36.16,38.3 1 3
github.com/SergioLacerda/strategist-skill/cmd/strategist/compile.go:39.2,40.16 2 3
github.com/SergioLacerda/strategist-skill/cmd/strategist/compile.go:40.16,42.3 1 0
github.com/SergioLacerda/strategist-skill/cmd/strategist/compile.go:43.2,51.15 2 3
github.com/SergioLacerda/strategist-skill/cmd/strategist/compile.go:51.15,52.20 1 3
github.com/SergioLacerda/strategist-skill/cmd/strategist/compile.go:52.20,55.4 2 1
github.com/SergioLacerda/strategist-skill/cmd/strategist/compile.go:56.3,56.13 1 3
github.com/SergioLacerda/strategist-skill/cmd/strategist/compile.go:59.2,59.16 1 3
github.com/SergioLacerda/strategist-skill/cmd/strategist/compile.go:59.16,61.3 1 0
github.com/SergioLacerda/strategist-skill/cmd/strategist/compile.go:62.2,71.61 4 3
github.com/SergioLacerda/strategist-skill/cmd/strategist/compile.go:71.61,73.3 1 1
github.com/SergioLacerda/strategist-skill/cmd/strategist/compile.go:75.2,75.16 1 2
github.com/SergioLacerda/strategist-skill/cmd/strategist/compile.go:75.16,77.3 1 0
github.com/SergioLacerda/strategist-skill/cmd/strategist/compile.go:78.2,88.16 5 2
github.com/SergioLacerda/strategist-skill/cmd/strategist/compile.go:88.16,91.3 2 0
github.com/SergioLacerda/strategist-skill/cmd/strategist/compile.go:92.2,92.106 1 2
github.com/SergioLacerda/strategist-skill/cmd/strategist/compile.go:92.106,94.3 1 2
github.com/SergioLacerda/strategist-skill/cmd/strategist/compile.go:95.2,97.12 2 2
github.com/SergioLacerda/strategist-skill/cmd/strategist/compile.go:100.13,102.2 1 2
github.com/SergioLacerda/strategist-skill/cmd/strategist/dojo.go:45.58,49.16 3 6
github.com/SergioLacerda/strategist-skill/cmd/strategist/dojo.go:49.16,51.3 1 2
github.com/SergioLacerda/strategist-skill/cmd/strategist/dojo.go:53.2,55.16 3 4
github.com/SergioLacerda/strategist-skill/cmd/strategist/dojo.go:55.16,57.3 1 1
github.com/SergioLacerda/strategist-skill/cmd/strategist/dojo.go:59.2,62.48 3 3
github.com/SergioLacerda/strategist-skill/cmd/strategist/dojo.go:62.48,64.3 1 0
github.com/SergioLacerda/strategist-skill/cmd/strategist/dojo.go:65.2,65.22 1 3
github.com/SergioLacerda/strategist-skill/cmd/strategist/dojo.go:65.22,67.3 1 1
github.com/SergioLacerda/strategist-skill/cmd/strategist/dojo.go:68.2,68.12 1 2
github.com/SergioLacerda/strategist-skill/cmd/strategist/dojo.go:71.54,73.16 2 4
github.com/SergioLacerda/strategist-skill/cmd/strategist/dojo.go:73.16,75.3 1 1
github.com/SergioLacerda/strategist-skill/cmd/strategist/dojo.go:77.2,79.16 3 3
github.com/SergioLacerda/strategist-skill/cmd/strategist/dojo.go:79.16,81.3 1 1
github.com/SergioLacerda/strategist-skill/cmd/strategist/dojo.go:83.2,84.28 2 2
github.com/SergioLacerda/strategist-skill/cmd/strategist/dojo.go:84.28,85.44 1 2
github.com/SergioLacerda/strategist-skill/cmd/strategist/dojo.go:85.44,86.12 1 0
github.com/SergioLacerda/strategist-skill/cmd/strategist/dojo.go:88.3,90.56 3 2
github.com/SergioLacerda/strategist-skill/cmd/strategist/dojo.go:90.56,92.38 2 2
github.com/SergioLacerda/strategist-skill/cmd/strategist/dojo.go:92.38,94.5 1 2
github.com/SergioLacerda/strategist-skill/cmd/strategist/dojo.go:96.3,96.78 1 2
github.com/SergioLacerda/strategist-skill/cmd/strategist/dojo.go:96.78,98.4 1 0
github.com/SergioLacerda/strategist-skill/cmd/strategist/dojo.go:100.2,100.34 1 2
github.com/SergioLacerda/strategist-skill/cmd/strategist/dojo.go:100.34,102.3 1 0
github.com/SergioLacerda/strategist-skill/cmd/strategist/dojo.go:103.2,103.12 1 2
github.com/SergioLacerda/strategist-skill/cmd/strategist/dojo.go:106.81,108.26 2 27
github.com/SergioLacerda/strategist-skill/cmd/strategist/dojo.go:108.26,110.3 1 1
github.com/SergioLacerda/strategist-skill/cmd/strategist/dojo.go:112.2,113.16 2 27
github.com/SergioLacerda/strategist-skill/cmd/strategist/dojo.go:113.16,115.3 1 3
github.com/SergioLacerda/strategist-skill/cmd/strategist/dojo.go:116.2,117.50 2 24
github.com/SergioLacerda/strategist-skill/cmd/strategist/dojo.go:117.50,119.3 1 2
github.com/SergioLacerda/strategist-skill/cmd/strategist/dojo.go:120.2,120.24 1 22
github.com/SergioLacerda/strategist-skill/cmd/strategist/dojo.go:120.24,122.3 1 1
github.com/SergioLacerda/strategist-skill/cmd/strategist/dojo.go:123.2,124.31 2 21
github.com/SergioLacerda/strategist-skill/cmd/strategist/dojo.go:124.31,126.3 1 21
github.com/SergioLacerda/strategist-skill/cmd/strategist/dojo.go:127.2,127.38 1 21
github.com/SergioLacerda/strategist-skill/cmd/strategist/dojo.go:130.53,131.17 1 7
github.com/SergioLacerda/strategist-skill/cmd/strategist/dojo.go:131.17,133.3 1 4
github.com/SergioLacerda/strategist-skill/cmd/strategist/dojo.go:134.2,135.18 2 3
github.com/SergioLacerda/strategist-skill/cmd/strategist/dojo.go:135.18,137.3 1 1
github.com/SergioLacerda/strategist-skill/cmd/strategist/dojo.go:138.2,138.64 1 3
github.com/SergioLacerda/strategist-skill/cmd/strategist/dojo.go:141.60,142.21 1 3
github.com/SergioLacerda/strategist-skill/cmd/strategist/dojo.go:142.21,144.3 1 2
github.com/SergioLacerda/strategist-skill/cmd/strategist/dojo.go:145.2,145.102 1 1
github.com/SergioLacerda/strategist-skill/cmd/strategist/dojo.go:148.59,154.36 3 3
github.com/SergioLacerda/strategist-skill/cmd/strategist/dojo.go:154.36,156.3 1 4
github.com/SergioLacerda/strategist-skill/cmd/strategist/dojo.go:157.2,158.29 2 3
github.com/SergioLacerda/strategist-skill/cmd/strategist/dojo.go:158.29,159.48 1 16
github.com/SergioLacerda/strategist-skill/cmd/strategist/dojo.go:159.48,161.4 1 0
github.com/SergioLacerda/strategist-skill/cmd/strategist/dojo.go:163.2,163.34 1 3
github.com/SergioLacerda/strategist-skill/cmd/strategist/dojo.go:163.34,165.3 1 0
github.com/SergioLacerda/strategist-skill/cmd/strategist/dojo.go:166.2,166.12 1 3
github.com/SergioLacerda/strategist-skill/cmd/strategist/dojo.go:169.13,176.2 6 2
github.com/SergioLacerda/strategist-skill/cmd/strategist/initiative.go:36.56,38.16 2 7
github.com/SergioLacerda/strategist-skill/cmd/strategist/initiative.go:38.16,40.3 1 0
github.com/SergioLacerda/strategist-skill/cmd/strategist/initiative.go:42.2,43.16 2 7
github.com/SergioLacerda/strategist-skill/cmd/strategist/initiative.go:43.16,45.3 1 1
github.com/SergioLacerda/strategist-skill/cmd/strategist/initiative.go:47.2,48.16 2 6
github.com/SergioLacerda/strategist-skill/cmd/strategist/initiative.go:48.16,50.3 1 1
github.com/SergioLacerda/strategist-skill/cmd/strategist/initiative.go:52.2,53.50 2 5
github.com/SergioLacerda/strategist-skill/cmd/strategist/initiative.go:53.50,55.3 1 0
github.com/SergioLacerda/strategist-skill/cmd/strategist/initiative.go:57.2,61.58 3 5
github.com/SergioLacerda/strategist-skill/cmd/strategist/initiative.go:61.58,63.3 1 0
github.com/SergioLacerda/strategist-skill/cmd/strategist/initiative.go:64.2,64.72 1 5
github.com/SergioLacerda/strategist-skill/cmd/strategist/initiative.go:64.72,67.105 3 15
github.com/SergioLacerda/strategist-skill/cmd/strategist/initiative.go:67.105,69.4 1 0
github.com/SergioLacerda/strategist-skill/cmd/strategist/initiative.go:72.2,72.73 1 5
github.com/SergioLacerda/strategist-skill/cmd/strategist/initiative.go:72.73,74.3 1 0
github.com/SergioLacerda/strategist-skill/cmd/strategist/initiative.go:76.2,76.34 1 5
github.com/SergioLacerda/strategist-skill/cmd/strategist/initiative.go:76.34,78.3 1 0
github.com/SergioLacerda/strategist-skill/cmd/strategist/initiative.go:79.2,79.12 1 5
github.com/SergioLacerda/strategist-skill/cmd/strategist/initiative.go:82.106,83.53 1 6
github.com/SergioLacerda/strategist-skill/cmd/strategist/initiative.go:83.53,85.3 1 0
github.com/SergioLacerda/strategist-skill/cmd/strategist/initiative.go:86.2,86.62 1 6
github.com/SergioLacerda/strategist-skill/cmd/strategist/initiative.go:86.62,88.3 1 0
github.com/SergioLacerda/strategist-skill/cmd/strategist/initiative.go:90.2,91.20 2 6
github.com/SergioLacerda/strategist-skill/cmd/strategist/initiative.go:91.20,93.3 1 1
github.com/SergioLacerda/strategist-skill/cmd/strategist/initiative.go:94.2,95.31 2 6
github.com/SergioLacerda/strategist-skill/cmd/strategist/initiative.go:95.31,97.3 1 6
github.com/SergioLacerda/strategist-skill/cmd/strategist/initiative.go:99.2,110.25 5 6
github.com/SergioLacerda/strategist-skill/cmd/strategist/initiative.go:110.25,111.69 1 30
github.com/SergioLacerda/strategist-skill/cmd/strategist/initiative.go:111.69,113.4 1 0
github.com/SergioLacerda/strategist-skill/cmd/strategist/initiative.go:115.2,115.12 1 6
github.com/SergioLacerda/strategist-skill/cmd/strategist/initiative.go:118.45,119.11 1 17
github.com/SergioLacerda/strategist-skill/cmd/strategist/initiative.go:119.11,121.3 1 11
github.com/SergioLacerda/strategist-skill/cmd/strategist/initiative.go:122.2,123.23 2 6
github.com/SergioLacerda/strategist-skill/cmd/strategist/initiative.go:123.23,125.3 1 3
github.com/SergioLacerda/strategist-skill/cmd/strategist/initiative.go:126.2,126.12 1 6
github.com/SergioLacerda/strategist-skill/cmd/strategist/initiative.go:126.12,128.3 1 3
github.com/SergioLacerda/strategist-skill/cmd/strategist/initiative.go:129.2,129.40 1 3
github.com/SergioLacerda/strategist-skill/cmd/strategist/initiative.go:133.35,135.16 2 12
github.com/SergioLacerda/strategist-skill/cmd/strategist/initiative.go:135.16,137.3 1 10
github.com/SergioLacerda/strategist-skill/cmd/strategist/initiative.go:138.2,138.21 1 2
github.com/SergioLacerda/strategist-skill/cmd/strategist/initiative.go:143.44,145.16 2 13
github.com/SergioLacerda/strategist-skill/cmd/strategist/initiative.go:145.16,147.3 1 6
github.com/SergioLacerda/strategist-skill/cmd/strategist/initiative.go:148.2,148.15 1 7
github.com/SergioLacerda/strategist-skill/cmd/strategist/initiative.go:148.15,148.32 1 7
github.com/SergioLacerda/strategist-skill/cmd/strategist/initiative.go:150.2,152.21 3 7
github.com/SergioLacerda/strategist-skill/cmd/strategist/initiative.go:152.21,153.60 1 9
github.com/SergioLacerda/strategist-skill/cmd/strategist/initiative.go:153.60,155.4 1 7
github.com/SergioLacerda/strategist-skill/cmd/strategist/initiative.go:157.2,157.20 1 7
github.com/SergioLacerda/strategist-skill/cmd/strategist/initiative.go:157.20,159.3 1 1
github.com/SergioLacerda/strategist-skill/cmd/strategist/initiative.go:161.2,162.63 2 6
github.com/SergioLacerda/strategist-skill/cmd/strategist/initiative.go:162.63,164.3 1 1
github.com/SergioLacerda/strategist-skill/cmd/strategist/initiative.go:165.2,165.58 1 5
github.com/SergioLacerda/strategist-skill/cmd/strategist/initiative.go:165.58,167.3 1 3
github.com/SergioLacerda/strategist-skill/cmd/strategist/initiative.go:168.2,168.14 1 2
github.com/SergioLacerda/strategist-skill/cmd/strategist/initiative.go:171.42,172.14 1 23
github.com/SergioLacerda/strategist-skill/cmd/strategist/initiative.go:173.19,174.18 1 8
github.com/SergioLacerda/strategist-skill/cmd/strategist/initiative.go:175.20,176.21 1 7
github.com/SergioLacerda/strategist-skill/cmd/strategist/initiative.go:177.19,178.18 1 7
github.com/SergioLacerda/strategist-skill/cmd/strategist/initiative.go:179.10,180.46 1 1
github.com/SergioLacerda/strategist-skill/cmd/strategist/initiative.go:184.44,185.30 1 8
github.com/SergioLacerda/strategist-skill/cmd/strategist/initiative.go:186.16,187.18 1 3
github.com/SergioLacerda/strategist-skill/cmd/strategist/initiative.go:188.19,189.21 1 2
github.com/SergioLacerda/strategist-skill/cmd/strategist/initiative.go:190.16,191.18 1 1
github.com/SergioLacerda/strategist-skill/cmd/strategist/initiative.go:192.10,193.20 1 2
github.com/SergioLacerda/strategist-skill/cmd/strategist/initiative.go:193.20,195.4 1 1
github.com/SergioLacerda/strategist-skill/cmd/strategist/initiative.go:196.3,196.44 1 1
github.com/SergioLacerda/strategist-skill/cmd/strategist/initiative.go:201.95,206.22 4 23
github.com/SergioLacerda/strategist-skill/cmd/strategist/initiative.go:206.22,208.3 1 3
github.com/SergioLacerda/strategist-skill/cmd/strategist/initiative.go:210.2,211.16 2 20
github.com/SergioLacerda/strategist-skill/cmd/strategist/initiative.go:211.16,213.3 1 18
github.com/SergioLacerda/strategist-skill/cmd/strategist/initiative.go:215.2,216.37 2 2
github.com/SergioLacerda/strategist-skill/cmd/strategist/initiative.go:216.37,218.3 1 1
github.com/SergioLacerda/strategist-skill/cmd/strategist/initiative.go:220.2,220.60 1 1
github.com/SergioLacerda/strategist-skill/cmd/strategist/initiative.go:220.60,222.3 1 1
github.com/SergioLacerda/strategist-skill/cmd/strategist/initiative.go:223.2,223.91 1 1
github.com/SergioLacerda/strategist-skill/cmd/strategist/initiative.go:223.91,225.3 1 1
github.com/SergioLacerda/strategist-skill/cmd/strategist/initiative.go:226.2,227.8 2 1
github.com/SergioLacerda/strategist-skill/cmd/strategist/initiative.go:230.13,233.2 2 2
github.com/SergioLacerda/strategist-skill/cmd/strategist/install.go:54.73,55.20 1 5
github.com/SergioLacerda/strategist-skill/cmd/strategist/install.go:55.20,57.3 1 2
github.com/SergioLacerda/strategist-skill/cmd/strategist/install.go:58.2,58.12 1 3
github.com/SergioLacerda/strategist-skill/cmd/strategist/install.go:58.12,60.17 2 1
github.com/SergioLacerda/strategist-skill/cmd/strategist/install.go:60.17,62.4 1 0
github.com/SergioLacerda/strategist-skill/cmd/strategist/install.go:63.3,63.19 1 1
github.com/SergioLacerda/strategist-skill/cmd/strategist/install.go:65.2,65.40 1 2
github.com/SergioLacerda/strategist-skill/cmd/strategist/install.go:65.40,66.70 1 2
github.com/SergioLacerda/strategist-skill/cmd/strategist/install.go:66.70,68.4 1 1
github.com/SergioLacerda/strategist-skill/cmd/strategist/install.go:70.2,70.17 1 1
github.com/SergioLacerda/strategist-skill/cmd/strategist/install.go:73.64,74.44 1 4
github.com/SergioLacerda/strategist-skill/cmd/strategist/install.go:74.44,76.3 1 0
github.com/SergioLacerda/strategist-skill/cmd/strategist/install.go:78.2,79.16 2 4
github.com/SergioLacerda/strategist-skill/cmd/strategist/install.go:79.16,81.3 1 0
github.com/SergioLacerda/strategist-skill/cmd/strategist/install.go:82.2,85.16 3 4
github.com/SergioLacerda/strategist-skill/cmd/strategist/install.go:85.16,87.3 1 4
github.com/SergioLacerda/strategist-skill/cmd/strategist/install.go:88.2,89.16 2 4
github.com/SergioLacerda/strategist-skill/cmd/strategist/install.go:89.16,91.20 2 0
github.com/SergioLacerda/strategist-skill/cmd/strategist/install.go:91.20,93.4 1 0
github.com/SergioLacerda/strategist-skill/cmd/strategist/install.go:95.2,103.15 2 4
github.com/SergioLacerda/strategist-skill/cmd/strategist/install.go:103.15,104.20 1 4
github.com/SergioLacerda/strategist-skill/cmd/strategist/install.go:104.20,107.4 2 2
github.com/SergioLacerda/strategist-skill/cmd/strategist/install.go:108.3,108.13 1 4
github.com/SergioLacerda/strategist-skill/cmd/strategist/install.go:111.2,111.16 1 4
github.com/SergioLacerda/strategist-skill/cmd/strategist/install.go:111.16,113.3 1 0
github.com/SergioLacerda/strategist-skill/cmd/strategist/install.go:114.2,122.16 3 4
github.com/SergioLacerda/strategist-skill/cmd/strategist/install.go:122.16,124.3 1 0
github.com/SergioLacerda/strategist-skill/cmd/strategist/install.go:126.2,141.78 2 4
github.com/SergioLacerda/strategist-skill/cmd/strategist/install.go:141.78,143.18 2 2
github.com/SergioLacerda/strategist-skill/cmd/strategist/install.go:143.18,145.5 1 0
github.com/SergioLacerda/strategist-skill/cmd/strategist/install.go:146.4,146.88 1 2
github.com/SergioLacerda/strategist-skill/cmd/strategist/install.go:151.2,151.46 1 4
github.com/SergioLacerda/strategist-skill/cmd/strategist/install.go:151.46,153.3 1 2
github.com/SergioLacerda/strategist-skill/cmd/strategist/install.go:155.2,155.16 1 2
github.com/SergioLacerda/strategist-skill/cmd/strategist/install.go:155.16,157.3 1 0
github.com/SergioLacerda/strategist-skill/cmd/strategist/install.go:162.2,171.12 4 2
github.com/SergioLacerda/strategist-skill/cmd/strategist/install.go:178.43,182.2 3 4
github.com/SergioLacerda/strategist-skill/cmd/strategist/install.go:184.70,186.12 2 4
github.com/SergioLacerda/strategist-skill/cmd/strategist/install.go:186.12,188.3 1 1
github.com/SergioLacerda/strategist-skill/cmd/strategist/install.go:189.2,190.13 2 4
github.com/SergioLacerda/strategist-skill/cmd/strategist/install.go:190.13,203.3 12 1
github.com/SergioLacerda/strategist-skill/cmd/strategist/install.go:204.2,210.15 7 3
github.com/SergioLacerda/strategist-skill/cmd/strategist/install.go:213.13,222.2 8 2
github.com/SergioLacerda/strategist-skill/cmd/strategist/main.go:10.13,13.16 3 1
github.com/SergioLacerda/strategist-skill/cmd/strategist/main.go:13.16,20.3 1 0
github.com/SergioLacerda/strategist-skill/cmd/strategist/main.go:20.8,22.3 1 1
github.com/SergioLacerda/strategist-skill/cmd/strategist/main.go:23.2,23.11 1 1
github.com/SergioLacerda/strategist-skill/cmd/strategist/root.go:37.52,38.41 1 3
github.com/SergioLacerda/strategist-skill/cmd/strategist/root.go:38.41,39.36 1 6
github.com/SergioLacerda/strategist-skill/cmd/strategist/root.go:39.36,41.4 1 0
github.com/SergioLacerda/strategist-skill/cmd/strategist/root.go:43.2,43.14 1 3
github.com/SergioLacerda/strategist-skill/cmd/strategist/root.go:46.29,47.122 1 3
github.com/SergioLacerda/strategist-skill/cmd/strategist/root.go:47.122,51.3 1 0
github.com/SergioLacerda/strategist-skill/cmd/strategist/root.go:54.13,55.73 1 2
github.com/SergioLacerda/strategist-skill/cmd/strategist/root.go:55.73,62.32 6 3
github.com/SergioLacerda/strategist-skill/cmd/strategist/root.go:62.32,67.4 4 0
github.com/SergioLacerda/strategist-skill/cmd/strategist/root.go:69.3,70.17 2 3
github.com/SergioLacerda/strategist-skill/cmd/strategist/root.go:70.17,72.4 1 0
github.com/SergioLacerda/strategist-skill/cmd/strategist/root.go:73.3,74.26 2 3
github.com/SergioLacerda/strategist-skill/cmd/strategist/root.go:74.26,76.4 1 0
github.com/SergioLacerda/strategist-skill/cmd/strategist/root.go:77.3,92.13 6 3
github.com/SergioLacerda/strategist-skill/cmd/strategist/root.go:94.2,94.74 1 2
github.com/SergioLacerda/strategist-skill/cmd/strategist/root.go:94.74,97.3 2 3
github.com/SergioLacerda/strategist-skill/cmd/strategist/root.go:98.2,103.32 6 2
github.com/SergioLacerda/strategist-skill/cmd/strategist/root.go:108.35,109.70 1 2
github.com/SergioLacerda/strategist-skill/cmd/strategist/root.go:109.70,111.3 1 1
github.com/SergioLacerda/strategist-skill/cmd/strategist/root.go:112.2,112.12 1 1
github.com/SergioLacerda/strategist-skill/cmd/strategist/root.go:115.16,116.42 1 3
github.com/SergioLacerda/strategist-skill/cmd/strategist/root.go:116.42,118.3 1 1
github.com/SergioLacerda/strategist-skill/cmd/strategist/root.go:128.33,129.9 1 7
github.com/SergioLacerda/strategist-skill/cmd/strategist/root.go:130.56,131.11 1 2
github.com/SergioLacerda/strategist-skill/cmd/strategist/root.go:132.130,133.11 1 3
github.com/SergioLacerda/strategist-skill/cmd/strategist/root.go:134.10,135.11 1 2
github.com/SergioLacerda/strategist-skill/cmd/strategist/root_discovery.go:17.89,19.46 2 18
github.com/SergioLacerda/strategist-skill/cmd/strategist/root_discovery.go:19.46,21.74 2 57
github.com/SergioLacerda/strategist-skill/cmd/strategist/root_discovery.go:21.74,23.4 1 9
github.com/SergioLacerda/strategist-skill/cmd/strategist/root_discovery.go:24.3,25.20 2 48
github.com/SergioLacerda/strategist-skill/cmd/strategist/root_discovery.go:25.20,26.9 1 9
github.com/SergioLacerda/strategist-skill/cmd/strategist/root_discovery.go:28.3,28.15 1 39
github.com/SergioLacerda/strategist-skill/cmd/strategist/root_discovery.go:30.2,30.147 1 9
github.com/SergioLacerda/strategist-skill/cmd/strategist/root_discovery.go:36.97,37.20 1 80
github.com/SergioLacerda/strategist-skill/cmd/strategist/root_discovery.go:37.20,39.20 2 74
github.com/SergioLacerda/strategist-skill/cmd/strategist/root_discovery.go:39.20,41.4 1 0
github.com/SergioLacerda/strategist-skill/cmd/strategist/root_discovery.go:42.3,42.37 1 74
github.com/SergioLacerda/strategist-skill/cmd/strategist/root_discovery.go:44.2,44.32 1 6
github.com/SergioLacerda/strategist-skill/cmd/strategist/runtime_profile.go:24.65,35.16 3 10
github.com/SergioLacerda/strategist-skill/cmd/strategist/runtime_profile.go:35.16,37.3 1 1
github.com/SergioLacerda/strategist-skill/cmd/strategist/runtime_profile.go:39.2,40.50 2 9
github.com/SergioLacerda/strategist-skill/cmd/strategist/runtime_profile.go:40.50,43.3 2 1
github.com/SergioLacerda/strategist-skill/cmd/strategist/runtime_profile.go:44.2,44.20 1 8
github.com/SergioLacerda/strategist-skill/cmd/strategist/runtime_profile.go:44.20,47.3 2 1
github.com/SergioLacerda/strategist-skill/cmd/strategist/runtime_profile.go:49.2,51.16 3 7
github.com/SergioLacerda/strategist-skill/cmd/strategist/runtime_profile.go:51.16,54.3 2 1
github.com/SergioLacerda/strategist-skill/cmd/strategist/runtime_profile.go:56.2,57.61 2 6
github.com/SergioLacerda/strategist-skill/cmd/strategist/runtime_profile.go:57.61,60.3 2 1
github.com/SergioLacerda/strategist-skill/cmd/strategist/runtime_profile.go:61.2,61.91 1 5
github.com/SergioLacerda/strategist-skill/cmd/strategist/runtime_profile.go:61.91,64.3 2 1
github.com/SergioLacerda/strategist-skill/cmd/strategist/runtime_profile.go:66.2,73.3 1 4
github.com/SergioLacerda/strategist-skill/cmd/strategist/runtime_profile.go:78.70,86.2 2 1
github.com/SergioLacerda/strategist-skill/cmd/strategist/status_banner.go:8.40,16.2 7 9
github.com/SergioLacerda/strategist-skill/cmd/strategist/status_banner.go:18.39,20.19 2 9
github.com/SergioLacerda/strategist-skill/cmd/strategist/status_banner.go:20.19,22.3 1 621
github.com/SergioLacerda/strategist-skill/cmd/strategist/status_banner.go:23.2,23.18 1 9
github.com/SergioLacerda/strategist-skill/cmd/strategist/sync_governance.go:41.74,42.30 1 3
github.com/SergioLacerda/strategist-skill/cmd/strategist/sync_governance.go:42.30,44.3 1 1
github.com/SergioLacerda/strategist-skill/cmd/strategist/sync_governance.go:45.2,45.32 1 3
github.com/SergioLacerda/strategist-skill/cmd/strategist/sync_governance.go:45.32,47.3 1 1
github.com/SergioLacerda/strategist-skill/cmd/strategist/sync_governance.go:49.2,50.16 2 3
github.com/SergioLacerda/strategist-skill/cmd/strategist/sync_governance.go:50.16,52.3 1 3
github.com/SergioLacerda/strategist-skill/cmd/strategist/sync_governance.go:53.2,54.16 2 3
github.com/SergioLacerda/strategist-skill/cmd/strategist/sync_governance.go:54.16,56.3 1 0
github.com/SergioLacerda/strategist-skill/cmd/strategist/sync_governance.go:57.2,58.15 2 3
github.com/SergioLacerda/strategist-skill/cmd/strategist/sync_governance.go:58.15,59.20 1 3
github.com/SergioLacerda/strategist-skill/cmd/strategist/sync_governance.go:59.20,62.4 2 2
github.com/SergioLacerda/strategist-skill/cmd/strategist/sync_governance.go:63.3,63.13 1 3
github.com/SergioLacerda/strategist-skill/cmd/strategist/sync_governance.go:66.2,67.16 2 3
github.com/SergioLacerda/strategist-skill/cmd/strategist/sync_governance.go:67.16,69.3 1 2
github.com/SergioLacerda/strategist-skill/cmd/strategist/sync_governance.go:71.2,79.16 2 1
github.com/SergioLacerda/strategist-skill/cmd/strategist/sync_governance.go:79.16,81.3 1 0
github.com/SergioLacerda/strategist-skill/cmd/strategist/sync_governance.go:82.2,93.12 3 1
github.com/SergioLacerda/strategist-skill/cmd/strategist/sync_governance.go:123.83,127.16 3 9
github.com/SergioLacerda/strategist-skill/cmd/strategist/sync_governance.go:127.16,129.3 1 3
github.com/SergioLacerda/strategist-skill/cmd/strategist/sync_governance.go:130.2,135.16 5 6
github.com/SergioLacerda/strategist-skill/cmd/strategist/sync_governance.go:135.16,137.3 1 1
github.com/SergioLacerda/strategist-skill/cmd/strategist/sync_governance.go:139.2,142.24 3 5
github.com/SergioLacerda/strategist-skill/cmd/strategist/sync_governance.go:142.24,144.17 2 2
github.com/SergioLacerda/strategist-skill/cmd/strategist/sync_governance.go:144.17,146.4 1 0
github.com/SergioLacerda/strategist-skill/cmd/strategist/sync_governance.go:147.3,147.61 1 2
github.com/SergioLacerda/strategist-skill/cmd/strategist/sync_governance.go:147.61,149.4 1 1
github.com/SergioLacerda/strategist-skill/cmd/strategist/sync_governance.go:152.2,152.20 1 4
github.com/SergioLacerda/strategist-skill/cmd/strategist/sync_governance.go:155.93,158.16 3 16
github.com/SergioLacerda/strategist-skill/cmd/strategist/sync_governance.go:158.16,159.25 1 5
github.com/SergioLacerda/strategist-skill/cmd/strategist/sync_governance.go:159.25,161.4 1 4
github.com/SergioLacerda/strategist-skill/cmd/strategist/sync_governance.go:162.3,162.55 1 1
github.com/SergioLacerda/strategist-skill/cmd/strategist/sync_governance.go:164.2,165.55 2 11
github.com/SergioLacerda/strategist-skill/cmd/strategist/sync_governance.go:165.55,167.3 1 1
github.com/SergioLacerda/strategist-skill/cmd/strategist/sync_governance.go:168.2,169.14 2 10
github.com/SergioLacerda/strategist-skill/cmd/strategist/sync_governance.go:169.14,171.3 1 1
github.com/SergioLacerda/strategist-skill/cmd/strategist/sync_governance.go:173.2,175.16 3 10
github.com/SergioLacerda/strategist-skill/cmd/strategist/sync_governance.go:175.16,177.3 1 1
github.com/SergioLacerda/strategist-skill/cmd/strategist/sync_governance.go:178.2,179.55 2 9
github.com/SergioLacerda/strategist-skill/cmd/strategist/sync_governance.go:179.55,181.3 1 1
github.com/SergioLacerda/strategist-skill/cmd/strategist/sync_governance.go:182.2,182.34 1 8
github.com/SergioLacerda/strategist-skill/cmd/strategist/sync_governance.go:182.34,183.58 1 8
github.com/SergioLacerda/strategist-skill/cmd/strategist/sync_governance.go:183.58,185.4 1 8
github.com/SergioLacerda/strategist-skill/cmd/strategist/sync_governance.go:187.2,187.32 1 8
github.com/SergioLacerda/strategist-skill/cmd/strategist/sync_governance.go:190.58,192.16 2 9
github.com/SergioLacerda/strategist-skill/cmd/strategist/sync_governance.go:192.16,194.3 1 2
github.com/SergioLacerda/strategist-skill/cmd/strategist/sync_governance.go:195.2,196.57 2 7
github.com/SergioLacerda/strategist-skill/cmd/strategist/sync_governance.go:196.57,198.3 1 1
github.com/SergioLacerda/strategist-skill/cmd/strategist/sync_governance.go:199.2,199.19 1 6
github.com/SergioLacerda/strategist-skill/cmd/strategist/sync_governance.go:202.70,204.65 2 8
github.com/SergioLacerda/strategist-skill/cmd/strategist/sync_governance.go:204.65,207.3 2 6
github.com/SergioLacerda/strategist-skill/cmd/strategist/sync_governance.go:208.2,208.64 1 8
github.com/SergioLacerda/strategist-skill/cmd/strategist/sync_governance.go:208.64,211.3 2 1
github.com/SergioLacerda/strategist-skill/cmd/strategist/sync_governance.go:212.2,212.42 1 8
github.com/SergioLacerda/strategist-skill/cmd/strategist/sync_governance.go:212.42,213.18 1 12
github.com/SergioLacerda/strategist-skill/cmd/strategist/sync_governance.go:213.18,215.4 1 5
github.com/SergioLacerda/strategist-skill/cmd/strategist/sync_governance.go:219.82,228.29 2 8
github.com/SergioLacerda/strategist-skill/cmd/strategist/sync_governance.go:228.29,229.33 1 24
github.com/SergioLacerda/strategist-skill/cmd/strategist/sync_governance.go:229.33,233.4 3 14
github.com/SergioLacerda/strategist-skill/cmd/strategist/sync_governance.go:235.2,235.16 1 8
github.com/SergioLacerda/strategist-skill/cmd/strategist/sync_governance.go:238.41,239.16 1 19
github.com/SergioLacerda/strategist-skill/cmd/strategist/sync_governance.go:239.16,241.3 1 1
github.com/SergioLacerda/strategist-skill/cmd/strategist/sync_governance.go:244.63,251.32 5 5
github.com/SergioLacerda/strategist-skill/cmd/strategist/sync_governance.go:251.32,254.39 3 1
github.com/SergioLacerda/strategist-skill/cmd/strategist/sync_governance.go:254.39,257.4 2 1
github.com/SergioLacerda/strategist-skill/cmd/strategist/sync_governance.go:258.3,258.16 1 1
github.com/SergioLacerda/strategist-skill/cmd/strategist/sync_governance.go:261.2,262.31 2 5
github.com/SergioLacerda/strategist-skill/cmd/strategist/sync_governance.go:262.31,265.3 2 3
github.com/SergioLacerda/strategist-skill/cmd/strategist/sync_governance.go:267.2,267.14 1 2
github.com/SergioLacerda/strategist-skill/cmd/strategist/sync_governance.go:267.14,269.3 1 1
github.com/SergioLacerda/strategist-skill/cmd/strategist/sync_governance.go:269.8,271.3 1 1
github.com/SergioLacerda/strategist-skill/cmd/strategist/sync_governance.go:275.61,277.25 2 21
github.com/SergioLacerda/strategist-skill/cmd/strategist/sync_governance.go:277.25,279.10 2 40
github.com/SergioLacerda/strategist-skill/cmd/strategist/sync_governance.go:279.10,281.4 1 9
github.com/SergioLacerda/strategist-skill/cmd/strategist/sync_governance.go:282.3,282.14 1 31
github.com/SergioLacerda/strategist-skill/cmd/strategist/sync_governance.go:284.2,285.9 2 12
github.com/SergioLacerda/strategist-skill/cmd/strategist/sync_governance.go:285.9,287.3 1 6
github.com/SergioLacerda/strategist-skill/cmd/strategist/sync_governance.go:288.2,289.24 2 6
github.com/SergioLacerda/strategist-skill/cmd/strategist/sync_governance.go:289.24,290.30 1 9
github.com/SergioLacerda/strategist-skill/cmd/strategist/sync_governance.go:290.30,292.4 1 9
github.com/SergioLacerda/strategist-skill/cmd/strategist/sync_governance.go:294.2,294.12 1 6
github.com/SergioLacerda/strategist-skill/cmd/strategist/sync_governance.go:297.13,301.2 3 2
github.com/SergioLacerda/strategist-skill/cmd/strategist/treasure_chest.go:25.58,26.35 1 37
github.com/SergioLacerda/strategist-skill/cmd/strategist/treasure_chest.go:26.35,29.3 2 34
github.com/SergioLacerda/strategist-skill/cmd/strategist/treasure_chest.go:30.2,31.42 2 3
github.com/SergioLacerda/strategist-skill/cmd/strategist/treasure_chest.go:31.42,33.3 1 0
github.com/SergioLacerda/strategist-skill/cmd/strategist/treasure_chest.go:34.2,35.12 2 3
github.com/SergioLacerda/strategist-skill/cmd/strategist/treasure_chest.go:134.61,135.49 1 22
github.com/SergioLacerda/strategist-skill/cmd/strategist/treasure_chest.go:135.49,137.3 1 0
github.com/SergioLacerda/strategist-skill/cmd/strategist/treasure_chest.go:139.2,140.16 2 22
github.com/SergioLacerda/strategist-skill/cmd/strategist/treasure_chest.go:140.16,142.3 1 0
github.com/SergioLacerda/strategist-skill/cmd/strategist/treasure_chest.go:144.2,145.16 2 22
github.com/SergioLacerda/strategist-skill/cmd/strategist/treasure_chest.go:145.16,147.3 1 1
github.com/SergioLacerda/strategist-skill/cmd/strategist/treasure_chest.go:150.2,151.16 2 21
github.com/SergioLacerda/strategist-skill/cmd/strategist/treasure_chest.go:151.16,153.3 1 1
github.com/SergioLacerda/strategist-skill/cmd/strategist/treasure_chest.go:155.2,159.21 5 20
github.com/SergioLacerda/strategist-skill/cmd/strategist/treasure_chest.go:159.21,161.3 1 0
github.com/SergioLacerda/strategist-skill/cmd/strategist/treasure_chest.go:163.2,165.26 2 20
github.com/SergioLacerda/strategist-skill/cmd/strategist/treasure_chest.go:165.26,167.3 1 2
github.com/SergioLacerda/strategist-skill/cmd/strategist/treasure_chest.go:169.2,171.29 2 18
github.com/SergioLacerda/strategist-skill/cmd/strategist/treasure_chest.go:172.19,172.19 0 14
github.com/SergioLacerda/strategist-skill/cmd/strategist/treasure_chest.go:174.14,175.93 1 3
github.com/SergioLacerda/strategist-skill/cmd/strategist/treasure_chest.go:176.10,177.101 1 1
github.com/SergioLacerda/strategist-skill/cmd/strategist/treasure_chest.go:180.2,185.54 3 14
github.com/SergioLacerda/strategist-skill/cmd/strategist/treasure_chest.go:185.54,187.3 1 0
github.com/SergioLacerda/strategist-skill/cmd/strategist/treasure_chest.go:188.2,188.35 1 14
github.com/SergioLacerda/strategist-skill/cmd/strategist/treasure_chest.go:188.35,190.3 1 0
github.com/SergioLacerda/strategist-skill/cmd/strategist/treasure_chest.go:191.2,194.74 3 14
github.com/SergioLacerda/strategist-skill/cmd/strategist/treasure_chest.go:194.74,196.3 1 0
github.com/SergioLacerda/strategist-skill/cmd/strategist/treasure_chest.go:197.2,197.35 1 14
github.com/SergioLacerda/strategist-skill/cmd/strategist/treasure_chest.go:197.35,199.3 1 0
github.com/SergioLacerda/strategist-skill/cmd/strategist/treasure_chest.go:201.2,204.12 4 14
github.com/SergioLacerda/strategist-skill/cmd/strategist/treasure_chest.go:209.64,212.37 2 2
github.com/SergioLacerda/strategist-skill/cmd/strategist/treasure_chest.go:212.37,214.21 2 2
github.com/SergioLacerda/strategist-skill/cmd/strategist/treasure_chest.go:214.21,217.4 2 1
github.com/SergioLacerda/strategist-skill/cmd/strategist/treasure_chest.go:220.2,221.54 2 2
github.com/SergioLacerda/strategist-skill/cmd/strategist/treasure_chest.go:221.54,223.3 1 0
github.com/SergioLacerda/strategist-skill/cmd/strategist/treasure_chest.go:224.2,225.12 2 2
github.com/SergioLacerda/strategist-skill/cmd/strategist/treasure_chest.go:228.43,230.25 2 7
github.com/SergioLacerda/strategist-skill/cmd/strategist/treasure_chest.go:230.25,231.49 1 2
github.com/SergioLacerda/strategist-skill/cmd/strategist/treasure_chest.go:231.49,233.4 1 1
github.com/SergioLacerda/strategist-skill/cmd/strategist/treasure_chest.go:235.2,235.10 1 7
github.com/SergioLacerda/strategist-skill/cmd/strategist/treasure_chest.go:240.64,242.16 2 38
github.com/SergioLacerda/strategist-skill/cmd/strategist/treasure_chest.go:242.16,244.3 1 1
github.com/SergioLacerda/strategist-skill/cmd/strategist/treasure_chest.go:245.2,246.50 2 37
github.com/SergioLacerda/strategist-skill/cmd/strategist/treasure_chest.go:246.50,248.3 1 3
github.com/SergioLacerda/strategist-skill/cmd/strategist/treasure_chest.go:249.2,249.32 1 34
github.com/SergioLacerda/strategist-skill/cmd/strategist/treasure_chest.go:252.61,254.16 2 45
github.com/SergioLacerda/strategist-skill/cmd/strategist/treasure_chest.go:254.16,255.25 1 2
github.com/SergioLacerda/strategist-skill/cmd/strategist/treasure_chest.go:255.25,257.4 1 2
github.com/SergioLacerda/strategist-skill/cmd/strategist/treasure_chest.go:258.3,258.63 1 0
github.com/SergioLacerda/strategist-skill/cmd/strategist/treasure_chest.go:260.2,261.48 2 43
github.com/SergioLacerda/strategist-skill/cmd/strategist/treasure_chest.go:261.48,263.3 1 1
github.com/SergioLacerda/strategist-skill/cmd/strategist/treasure_chest.go:264.2,265.29 2 42
github.com/SergioLacerda/strategist-skill/cmd/strategist/treasure_chest.go:265.29,270.18 1 38
github.com/SergioLacerda/strategist-skill/cmd/strategist/treasure_chest.go:270.18,272.4 1 1
github.com/SergioLacerda/strategist-skill/cmd/strategist/treasure_chest.go:273.3,273.16 1 37
github.com/SergioLacerda/strategist-skill/cmd/strategist/treasure_chest.go:275.2,275.17 1 41
github.com/SergioLacerda/strategist-skill/cmd/strategist/treasure_chest.go:278.56,280.16 2 24
github.com/SergioLacerda/strategist-skill/cmd/strategist/treasure_chest.go:280.16,281.25 1 1
github.com/SergioLacerda/strategist-skill/cmd/strategist/treasure_chest.go:281.25,283.4 1 1
github.com/SergioLacerda/strategist-skill/cmd/strategist/treasure_chest.go:284.3,284.63 1 0
github.com/SergioLacerda/strategist-skill/cmd/strategist/treasure_chest.go:286.2,287.49 2 23
github.com/SergioLacerda/strategist-skill/cmd/strategist/treasure_chest.go:287.49,289.3 1 1
github.com/SergioLacerda/strategist-skill/cmd/strategist/treasure_chest.go:290.2,291.31 2 22
github.com/SergioLacerda/strategist-skill/cmd/strategist/treasure_chest.go:291.31,293.3 1 20
github.com/SergioLacerda/strategist-skill/cmd/strategist/treasure_chest.go:294.2,294.17 1 22
github.com/SergioLacerda/strategist-skill/cmd/strategist/treasure_chest.go:297.69,300.16 3 23
github.com/SergioLacerda/strategist-skill/cmd/strategist/treasure_chest.go:300.16,301.25 1 21
github.com/SergioLacerda/strategist-skill/cmd/strategist/treasure_chest.go:301.25,303.4 1 21
github.com/SergioLacerda/strategist-skill/cmd/strategist/treasure_chest.go:304.3,304.65 1 0
github.com/SergioLacerda/strategist-skill/cmd/strategist/treasure_chest.go:306.2,306.15 1 2
github.com/SergioLacerda/strategist-skill/cmd/strategist/treasure_chest.go:306.15,306.32 1 2
github.com/SergioLacerda/strategist-skill/cmd/strategist/treasure_chest.go:308.2,309.16 2 2
github.com/SergioLacerda/strategist-skill/cmd/strategist/treasure_chest.go:309.16,311.3 1 1
github.com/SergioLacerda/strategist-skill/cmd/strategist/treasure_chest.go:312.2,312.15 1 1
github.com/SergioLacerda/strategist-skill/cmd/strategist/treasure_chest.go:312.15,312.33 1 1
github.com/SergioLacerda/strategist-skill/cmd/strategist/treasure_chest.go:314.2,318.57 2 1
github.com/SergioLacerda/strategist-skill/cmd/strategist/treasure_chest.go:318.57,320.3 1 0
github.com/SergioLacerda/strategist-skill/cmd/strategist/treasure_chest.go:322.2,323.33 2 1
github.com/SergioLacerda/strategist-skill/cmd/strategist/treasure_chest.go:323.33,325.3 1 2
github.com/SergioLacerda/strategist-skill/cmd/strategist/treasure_chest.go:326.2,326.37 1 1
github.com/SergioLacerda/strategist-skill/cmd/strategist/treasure_chest.go:337.14,341.28 3 23
github.com/SergioLacerda/strategist-skill/cmd/strategist/treasure_chest.go:341.28,351.36 2 21
github.com/SergioLacerda/strategist-skill/cmd/strategist/treasure_chest.go:351.36,359.4 7 19
github.com/SergioLacerda/strategist-skill/cmd/strategist/treasure_chest.go:360.3,363.21 4 21
github.com/SergioLacerda/strategist-skill/cmd/strategist/treasure_chest.go:367.2,367.31 1 23
github.com/SergioLacerda/strategist-skill/cmd/strategist/treasure_chest.go:367.31,368.15 1 21
github.com/SergioLacerda/strategist-skill/cmd/strategist/treasure_chest.go:368.15,369.12 1 19
github.com/SergioLacerda/strategist-skill/cmd/strategist/treasure_chest.go:371.3,388.18 5 2
github.com/SergioLacerda/strategist-skill/cmd/strategist/treasure_chest.go:392.2,392.26 1 23
github.com/SergioLacerda/strategist-skill/cmd/strategist/treasure_chest.go:392.26,393.15 1 19
github.com/SergioLacerda/strategist-skill/cmd/strategist/treasure_chest.go:393.15,394.12 1 17
github.com/SergioLacerda/strategist-skill/cmd/strategist/treasure_chest.go:396.3,404.18 4 2
github.com/SergioLacerda/strategist-skill/cmd/strategist/treasure_chest.go:407.2,407.13 1 23
github.com/SergioLacerda/strategist-skill/cmd/strategist/treasure_chest.go:410.41,411.26 1 25
github.com/SergioLacerda/strategist-skill/cmd/strategist/treasure_chest.go:411.26,413.3 1 15
github.com/SergioLacerda/strategist-skill/cmd/strategist/treasure_chest.go:414.2,414.18 1 10
github.com/SergioLacerda/strategist-skill/cmd/strategist/treasure_chest.go:417.39,419.33 2 29
github.com/SergioLacerda/strategist-skill/cmd/strategist/treasure_chest.go:419.33,421.3 1 3
github.com/SergioLacerda/strategist-skill/cmd/strategist/treasure_chest.go:422.2,422.48 1 29
github.com/SergioLacerda/strategist-skill/cmd/strategist/treasure_chest.go:422.48,424.3 1 7
github.com/SergioLacerda/strategist-skill/cmd/strategist/treasure_chest.go:425.2,425.48 1 29
github.com/SergioLacerda/strategist-skill/cmd/strategist/treasure_chest.go:425.48,427.3 1 5
github.com/SergioLacerda/strategist-skill/cmd/strategist/treasure_chest.go:428.2,428.10 1 29
github.com/SergioLacerda/strategist-skill/cmd/strategist/treasure_chest.go:436.66,437.17 1 21
github.com/SergioLacerda/strategist-skill/cmd/strategist/treasure_chest.go:437.17,439.3 1 17
github.com/SergioLacerda/strategist-skill/cmd/strategist/treasure_chest.go:440.2,441.25 2 4
github.com/SergioLacerda/strategist-skill/cmd/strategist/treasure_chest.go:441.25,442.29 1 4
github.com/SergioLacerda/strategist-skill/cmd/strategist/treasure_chest.go:442.29,443.32 1 3
github.com/SergioLacerda/strategist-skill/cmd/strategist/treasure_chest.go:443.32,445.10 2 2
github.com/SergioLacerda/strategist-skill/cmd/strategist/treasure_chest.go:449.2,449.12 1 4
github.com/SergioLacerda/strategist-skill/cmd/strategist/treasure_chest.go:479.127,482.9 3 3
github.com/SergioLacerda/strategist-skill/cmd/strategist/treasure_chest.go:483.22,484.21 1 0
github.com/SergioLacerda/strategist-skill/cmd/strategist/treasure_chest.go:485.23,486.20 1 3
github.com/SergioLacerda/strategist-skill/cmd/strategist/treasure_chest.go:487.10,489.72 2 0
github.com/SergioLacerda/strategist-skill/cmd/strategist/treasure_chest.go:492.2,497.25 2 3
github.com/SergioLacerda/strategist-skill/cmd/strategist/treasure_chest.go:497.25,510.3 1 3
github.com/SergioLacerda/strategist-skill/cmd/strategist/treasure_chest.go:512.2,514.40 3 3
github.com/SergioLacerda/strategist-skill/cmd/strategist/treasure_chest.go:514.40,516.3 1 0
github.com/SergioLacerda/strategist-skill/cmd/strategist/treasure_chest.go:517.2,517.12 1 3
github.com/SergioLacerda/strategist-skill/cmd/strategist/treasure_chest.go:522.70,523.65 1 15
github.com/SergioLacerda/strategist-skill/cmd/strategist/treasure_chest.go:523.65,525.3 1 0
github.com/SergioLacerda/strategist-skill/cmd/strategist/treasure_chest.go:526.2,527.105 1 15
github.com/SergioLacerda/strategist-skill/cmd/strategist/treasure_chest.go:527.105,529.3 1 0
github.com/SergioLacerda/strategist-skill/cmd/strategist/treasure_chest.go:530.2,530.25 1 15
github.com/SergioLacerda/strategist-skill/cmd/strategist/treasure_chest.go:530.25,532.18 2 15
github.com/SergioLacerda/strategist-skill/cmd/strategist/treasure_chest.go:532.18,534.4 1 1
github.com/SergioLacerda/strategist-skill/cmd/strategist/treasure_chest.go:535.3,536.18 2 15
github.com/SergioLacerda/strategist-skill/cmd/strategist/treasure_chest.go:536.18,538.4 1 3
github.com/SergioLacerda/strategist-skill/cmd/strategist/treasure_chest.go:539.3,540.23 2 15
github.com/SergioLacerda/strategist-skill/cmd/strategist/treasure_chest.go:540.23,542.4 1 5
github.com/SergioLacerda/strategist-skill/cmd/strategist/treasure_chest.go:543.3,546.26 4 15
github.com/SergioLacerda/strategist-skill/cmd/strategist/treasure_chest.go:546.26,548.4 1 1
github.com/SergioLacerda/strategist-skill/cmd/strategist/treasure_chest.go:549.3,550.23 2 15
github.com/SergioLacerda/strategist-skill/cmd/strategist/treasure_chest.go:550.23,552.4 1 1
github.com/SergioLacerda/strategist-skill/cmd/strategist/treasure_chest.go:553.3,554.92 1 15
github.com/SergioLacerda/strategist-skill/cmd/strategist/treasure_chest.go:554.92,556.4 1 0
github.com/SergioLacerda/strategist-skill/cmd/strategist/treasure_chest.go:558.2,558.12 1 15
github.com/SergioLacerda/strategist-skill/cmd/strategist/treasure_chest.go:561.35,562.13 1 30
github.com/SergioLacerda/strategist-skill/cmd/strategist/treasure_chest.go:562.13,564.3 1 28
github.com/SergioLacerda/strategist-skill/cmd/strategist/treasure_chest.go:565.2,565.10 1 2
github.com/SergioLacerda/strategist-skill/cmd/strategist/treasure_chest.go:568.98,569.64 1 17
github.com/SergioLacerda/strategist-skill/cmd/strategist/treasure_chest.go:569.64,571.3 1 0
github.com/SergioLacerda/strategist-skill/cmd/strategist/treasure_chest.go:573.2,576.9 3 17
github.com/SergioLacerda/strategist-skill/cmd/strategist/treasure_chest.go:577.22,579.13 2 1
github.com/SergioLacerda/strategist-skill/cmd/strategist/treasure_chest.go:580.23,582.13 2 15
github.com/SergioLacerda/strategist-skill/cmd/strategist/treasure_chest.go:583.10,585.72 2 1
github.com/SergioLacerda/strategist-skill/cmd/strategist/treasure_chest.go:588.2,593.27 2 17
github.com/SergioLacerda/strategist-skill/cmd/strategist/treasure_chest.go:593.27,594.77 1 51
github.com/SergioLacerda/strategist-skill/cmd/strategist/treasure_chest.go:594.77,596.4 1 0
github.com/SergioLacerda/strategist-skill/cmd/strategist/treasure_chest.go:598.2,598.12 1 17
github.com/SergioLacerda/strategist-skill/cmd/strategist/treasure_chest.go:601.47,602.24 1 16
github.com/SergioLacerda/strategist-skill/cmd/strategist/treasure_chest.go:602.24,604.3 1 1
github.com/SergioLacerda/strategist-skill/cmd/strategist/treasure_chest.go:605.2,607.32 3 15
github.com/SergioLacerda/strategist-skill/cmd/strategist/treasure_chest.go:607.32,609.3 1 21
github.com/SergioLacerda/strategist-skill/cmd/strategist/treasure_chest.go:612.97,615.19 2 20
github.com/SergioLacerda/strategist-skill/cmd/strategist/treasure_chest.go:615.19,617.3 1 1
github.com/SergioLacerda/strategist-skill/cmd/strategist/treasure_chest.go:618.2,618.19 1 20
github.com/SergioLacerda/strategist-skill/cmd/strategist/treasure_chest.go:618.19,620.3 1 1
github.com/SergioLacerda/strategist-skill/cmd/strategist/treasure_chest.go:621.2,621.20 1 20
github.com/SergioLacerda/strategist-skill/cmd/strategist/treasure_chest.go:621.20,623.3 1 1
github.com/SergioLacerda/strategist-skill/cmd/strategist/treasure_chest.go:623.8,623.28 1 19
github.com/SergioLacerda/strategist-skill/cmd/strategist/treasure_chest.go:623.28,625.3 1 18
github.com/SergioLacerda/strategist-skill/cmd/strategist/treasure_chest.go:627.2,629.25 3 20
github.com/SergioLacerda/strategist-skill/cmd/strategist/treasure_chest.go:629.25,630.23 1 19
github.com/SergioLacerda/strategist-skill/cmd/strategist/treasure_chest.go:630.23,632.4 1 6
github.com/SergioLacerda/strategist-skill/cmd/strategist/treasure_chest.go:633.3,633.75 1 19
github.com/SergioLacerda/strategist-skill/cmd/strategist/treasure_chest.go:633.75,635.4 1 2
github.com/SergioLacerda/strategist-skill/cmd/strategist/treasure_chest.go:637.2,637.23 1 20
github.com/SergioLacerda/strategist-skill/cmd/strategist/treasure_chest.go:637.23,639.22 2 6
github.com/SergioLacerda/strategist-skill/cmd/strategist/treasure_chest.go:639.22,641.4 1 1
github.com/SergioLacerda/strategist-skill/cmd/strategist/treasure_chest.go:643.2,643.32 1 20
github.com/SergioLacerda/strategist-skill/cmd/strategist/treasure_chest.go:643.32,645.3 1 2
github.com/SergioLacerda/strategist-skill/cmd/strategist/treasure_chest.go:646.2,646.10 1 20
github.com/SergioLacerda/strategist-skill/cmd/strategist/treasure_chest.go:650.68,651.16 1 80
github.com/SergioLacerda/strategist-skill/cmd/strategist/treasure_chest.go:651.16,653.3 1 1
github.com/SergioLacerda/strategist-skill/cmd/strategist/treasure_chest.go:654.2,655.16 2 79
github.com/SergioLacerda/strategist-skill/cmd/strategist/treasure_chest.go:655.16,657.3 1 78
github.com/SergioLacerda/strategist-skill/cmd/strategist/treasure_chest.go:658.2,658.45 1 1
github.com/SergioLacerda/strategist-skill/cmd/strategist/treasure_chest.go:662.33,668.2 5 14
github.com/SergioLacerda/strategist-skill/cmd/strategist/treasure_chest.go:670.13,677.2 6 2
github.com/SergioLacerda/strategist-skill/cmd/strategist/treasure_chest_index.go:42.13,45.2 2 2
github.com/SergioLacerda/strategist-skill/cmd/strategist/treasure_chest_index.go:47.69,48.49 1 5
github.com/SergioLacerda/strategist-skill/cmd/strategist/treasure_chest_index.go:48.49,50.3 1 0
github.com/SergioLacerda/strategist-skill/cmd/strategist/treasure_chest_index.go:52.2,53.16 2 5
github.com/SergioLacerda/strategist-skill/cmd/strategist/treasure_chest_index.go:53.16,55.3 1 0
github.com/SergioLacerda/strategist-skill/cmd/strategist/treasure_chest_index.go:56.2,57.16 2 5
github.com/SergioLacerda/strategist-skill/cmd/strategist/treasure_chest_index.go:57.16,59.3 1 0
github.com/SergioLacerda/strategist-skill/cmd/strategist/treasure_chest_index.go:61.2,62.16 2 5
github.com/SergioLacerda/strategist-skill/cmd/strategist/treasure_chest_index.go:62.16,64.3 1 0
github.com/SergioLacerda/strategist-skill/cmd/strategist/treasure_chest_index.go:66.2,67.16 2 5
github.com/SergioLacerda/strategist-skill/cmd/strategist/treasure_chest_index.go:67.16,69.3 1 0
github.com/SergioLacerda/strategist-skill/cmd/strategist/treasure_chest_index.go:71.2,72.16 2 5
github.com/SergioLacerda/strategist-skill/cmd/strategist/treasure_chest_index.go:72.16,74.3 1 0
github.com/SergioLacerda/strategist-skill/cmd/strategist/treasure_chest_index.go:75.2,80.79 5 5
github.com/SergioLacerda/strategist-skill/cmd/strategist/treasure_chest_index.go:80.79,82.3 1 0
github.com/SergioLacerda/strategist-skill/cmd/strategist/treasure_chest_index.go:84.2,86.16 3 5
github.com/SergioLacerda/strategist-skill/cmd/strategist/treasure_chest_index.go:86.16,88.3 1 0
github.com/SergioLacerda/strategist-skill/cmd/strategist/treasure_chest_index.go:90.2,90.37 1 5
github.com/SergioLacerda/strategist-skill/cmd/strategist/treasure_chest_index.go:90.37,91.76 1 5
github.com/SergioLacerda/strategist-skill/cmd/strategist/treasure_chest_index.go:91.76,94.4 2 0
github.com/SergioLacerda/strategist-skill/cmd/strategist/treasure_chest_index.go:97.2,99.54 3 5
github.com/SergioLacerda/strategist-skill/cmd/strategist/treasure_chest_index.go:99.54,101.3 1 0
github.com/SergioLacerda/strategist-skill/cmd/strategist/treasure_chest_index.go:103.2,106.12 2 5
github.com/SergioLacerda/strategist-skill/cmd/strategist/treasure_chest_index.go:111.60,113.30 2 5
github.com/SergioLacerda/strategist-skill/cmd/strategist/treasure_chest_index.go:113.30,115.3 1 0
github.com/SergioLacerda/strategist-skill/cmd/strategist/treasure_chest_index.go:116.2,116.13 1 5
github.com/SergioLacerda/strategist-skill/cmd/strategist/treasure_chest_index.go:127.72,129.29 2 5
github.com/SergioLacerda/strategist-skill/cmd/strategist/treasure_chest_index.go:129.29,148.3 1 1
github.com/SergioLacerda/strategist-skill/cmd/strategist/treasure_chest_index.go:149.2,149.25 1 5
github.com/SergioLacerda/strategist-skill/cmd/strategist/treasure_chest_index.go:149.25,165.3 1 4
github.com/SergioLacerda/strategist-skill/cmd/strategist/treasure_chest_index.go:166.2,166.19 1 5
github.com/SergioLacerda/strategist-skill/cmd/strategist/treasure_chest_index.go:169.54,171.32 2 5
github.com/SergioLacerda/strategist-skill/cmd/strategist/treasure_chest_index.go:171.32,173.3 1 6
github.com/SergioLacerda/strategist-skill/cmd/strategist/treasure_chest_index.go:174.2,174.13 1 5
github.com/SergioLacerda/strategist-skill/cmd/strategist/treasure_chest_index.go:179.43,181.13 2 1
github.com/SergioLacerda/strategist-skill/cmd/strategist/treasure_chest_index.go:181.13,183.3 1 0
github.com/SergioLacerda/strategist-skill/cmd/strategist/treasure_chest_index.go:184.2,184.10 1 1
github.com/SergioLacerda/strategist-skill/cmd/strategist/treasure_chest_index.go:187.35,189.13 2 4
github.com/SergioLacerda/strategist-skill/cmd/strategist/treasure_chest_index.go:189.13,191.3 1 0
github.com/SergioLacerda/strategist-skill/cmd/strategist/treasure_chest_index.go:192.2,192.10 1 4
github.com/SergioLacerda/strategist-skill/cmd/strategist/treasure_chest_index.go:207.98,208.26 1 5
github.com/SergioLacerda/strategist-skill/cmd/strategist/treasure_chest_index.go:208.26,210.3 1 1
github.com/SergioLacerda/strategist-skill/cmd/strategist/treasure_chest_index.go:212.2,214.16 3 4
github.com/SergioLacerda/strategist-skill/cmd/strategist/treasure_chest_index.go:214.16,216.3 1 0
github.com/SergioLacerda/strategist-skill/cmd/strategist/treasure_chest_index.go:217.2,218.16 2 4
github.com/SergioLacerda/strategist-skill/cmd/strategist/treasure_chest_index.go:218.16,220.3 1 0
github.com/SergioLacerda/strategist-skill/cmd/strategist/treasure_chest_index.go:221.2,223.34 2 4
github.com/SergioLacerda/strategist-skill/cmd/strategist/treasure_chest_index.go:223.34,224.55 1 5
github.com/SergioLacerda/strategist-skill/cmd/strategist/treasure_chest_index.go:224.55,226.12 2 1
github.com/SergioLacerda/strategist-skill/cmd/strategist/treasure_chest_index.go:228.3,229.44 2 4
github.com/SergioLacerda/strategist-skill/cmd/strategist/treasure_chest_index.go:229.44,231.4 1 0
github.com/SergioLacerda/strategist-skill/cmd/strategist/treasure_chest_index.go:232.3,233.12 2 4
github.com/SergioLacerda/strategist-skill/cmd/strategist/treasure_chest_index.go:236.2,236.18 1 4
github.com/SergioLacerda/strategist-skill/cmd/strategist/treasure_chest_index.go:236.18,238.3 1 1
github.com/SergioLacerda/strategist-skill/cmd/strategist/treasure_chest_index.go:239.2,239.75 1 3
github.com/SergioLacerda/strategist-skill/cmd/strategist/treasure_chest_index.go:239.75,241.3 1 0
github.com/SergioLacerda/strategist-skill/cmd/strategist/treasure_chest_index.go:242.2,242.30 1 3
github.com/SergioLacerda/strategist-skill/cmd/strategist/treasure_chest_jewel.go:48.13,58.2 7 2
github.com/SergioLacerda/strategist-skill/cmd/strategist/treasure_chest_jewel.go:68.70,69.49 1 7
github.com/SergioLacerda/strategist-skill/cmd/strategist/treasure_chest_jewel.go:69.49,71.3 1 0
github.com/SergioLacerda/strategist-skill/cmd/strategist/treasure_chest_jewel.go:73.2,73.89 1 7
github.com/SergioLacerda/strategist-skill/cmd/strategist/treasure_chest_jewel.go:73.89,75.3 1 1
github.com/SergioLacerda/strategist-skill/cmd/strategist/treasure_chest_jewel.go:77.2,78.16 2 6
github.com/SergioLacerda/strategist-skill/cmd/strategist/treasure_chest_jewel.go:78.16,80.3 1 0
github.com/SergioLacerda/strategist-skill/cmd/strategist/treasure_chest_jewel.go:82.2,84.34 2 6
github.com/SergioLacerda/strategist-skill/cmd/strategist/treasure_chest_jewel.go:85.19,86.40 1 5
github.com/SergioLacerda/strategist-skill/cmd/strategist/treasure_chest_jewel.go:87.14,88.39 1 1
github.com/SergioLacerda/strategist-skill/cmd/strategist/treasure_chest_jewel.go:89.10,90.117 1 0
github.com/SergioLacerda/strategist-skill/cmd/strategist/treasure_chest_jewel.go:97.74,99.16 2 9
github.com/SergioLacerda/strategist-skill/cmd/strategist/treasure_chest_jewel.go:99.16,101.3 1 0
github.com/SergioLacerda/strategist-skill/cmd/strategist/treasure_chest_jewel.go:102.2,103.16 2 9
github.com/SergioLacerda/strategist-skill/cmd/strategist/treasure_chest_jewel.go:103.16,105.3 1 0
github.com/SergioLacerda/strategist-skill/cmd/strategist/treasure_chest_jewel.go:107.2,108.19 2 9
github.com/SergioLacerda/strategist-skill/cmd/strategist/treasure_chest_jewel.go:108.19,110.3 1 0
github.com/SergioLacerda/strategist-skill/cmd/strategist/treasure_chest_jewel.go:111.2,112.16 2 9
github.com/SergioLacerda/strategist-skill/cmd/strategist/treasure_chest_jewel.go:112.16,114.3 1 0
github.com/SergioLacerda/strategist-skill/cmd/strategist/treasure_chest_jewel.go:115.2,115.27 1 9
github.com/SergioLacerda/strategist-skill/cmd/strategist/treasure_chest_jewel.go:118.100,120.37 2 6
github.com/SergioLacerda/strategist-skill/cmd/strategist/treasure_chest_jewel.go:120.37,121.26 1 6
github.com/SergioLacerda/strategist-skill/cmd/strategist/treasure_chest_jewel.go:121.26,122.48 1 18
github.com/SergioLacerda/strategist-skill/cmd/strategist/treasure_chest_jewel.go:122.48,124.5 1 9
github.com/SergioLacerda/strategist-skill/cmd/strategist/treasure_chest_jewel.go:127.2,127.43 1 6
github.com/SergioLacerda/strategist-skill/cmd/strategist/treasure_chest_jewel.go:127.43,128.49 1 7
github.com/SergioLacerda/strategist-skill/cmd/strategist/treasure_chest_jewel.go:128.49,130.4 1 0
github.com/SergioLacerda/strategist-skill/cmd/strategist/treasure_chest_jewel.go:131.3,131.41 1 7
github.com/SergioLacerda/strategist-skill/cmd/strategist/treasure_chest_jewel.go:133.2,133.17 1 6
github.com/SergioLacerda/strategist-skill/cmd/strategist/treasure_chest_jewel.go:136.70,137.39 1 18
github.com/SergioLacerda/strategist-skill/cmd/strategist/treasure_chest_jewel.go:137.39,139.3 1 6
github.com/SergioLacerda/strategist-skill/cmd/strategist/treasure_chest_jewel.go:140.2,140.16 1 12
github.com/SergioLacerda/strategist-skill/cmd/strategist/treasure_chest_jewel.go:141.10,142.50 1 3
github.com/SergioLacerda/strategist-skill/cmd/strategist/treasure_chest_jewel.go:143.13,144.14 1 6
github.com/SergioLacerda/strategist-skill/cmd/strategist/treasure_chest_jewel.go:145.10,146.28 1 3
github.com/SergioLacerda/strategist-skill/cmd/strategist/treasure_chest_jewel.go:150.54,151.22 1 5
github.com/SergioLacerda/strategist-skill/cmd/strategist/treasure_chest_jewel.go:151.22,154.3 2 2
github.com/SergioLacerda/strategist-skill/cmd/strategist/treasure_chest_jewel.go:155.2,156.138 2 3
github.com/SergioLacerda/strategist-skill/cmd/strategist/treasure_chest_jewel.go:156.138,158.3 1 0
github.com/SergioLacerda/strategist-skill/cmd/strategist/treasure_chest_jewel.go:159.2,159.27 1 3
github.com/SergioLacerda/strategist-skill/cmd/strategist/treasure_chest_jewel.go:159.27,160.147 1 6
github.com/SergioLacerda/strategist-skill/cmd/strategist/treasure_chest_jewel.go:160.147,162.4 1 0
github.com/SergioLacerda/strategist-skill/cmd/strategist/treasure_chest_jewel.go:164.2,164.34 1 3
github.com/SergioLacerda/strategist-skill/cmd/strategist/treasure_chest_jewel.go:164.34,166.3 1 0
github.com/SergioLacerda/strategist-skill/cmd/strategist/treasure_chest_jewel.go:167.2,167.12 1 3
github.com/SergioLacerda/strategist-skill/cmd/strategist/treasure_chest_jewel.go:182.53,184.27 2 1
github.com/SergioLacerda/strategist-skill/cmd/strategist/treasure_chest_jewel.go:184.27,196.3 1 3
github.com/SergioLacerda/strategist-skill/cmd/strategist/treasure_chest_jewel.go:197.2,199.40 3 1
github.com/SergioLacerda/strategist-skill/cmd/strategist/treasure_chest_jewel.go:199.40,201.3 1 0
github.com/SergioLacerda/strategist-skill/cmd/strategist/treasure_chest_jewel.go:202.2,202.12 1 1
github.com/SergioLacerda/strategist-skill/cmd/strategist/treasure_chest_jewel.go:205.73,206.49 1 3
github.com/SergioLacerda/strategist-skill/cmd/strategist/treasure_chest_jewel.go:206.49,208.3 1 0
github.com/SergioLacerda/strategist-skill/cmd/strategist/treasure_chest_jewel.go:210.2,212.16 3 3
github.com/SergioLacerda/strategist-skill/cmd/strategist/treasure_chest_jewel.go:212.16,214.3 1 0
github.com/SergioLacerda/strategist-skill/cmd/strategist/treasure_chest_jewel.go:216.2,217.37 2 3
github.com/SergioLacerda/strategist-skill/cmd/strategist/treasure_chest_jewel.go:217.37,218.23 1 3
github.com/SergioLacerda/strategist-skill/cmd/strategist/treasure_chest_jewel.go:218.23,219.24 1 7
github.com/SergioLacerda/strategist-skill/cmd/strategist/treasure_chest_jewel.go:219.24,221.10 2 2
github.com/SergioLacerda/strategist-skill/cmd/strategist/treasure_chest_jewel.go:225.2,225.18 1 3
github.com/SergioLacerda/strategist-skill/cmd/strategist/treasure_chest_jewel.go:225.18,227.3 1 1
github.com/SergioLacerda/strategist-skill/cmd/strategist/treasure_chest_jewel.go:229.2,229.34 1 2
github.com/SergioLacerda/strategist-skill/cmd/strategist/treasure_chest_jewel.go:230.19,231.38 1 1
github.com/SergioLacerda/strategist-skill/cmd/strategist/treasure_chest_jewel.go:232.14,233.37 1 1
github.com/SergioLacerda/strategist-skill/cmd/strategist/treasure_chest_jewel.go:234.10,235.117 1 0
github.com/SergioLacerda/strategist-skill/cmd/strategist/treasure_chest_jewel.go:239.47,258.25 3 1
github.com/SergioLacerda/strategist-skill/cmd/strategist/treasure_chest_jewel.go:258.25,259.67 1 15
github.com/SergioLacerda/strategist-skill/cmd/strategist/treasure_chest_jewel.go:259.67,261.4 1 0
github.com/SergioLacerda/strategist-skill/cmd/strategist/treasure_chest_jewel.go:263.2,263.34 1 1
github.com/SergioLacerda/strategist-skill/cmd/strategist/treasure_chest_jewel.go:263.34,265.3 1 0
github.com/SergioLacerda/strategist-skill/cmd/strategist/treasure_chest_jewel.go:266.2,266.12 1 1
github.com/SergioLacerda/strategist-skill/cmd/strategist/treasure_chest_jewel.go:284.46,301.40 4 1
github.com/SergioLacerda/strategist-skill/cmd/strategist/treasure_chest_jewel.go:301.40,303.3 1 0
github.com/SergioLacerda/strategist-skill/cmd/strategist/treasure_chest_jewel.go:304.2,304.12 1 1
github.com/SergioLacerda/strategist-skill/cmd/strategist/treasure_chest_jewels.go:64.93,66.16 2 40
github.com/SergioLacerda/strategist-skill/cmd/strategist/treasure_chest_jewels.go:66.16,67.25 1 19
github.com/SergioLacerda/strategist-skill/cmd/strategist/treasure_chest_jewels.go:67.25,69.4 1 19
github.com/SergioLacerda/strategist-skill/cmd/strategist/treasure_chest_jewels.go:70.3,70.54 1 0
github.com/SergioLacerda/strategist-skill/cmd/strategist/treasure_chest_jewels.go:72.2,73.48 2 21
github.com/SergioLacerda/strategist-skill/cmd/strategist/treasure_chest_jewels.go:73.48,75.3 1 0
github.com/SergioLacerda/strategist-skill/cmd/strategist/treasure_chest_jewels.go:77.2,78.29 2 21
github.com/SergioLacerda/strategist-skill/cmd/strategist/treasure_chest_jewels.go:78.29,79.57 1 40
github.com/SergioLacerda/strategist-skill/cmd/strategist/treasure_chest_jewels.go:79.57,81.4 1 5
github.com/SergioLacerda/strategist-skill/cmd/strategist/treasure_chest_jewels.go:82.3,82.45 1 35
github.com/SergioLacerda/strategist-skill/cmd/strategist/treasure_chest_jewels.go:84.2,84.17 1 16
github.com/SergioLacerda/strategist-skill/cmd/strategist/treasure_chest_jewels.go:90.75,91.21 1 40
github.com/SergioLacerda/strategist-skill/cmd/strategist/treasure_chest_jewels.go:91.21,93.3 1 1
github.com/SergioLacerda/strategist-skill/cmd/strategist/treasure_chest_jewels.go:94.2,94.28 1 39
github.com/SergioLacerda/strategist-skill/cmd/strategist/treasure_chest_jewels.go:94.28,96.3 1 1
github.com/SergioLacerda/strategist-skill/cmd/strategist/treasure_chest_jewels.go:97.2,97.67 1 38
github.com/SergioLacerda/strategist-skill/cmd/strategist/treasure_chest_jewels.go:97.67,99.3 1 2
github.com/SergioLacerda/strategist-skill/cmd/strategist/treasure_chest_jewels.go:100.2,100.39 1 36
github.com/SergioLacerda/strategist-skill/cmd/strategist/treasure_chest_jewels.go:100.39,101.81 1 34
github.com/SergioLacerda/strategist-skill/cmd/strategist/treasure_chest_jewels.go:101.81,103.4 1 1
github.com/SergioLacerda/strategist-skill/cmd/strategist/treasure_chest_jewels.go:105.2,105.12 1 35
github.com/SergioLacerda/strategist-skill/cmd/strategist/treasure_chest_jewels.go:110.55,112.27 2 24
github.com/SergioLacerda/strategist-skill/cmd/strategist/treasure_chest_jewels.go:112.27,113.47 1 5
github.com/SergioLacerda/strategist-skill/cmd/strategist/treasure_chest_jewels.go:113.47,115.4 1 4
github.com/SergioLacerda/strategist-skill/cmd/strategist/treasure_chest_jewels.go:117.2,117.10 1 24
github.com/SergioLacerda/strategist-skill/cmd/strategist/treasure_chest_mine.go:48.13,57.2 8 2
github.com/SergioLacerda/strategist-skill/cmd/strategist/treasure_chest_mine.go:59.65,60.49 1 12
github.com/SergioLacerda/strategist-skill/cmd/strategist/treasure_chest_mine.go:60.49,62.3 1 0
github.com/SergioLacerda/strategist-skill/cmd/strategist/treasure_chest_mine.go:64.2,71.4 2 12
github.com/SergioLacerda/strategist-skill/cmd/strategist/treasure_chest_mine.go:71.4,72.10 1 60
github.com/SergioLacerda/strategist-skill/cmd/strategist/treasure_chest_mine.go:72.10,74.4 1 11
github.com/SergioLacerda/strategist-skill/cmd/strategist/treasure_chest_mine.go:76.2,76.18 1 12
github.com/SergioLacerda/strategist-skill/cmd/strategist/treasure_chest_mine.go:76.18,78.3 1 1
github.com/SergioLacerda/strategist-skill/cmd/strategist/treasure_chest_mine.go:79.2,79.70 1 11
github.com/SergioLacerda/strategist-skill/cmd/strategist/treasure_chest_mine.go:79.70,81.3 1 1
github.com/SergioLacerda/strategist-skill/cmd/strategist/treasure_chest_mine.go:83.2,84.16 2 10
github.com/SergioLacerda/strategist-skill/cmd/strategist/treasure_chest_mine.go:84.16,86.3 1 0
github.com/SergioLacerda/strategist-skill/cmd/strategist/treasure_chest_mine.go:87.2,88.16 2 10
github.com/SergioLacerda/strategist-skill/cmd/strategist/treasure_chest_mine.go:88.16,90.3 1 0
github.com/SergioLacerda/strategist-skill/cmd/strategist/treasure_chest_mine.go:92.2,92.9 1 10
github.com/SergioLacerda/strategist-skill/cmd/strategist/treasure_chest_mine.go:93.29,94.40 1 3
github.com/SergioLacerda/strategist-skill/cmd/strategist/treasure_chest_mine.go:95.37,96.100 1 3
github.com/SergioLacerda/strategist-skill/cmd/strategist/treasure_chest_mine.go:97.37,98.123 1 1
github.com/SergioLacerda/strategist-skill/cmd/strategist/treasure_chest_mine.go:99.40,100.105 1 1
github.com/SergioLacerda/strategist-skill/cmd/strategist/treasure_chest_mine.go:101.10,102.49 1 2
github.com/SergioLacerda/strategist-skill/cmd/strategist/treasure_chest_mine.go:108.50,112.19 2 3
github.com/SergioLacerda/strategist-skill/cmd/strategist/treasure_chest_mine.go:112.19,114.3 1 0
github.com/SergioLacerda/strategist-skill/cmd/strategist/treasure_chest_mine.go:115.2,116.16 2 3
github.com/SergioLacerda/strategist-skill/cmd/strategist/treasure_chest_mine.go:116.16,118.3 1 0
github.com/SergioLacerda/strategist-skill/cmd/strategist/treasure_chest_mine.go:120.2,121.37 2 3
github.com/SergioLacerda/strategist-skill/cmd/strategist/treasure_chest_mine.go:121.37,122.26 1 2
github.com/SergioLacerda/strategist-skill/cmd/strategist/treasure_chest_mine.go:122.26,123.46 1 3
github.com/SergioLacerda/strategist-skill/cmd/strategist/treasure_chest_mine.go:123.46,125.5 1 2
github.com/SergioLacerda/strategist-skill/cmd/strategist/treasure_chest_mine.go:128.2,128.43 1 3
github.com/SergioLacerda/strategist-skill/cmd/strategist/treasure_chest_mine.go:128.43,129.49 1 0
github.com/SergioLacerda/strategist-skill/cmd/strategist/treasure_chest_mine.go:129.49,131.4 1 0
github.com/SergioLacerda/strategist-skill/cmd/strategist/treasure_chest_mine.go:132.3,132.41 1 0
github.com/SergioLacerda/strategist-skill/cmd/strategist/treasure_chest_mine.go:135.2,135.33 1 3
github.com/SergioLacerda/strategist-skill/cmd/strategist/treasure_chest_mine.go:136.19,137.35 1 2
github.com/SergioLacerda/strategist-skill/cmd/strategist/treasure_chest_mine.go:138.14,139.34 1 1
github.com/SergioLacerda/strategist-skill/cmd/strategist/treasure_chest_mine.go:140.10,141.110 1 0
github.com/SergioLacerda/strategist-skill/cmd/strategist/treasure_chest_mine.go:145.49,146.22 1 2
github.com/SergioLacerda/strategist-skill/cmd/strategist/treasure_chest_mine.go:146.22,149.3 2 1
github.com/SergioLacerda/strategist-skill/cmd/strategist/treasure_chest_mine.go:150.2,151.124 2 1
github.com/SergioLacerda/strategist-skill/cmd/strategist/treasure_chest_mine.go:151.124,153.3 1 0
github.com/SergioLacerda/strategist-skill/cmd/strategist/treasure_chest_mine.go:154.2,154.27 1 1
github.com/SergioLacerda/strategist-skill/cmd/strategist/treasure_chest_mine.go:154.27,155.133 1 1
github.com/SergioLacerda/strategist-skill/cmd/strategist/treasure_chest_mine.go:155.133,157.4 1 0
github.com/SergioLacerda/strategist-skill/cmd/strategist/treasure_chest_mine.go:159.2,159.34 1 1
github.com/SergioLacerda/strategist-skill/cmd/strategist/treasure_chest_mine.go:159.34,161.3 1 0
github.com/SergioLacerda/strategist-skill/cmd/strategist/treasure_chest_mine.go:162.2,162.12 1 1
github.com/SergioLacerda/strategist-skill/cmd/strategist/treasure_chest_mine.go:178.48,180.27 2 1
github.com/SergioLacerda/strategist-skill/cmd/strategist/treasure_chest_mine.go:180.27,193.3 1 1
github.com/SergioLacerda/strategist-skill/cmd/strategist/treasure_chest_mine.go:194.2,196.40 3 1
github.com/SergioLacerda/strategist-skill/cmd/strategist/treasure_chest_mine.go:196.40,198.3 1 0
github.com/SergioLacerda/strategist-skill/cmd/strategist/treasure_chest_mine.go:199.2,199.12 1 1
github.com/SergioLacerda/strategist-skill/cmd/strategist/treasure_chest_mine.go:207.81,210.16 3 5
github.com/SergioLacerda/strategist-skill/cmd/strategist/treasure_chest_mine.go:210.16,212.3 1 0
github.com/SergioLacerda/strategist-skill/cmd/strategist/treasure_chest_mine.go:213.2,214.16 2 5
github.com/SergioLacerda/strategist-skill/cmd/strategist/treasure_chest_mine.go:214.16,216.3 1 1
github.com/SergioLacerda/strategist-skill/cmd/strategist/treasure_chest_mine.go:218.2,219.50 2 4
github.com/SergioLacerda/strategist-skill/cmd/strategist/treasure_chest_mine.go:219.50,221.3 1 4
github.com/SergioLacerda/strategist-skill/cmd/strategist/treasure_chest_mine.go:222.2,222.90 1 4
github.com/SergioLacerda/strategist-skill/cmd/strategist/treasure_chest_mine.go:222.90,224.3 1 1
github.com/SergioLacerda/strategist-skill/cmd/strategist/treasure_chest_mine.go:226.2,229.45 4 3
github.com/SergioLacerda/strategist-skill/cmd/strategist/treasure_chest_mine.go:229.45,231.3 1 1
github.com/SergioLacerda/strategist-skill/cmd/strategist/treasure_chest_mine.go:233.2,233.75 1 3
github.com/SergioLacerda/strategist-skill/cmd/strategist/treasure_chest_mine.go:233.75,235.3 1 0
github.com/SergioLacerda/strategist-skill/cmd/strategist/treasure_chest_mine.go:236.2,237.12 2 3
github.com/SergioLacerda/strategist-skill/cmd/strategist/treasure_chest_mine.go:246.59,249.16 3 2
github.com/SergioLacerda/strategist-skill/cmd/strategist/treasure_chest_mine.go:249.16,251.3 1 0
github.com/SergioLacerda/strategist-skill/cmd/strategist/treasure_chest_mine.go:252.2,253.16 2 2
github.com/SergioLacerda/strategist-skill/cmd/strategist/treasure_chest_mine.go:253.16,255.3 1 0
github.com/SergioLacerda/strategist-skill/cmd/strategist/treasure_chest_mine.go:257.2,259.16 3 2
github.com/SergioLacerda/strategist-skill/cmd/strategist/treasure_chest_mine.go:259.16,260.37 1 2
github.com/SergioLacerda/strategist-skill/cmd/strategist/treasure_chest_mine.go:260.37,261.38 1 3
github.com/SergioLacerda/strategist-skill/cmd/strategist/treasure_chest_mine.go:261.38,262.13 1 0
github.com/SergioLacerda/strategist-skill/cmd/strategist/treasure_chest_mine.go:264.4,265.39 2 3
github.com/SergioLacerda/strategist-skill/cmd/strategist/treasure_chest_mine.go:265.39,268.5 2 1
github.com/SergioLacerda/strategist-skill/cmd/strategist/treasure_chest_mine.go:272.2,272.19 1 2
github.com/SergioLacerda/strategist-skill/cmd/strategist/treasure_chest_mine.go:272.19,275.3 2 1
github.com/SergioLacerda/strategist-skill/cmd/strategist/treasure_chest_mine.go:276.2,276.75 1 1
github.com/SergioLacerda/strategist-skill/cmd/strategist/treasure_chest_mine.go:276.75,278.3 1 0
github.com/SergioLacerda/strategist-skill/cmd/strategist/treasure_chest_mine.go:279.2,280.12 2 1
github.com/SergioLacerda/strategist-skill/cmd/strategist/treasure_chest_mutate.go:57.13,69.2 9 2
github.com/SergioLacerda/strategist-skill/cmd/strategist/treasure_chest_mutate.go:73.67,74.49 1 6
github.com/SergioLacerda/strategist-skill/cmd/strategist/treasure_chest_mutate.go:74.49,76.3 1 0
github.com/SergioLacerda/strategist-skill/cmd/strategist/treasure_chest_mutate.go:78.2,80.16 3 6
github.com/SergioLacerda/strategist-skill/cmd/strategist/treasure_chest_mutate.go:80.16,82.3 1 0
github.com/SergioLacerda/strategist-skill/cmd/strategist/treasure_chest_mutate.go:83.2,84.16 2 6
[...]
github.com/SergioLacerda/strategist-skill/cmd/strategist/treasure_chest_scan.go:373.38,375.16 2 6
github.com/SergioLacerda/strategist-skill/cmd/strategist/treasure_chest_scan.go:375.16,377.3 1 6
github.com/SergioLacerda/strategist-skill/cmd/strategist/treasure_chest_scan.go:378.2,378.42 1 6
github.com/SergioLacerda/strategist-skill/cmd/strategist/treasure_chest_scan.go:383.49,386.29 3 14
github.com/SergioLacerda/strategist-skill/cmd/strategist/treasure_chest_scan.go:386.29,387.28 1 17
github.com/SergioLacerda/strategist-skill/cmd/strategist/treasure_chest_scan.go:387.28,388.33 1 18
github.com/SergioLacerda/strategist-skill/cmd/strategist/treasure_chest_scan.go:388.33,389.13 1 3
github.com/SergioLacerda/strategist-skill/cmd/strategist/treasure_chest_scan.go:391.4,392.29 2 15
github.com/SergioLacerda/strategist-skill/cmd/strategist/treasure_chest_scan.go:392.29,394.13 2 1
github.com/SergioLacerda/strategist-skill/cmd/strategist/treasure_chest_scan.go:396.4,403.29 2 14
github.com/SergioLacerda/strategist-skill/cmd/strategist/treasure_chest_scan.go:406.2,408.27 3 14
github.com/SergioLacerda/strategist-skill/cmd/strategist/treasure_chest_scan.go:408.27,410.3 1 14
github.com/SergioLacerda/strategist-skill/cmd/strategist/treasure_chest_scan.go:411.2,411.13 1 14
github.com/SergioLacerda/strategist-skill/cmd/strategist/treasure_chest_scan.go:414.32,416.2 1 16
github.com/SergioLacerda/strategist-skill/cmd/strategist/treasure_chest_scan.go:420.38,421.42 1 27
github.com/SergioLacerda/strategist-skill/cmd/strategist/treasure_chest_scan.go:421.42,423.3 1 1
github.com/SergioLacerda/strategist-skill/cmd/strategist/treasure_chest_scan.go:424.2,424.48 1 26
github.com/SergioLacerda/strategist-skill/cmd/strategist/treasure_chest_scan.go:424.48,426.3 1 4
github.com/SergioLacerda/strategist-skill/cmd/strategist/treasure_chest_scan.go:427.2,427.12 1 22
github.com/SergioLacerda/strategist-skill/cmd/strategist/treasure_chest_scan.go:430.52,444.67 3 3
github.com/SergioLacerda/strategist-skill/cmd/strategist/treasure_chest_scan.go:444.67,446.3 1 1
github.com/SergioLacerda/strategist-skill/cmd/strategist/treasure_chest_scan.go:447.2,447.12 1 2
github.com/SergioLacerda/strategist-skill/cmd/strategist/treasure_chest_scan.go:450.44,452.29 2 11
github.com/SergioLacerda/strategist-skill/cmd/strategist/treasure_chest_scan.go:452.29,454.3 1 1
github.com/SergioLacerda/strategist-skill/cmd/strategist/treasure_chest_scan.go:455.2,469.67 3 11
github.com/SergioLacerda/strategist-skill/cmd/strategist/treasure_chest_scan.go:469.67,471.3 1 1
github.com/SergioLacerda/strategist-skill/cmd/strategist/treasure_chest_scan.go:472.2,472.12 1 10
github.com/SergioLacerda/strategist-skill/cmd/strategist/treasure_chest_scan.go:475.22,477.2 1 19
github.com/SergioLacerda/strategist-skill/cmd/strategist/treasure_chest_scan.go:485.44,487.25 2 14
github.com/SergioLacerda/strategist-skill/cmd/strategist/treasure_chest_scan.go:487.25,489.3 1 19
github.com/SergioLacerda/strategist-skill/cmd/strategist/treasure_chest_scan.go:490.2,490.30 1 14
github.com/SergioLacerda/strategist-skill/cmd/strategist/treasure_chest_scan.go:493.43,494.23 1 29
github.com/SergioLacerda/strategist-skill/cmd/strategist/treasure_chest_scan.go:494.23,497.3 2 5
github.com/SergioLacerda/strategist-skill/cmd/strategist/treasure_chest_scan.go:498.2,498.10 1 29
github.com/SergioLacerda/strategist-skill/cmd/strategist/treasure_chest_scan.go:501.40,503.14 2 5
github.com/SergioLacerda/strategist-skill/cmd/strategist/treasure_chest_scan.go:503.14,505.3 1 5
github.com/SergioLacerda/strategist-skill/cmd/strategist/treasure_chest_scan.go:508.50,510.27 2 14
github.com/SergioLacerda/strategist-skill/cmd/strategist/treasure_chest_scan.go:510.27,513.3 2 19
github.com/SergioLacerda/strategist-skill/cmd/strategist/treasure_chest_scan.go:514.2,514.12 1 14
github.com/SergioLacerda/strategist-skill/cmd/strategist/treasure_chest_yaml_node.go:21.52,23.16 2 77
github.com/SergioLacerda/strategist-skill/cmd/strategist/treasure_chest_yaml_node.go:23.16,25.3 1 16
github.com/SergioLacerda/strategist-skill/cmd/strategist/treasure_chest_yaml_node.go:26.2,27.50 2 61
github.com/SergioLacerda/strategist-skill/cmd/strategist/treasure_chest_yaml_node.go:27.50,29.3 1 1
github.com/SergioLacerda/strategist-skill/cmd/strategist/treasure_chest_yaml_node.go:30.2,30.18 1 60
github.com/SergioLacerda/strategist-skill/cmd/strategist/treasure_chest_yaml_node.go:36.60,38.27 2 19
github.com/SergioLacerda/strategist-skill/cmd/strategist/treasure_chest_yaml_node.go:38.27,42.43 4 38
github.com/SergioLacerda/strategist-skill/cmd/strategist/treasure_chest_yaml_node.go:42.43,44.4 1 0
github.com/SergioLacerda/strategist-skill/cmd/strategist/treasure_chest_yaml_node.go:45.3,45.37 1 38
github.com/SergioLacerda/strategist-skill/cmd/strategist/treasure_chest_yaml_node.go:45.37,47.4 1 0
github.com/SergioLacerda/strategist-skill/cmd/strategist/treasure_chest_yaml_node.go:48.3,48.66 1 38
github.com/SergioLacerda/strategist-skill/cmd/strategist/treasure_chest_yaml_node.go:48.66,50.4 1 3
github.com/SergioLacerda/strategist-skill/cmd/strategist/treasure_chest_yaml_node.go:51.3,51.36 1 35
github.com/SergioLacerda/strategist-skill/cmd/strategist/treasure_chest_yaml_node.go:53.2,53.21 1 16
github.com/SergioLacerda/strategist-skill/cmd/strategist/treasure_chest_yaml_node.go:56.54,57.60 1 91
github.com/SergioLacerda/strategist-skill/cmd/strategist/treasure_chest_yaml_node.go:57.60,59.3 1 2
github.com/SergioLacerda/strategist-skill/cmd/strategist/treasure_chest_yaml_node.go:60.2,61.35 2 89
github.com/SergioLacerda/strategist-skill/cmd/strategist/treasure_chest_yaml_node.go:61.35,63.3 1 12
github.com/SergioLacerda/strategist-skill/cmd/strategist/treasure_chest_yaml_node.go:64.2,64.18 1 77
github.com/SergioLacerda/strategist-skill/cmd/strategist/treasure_chest_yaml_node.go:67.62,68.49 1 137
github.com/SergioLacerda/strategist-skill/cmd/strategist/treasure_chest_yaml_node.go:68.49,69.38 1 252
github.com/SergioLacerda/strategist-skill/cmd/strategist/treasure_chest_yaml_node.go:69.38,71.4 1 121
github.com/SergioLacerda/strategist-skill/cmd/strategist/treasure_chest_yaml_node.go:73.2,73.12 1 16
github.com/SergioLacerda/strategist-skill/cmd/strategist/treasure_chest_yaml_node.go:78.70,79.47 1 22
github.com/SergioLacerda/strategist-skill/cmd/strategist/treasure_chest_yaml_node.go:79.47,81.3 1 17
github.com/SergioLacerda/strategist-skill/cmd/strategist/treasure_chest_yaml_node.go:82.2,85.12 4 5
github.com/SergioLacerda/strategist-skill/cmd/strategist/treasure_chest_yaml_node.go:88.35,90.2 1 214
github.com/SergioLacerda/strategist-skill/cmd/strategist/treasure_chest_yaml_node.go:92.46,94.27 2 9
github.com/SergioLacerda/strategist-skill/cmd/strategist/treasure_chest_yaml_node.go:94.27,96.3 1 11
github.com/SergioLacerda/strategist-skill/cmd/strategist/treasure_chest_yaml_node.go:97.2,97.97 1 9
github.com/SergioLacerda/strategist-skill/cmd/strategist/treasure_chest_yaml_node.go:100.46,102.2 1 31
github.com/SergioLacerda/strategist-skill/cmd/strategist/treasure_chest_yaml_node.go:106.65,107.35 1 47
github.com/SergioLacerda/strategist-skill/cmd/strategist/treasure_chest_yaml_node.go:107.35,108.36 1 49
github.com/SergioLacerda/strategist-skill/cmd/strategist/treasure_chest_yaml_node.go:108.36,109.12 1 3
github.com/SergioLacerda/strategist-skill/cmd/strategist/treasure_chest_yaml_node.go:111.3,111.63 1 46
github.com/SergioLacerda/strategist-skill/cmd/strategist/treasure_chest_yaml_node.go:111.63,113.4 1 38
github.com/SergioLacerda/strategist-skill/cmd/strategist/treasure_chest_yaml_node.go:115.2,115.16 1 9
github.com/SergioLacerda/strategist-skill/cmd/strategist/treasure_chest_yaml_node.go:120.61,121.49 1 29
github.com/SergioLacerda/strategist-skill/cmd/strategist/treasure_chest_yaml_node.go:121.49,122.38 1 133
github.com/SergioLacerda/strategist-skill/cmd/strategist/treasure_chest_yaml_node.go:122.38,125.4 2 8
github.com/SergioLacerda/strategist-skill/cmd/strategist/treasure_chest_yaml_node.go:127.2,127.73 1 21
github.com/SergioLacerda/strategist-skill/cmd/strategist/treasure_chest_yaml_node.go:132.75,134.16 2 8
github.com/SergioLacerda/strategist-skill/cmd/strategist/treasure_chest_yaml_node.go:134.16,136.3 1 2
github.com/SergioLacerda/strategist-skill/cmd/strategist/treasure_chest_yaml_node.go:137.2,144.12 4 6
github.com/SergioLacerda/strategist-skill/cmd/strategist/treasure_chest_yaml_node.go:147.62,149.16 2 16
github.com/SergioLacerda/strategist-skill/cmd/strategist/treasure_chest_yaml_node.go:149.16,151.3 1 1
github.com/SergioLacerda/strategist-skill/cmd/strategist/treasure_chest_yaml_node.go:152.2,153.16 2 15
github.com/SergioLacerda/strategist-skill/cmd/strategist/treasure_chest_yaml_node.go:153.16,155.3 1 3
github.com/SergioLacerda/strategist-skill/cmd/strategist/treasure_chest_yaml_node.go:156.2,157.15 2 12
github.com/SergioLacerda/strategist-skill/cmd/strategist/treasure_chest_yaml_node.go:157.15,159.3 1 1
github.com/SergioLacerda/strategist-skill/cmd/strategist/treasure_chest_yaml_node.go:160.2,161.12 2 11
github.com/SergioLacerda/strategist-skill/cmd/strategist/treasure_chest_yaml_node.go:166.108,168.16 2 7
github.com/SergioLacerda/strategist-skill/cmd/strategist/treasure_chest_yaml_node.go:168.16,170.3 1 2
github.com/SergioLacerda/strategist-skill/cmd/strategist/treasure_chest_yaml_node.go:171.2,190.12 4 5
github.com/SergioLacerda/strategist-skill/cmd/strategist/treasure_chest_yaml_node.go:193.65,195.16 2 13
github.com/SergioLacerda/strategist-skill/cmd/strategist/treasure_chest_yaml_node.go:195.16,197.3 1 1
github.com/SergioLacerda/strategist-skill/cmd/strategist/treasure_chest_yaml_node.go:198.2,199.16 2 12
github.com/SergioLacerda/strategist-skill/cmd/strategist/treasure_chest_yaml_node.go:199.16,201.3 1 2
github.com/SergioLacerda/strategist-skill/cmd/strategist/treasure_chest_yaml_node.go:202.2,203.15 2 10
github.com/SergioLacerda/strategist-skill/cmd/strategist/treasure_chest_yaml_node.go:203.15,205.3 1 1
github.com/SergioLacerda/strategist-skill/cmd/strategist/treasure_chest_yaml_node.go:206.2,207.12 2 9
github.com/SergioLacerda/strategist-skill/cmd/strategist/treasure_chest_yaml_node.go:212.85,214.16 2 6
github.com/SergioLacerda/strategist-skill/cmd/strategist/treasure_chest_yaml_node.go:214.16,216.3 1 2
github.com/SergioLacerda/strategist-skill/cmd/strategist/treasure_chest_yaml_node.go:217.2,224.12 4 4
github.com/SergioLacerda/strategist-skill/cmd/strategist/treasure_chest_yaml_node.go:227.65,229.16 2 12
github.com/SergioLacerda/strategist-skill/cmd/strategist/treasure_chest_yaml_node.go:229.16,231.3 1 1
github.com/SergioLacerda/strategist-skill/cmd/strategist/treasure_chest_yaml_node.go:232.2,233.16 2 11
github.com/SergioLacerda/strategist-skill/cmd/strategist/treasure_chest_yaml_node.go:233.16,235.3 1 2
github.com/SergioLacerda/strategist-skill/cmd/strategist/treasure_chest_yaml_node.go:236.2,237.15 2 9
github.com/SergioLacerda/strategist-skill/cmd/strategist/treasure_chest_yaml_node.go:237.15,239.3 1 1
github.com/SergioLacerda/strategist-skill/cmd/strategist/treasure_chest_yaml_node.go:240.2,241.12 2 8
github.com/SergioLacerda/strategist-skill/cmd/strategist/treasure_chest_yaml_node.go:249.73,251.16 2 5
github.com/SergioLacerda/strategist-skill/cmd/strategist/treasure_chest_yaml_node.go:251.16,253.3 1 2
github.com/SergioLacerda/strategist-skill/cmd/strategist/treasure_chest_yaml_node.go:254.2,255.16 2 3
github.com/SergioLacerda/strategist-skill/cmd/strategist/treasure_chest_yaml_node.go:255.16,257.3 1 1
github.com/SergioLacerda/strategist-skill/cmd/strategist/treasure_chest_yaml_node.go:258.2,258.36 1 2
github.com/SergioLacerda/strategist-skill/cmd/strategist/treasure_chest_yaml_node.go:258.36,259.37 1 4
github.com/SergioLacerda/strategist-skill/cmd/strategist/treasure_chest_yaml_node.go:259.37,260.12 1 1
github.com/SergioLacerda/strategist-skill/cmd/strategist/treasure_chest_yaml_node.go:262.3,262.75 1 3
github.com/SergioLacerda/strategist-skill/cmd/strategist/treasure_chest_yaml_node.go:262.75,264.4 1 2
github.com/SergioLacerda/strategist-skill/cmd/strategist/treasure_chest_yaml_node.go:266.2,266.12 1 2
github.com/SergioLacerda/strategist-skill/cmd/strategist/treasure_chest_yaml_node.go:271.68,273.16 2 5
github.com/SergioLacerda/strategist-skill/cmd/strategist/treasure_chest_yaml_node.go:273.16,275.3 1 0
github.com/SergioLacerda/strategist-skill/cmd/strategist/treasure_chest_yaml_node.go:276.2,277.16 2 5
github.com/SergioLacerda/strategist-skill/cmd/strategist/treasure_chest_yaml_node.go:277.16,279.3 1 0
github.com/SergioLacerda/strategist-skill/cmd/strategist/treasure_chest_yaml_node.go:280.2,281.15 2 5
github.com/SergioLacerda/strategist-skill/cmd/strategist/treasure_chest_yaml_node.go:281.15,283.3 1 1
github.com/SergioLacerda/strategist-skill/cmd/strategist/treasure_chest_yaml_node.go:284.2,284.19 1 4
github.com/SergioLacerda/strategist-skill/cmd/strategist/treasure_chest_yaml_node.go:290.54,292.25 2 1
github.com/SergioLacerda/strategist-skill/cmd/strategist/treasure_chest_yaml_node.go:292.25,295.3 2 1
github.com/SergioLacerda/strategist-skill/cmd/strategist/treasure_chest_yaml_node.go:296.2,297.49 2 1
github.com/SergioLacerda/strategist-skill/cmd/strategist/treasure_chest_yaml_node.go:300.34,302.7 2 10
github.com/SergioLacerda/strategist-skill/cmd/strategist/treasure_chest_yaml_node.go:302.7,304.3 1 5
github.com/SergioLacerda/strategist-skill/cmd/strategist/treasure_chest_yaml_node.go:305.2,305.69 1 10
github.com/SergioLacerda/strategist-skill/cmd/strategist/validate.go:33.51,34.25 1 19
github.com/SergioLacerda/strategist-skill/cmd/strategist/validate.go:34.25,36.21 2 1
github.com/SergioLacerda/strategist-skill/cmd/strategist/validate.go:36.21,38.5 1 0
github.com/SergioLacerda/strategist-skill/cmd/strategist/validate.go:39.4,40.22 2 1
github.com/SergioLacerda/strategist-skill/cmd/strategist/validate.go:40.22,42.5 1 1
github.com/SergioLacerda/strategist-skill/cmd/strategist/validate.go:43.4,43.29 1 0
github.com/SergioLacerda/strategist-skill/cmd/strategist/validate.go:45.3,46.17 2 18
github.com/SergioLacerda/strategist-skill/cmd/strategist/validate.go:46.17,48.4 1 18
github.com/SergioLacerda/strategist-skill/cmd/strategist/validate.go:49.3,50.17 2 18
github.com/SergioLacerda/strategist-skill/cmd/strategist/validate.go:50.17,52.4 1 0
github.com/SergioLacerda/strategist-skill/cmd/strategist/validate.go:53.3,69.23 7 18
github.com/SergioLacerda/strategist-skill/cmd/strategist/validate.go:69.23,71.4 1 6
github.com/SergioLacerda/strategist-skill/cmd/strategist/validate.go:74.3,85.44 8 18
github.com/SergioLacerda/strategist-skill/cmd/strategist/validate.go:85.44,87.55 2 2
github.com/SergioLacerda/strategist-skill/cmd/strategist/validate.go:87.55,89.5 1 1
github.com/SergioLacerda/strategist-skill/cmd/strategist/validate.go:92.3,92.20 1 18
github.com/SergioLacerda/strategist-skill/cmd/strategist/validate.go:92.20,95.27 3 15
github.com/SergioLacerda/strategist-skill/cmd/strategist/validate.go:95.27,97.5 1 17
github.com/SergioLacerda/strategist-skill/cmd/strategist/validate.go:98.4,98.77 1 15
github.com/SergioLacerda/strategist-skill/cmd/strategist/validate.go:101.3,101.17 1 3
github.com/SergioLacerda/strategist-skill/cmd/strategist/validate.go:101.17,103.4 1 0
github.com/SergioLacerda/strategist-skill/cmd/strategist/validate.go:104.3,112.13 3 3
github.com/SergioLacerda/strategist-skill/cmd/strategist/validate.go:116.44,118.16 2 18
github.com/SergioLacerda/strategist-skill/cmd/strategist/validate.go:118.16,119.25 1 2
github.com/SergioLacerda/strategist-skill/cmd/strategist/validate.go:119.25,121.4 1 2
github.com/SergioLacerda/strategist-skill/cmd/strategist/validate.go:122.3,122.37 1 0
github.com/SergioLacerda/strategist-skill/cmd/strategist/validate.go:125.2,126.50 2 16
github.com/SergioLacerda/strategist-skill/cmd/strategist/validate.go:126.50,128.3 1 1
github.com/SergioLacerda/strategist-skill/cmd/strategist/validate.go:129.2,129.20 1 15
github.com/SergioLacerda/strategist-skill/cmd/strategist/validate.go:129.20,131.3 1 1
github.com/SergioLacerda/strategist-skill/cmd/strategist/validate.go:132.2,132.27 1 14
github.com/SergioLacerda/strategist-skill/cmd/strategist/validate.go:132.27,134.3 1 1
github.com/SergioLacerda/strategist-skill/cmd/strategist/validate.go:135.2,135.51 1 13
github.com/SergioLacerda/strategist-skill/cmd/strategist/validate.go:135.51,137.3 1 1
github.com/SergioLacerda/strategist-skill/cmd/strategist/validate.go:138.2,138.12 1 12
github.com/SergioLacerda/strategist-skill/cmd/strategist/validate.go:141.66,143.16 2 18
github.com/SergioLacerda/strategist-skill/cmd/strategist/validate.go:143.16,145.3 1 1
github.com/SergioLacerda/strategist-skill/cmd/strategist/validate.go:147.2,147.28 1 17
github.com/SergioLacerda/strategist-skill/cmd/strategist/validate.go:147.28,148.57 1 17
github.com/SergioLacerda/strategist-skill/cmd/strategist/validate.go:148.57,149.12 1 0
github.com/SergioLacerda/strategist-skill/cmd/strategist/validate.go:151.3,154.17 4 17
github.com/SergioLacerda/strategist-skill/cmd/strategist/validate.go:154.17,156.12 2 0
github.com/SergioLacerda/strategist-skill/cmd/strategist/validate.go:158.3,159.49 2 17
github.com/SergioLacerda/strategist-skill/cmd/strategist/validate.go:159.49,161.12 2 1
github.com/SergioLacerda/strategist-skill/cmd/strategist/validate.go:163.3,163.52 1 16
github.com/SergioLacerda/strategist-skill/cmd/strategist/validate.go:163.52,165.4 1 2
github.com/SergioLacerda/strategist-skill/cmd/strategist/validate.go:167.2,167.21 1 17
github.com/SergioLacerda/strategist-skill/cmd/strategist/validate.go:170.63,172.16 2 18
github.com/SergioLacerda/strategist-skill/cmd/strategist/validate.go:172.16,174.3 1 1
github.com/SergioLacerda/strategist-skill/cmd/strategist/validate.go:176.2,176.28 1 17
github.com/SergioLacerda/strategist-skill/cmd/strategist/validate.go:176.28,177.57 1 17
github.com/SergioLacerda/strategist-skill/cmd/strategist/validate.go:177.57,178.12 1 0
github.com/SergioLacerda/strategist-skill/cmd/strategist/validate.go:180.3,181.58 2 17
github.com/SergioLacerda/strategist-skill/cmd/strategist/validate.go:183.2,183.21 1 17
github.com/SergioLacerda/strategist-skill/cmd/strategist/validate.go:186.57,189.16 3 17
github.com/SergioLacerda/strategist-skill/cmd/strategist/validate.go:189.16,191.3 1 0
github.com/SergioLacerda/strategist-skill/cmd/strategist/validate.go:193.2,194.52 2 17
github.com/SergioLacerda/strategist-skill/cmd/strategist/validate.go:194.52,196.3 1 1
github.com/SergioLacerda/strategist-skill/cmd/strategist/validate.go:198.2,198.46 1 16
github.com/SergioLacerda/strategist-skill/cmd/strategist/validate.go:198.46,200.52 2 2
github.com/SergioLacerda/strategist-skill/cmd/strategist/validate.go:200.52,202.4 1 0
github.com/SergioLacerda/strategist-skill/cmd/strategist/validate.go:203.3,203.47 1 2
github.com/SergioLacerda/strategist-skill/cmd/strategist/validate.go:203.47,205.4 1 2
github.com/SergioLacerda/strategist-skill/cmd/strategist/validate.go:206.3,206.14 1 2
github.com/SergioLacerda/strategist-skill/cmd/strategist/validate.go:209.2,210.54 2 14
github.com/SergioLacerda/strategist-skill/cmd/strategist/validate.go:210.54,212.3 1 0
github.com/SergioLacerda/strategist-skill/cmd/strategist/validate.go:213.2,213.49 1 14
github.com/SergioLacerda/strategist-skill/cmd/strategist/validate.go:213.49,215.3 1 2
github.com/SergioLacerda/strategist-skill/cmd/strategist/validate.go:216.2,216.13 1 14
github.com/SergioLacerda/strategist-skill/cmd/strategist/validate.go:219.42,221.16 2 2
github.com/SergioLacerda/strategist-skill/cmd/strategist/validate.go:221.16,223.3 1 0
github.com/SergioLacerda/strategist-skill/cmd/strategist/validate.go:224.2,225.48 2 2
github.com/SergioLacerda/strategist-skill/cmd/strategist/validate.go:225.48,227.3 1 1
github.com/SergioLacerda/strategist-skill/cmd/strategist/validate.go:228.2,228.12 1 1
github.com/SergioLacerda/strategist-skill/cmd/strategist/validate.go:231.13,233.2 1 2
github.com/SergioLacerda/strategist-skill/cmd/strategist/version.go:17.44,25.3 2 5
