mode: atomic
github.com/SergioLacerda/strategist-skill/internal/compile/agent_awareness.go:37.47,39.43 2 0
github.com/SergioLacerda/strategist-skill/internal/compile/agent_awareness.go:39.43,40.47 1 0
github.com/SergioLacerda/strategist-skill/internal/compile/agent_awareness.go:40.47,42.4 1 0
github.com/SergioLacerda/strategist-skill/internal/compile/agent_awareness.go:45.2,46.46 2 0
github.com/SergioLacerda/strategist-skill/internal/compile/agent_awareness.go:46.46,47.52 1 0
github.com/SergioLacerda/strategist-skill/internal/compile/agent_awareness.go:47.52,49.4 1 0
github.com/SergioLacerda/strategist-skill/internal/compile/agent_awareness.go:52.2,53.47 2 0
github.com/SergioLacerda/strategist-skill/internal/compile/agent_awareness.go:53.47,54.51 1 0
github.com/SergioLacerda/strategist-skill/internal/compile/agent_awareness.go:54.51,56.4 1 0
github.com/SergioLacerda/strategist-skill/internal/compile/agent_awareness.go:59.2,60.49 2 0
github.com/SergioLacerda/strategist-skill/internal/compile/agent_awareness.go:60.49,61.53 1 0
github.com/SergioLacerda/strategist-skill/internal/compile/agent_awareness.go:61.53,63.4 1 0
github.com/SergioLacerda/strategist-skill/internal/compile/agent_awareness.go:66.2,66.12 1 0
github.com/SergioLacerda/strategist-skill/internal/compile/agent_awareness.go:77.108,78.24 1 0
github.com/SergioLacerda/strategist-skill/internal/compile/agent_awareness.go:78.24,80.3 1 0
github.com/SergioLacerda/strategist-skill/internal/compile/agent_awareness.go:80.8,80.80 1 0
github.com/SergioLacerda/strategist-skill/internal/compile/agent_awareness.go:80.80,82.3 1 0
github.com/SergioLacerda/strategist-skill/internal/compile/agent_awareness.go:82.8,84.3 1 0
github.com/SergioLacerda/strategist-skill/internal/compile/agent_awareness.go:86.2,86.52 1 0
github.com/SergioLacerda/strategist-skill/internal/compile/agent_awareness.go:86.52,88.3 1 0
github.com/SergioLacerda/strategist-skill/internal/compile/agent_awareness.go:90.2,90.19 1 0
github.com/SergioLacerda/strategist-skill/internal/compile/agent_awareness.go:96.39,98.16 2 0
github.com/SergioLacerda/strategist-skill/internal/compile/agent_awareness.go:98.16,100.3 1 0
github.com/SergioLacerda/strategist-skill/internal/compile/agent_awareness.go:102.2,107.15 5 0
github.com/SergioLacerda/strategist-skill/internal/compile/agent_awareness.go:107.15,109.40 1 0
github.com/SergioLacerda/strategist-skill/internal/compile/agent_awareness.go:109.40,111.4 1 0
github.com/SergioLacerda/strategist-skill/internal/compile/agent_awareness.go:112.3,112.38 1 0
github.com/SergioLacerda/strategist-skill/internal/compile/agent_awareness.go:113.8,118.24 4 0
github.com/SergioLacerda/strategist-skill/internal/compile/agent_awareness.go:118.24,120.4 1 0
github.com/SergioLacerda/strategist-skill/internal/compile/agent_awareness.go:121.3,121.46 1 0
github.com/SergioLacerda/strategist-skill/internal/compile/agent_awareness.go:124.2,124.39 1 0
github.com/SergioLacerda/strategist-skill/internal/compile/agent_awareness.go:124.39,126.3 1 0
github.com/SergioLacerda/strategist-skill/internal/compile/agent_awareness.go:127.2,127.67 1 0
github.com/SergioLacerda/strategist-skill/internal/compile/agent_awareness.go:127.67,129.3 1 0
github.com/SergioLacerda/strategist-skill/internal/compile/agent_awareness.go:130.2,130.12 1 0
github.com/SergioLacerda/strategist-skill/internal/compile/agent_awareness.go:136.41,138.16 2 0
github.com/SergioLacerda/strategist-skill/internal/compile/agent_awareness.go:138.16,140.3 1 0
github.com/SergioLacerda/strategist-skill/internal/compile/agent_awareness.go:142.2,143.52 2 0
github.com/SergioLacerda/strategist-skill/internal/compile/agent_awareness.go:143.52,145.3 1 0
github.com/SergioLacerda/strategist-skill/internal/compile/agent_awareness.go:147.2,149.58 3 0
github.com/SergioLacerda/strategist-skill/internal/compile/agent_awareness.go:149.58,151.3 1 0
github.com/SergioLacerda/strategist-skill/internal/compile/agent_awareness.go:152.2,153.24 2 0
github.com/SergioLacerda/strategist-skill/internal/compile/agent_awareness.go:153.24,154.24 1 0
github.com/SergioLacerda/strategist-skill/internal/compile/agent_awareness.go:154.24,156.9 2 0
github.com/SergioLacerda/strategist-skill/internal/compile/agent_awareness.go:159.2,159.14 1 0
github.com/SergioLacerda/strategist-skill/internal/compile/agent_awareness.go:159.14,161.3 1 0
github.com/SergioLacerda/strategist-skill/internal/compile/agent_awareness.go:162.2,171.16 4 0
github.com/SergioLacerda/strategist-skill/internal/compile/agent_awareness.go:171.16,173.3 1 0
github.com/SergioLacerda/strategist-skill/internal/compile/agent_awareness.go:174.2,174.69 1 0
github.com/SergioLacerda/strategist-skill/internal/compile/agent_awareness.go:174.69,176.3 1 0
github.com/SergioLacerda/strategist-skill/internal/compile/agent_awareness.go:177.2,177.12 1 0
github.com/SergioLacerda/strategist-skill/internal/compile/agent_awareness.go:182.58,184.19 2 0
github.com/SergioLacerda/strategist-skill/internal/compile/agent_awareness.go:184.19,186.3 1 0
github.com/SergioLacerda/strategist-skill/internal/compile/agent_awareness.go:187.2,191.25 4 0
github.com/SergioLacerda/strategist-skill/internal/compile/agent_awareness.go:191.25,192.12 1 0
github.com/SergioLacerda/strategist-skill/internal/compile/agent_awareness.go:192.12,194.4 1 0
github.com/SergioLacerda/strategist-skill/internal/compile/agent_awareness.go:195.3,196.17 2 0
github.com/SergioLacerda/strategist-skill/internal/compile/agent_awareness.go:196.17,198.4 1 0
github.com/SergioLacerda/strategist-skill/internal/compile/agent_awareness.go:199.3,200.17 2 0
github.com/SergioLacerda/strategist-skill/internal/compile/agent_awareness.go:200.17,202.4 1 0
github.com/SergioLacerda/strategist-skill/internal/compile/agent_awareness.go:203.3,206.22 4 0
github.com/SergioLacerda/strategist-skill/internal/compile/agent_awareness.go:208.2,208.19 1 0
github.com/SergioLacerda/strategist-skill/internal/compile/agent_awareness.go:208.19,210.3 1 0
github.com/SergioLacerda/strategist-skill/internal/compile/agent_awareness.go:211.2,212.25 2 0
github.com/SergioLacerda/strategist-skill/internal/compile/agent_protocol.go:34.77,36.82 2 0
github.com/SergioLacerda/strategist-skill/internal/compile/agent_protocol.go:36.82,38.3 1 0
github.com/SergioLacerda/strategist-skill/internal/compile/agent_protocol.go:40.2,53.16 4 0
github.com/SergioLacerda/strategist-skill/internal/compile/agent_protocol.go:53.16,55.3 1 0
github.com/SergioLacerda/strategist-skill/internal/compile/agent_protocol.go:57.2,58.48 2 0
github.com/SergioLacerda/strategist-skill/internal/compile/agent_protocol.go:58.48,60.3 1 0
github.com/SergioLacerda/strategist-skill/internal/compile/agent_protocol.go:62.2,63.73 2 0
github.com/SergioLacerda/strategist-skill/internal/compile/agent_protocol.go:70.77,72.24 2 0
github.com/SergioLacerda/strategist-skill/internal/compile/agent_protocol.go:72.24,74.3 1 0
github.com/SergioLacerda/strategist-skill/internal/compile/agent_protocol.go:75.2,75.16 1 0
github.com/SergioLacerda/strategist-skill/internal/compile/agent_protocol.go:75.16,77.3 1 0
github.com/SergioLacerda/strategist-skill/internal/compile/agent_protocol.go:80.2,83.45 4 0
github.com/SergioLacerda/strategist-skill/internal/compile/agent_protocol.go:83.45,85.3 1 0
github.com/SergioLacerda/strategist-skill/internal/compile/agent_protocol.go:86.2,87.15 2 0
github.com/SergioLacerda/strategist-skill/internal/compile/agent_protocol.go:87.15,89.3 1 0
github.com/SergioLacerda/strategist-skill/internal/compile/agent_protocol.go:90.2,97.63 5 0
github.com/SergioLacerda/strategist-skill/internal/compile/agent_protocol.go:101.44,102.67 1 0
github.com/SergioLacerda/strategist-skill/internal/compile/agent_protocol.go:102.67,104.3 1 0
github.com/SergioLacerda/strategist-skill/internal/compile/agent_protocol.go:105.2,105.12 1 0
github.com/SergioLacerda/strategist-skill/internal/compile/agent_protocol.go:110.51,113.29 3 0
github.com/SergioLacerda/strategist-skill/internal/compile/agent_protocol.go:113.29,114.38 1 0
github.com/SergioLacerda/strategist-skill/internal/compile/agent_protocol.go:114.38,117.4 2 0
github.com/SergioLacerda/strategist-skill/internal/compile/agent_protocol.go:119.2,119.10 1 0
github.com/SergioLacerda/strategist-skill/internal/compile/agent_protocol.go:125.47,128.46 3 0
github.com/SergioLacerda/strategist-skill/internal/compile/agent_protocol.go:128.46,130.3 1 0
github.com/SergioLacerda/strategist-skill/internal/compile/agent_protocol.go:131.2,132.15 2 0
github.com/SergioLacerda/strategist-skill/internal/compile/agent_protocol.go:132.15,134.3 1 0
github.com/SergioLacerda/strategist-skill/internal/compile/agent_protocol.go:135.2,136.25 2 0
github.com/SergioLacerda/strategist-skill/internal/compile/all.go:20.60,31.26 5 0
github.com/SergioLacerda/strategist-skill/internal/compile/all.go:31.26,31.63 1 0
github.com/SergioLacerda/strategist-skill/internal/compile/all.go:32.27,32.61 1 0
github.com/SergioLacerda/strategist-skill/internal/compile/all.go:33.27,33.61 1 0
github.com/SergioLacerda/strategist-skill/internal/compile/all.go:36.2,42.26 3 0
github.com/SergioLacerda/strategist-skill/internal/compile/all.go:42.26,44.13 2 0
github.com/SergioLacerda/strategist-skill/internal/compile/all.go:44.13,46.33 2 0
github.com/SergioLacerda/strategist-skill/internal/compile/all.go:46.33,50.5 3 0
github.com/SergioLacerda/strategist-skill/internal/compile/all.go:53.2,55.19 2 0
github.com/SergioLacerda/strategist-skill/internal/compile/all.go:55.19,57.3 1 0
github.com/SergioLacerda/strategist-skill/internal/compile/all.go:59.2,70.59 3 0
github.com/SergioLacerda/strategist-skill/internal/compile/all.go:70.59,72.3 1 0
github.com/SergioLacerda/strategist-skill/internal/compile/all.go:74.2,74.12 1 0
github.com/SergioLacerda/strategist-skill/internal/compile/cache.go:33.51,39.2 1 0
github.com/SergioLacerda/strategist-skill/internal/compile/cache.go:42.67,47.9 5 0
github.com/SergioLacerda/strategist-skill/internal/compile/cache.go:47.9,49.3 1 0
github.com/SergioLacerda/strategist-skill/internal/compile/cache.go:50.2,51.9 2 0
github.com/SergioLacerda/strategist-skill/internal/compile/cache.go:51.9,53.3 1 0
github.com/SergioLacerda/strategist-skill/internal/compile/cache.go:54.2,56.19 3 0
github.com/SergioLacerda/strategist-skill/internal/compile/cache.go:62.73,66.34 4 0
github.com/SergioLacerda/strategist-skill/internal/compile/cache.go:66.34,68.10 2 0
github.com/SergioLacerda/strategist-skill/internal/compile/cache.go:68.10,70.4 1 0
github.com/SergioLacerda/strategist-skill/internal/compile/cache.go:71.3,74.9 4 0
github.com/SergioLacerda/strategist-skill/internal/compile/cache.go:76.2,76.31 1 0
github.com/SergioLacerda/strategist-skill/internal/compile/cache.go:76.31,78.18 2 0
github.com/SergioLacerda/strategist-skill/internal/compile/cache.go:78.18,79.9 1 0
github.com/SergioLacerda/strategist-skill/internal/compile/cache.go:81.3,82.48 2 0
github.com/SergioLacerda/strategist-skill/internal/compile/cache.go:82.48,84.4 1 0
github.com/SergioLacerda/strategist-skill/internal/compile/cache.go:86.2,88.21 3 0
github.com/SergioLacerda/strategist-skill/internal/compile/cache.go:92.35,96.2 3 0
github.com/SergioLacerda/strategist-skill/internal/compile/config.go:16.44,21.61 3 0
github.com/SergioLacerda/strategist-skill/internal/compile/config.go:21.61,23.3 1 0
github.com/SergioLacerda/strategist-skill/internal/compile/config.go:24.2,24.45 1 0
github.com/SergioLacerda/strategist-skill/internal/compile/config.go:24.45,26.3 1 0
github.com/SergioLacerda/strategist-skill/internal/compile/config.go:29.2,30.16 2 0
github.com/SergioLacerda/strategist-skill/internal/compile/config.go:30.16,32.3 1 0
github.com/SergioLacerda/strategist-skill/internal/compile/config.go:34.2,39.16 3 0
github.com/SergioLacerda/strategist-skill/internal/compile/config.go:39.16,41.3 1 0
github.com/SergioLacerda/strategist-skill/internal/compile/config.go:42.2,43.16 2 0
github.com/SergioLacerda/strategist-skill/internal/compile/config.go:43.16,45.3 1 0
github.com/SergioLacerda/strategist-skill/internal/compile/config.go:46.2,46.43 1 0
github.com/SergioLacerda/strategist-skill/internal/compile/config.go:46.43,47.44 1 0
github.com/SergioLacerda/strategist-skill/internal/compile/config.go:47.44,49.4 1 0
github.com/SergioLacerda/strategist-skill/internal/compile/config.go:55.2,56.34 2 0
github.com/SergioLacerda/strategist-skill/internal/compile/config.go:56.34,58.10 2 0
github.com/SergioLacerda/strategist-skill/internal/compile/config.go:58.10,59.12 1 0
github.com/SergioLacerda/strategist-skill/internal/compile/config.go:61.3,62.10 2 0
github.com/SergioLacerda/strategist-skill/internal/compile/config.go:62.10,63.12 1 0
github.com/SergioLacerda/strategist-skill/internal/compile/config.go:65.3,65.22 1 0
github.com/SergioLacerda/strategist-skill/internal/compile/config.go:68.2,69.16 2 0
github.com/SergioLacerda/strategist-skill/internal/compile/config.go:69.16,71.3 1 0
github.com/SergioLacerda/strategist-skill/internal/compile/config.go:73.2,82.58 2 0
github.com/SergioLacerda/strategist-skill/internal/compile/config.go:82.58,84.3 1 0
github.com/SergioLacerda/strategist-skill/internal/compile/config.go:85.2,85.12 1 0
github.com/SergioLacerda/strategist-skill/internal/compile/config.go:90.83,92.24 2 0
github.com/SergioLacerda/strategist-skill/internal/compile/config.go:92.24,94.3 1 0
github.com/SergioLacerda/strategist-skill/internal/compile/config.go:95.2,95.16 1 0
github.com/SergioLacerda/strategist-skill/internal/compile/config.go:95.16,97.3 1 0
github.com/SergioLacerda/strategist-skill/internal/compile/config.go:99.2,100.28 2 0
github.com/SergioLacerda/strategist-skill/internal/compile/config.go:100.28,101.57 1 0
github.com/SergioLacerda/strategist-skill/internal/compile/config.go:101.57,102.12 1 0
github.com/SergioLacerda/strategist-skill/internal/compile/config.go:104.3,106.21 3 0
github.com/SergioLacerda/strategist-skill/internal/compile/config.go:106.21,108.4 1 0
github.com/SergioLacerda/strategist-skill/internal/compile/config.go:109.3,111.25 3 0
github.com/SergioLacerda/strategist-skill/internal/compile/config.go:113.2,113.20 1 0
github.com/SergioLacerda/strategist-skill/internal/compile/config.go:118.93,120.24 2 0
github.com/SergioLacerda/strategist-skill/internal/compile/config.go:120.24,122.3 1 0
github.com/SergioLacerda/strategist-skill/internal/compile/config.go:123.2,123.16 1 0
github.com/SergioLacerda/strategist-skill/internal/compile/config.go:123.16,125.3 1 0
github.com/SergioLacerda/strategist-skill/internal/compile/config.go:127.2,128.28 2 0
github.com/SergioLacerda/strategist-skill/internal/compile/config.go:128.28,129.57 1 0
github.com/SergioLacerda/strategist-skill/internal/compile/config.go:129.57,130.12 1 0
github.com/SergioLacerda/strategist-skill/internal/compile/config.go:132.3,134.54 3 0
github.com/SergioLacerda/strategist-skill/internal/compile/config.go:134.54,136.4 1 0
github.com/SergioLacerda/strategist-skill/internal/compile/config.go:137.3,137.21 1 0
github.com/SergioLacerda/strategist-skill/internal/compile/config.go:137.21,139.4 1 0
github.com/SergioLacerda/strategist-skill/internal/compile/config.go:140.3,141.25 2 0
github.com/SergioLacerda/strategist-skill/internal/compile/config.go:143.2,143.20 1 0
github.com/SergioLacerda/strategist-skill/internal/compile/domain.go:17.44,20.16 3 0
github.com/SergioLacerda/strategist-skill/internal/compile/domain.go:20.16,22.3 1 0
github.com/SergioLacerda/strategist-skill/internal/compile/domain.go:24.2,25.56 2 0
github.com/SergioLacerda/strategist-skill/internal/compile/domain.go:25.56,27.3 1 0
github.com/SergioLacerda/strategist-skill/internal/compile/domain.go:29.2,32.16 3 0
github.com/SergioLacerda/strategist-skill/internal/compile/domain.go:32.16,34.3 1 0
github.com/SergioLacerda/strategist-skill/internal/compile/domain.go:36.2,37.50 2 0
github.com/SergioLacerda/strategist-skill/internal/compile/domain.go:37.50,39.21 2 0
github.com/SergioLacerda/strategist-skill/internal/compile/domain.go:39.21,41.4 1 0
github.com/SergioLacerda/strategist-skill/internal/compile/domain.go:42.3,42.35 1 0
github.com/SergioLacerda/strategist-skill/internal/compile/domain.go:45.2,53.58 2 0
github.com/SergioLacerda/strategist-skill/internal/compile/domain.go:53.58,55.3 1 0
github.com/SergioLacerda/strategist-skill/internal/compile/domain.go:56.2,56.12 1 0
github.com/SergioLacerda/strategist-skill/internal/compile/domain.go:61.101,63.31 2 0
github.com/SergioLacerda/strategist-skill/internal/compile/domain.go:63.31,64.35 1 0
github.com/SergioLacerda/strategist-skill/internal/compile/domain.go:64.35,65.12 1 0
github.com/SergioLacerda/strategist-skill/internal/compile/domain.go:67.3,69.37 3 0
github.com/SergioLacerda/strategist-skill/internal/compile/domain.go:69.37,71.12 1 0
github.com/SergioLacerda/strategist-skill/internal/compile/domain.go:73.3,73.17 1 0
github.com/SergioLacerda/strategist-skill/internal/compile/domain.go:73.17,75.4 1 0
github.com/SergioLacerda/strategist-skill/internal/compile/domain.go:76.3,77.24 2 0
github.com/SergioLacerda/strategist-skill/internal/compile/domain.go:79.2,79.20 1 0
github.com/SergioLacerda/strategist-skill/internal/compile/helpers.go:13.31,15.16 2 0
github.com/SergioLacerda/strategist-skill/internal/compile/helpers.go:15.16,17.3 1 0
github.com/SergioLacerda/strategist-skill/internal/compile/helpers.go:18.2,18.30 1 0
github.com/SergioLacerda/strategist-skill/internal/compile/helpers.go:25.50,26.69 1 0
github.com/SergioLacerda/strategist-skill/internal/compile/helpers.go:26.69,28.3 1 0
github.com/SergioLacerda/strategist-skill/internal/compile/helpers.go:30.2,32.16 3 0
github.com/SergioLacerda/strategist-skill/internal/compile/helpers.go:32.16,34.3 1 0
github.com/SergioLacerda/strategist-skill/internal/compile/helpers.go:36.2,37.54 2 0
github.com/SergioLacerda/strategist-skill/internal/compile/helpers.go:37.54,40.3 2 0
github.com/SergioLacerda/strategist-skill/internal/compile/helpers.go:41.2,41.35 1 0
github.com/SergioLacerda/strategist-skill/internal/compile/helpers.go:41.35,44.3 2 0
github.com/SergioLacerda/strategist-skill/internal/compile/helpers.go:45.2,45.34 1 0
github.com/SergioLacerda/strategist-skill/internal/compile/helpers.go:45.34,48.3 2 0
github.com/SergioLacerda/strategist-skill/internal/compile/helpers.go:49.2,49.51 1 0
github.com/SergioLacerda/strategist-skill/internal/compile/helpers.go:49.51,52.3 2 0
github.com/SergioLacerda/strategist-skill/internal/compile/helpers.go:53.2,53.12 1 0
github.com/SergioLacerda/strategist-skill/internal/compile/helpers.go:57.41,59.16 2 0
github.com/SergioLacerda/strategist-skill/internal/compile/helpers.go:59.16,61.3 1 0
github.com/SergioLacerda/strategist-skill/internal/compile/helpers.go:62.2,63.38 2 0
github.com/SergioLacerda/strategist-skill/internal/compile/helpers.go:68.56,70.49 2 0
github.com/SergioLacerda/strategist-skill/internal/compile/helpers.go:70.49,72.3 1 0
github.com/SergioLacerda/strategist-skill/internal/compile/helpers.go:73.2,73.17 1 0
github.com/SergioLacerda/strategist-skill/internal/compile/helpers.go:77.45,79.16 2 0
github.com/SergioLacerda/strategist-skill/internal/compile/helpers.go:79.16,81.3 1 0
github.com/SergioLacerda/strategist-skill/internal/compile/helpers.go:82.2,82.47 1 0
github.com/SergioLacerda/strategist-skill/internal/compile/helpers.go:82.47,84.3 1 0
github.com/SergioLacerda/strategist-skill/internal/compile/helpers.go:85.2,85.12 1 0
github.com/SergioLacerda/strategist-skill/internal/compile/index.go:15.57,17.16 2 0
github.com/SergioLacerda/strategist-skill/internal/compile/index.go:17.16,19.3 1 0
github.com/SergioLacerda/strategist-skill/internal/compile/index.go:21.2,22.50 2 0
github.com/SergioLacerda/strategist-skill/internal/compile/index.go:22.50,24.3 1 0
github.com/SergioLacerda/strategist-skill/internal/compile/index.go:26.2,27.16 2 0
github.com/SergioLacerda/strategist-skill/internal/compile/index.go:27.16,29.3 1 0
github.com/SergioLacerda/strategist-skill/internal/compile/index.go:32.2,36.33 3 0
github.com/SergioLacerda/strategist-skill/internal/compile/index.go:36.33,38.32 2 0
github.com/SergioLacerda/strategist-skill/internal/compile/index.go:38.32,40.4 1 0
github.com/SergioLacerda/strategist-skill/internal/compile/index.go:43.2,51.58 2 0
github.com/SergioLacerda/strategist-skill/internal/compile/index.go:51.58,53.3 1 0
github.com/SergioLacerda/strategist-skill/internal/compile/index.go:54.2,54.12 1 0
github.com/SergioLacerda/strategist-skill/internal/compile/yaml.go:10.46,11.48 1 0
github.com/SergioLacerda/strategist-skill/internal/compile/yaml.go:11.48,13.3 1 0
github.com/SergioLacerda/strategist-skill/internal/compile/yaml.go:14.2,14.12 1 0
github.com/SergioLacerda/strategist-skill/internal/dojo/checker.go:16.68,18.16 2 3
github.com/SergioLacerda/strategist-skill/internal/dojo/checker.go:18.16,20.3 1 1
github.com/SergioLacerda/strategist-skill/internal/dojo/checker.go:21.2,22.48 2 2
github.com/SergioLacerda/strategist-skill/internal/dojo/checker.go:22.48,24.3 1 1
github.com/SergioLacerda/strategist-skill/internal/dojo/checker.go:25.2,25.15 1 1
github.com/SergioLacerda/strategist-skill/internal/dojo/checker.go:29.87,33.43 3 7
github.com/SergioLacerda/strategist-skill/internal/dojo/checker.go:33.43,41.14 4 6
github.com/SergioLacerda/strategist-skill/internal/dojo/checker.go:41.14,42.12 1 1
github.com/SergioLacerda/strategist-skill/internal/dojo/checker.go:45.3,46.17 2 5
github.com/SergioLacerda/strategist-skill/internal/dojo/checker.go:46.17,52.12 2 0
github.com/SergioLacerda/strategist-skill/internal/dojo/checker.go:54.3,56.47 2 5
github.com/SergioLacerda/strategist-skill/internal/dojo/checker.go:56.47,63.4 2 2
github.com/SergioLacerda/strategist-skill/internal/dojo/checker.go:64.3,64.41 1 5
github.com/SergioLacerda/strategist-skill/internal/dojo/checker.go:64.41,71.4 2 3
github.com/SergioLacerda/strategist-skill/internal/dojo/checker.go:72.3,72.44 1 5
github.com/SergioLacerda/strategist-skill/internal/dojo/checker.go:72.44,79.4 2 1
github.com/SergioLacerda/strategist-skill/internal/dojo/checker.go:81.2,81.14 1 7
github.com/SergioLacerda/strategist-skill/internal/dojo/checker.go:87.104,89.89 2 8
github.com/SergioLacerda/strategist-skill/internal/dojo/checker.go:89.89,91.3 1 1
github.com/SergioLacerda/strategist-skill/internal/dojo/checker.go:93.2,93.26 1 7
github.com/SergioLacerda/strategist-skill/internal/dojo/checker.go:93.26,94.16 1 2
github.com/SergioLacerda/strategist-skill/internal/dojo/checker.go:94.16,96.4 1 1
github.com/SergioLacerda/strategist-skill/internal/dojo/checker.go:97.3,97.52 1 1
github.com/SergioLacerda/strategist-skill/internal/dojo/checker.go:97.52,103.4 1 1
github.com/SergioLacerda/strategist-skill/internal/dojo/checker.go:104.3,104.15 1 1
github.com/SergioLacerda/strategist-skill/internal/dojo/checker.go:107.2,108.16 2 5
github.com/SergioLacerda/strategist-skill/internal/dojo/checker.go:108.16,114.3 1 1
github.com/SergioLacerda/strategist-skill/internal/dojo/checker.go:115.2,117.51 2 4
github.com/SergioLacerda/strategist-skill/internal/dojo/checker.go:117.51,124.3 2 4
github.com/SergioLacerda/strategist-skill/internal/dojo/checker.go:125.2,125.54 1 4
github.com/SergioLacerda/strategist-skill/internal/dojo/checker.go:125.54,132.3 2 2
github.com/SergioLacerda/strategist-skill/internal/dojo/checker.go:133.2,133.14 1 4
github.com/SergioLacerda/strategist-skill/internal/dojo/checker.go:138.96,141.45 2 6
github.com/SergioLacerda/strategist-skill/internal/dojo/checker.go:141.45,149.14 4 4
github.com/SergioLacerda/strategist-skill/internal/dojo/checker.go:149.14,150.12 1 2
github.com/SergioLacerda/strategist-skill/internal/dojo/checker.go:153.3,154.17 2 2
github.com/SergioLacerda/strategist-skill/internal/dojo/checker.go:154.17,160.12 2 0
github.com/SergioLacerda/strategist-skill/internal/dojo/checker.go:162.3,163.42 2 2
github.com/SergioLacerda/strategist-skill/internal/dojo/checker.go:163.42,170.4 2 3
github.com/SergioLacerda/strategist-skill/internal/dojo/checker.go:172.2,172.14 1 6
github.com/SergioLacerda/strategist-skill/internal/dojo/checker.go:178.87,179.36 1 6
github.com/SergioLacerda/strategist-skill/internal/dojo/checker.go:179.36,181.3 1 2
github.com/SergioLacerda/strategist-skill/internal/dojo/checker.go:182.2,184.26 2 4
github.com/SergioLacerda/strategist-skill/internal/dojo/checker.go:184.26,190.3 1 1
github.com/SergioLacerda/strategist-skill/internal/dojo/checker.go:192.2,193.16 2 3
github.com/SergioLacerda/strategist-skill/internal/dojo/checker.go:193.16,199.3 1 0
github.com/SergioLacerda/strategist-skill/internal/dojo/checker.go:201.2,204.13 4 3
github.com/SergioLacerda/strategist-skill/internal/dojo/checker.go:204.13,210.3 1 1
github.com/SergioLacerda/strategist-skill/internal/dojo/checker.go:212.2,214.13 3 2
github.com/SergioLacerda/strategist-skill/internal/dojo/checker.go:214.13,216.3 1 0
github.com/SergioLacerda/strategist-skill/internal/dojo/checker.go:217.2,219.16 3 2
github.com/SergioLacerda/strategist-skill/internal/dojo/checker.go:219.16,225.3 1 0
github.com/SergioLacerda/strategist-skill/internal/dojo/checker.go:227.2,232.4 2 2
github.com/SergioLacerda/strategist-skill/internal/dojo/checker.go:236.124,243.2 6 1
github.com/SergioLacerda/strategist-skill/internal/dojo/checker.go:245.35,248.2 2 21
github.com/SergioLacerda/strategist-skill/internal/dojo/checker.go:250.48,251.12 1 27
github.com/SergioLacerda/strategist-skill/internal/dojo/checker.go:251.12,253.3 1 18
github.com/SergioLacerda/strategist-skill/internal/dojo/checker.go:254.2,254.15 1 9
github.com/SergioLacerda/strategist-skill/internal/domain/contract_validator.go:23.56,25.43 2 0
github.com/SergioLacerda/strategist-skill/internal/domain/contract_validator.go:25.43,27.50 2 0
github.com/SergioLacerda/strategist-skill/internal/domain/contract_validator.go:27.50,29.4 1 0
github.com/SergioLacerda/strategist-skill/internal/domain/contract_validator.go:31.2,31.22 1 0
github.com/SergioLacerda/strategist-skill/internal/domain/contract_validator.go:31.22,33.3 1 0
github.com/SergioLacerda/strategist-skill/internal/domain/contract_validator.go:34.2,34.12 1 0
github.com/SergioLacerda/strategist-skill/internal/domain/contract_validator.go:40.74,41.60 1 0
github.com/SergioLacerda/strategist-skill/internal/domain/contract_validator.go:41.60,44.3 1 0
github.com/SergioLacerda/strategist-skill/internal/domain/contract_validator.go:45.2,45.79 1 0
github.com/SergioLacerda/strategist-skill/internal/domain/contract_validator.go:45.79,48.3 1 0
github.com/SergioLacerda/strategist-skill/internal/domain/contract_validator.go:49.2,49.12 1 0
github.com/SergioLacerda/strategist-skill/internal/domain/pipeline_bypass.go:40.48,45.2 1 0
github.com/SergioLacerda/strategist-skill/internal/domain/pipeline_bypass.go:49.72,51.38 2 0
github.com/SergioLacerda/strategist-skill/internal/domain/pipeline_bypass.go:51.38,53.3 1 0
github.com/SergioLacerda/strategist-skill/internal/domain/pipeline_bypass.go:54.2,54.42 1 0
github.com/SergioLacerda/strategist-skill/internal/domain/pipeline_bypass.go:54.42,56.3 1 0
github.com/SergioLacerda/strategist-skill/internal/domain/pipeline_bypass.go:57.2,57.25 1 0
github.com/SergioLacerda/strategist-skill/internal/domain/pipeline_bypass.go:57.25,64.3 1 0
github.com/SergioLacerda/strategist-skill/internal/domain/pipeline_bypass.go:65.2,65.45 1 0
github.com/SergioLacerda/strategist-skill/internal/domain/pipeline_bypass.go:65.45,67.27 2 0
github.com/SergioLacerda/strategist-skill/internal/domain/pipeline_bypass.go:67.27,69.4 1 0
github.com/SergioLacerda/strategist-skill/internal/domain/pipeline_bypass.go:70.3,75.4 1 0
github.com/SergioLacerda/strategist-skill/internal/domain/pipeline_bypass.go:77.2,77.41 1 0
github.com/SergioLacerda/strategist-skill/internal/domain/pipeline_bypass.go:77.41,84.3 1 0
github.com/SergioLacerda/strategist-skill/internal/domain/pipeline_bypass.go:85.2,85.46 1 0
github.com/SergioLacerda/strategist-skill/internal/domain/pipeline_bypass.go:88.77,89.27 1 0
github.com/SergioLacerda/strategist-skill/internal/domain/pipeline_bypass.go:89.27,96.3 1 0
github.com/SergioLacerda/strategist-skill/internal/domain/pipeline_bypass.go:97.2,97.46 1 0
github.com/SergioLacerda/strategist-skill/internal/domain/pipeline_bypass.go:100.73,101.51 1 0
github.com/SergioLacerda/strategist-skill/internal/domain/pipeline_bypass.go:101.51,108.3 1 0
github.com/SergioLacerda/strategist-skill/internal/domain/pipeline_bypass.go:109.2,109.46 1 0
github.com/SergioLacerda/strategist-skill/internal/domain/pipeline_bypass.go:112.122,121.2 1 0
github.com/SergioLacerda/strategist-skill/internal/domain/pipeline_bypass.go:123.69,124.19 1 0
github.com/SergioLacerda/strategist-skill/internal/domain/pipeline_bypass.go:124.19,126.3 1 0
github.com/SergioLacerda/strategist-skill/internal/domain/pipeline_bypass.go:127.2,127.22 1 0
github.com/SergioLacerda/strategist-skill/internal/domain/pipeline_bypass.go:127.22,129.3 1 0
github.com/SergioLacerda/strategist-skill/internal/domain/pipeline_bypass.go:130.2,130.29 1 0
github.com/SergioLacerda/strategist-skill/internal/domain/pipeline_bypass.go:130.29,132.3 1 0
github.com/SergioLacerda/strategist-skill/internal/domain/pipeline_bypass.go:133.2,133.10 1 0
github.com/SergioLacerda/strategist-skill/internal/domain/policy.go:95.43,97.2 1 0
github.com/SergioLacerda/strategist-skill/internal/domain/policy.go:100.53,102.2 1 0
github.com/SergioLacerda/strategist-skill/internal/domain/policy_evaluator.go:7.116,10.19 2 0
github.com/SergioLacerda/strategist-skill/internal/domain/policy_evaluator.go:10.19,12.3 1 0
github.com/SergioLacerda/strategist-skill/internal/domain/policy_evaluator.go:14.2,14.25 1 0
github.com/SergioLacerda/strategist-skill/internal/domain/policy_evaluator.go:15.96,16.92 1 0
github.com/SergioLacerda/strategist-skill/internal/domain/policy_evaluator.go:17.10,18.117 1 0
github.com/SergioLacerda/strategist-skill/internal/domain/state_machine.go:4.96,7.17 2 0
github.com/SergioLacerda/strategist-skill/internal/domain/state_machine.go:8.17,9.29 1 0
github.com/SergioLacerda/strategist-skill/internal/domain/state_machine.go:10.30,11.42 1 0
github.com/SergioLacerda/strategist-skill/internal/domain/state_machine.go:12.28,13.43 1 0
github.com/SergioLacerda/strategist-skill/internal/domain/state_machine.go:14.28,15.40 1 0
github.com/SergioLacerda/strategist-skill/internal/domain/state_machine.go:16.23,17.38 1 0
github.com/SergioLacerda/strategist-skill/internal/domain/state_machine.go:18.25,19.40 1 0
github.com/SergioLacerda/strategist-skill/internal/domain/state_machine.go:20.22,21.34 1 0
github.com/SergioLacerda/strategist-skill/internal/domain/state_machine.go:22.21,23.36 1 0
github.com/SergioLacerda/strategist-skill/internal/domain/state_machine.go:24.22,25.34 1 0
github.com/SergioLacerda/strategist-skill/internal/domain/state_machine.go:26.26,27.38 1 0
github.com/SergioLacerda/strategist-skill/internal/domain/state_machine.go:28.21,29.33 1 0
github.com/SergioLacerda/strategist-skill/internal/domain/state_machine.go:30.21,31.33 1 0
github.com/SergioLacerda/strategist-skill/internal/domain/state_machine.go:32.25,33.37 1 0
github.com/SergioLacerda/strategist-skill/internal/domain/state_machine.go:34.25,35.37 1 0
github.com/SergioLacerda/strategist-skill/internal/domain/state_machine.go:36.54,37.17 1 0
github.com/SergioLacerda/strategist-skill/internal/domain/state_machine.go:38.23,39.38 1 0
github.com/SergioLacerda/strategist-skill/internal/domain/state_machine.go:40.23,41.35 1 0
github.com/SergioLacerda/strategist-skill/internal/domain/state_machine.go:42.23,43.17 1 0
github.com/SergioLacerda/strategist-skill/internal/domain/state_machine.go:46.2,46.16 1 0
github.com/SergioLacerda/strategist-skill/internal/domain/state_machine.go:49.55,50.15 1 0
github.com/SergioLacerda/strategist-skill/internal/domain/state_machine.go:51.28,52.24 1 0
github.com/SergioLacerda/strategist-skill/internal/domain/state_machine.go:53.28,54.25 1 0
github.com/SergioLacerda/strategist-skill/internal/domain/state_machine.go:55.49,56.32 1 0
github.com/SergioLacerda/strategist-skill/internal/domain/state_machine.go:61.52,62.19 1 0
github.com/SergioLacerda/strategist-skill/internal/domain/state_machine.go:64.2,64.18 1 0
github.com/SergioLacerda/strategist-skill/internal/domain/state_machine.go:67.68,68.15 1 0
github.com/SergioLacerda/strategist-skill/internal/domain/state_machine.go:69.26,70.25 1 0
github.com/SergioLacerda/strategist-skill/internal/domain/state_machine.go:71.29,72.30 1 0
github.com/SergioLacerda/strategist-skill/internal/domain/state_machine.go:77.74,78.32 1 0
github.com/SergioLacerda/strategist-skill/internal/domain/state_machine.go:80.2,80.31 1 0
github.com/SergioLacerda/strategist-skill/internal/domain/state_machine.go:83.83,84.15 1 0
github.com/SergioLacerda/strategist-skill/internal/domain/state_machine.go:85.23,86.25 1 0
github.com/SergioLacerda/strategist-skill/internal/domain/state_machine.go:87.25,88.30 1 0
github.com/SergioLacerda/strategist-skill/internal/domain/state_machine.go:93.74,94.30 1 0
github.com/SergioLacerda/strategist-skill/internal/domain/state_machine.go:96.2,96.29 1 0
github.com/SergioLacerda/strategist-skill/internal/domain/state_machine.go:99.66,100.15 1 0
github.com/SergioLacerda/strategist-skill/internal/domain/state_machine.go:101.23,102.25 1 0
github.com/SergioLacerda/strategist-skill/internal/domain/state_machine.go:107.74,108.30 1 0
github.com/SergioLacerda/strategist-skill/internal/domain/state_machine.go:110.2,110.29 1 0
github.com/SergioLacerda/strategist-skill/internal/domain/state_machine.go:113.78,114.15 1 0
github.com/SergioLacerda/strategist-skill/internal/domain/state_machine.go:115.29,116.27 1 0
github.com/SergioLacerda/strategist-skill/internal/domain/state_machine.go:117.27,118.27 1 0
github.com/SergioLacerda/strategist-skill/internal/domain/state_machine.go:119.26,120.23 1 0
github.com/SergioLacerda/strategist-skill/internal/domain/state_machine.go:121.26,122.22 1 0
github.com/SergioLacerda/strategist-skill/internal/domain/state_machine.go:126.74,127.25 1 0
github.com/SergioLacerda/strategist-skill/internal/domain/state_machine.go:129.2,129.24 1 0
github.com/SergioLacerda/strategist-skill/internal/domain/state_machine.go:132.80,133.15 1 0
github.com/SergioLacerda/strategist-skill/internal/domain/state_machine.go:134.23,135.27 1 0
github.com/SergioLacerda/strategist-skill/internal/domain/state_machine.go:136.25,137.24 1 0
github.com/SergioLacerda/strategist-skill/internal/domain/state_machine.go:142.74,143.27 1 0
github.com/SergioLacerda/strategist-skill/internal/domain/state_machine.go:145.2,145.26 1 0
github.com/SergioLacerda/strategist-skill/internal/domain/state_machine.go:148.60,149.15 1 0
github.com/SergioLacerda/strategist-skill/internal/domain/state_machine.go:150.23,151.27 1 0
github.com/SergioLacerda/strategist-skill/internal/domain/state_machine.go:152.21,154.30 1 0
github.com/SergioLacerda/strategist-skill/internal/domain/state_machine.go:155.26,156.23 1 0
github.com/SergioLacerda/strategist-skill/internal/domain/state_machine.go:157.26,158.22 1 0
github.com/SergioLacerda/strategist-skill/internal/domain/state_machine.go:162.74,163.24 1 0
github.com/SergioLacerda/strategist-skill/internal/domain/state_machine.go:165.2,165.23 1 0
github.com/SergioLacerda/strategist-skill/internal/domain/state_machine.go:168.63,169.35 1 0
github.com/SergioLacerda/strategist-skill/internal/domain/state_machine.go:169.35,171.3 1 0
github.com/SergioLacerda/strategist-skill/internal/domain/state_machine.go:172.2,172.26 1 0
github.com/SergioLacerda/strategist-skill/internal/domain/state_machine.go:175.63,176.35 1 0
github.com/SergioLacerda/strategist-skill/internal/domain/state_machine.go:176.35,178.3 1 0
github.com/SergioLacerda/strategist-skill/internal/domain/state_machine.go:179.2,179.26 1 0
github.com/SergioLacerda/strategist-skill/internal/domain/state_machine.go:184.76,185.15 1 0
github.com/SergioLacerda/strategist-skill/internal/domain/state_machine.go:186.29,187.25 1 0
github.com/SergioLacerda/strategist-skill/internal/domain/state_machine.go:188.46,189.22 1 0
github.com/SergioLacerda/strategist-skill/internal/domain/state_machine.go:193.74,194.23 1 0
github.com/SergioLacerda/strategist-skill/internal/domain/state_machine.go:196.2,196.22 1 0
github.com/SergioLacerda/strategist-skill/internal/domain/state_machine.go:199.60,200.15 1 0
github.com/SergioLacerda/strategist-skill/internal/domain/state_machine.go:201.29,202.28 1 0
github.com/SergioLacerda/strategist-skill/internal/domain/state_machine.go:203.26,204.28 1 0
github.com/SergioLacerda/strategist-skill/internal/domain/state_machine.go:209.74,210.24 1 0
github.com/SergioLacerda/strategist-skill/internal/domain/state_machine.go:212.2,212.23 1 0
github.com/SergioLacerda/strategist-skill/internal/domain/state_machine.go:215.64,216.15 1 0
github.com/SergioLacerda/strategist-skill/internal/domain/state_machine.go:217.52,218.28 1 0
github.com/SergioLacerda/strategist-skill/internal/domain/state_machine.go:223.74,224.28 1 0
github.com/SergioLacerda/strategist-skill/internal/domain/state_machine.go:226.2,226.27 1 0
github.com/SergioLacerda/strategist-skill/internal/domain/state_machine.go:229.59,230.15 1 0
github.com/SergioLacerda/strategist-skill/internal/domain/state_machine.go:231.24,232.23 1 0
github.com/SergioLacerda/strategist-skill/internal/domain/state_machine.go:233.24,234.22 1 0
github.com/SergioLacerda/strategist-skill/internal/domain/state_machine.go:239.74,240.23 1 0
github.com/SergioLacerda/strategist-skill/internal/domain/state_machine.go:242.2,242.22 1 0
github.com/SergioLacerda/strategist-skill/internal/domain/state_machine.go:245.59,246.15 1 0
github.com/SergioLacerda/strategist-skill/internal/domain/state_machine.go:247.42,248.22 1 0
github.com/SergioLacerda/strategist-skill/internal/domain/state_machine.go:253.74,254.23 1 0
github.com/SergioLacerda/strategist-skill/internal/domain/state_machine.go:256.2,256.22 1 0
github.com/SergioLacerda/strategist-skill/internal/domain/state_machine.go:259.78,260.15 1 0
github.com/SergioLacerda/strategist-skill/internal/domain/state_machine.go:261.31,262.25 1 0
github.com/SergioLacerda/strategist-skill/internal/domain/state_machine.go:263.31,264.27 1 0
github.com/SergioLacerda/strategist-skill/internal/domain/state_machine.go:268.79,269.25 1 0
github.com/SergioLacerda/strategist-skill/internal/domain/state_machine.go:271.2,271.24 1 0
github.com/SergioLacerda/strategist-skill/internal/domain/state_machine.go:274.61,275.15 1 0
github.com/SergioLacerda/strategist-skill/internal/domain/state_machine.go:276.23,277.25 1 0
github.com/SergioLacerda/strategist-skill/internal/domain/state_machine.go:278.26,279.23 1 0
github.com/SergioLacerda/strategist-skill/internal/domain/state_machine.go:280.26,281.22 1 0
github.com/SergioLacerda/strategist-skill/internal/domain/state_machine.go:285.89,286.25 1 0
github.com/SergioLacerda/strategist-skill/internal/domain/state_machine.go:288.2,288.24 1 0
github.com/SergioLacerda/strategist-skill/internal/domain/state_machine.go:292.103,294.28 2 0
github.com/SergioLacerda/strategist-skill/internal/domain/state_machine.go:294.28,296.3 1 0
github.com/SergioLacerda/strategist-skill/internal/domain/state_machine.go:297.2,297.14 1 0
github.com/SergioLacerda/strategist-skill/internal/domain/types.go:30.54,31.27 1 0
github.com/SergioLacerda/strategist-skill/internal/domain/types.go:31.27,33.3 1 0
github.com/SergioLacerda/strategist-skill/internal/domain/types.go:34.2,34.32 1 0
github.com/SergioLacerda/strategist-skill/internal/domain/types.go:34.32,36.3 1 0
github.com/SergioLacerda/strategist-skill/internal/domain/types.go:37.2,37.12 1 0
github.com/SergioLacerda/strategist-skill/internal/domain/types.go:58.51,60.16 2 0
github.com/SergioLacerda/strategist-skill/internal/domain/types.go:60.16,62.3 1 0
github.com/SergioLacerda/strategist-skill/internal/domain/types.go:63.2,63.27 1 0
github.com/SergioLacerda/strategist-skill/internal/domain/types.go:63.27,65.3 1 0
github.com/SergioLacerda/strategist-skill/internal/domain/types.go:66.2,66.102 1 0
github.com/SergioLacerda/strategist-skill/internal/domain/types.go:66.102,68.3 1 0
github.com/SergioLacerda/strategist-skill/internal/domain/types.go:69.2,69.40 1 0
github.com/SergioLacerda/strategist-skill/internal/domain/types.go:69.40,71.3 1 0
github.com/SergioLacerda/strategist-skill/internal/domain/types.go:72.2,72.41 1 0
github.com/SergioLacerda/strategist-skill/internal/domain/types.go:72.41,74.3 1 0
github.com/SergioLacerda/strategist-skill/internal/domain/types.go:75.2,75.20 1 0
github.com/SergioLacerda/strategist-skill/internal/domain/types.go:75.20,77.3 1 0
github.com/SergioLacerda/strategist-skill/internal/domain/types.go:78.2,78.75 1 0
github.com/SergioLacerda/strategist-skill/internal/domain/types.go:126.40,128.18 2 0
github.com/SergioLacerda/strategist-skill/internal/domain/types.go:128.18,130.3 1 0
github.com/SergioLacerda/strategist-skill/internal/domain/types.go:131.2,131.22 1 0
github.com/SergioLacerda/strategist-skill/internal/domain/types.go:131.22,133.3 1 0
github.com/SergioLacerda/strategist-skill/internal/domain/types.go:134.2,134.25 1 0
github.com/SergioLacerda/strategist-skill/internal/domain/types.go:134.25,136.3 1 0
github.com/SergioLacerda/strategist-skill/internal/domain/types.go:137.2,137.23 1 0
github.com/SergioLacerda/strategist-skill/internal/domain/types.go:137.23,139.3 1 0
github.com/SergioLacerda/strategist-skill/internal/domain/types.go:141.2,141.20 1 0
github.com/SergioLacerda/strategist-skill/internal/domain/types.go:141.20,143.3 1 0
github.com/SergioLacerda/strategist-skill/internal/domain/types.go:144.2,144.74 1 0
github.com/SergioLacerda/strategist-skill/internal/domain/types.go:148.41,150.16 2 0
github.com/SergioLacerda/strategist-skill/internal/domain/types.go:150.16,152.3 1 0
github.com/SergioLacerda/strategist-skill/internal/domain/types.go:153.2,153.27 1 0
github.com/SergioLacerda/strategist-skill/internal/domain/types.go:153.27,155.3 1 0
github.com/SergioLacerda/strategist-skill/internal/domain/types.go:156.2,156.20 1 0
github.com/SergioLacerda/strategist-skill/internal/domain/types.go:156.20,158.3 1 0
github.com/SergioLacerda/strategist-skill/internal/domain/types.go:159.2,159.75 1 0
github.com/SergioLacerda/strategist-skill/internal/domain/types.go:263.40,264.29 1 4
github.com/SergioLacerda/strategist-skill/internal/domain/types.go:264.29,265.17 1 7
github.com/SergioLacerda/strategist-skill/internal/domain/types.go:265.17,267.4 1 1
github.com/SergioLacerda/strategist-skill/internal/domain/types.go:269.2,269.13 1 3
github.com/SergioLacerda/strategist-skill/internal/domain/types.go:273.42,275.29 2 4
github.com/SergioLacerda/strategist-skill/internal/domain/types.go:275.29,276.17 1 7
github.com/SergioLacerda/strategist-skill/internal/domain/types.go:276.17,278.4 1 1
github.com/SergioLacerda/strategist-skill/internal/domain/types.go:280.2,280.10 1 4
github.com/SergioLacerda/strategist-skill/internal/embed/defaults.go:27.64,29.2 1 0
github.com/SergioLacerda/strategist-skill/internal/embed/defaults.go:33.61,35.16 2 0
github.com/SergioLacerda/strategist-skill/internal/embed/defaults.go:35.16,37.3 1 0
github.com/SergioLacerda/strategist-skill/internal/embed/defaults.go:38.2,38.18 1 0
github.com/SergioLacerda/strategist-skill/internal/embed/defaults.go:43.69,44.87 1 0
github.com/SergioLacerda/strategist-skill/internal/embed/defaults.go:44.87,46.3 1 0
github.com/SergioLacerda/strategist-skill/internal/embed/defaults.go:47.2,47.12 1 0
github.com/SergioLacerda/strategist-skill/internal/embed/defaults.go:50.79,51.59 1 0
github.com/SergioLacerda/strategist-skill/internal/embed/defaults.go:51.59,52.17 1 0
github.com/SergioLacerda/strategist-skill/internal/embed/defaults.go:52.17,54.4 1 0
github.com/SergioLacerda/strategist-skill/internal/embed/defaults.go:55.3,56.31 2 0
github.com/SergioLacerda/strategist-skill/internal/embed/defaults.go:56.31,58.4 1 0
github.com/SergioLacerda/strategist-skill/internal/embed/defaults.go:59.3,60.16 2 0
github.com/SergioLacerda/strategist-skill/internal/embed/defaults.go:60.16,61.54 1 0
github.com/SergioLacerda/strategist-skill/internal/embed/defaults.go:61.54,63.5 1 0
github.com/SergioLacerda/strategist-skill/internal/embed/defaults.go:64.4,64.14 1 0
github.com/SergioLacerda/strategist-skill/internal/embed/defaults.go:66.3,66.47 1 0
github.com/SergioLacerda/strategist-skill/internal/embed/defaults.go:73.68,75.20 2 0
github.com/SergioLacerda/strategist-skill/internal/embed/defaults.go:75.20,77.3 1 0
github.com/SergioLacerda/strategist-skill/internal/embed/defaults.go:78.2,78.66 1 0
github.com/SergioLacerda/strategist-skill/internal/embed/defaults.go:78.66,80.3 1 0
github.com/SergioLacerda/strategist-skill/internal/embed/defaults.go:81.2,81.12 1 0
github.com/SergioLacerda/strategist-skill/internal/embed/defaults.go:81.12,82.30 1 0
github.com/SergioLacerda/strategist-skill/internal/embed/defaults.go:82.30,84.4 1 0
github.com/SergioLacerda/strategist-skill/internal/embed/defaults.go:86.2,86.65 1 0
github.com/SergioLacerda/strategist-skill/internal/embed/defaults.go:86.65,88.3 1 0
github.com/SergioLacerda/strategist-skill/internal/embed/defaults.go:89.2,89.12 1 0
github.com/SergioLacerda/strategist-skill/internal/embed/defaults.go:94.53,96.16 2 0
github.com/SergioLacerda/strategist-skill/internal/embed/defaults.go:96.16,98.3 1 0
github.com/SergioLacerda/strategist-skill/internal/embed/defaults.go:99.2,99.59 1 0
github.com/SergioLacerda/strategist-skill/internal/i18n/strategist_messages.go:144.49,177.2 1 0
github.com/SergioLacerda/strategist-skill/internal/i18n/wizard.go:58.43,59.38 1 0
github.com/SergioLacerda/strategist-skill/internal/i18n/wizard.go:59.38,61.3 1 0
github.com/SergioLacerda/strategist-skill/internal/i18n/wizard.go:62.2,62.11 1 0
github.com/SergioLacerda/strategist-skill/internal/install/active_yaml.go:17.74,38.32 2 0
github.com/SergioLacerda/strategist-skill/internal/install/active_yaml.go:38.32,46.3 2 0
github.com/SergioLacerda/strategist-skill/internal/install/active_yaml.go:48.2,49.67 2 0
github.com/SergioLacerda/strategist-skill/internal/install/active_yaml.go:49.67,51.3 1 0
github.com/SergioLacerda/strategist-skill/internal/install/active_yaml.go:52.2,53.60 2 0
github.com/SergioLacerda/strategist-skill/internal/install/active_yaml.go:53.60,55.3 1 0
github.com/SergioLacerda/strategist-skill/internal/install/active_yaml.go:56.2,56.12 1 0
github.com/SergioLacerda/strategist-skill/internal/install/active_yaml.go:63.84,64.32 1 0
github.com/SergioLacerda/strategist-skill/internal/install/active_yaml.go:64.32,66.3 1 0
github.com/SergioLacerda/strategist-skill/internal/install/active_yaml.go:67.2,69.16 3 0
github.com/SergioLacerda/strategist-skill/internal/install/active_yaml.go:69.16,71.3 1 0
github.com/SergioLacerda/strategist-skill/internal/install/active_yaml.go:72.2,75.69 4 0
github.com/SergioLacerda/strategist-skill/internal/install/active_yaml.go:75.69,77.3 1 0
github.com/SergioLacerda/strategist-skill/internal/install/active_yaml.go:78.2,78.12 1 0
github.com/SergioLacerda/strategist-skill/internal/install/active_yaml.go:83.85,84.32 1 0
github.com/SergioLacerda/strategist-skill/internal/install/active_yaml.go:84.32,86.3 1 0
github.com/SergioLacerda/strategist-skill/internal/install/active_yaml.go:87.2,89.16 3 0
github.com/SergioLacerda/strategist-skill/internal/install/active_yaml.go:89.16,91.3 1 0
github.com/SergioLacerda/strategist-skill/internal/install/active_yaml.go:92.2,107.69 4 0
github.com/SergioLacerda/strategist-skill/internal/install/active_yaml.go:107.69,109.3 1 0
github.com/SergioLacerda/strategist-skill/internal/install/active_yaml.go:110.2,110.12 1 0
github.com/SergioLacerda/strategist-skill/internal/install/active_yaml.go:114.42,116.38 2 0
github.com/SergioLacerda/strategist-skill/internal/install/active_yaml.go:116.38,117.21 1 0
github.com/SergioLacerda/strategist-skill/internal/install/active_yaml.go:117.21,119.4 1 0
github.com/SergioLacerda/strategist-skill/internal/install/active_yaml.go:121.2,121.13 1 0
github.com/SergioLacerda/strategist-skill/internal/install/gitignore.go:15.43,19.39 3 0
github.com/SergioLacerda/strategist-skill/internal/install/gitignore.go:19.39,21.3 1 0
github.com/SergioLacerda/strategist-skill/internal/install/gitignore.go:23.2,23.56 1 0
github.com/SergioLacerda/strategist-skill/internal/install/gitignore.go:23.56,25.3 1 0
github.com/SergioLacerda/strategist-skill/internal/install/gitignore.go:27.2,28.16 2 0
github.com/SergioLacerda/strategist-skill/internal/install/gitignore.go:28.16,30.3 1 0
github.com/SergioLacerda/strategist-skill/internal/install/gitignore.go:31.2,32.69 2 0
github.com/SergioLacerda/strategist-skill/internal/install/gitignore.go:32.69,34.3 1 0
github.com/SergioLacerda/strategist-skill/internal/install/gitignore.go:35.2,35.49 1 0
github.com/SergioLacerda/strategist-skill/internal/install/gitignore.go:35.49,37.3 1 0
github.com/SergioLacerda/strategist-skill/internal/install/gitignore.go:38.2,38.34 1 0
github.com/SergioLacerda/strategist-skill/internal/install/gitignore.go:38.34,40.3 1 0
github.com/SergioLacerda/strategist-skill/internal/install/gitignore.go:41.2,41.12 1 0
github.com/SergioLacerda/strategist-skill/internal/install/installer.go:53.79,63.15 5 0
github.com/SergioLacerda/strategist-skill/internal/install/installer.go:63.15,64.17 1 0
github.com/SergioLacerda/strategist-skill/internal/install/installer.go:64.17,66.4 1 0
github.com/SergioLacerda/strategist-skill/internal/install/installer.go:69.2,73.70 2 0
github.com/SergioLacerda/strategist-skill/internal/install/installer.go:73.70,75.3 1 0
github.com/SergioLacerda/strategist-skill/internal/install/installer.go:76.2,82.58 3 0
github.com/SergioLacerda/strategist-skill/internal/install/installer.go:82.58,84.3 1 0
github.com/SergioLacerda/strategist-skill/internal/install/installer.go:85.2,87.17 2 0
github.com/SergioLacerda/strategist-skill/internal/install/installer.go:87.17,90.53 3 0
github.com/SergioLacerda/strategist-skill/internal/install/installer.go:90.53,92.4 1 0
github.com/SergioLacerda/strategist-skill/internal/install/installer.go:93.3,93.24 1 0
github.com/SergioLacerda/strategist-skill/internal/install/installer.go:93.24,95.4 1 0
github.com/SergioLacerda/strategist-skill/internal/install/installer.go:98.2,103.16 3 0
github.com/SergioLacerda/strategist-skill/internal/install/installer.go:103.16,105.3 1 0
github.com/SergioLacerda/strategist-skill/internal/install/installer.go:106.2,111.83 4 0
github.com/SergioLacerda/strategist-skill/internal/install/installer.go:111.83,119.3 1 0
github.com/SergioLacerda/strategist-skill/internal/install/installer.go:123.2,123.33 1 0
github.com/SergioLacerda/strategist-skill/internal/install/installer.go:123.33,125.3 1 0
github.com/SergioLacerda/strategist-skill/internal/install/installer.go:127.2,132.12 3 0
github.com/SergioLacerda/strategist-skill/internal/install/installer.go:141.84,142.17 1 0
github.com/SergioLacerda/strategist-skill/internal/install/installer.go:142.17,144.47 2 0
github.com/SergioLacerda/strategist-skill/internal/install/installer.go:144.47,146.4 1 0
github.com/SergioLacerda/strategist-skill/internal/install/installer.go:147.3,148.17 2 0
github.com/SergioLacerda/strategist-skill/internal/install/installer.go:148.17,150.4 1 0
github.com/SergioLacerda/strategist-skill/internal/install/installer.go:151.3,151.67 1 0
github.com/SergioLacerda/strategist-skill/internal/install/installer.go:151.67,153.4 1 0
github.com/SergioLacerda/strategist-skill/internal/install/installer.go:154.3,154.13 1 0
github.com/SergioLacerda/strategist-skill/internal/install/installer.go:157.2,159.16 3 0
github.com/SergioLacerda/strategist-skill/internal/install/installer.go:159.16,161.3 1 0
github.com/SergioLacerda/strategist-skill/internal/install/installer.go:162.2,162.59 1 0
github.com/SergioLacerda/strategist-skill/internal/install/installer.go:162.59,164.3 1 0
github.com/SergioLacerda/strategist-skill/internal/install/installer.go:165.2,165.76 1 0
github.com/SergioLacerda/strategist-skill/internal/install/installer.go:165.76,167.3 1 0
github.com/SergioLacerda/strategist-skill/internal/install/installer.go:168.2,168.69 1 0
github.com/SergioLacerda/strategist-skill/internal/install/installer.go:168.69,170.3 1 0
github.com/SergioLacerda/strategist-skill/internal/install/installer.go:171.2,171.70 1 0
github.com/SergioLacerda/strategist-skill/internal/install/installer.go:171.70,173.3 1 0
github.com/SergioLacerda/strategist-skill/internal/install/installer.go:174.2,174.12 1 0
github.com/SergioLacerda/strategist-skill/internal/install/installer.go:177.101,185.45 3 0
github.com/SergioLacerda/strategist-skill/internal/install/installer.go:185.45,187.10 2 0
github.com/SergioLacerda/strategist-skill/internal/install/installer.go:187.10,188.12 1 0
github.com/SergioLacerda/strategist-skill/internal/install/installer.go:191.3,192.17 2 0
github.com/SergioLacerda/strategist-skill/internal/install/installer.go:192.17,194.4 1 0
github.com/SergioLacerda/strategist-skill/internal/install/installer.go:196.3,197.57 2 0
github.com/SergioLacerda/strategist-skill/internal/install/installer.go:197.57,199.4 1 0
github.com/SergioLacerda/strategist-skill/internal/install/installer.go:201.3,202.63 2 0
github.com/SergioLacerda/strategist-skill/internal/install/installer.go:202.63,204.4 1 0
github.com/SergioLacerda/strategist-skill/internal/install/installer.go:207.2,207.12 1 0
github.com/SergioLacerda/strategist-skill/internal/install/installer.go:212.45,213.29 1 0
github.com/SergioLacerda/strategist-skill/internal/install/installer.go:213.29,215.3 1 0
github.com/SergioLacerda/strategist-skill/internal/install/installer.go:216.2,217.18 2 0
github.com/SergioLacerda/strategist-skill/internal/install/installer.go:217.18,218.23 1 0
github.com/SergioLacerda/strategist-skill/internal/install/installer.go:218.23,218.69 1 0
github.com/SergioLacerda/strategist-skill/internal/install/installer.go:220.2,220.13 1 0
github.com/SergioLacerda/strategist-skill/internal/install/installer.go:220.13,222.20 2 0
github.com/SergioLacerda/strategist-skill/internal/install/installer.go:222.20,224.4 1 0
github.com/SergioLacerda/strategist-skill/internal/install/installer.go:225.3,225.18 1 0
github.com/SergioLacerda/strategist-skill/internal/install/installer.go:227.2,228.18 2 0
github.com/SergioLacerda/strategist-skill/internal/install/installer.go:228.18,230.3 1 0
github.com/SergioLacerda/strategist-skill/internal/install/installer.go:231.2,231.31 1 0
github.com/SergioLacerda/strategist-skill/internal/install/installer.go:236.86,238.16 2 0
github.com/SergioLacerda/strategist-skill/internal/install/installer.go:238.16,240.3 1 0
github.com/SergioLacerda/strategist-skill/internal/install/installer.go:241.2,242.16 2 0
github.com/SergioLacerda/strategist-skill/internal/install/installer.go:242.16,244.3 1 0
github.com/SergioLacerda/strategist-skill/internal/install/installer.go:245.2,245.63 1 0
github.com/SergioLacerda/strategist-skill/internal/install/installer.go:245.63,247.3 1 0
github.com/SergioLacerda/strategist-skill/internal/install/installer.go:248.2,248.22 1 0
github.com/SergioLacerda/strategist-skill/internal/install/installer.go:253.82,255.16 2 0
github.com/SergioLacerda/strategist-skill/internal/install/installer.go:255.16,257.3 1 0
github.com/SergioLacerda/strategist-skill/internal/install/installer.go:258.2,263.26 2 0
github.com/SergioLacerda/strategist-skill/internal/install/installer.go:267.68,268.25 1 0
github.com/SergioLacerda/strategist-skill/internal/install/installer.go:268.25,270.19 2 0
github.com/SergioLacerda/strategist-skill/internal/install/installer.go:270.19,272.18 2 0
github.com/SergioLacerda/strategist-skill/internal/install/installer.go:272.18,274.5 1 0
github.com/SergioLacerda/strategist-skill/internal/install/installer.go:275.4,275.55 1 0
github.com/SergioLacerda/strategist-skill/internal/install/installer.go:277.3,277.63 1 0
github.com/SergioLacerda/strategist-skill/internal/install/installer.go:279.2,279.28 1 0
github.com/SergioLacerda/strategist-skill/internal/install/installer.go:284.52,286.19 2 0
github.com/SergioLacerda/strategist-skill/internal/install/installer.go:286.19,289.17 3 0
github.com/SergioLacerda/strategist-skill/internal/install/installer.go:289.17,291.4 1 0
github.com/SergioLacerda/strategist-skill/internal/install/installer.go:293.2,293.83 1 0
github.com/SergioLacerda/strategist-skill/internal/install/installer.go:298.63,299.42 1 0
github.com/SergioLacerda/strategist-skill/internal/install/installer.go:299.42,300.83 1 0
github.com/SergioLacerda/strategist-skill/internal/install/installer.go:300.83,309.4 1 0
github.com/SergioLacerda/strategist-skill/internal/install/installer.go:311.2,316.3 1 0
github.com/SergioLacerda/strategist-skill/internal/install/installer.go:320.35,323.2 2 0
github.com/SergioLacerda/strategist-skill/internal/install/installer.go:333.66,335.2 1 0
github.com/SergioLacerda/strategist-skill/internal/install/installer.go:338.94,340.2 1 0
github.com/SergioLacerda/strategist-skill/internal/install/mission_id.go:15.69,18.40 3 0
github.com/SergioLacerda/strategist-skill/internal/install/mission_id.go:18.40,20.3 1 0
github.com/SergioLacerda/strategist-skill/internal/install/mission_id.go:22.2,25.18 3 0
github.com/SergioLacerda/strategist-skill/internal/install/mission_id.go:28.39,31.25 3 0
github.com/SergioLacerda/strategist-skill/internal/install/mission_id.go:31.25,32.67 1 0
github.com/SergioLacerda/strategist-skill/internal/install/mission_id.go:32.67,34.4 1 0
github.com/SergioLacerda/strategist-skill/internal/install/mission_id.go:34.9,34.34 1 0
github.com/SergioLacerda/strategist-skill/internal/install/mission_id.go:34.34,36.4 1 0
github.com/SergioLacerda/strategist-skill/internal/install/mission_id.go:38.2,38.38 1 0
github.com/SergioLacerda/strategist-skill/internal/install/mission_id.go:43.50,45.27 2 0
github.com/SergioLacerda/strategist-skill/internal/install/mission_id.go:45.27,48.17 3 0
github.com/SergioLacerda/strategist-skill/internal/install/mission_id.go:48.17,49.12 1 0
github.com/SergioLacerda/strategist-skill/internal/install/mission_id.go:51.3,51.29 1 0
github.com/SergioLacerda/strategist-skill/internal/install/mission_id.go:51.29,52.58 1 0
github.com/SergioLacerda/strategist-skill/internal/install/mission_id.go:52.58,54.5 1 0
github.com/SergioLacerda/strategist-skill/internal/install/mission_id.go:57.2,57.14 1 0
github.com/SergioLacerda/strategist-skill/internal/install/prompter.go:34.44,36.2 1 0
github.com/SergioLacerda/strategist-skill/internal/install/prompter.go:39.91,40.6 1 0
github.com/SergioLacerda/strategist-skill/internal/install/prompter.go:40.6,43.17 3 0
github.com/SergioLacerda/strategist-skill/internal/install/prompter.go:43.17,45.4 1 0
github.com/SergioLacerda/strategist-skill/internal/install/prompter.go:46.3,47.17 2 0
github.com/SergioLacerda/strategist-skill/internal/install/prompter.go:47.17,49.4 1 0
github.com/SergioLacerda/strategist-skill/internal/install/prompter.go:50.3,50.29 1 0
github.com/SergioLacerda/strategist-skill/internal/install/prompter.go:50.29,51.34 1 0
github.com/SergioLacerda/strategist-skill/internal/install/prompter.go:51.34,53.5 1 0
github.com/SergioLacerda/strategist-skill/internal/install/prompter.go:55.3,55.86 1 0
github.com/SergioLacerda/strategist-skill/internal/install/prompter.go:60.72,63.16 3 0
github.com/SergioLacerda/strategist-skill/internal/install/prompter.go:63.16,65.3 1 0
github.com/SergioLacerda/strategist-skill/internal/install/prompter.go:66.2,67.16 2 0
github.com/SergioLacerda/strategist-skill/internal/install/prompter.go:67.16,69.3 1 0
github.com/SergioLacerda/strategist-skill/internal/install/prompter.go:70.2,70.18 1 0
github.com/SergioLacerda/strategist-skill/internal/install/prompter.go:75.102,77.2 1 0
github.com/SergioLacerda/strategist-skill/internal/install/shim.go:10.65,15.21 2 0
github.com/SergioLacerda/strategist-skill/internal/install/shim.go:15.21,17.3 1 0
github.com/SergioLacerda/strategist-skill/internal/install/shim.go:18.2,21.53 2 0
github.com/SergioLacerda/strategist-skill/internal/install/shim.go:27.40,28.34 1 0
github.com/SergioLacerda/strategist-skill/internal/install/shim.go:28.34,30.3 1 0
github.com/SergioLacerda/strategist-skill/internal/install/shim.go:32.2,34.15 3 0
github.com/SergioLacerda/strategist-skill/internal/install/shim.go:34.15,36.3 1 0
github.com/SergioLacerda/strategist-skill/internal/install/shim.go:38.2,39.38 2 0
github.com/SergioLacerda/strategist-skill/internal/install/shim.go:44.39,46.16 2 0
github.com/SergioLacerda/strategist-skill/internal/install/shim.go:46.16,48.3 1 0
github.com/SergioLacerda/strategist-skill/internal/install/shim.go:49.2,50.18 2 0
github.com/SergioLacerda/strategist-skill/internal/install/shim.go:50.18,52.20 2 0
github.com/SergioLacerda/strategist-skill/internal/install/shim.go:52.20,54.4 1 0
github.com/SergioLacerda/strategist-skill/internal/install/shim.go:55.3,55.54 1 0
github.com/SergioLacerda/strategist-skill/internal/install/shim.go:57.2,57.43 1 0
github.com/SergioLacerda/strategist-skill/internal/install/shim.go:64.67,66.73 2 0
github.com/SergioLacerda/strategist-skill/internal/install/shim.go:66.73,68.3 1 0
github.com/SergioLacerda/strategist-skill/internal/install/shim.go:69.2,70.12 2 0
github.com/SergioLacerda/strategist-skill/internal/install/shim.go:74.68,75.67 1 0
github.com/SergioLacerda/strategist-skill/internal/install/shim.go:75.67,77.3 1 0
github.com/SergioLacerda/strategist-skill/internal/install/shim.go:78.2,79.63 2 0
github.com/SergioLacerda/strategist-skill/internal/install/shim.go:79.63,81.3 1 0
github.com/SergioLacerda/strategist-skill/internal/install/shim.go:82.2,82.12 1 0
github.com/SergioLacerda/strategist-skill/internal/install/shim.go:88.68,90.66 2 0
github.com/SergioLacerda/strategist-skill/internal/install/shim.go:90.66,95.33 2 0
github.com/SergioLacerda/strategist-skill/internal/install/shim.go:95.33,96.68 1 0
github.com/SergioLacerda/strategist-skill/internal/install/shim.go:96.68,97.13 1 0
github.com/SergioLacerda/strategist-skill/internal/install/shim.go:102.2,103.65 2 0
github.com/SergioLacerda/strategist-skill/internal/install/shim.go:103.65,107.17 1 0
github.com/SergioLacerda/strategist-skill/internal/install/shim.go:107.17,109.4 1 0
github.com/SergioLacerda/strategist-skill/internal/install/tui.go:21.32,23.2 1 0
github.com/SergioLacerda/strategist-skill/internal/install/tui.go:26.90,29.28 3 0
github.com/SergioLacerda/strategist-skill/internal/install/tui.go:29.28,31.3 1 0
github.com/SergioLacerda/strategist-skill/internal/install/tui.go:32.2,37.16 1 0
github.com/SergioLacerda/strategist-skill/internal/install/tui.go:37.16,39.3 1 0
github.com/SergioLacerda/strategist-skill/internal/install/tui.go:40.2,40.20 1 0
github.com/SergioLacerda/strategist-skill/internal/install/tui.go:44.71,50.16 2 0
github.com/SergioLacerda/strategist-skill/internal/install/tui.go:50.16,52.3 1 0
github.com/SergioLacerda/strategist-skill/internal/install/tui.go:53.2,53.20 1 0
github.com/SergioLacerda/strategist-skill/internal/install/tui.go:58.117,60.28 2 0
github.com/SergioLacerda/strategist-skill/internal/install/tui.go:60.28,62.3 1 0
github.com/SergioLacerda/strategist-skill/internal/install/tui.go:63.2,71.16 3 0
github.com/SergioLacerda/strategist-skill/internal/install/tui.go:71.16,73.3 1 0
github.com/SergioLacerda/strategist-skill/internal/install/tui.go:75.2,75.30 1 0
github.com/SergioLacerda/strategist-skill/internal/install/tui.go:75.30,77.3 1 0
github.com/SergioLacerda/strategist-skill/internal/install/tui.go:80.2,85.16 2 0
github.com/SergioLacerda/strategist-skill/internal/install/tui.go:85.16,87.3 1 0
github.com/SergioLacerda/strategist-skill/internal/install/tui.go:88.2,88.20 1 0
github.com/SergioLacerda/strategist-skill/internal/install/wizard.go:43.75,45.16 2 0
github.com/SergioLacerda/strategist-skill/internal/install/wizard.go:45.16,47.3 1 0
github.com/SergioLacerda/strategist-skill/internal/install/wizard.go:48.2,51.78 2 0
github.com/SergioLacerda/strategist-skill/internal/install/wizard.go:51.78,53.3 1 0
github.com/SergioLacerda/strategist-skill/internal/install/wizard.go:54.2,54.22 1 0
github.com/SergioLacerda/strategist-skill/internal/install/wizard.go:65.66,67.16 2 0
github.com/SergioLacerda/strategist-skill/internal/install/wizard.go:67.16,69.3 1 0
github.com/SergioLacerda/strategist-skill/internal/install/wizard.go:70.2,80.51 2 0
github.com/SergioLacerda/strategist-skill/internal/install/wizard.go:80.51,82.3 1 0
github.com/SergioLacerda/strategist-skill/internal/install/wizard.go:83.2,84.47 2 0
github.com/SergioLacerda/strategist-skill/internal/install/wizard.go:84.47,86.3 1 0
github.com/SergioLacerda/strategist-skill/internal/install/wizard.go:87.2,87.43 1 0
github.com/SergioLacerda/strategist-skill/internal/install/wizard.go:87.43,89.3 1 0
github.com/SergioLacerda/strategist-skill/internal/install/wizard.go:90.2,90.12 1 0
github.com/SergioLacerda/strategist-skill/internal/install/wizard.go:95.89,97.9 2 0
github.com/SergioLacerda/strategist-skill/internal/install/wizard.go:97.9,100.3 1 0
github.com/SergioLacerda/strategist-skill/internal/install/wizard.go:101.2,101.26 1 0
github.com/SergioLacerda/strategist-skill/internal/install/wizard.go:101.26,104.3 1 0
github.com/SergioLacerda/strategist-skill/internal/install/wizard.go:105.2,105.11 1 0
github.com/SergioLacerda/strategist-skill/internal/install/wizard.go:109.89,114.16 4 0
github.com/SergioLacerda/strategist-skill/internal/install/wizard.go:114.16,116.3 1 0
github.com/SergioLacerda/strategist-skill/internal/install/wizard.go:117.2,122.16 4 0
github.com/SergioLacerda/strategist-skill/internal/install/wizard.go:122.16,124.3 1 0
github.com/SergioLacerda/strategist-skill/internal/install/wizard.go:125.2,126.16 2 0
github.com/SergioLacerda/strategist-skill/internal/install/wizard.go:126.16,128.3 1 0
github.com/SergioLacerda/strategist-skill/internal/install/wizard.go:129.2,130.16 2 0
github.com/SergioLacerda/strategist-skill/internal/install/wizard.go:130.16,132.3 1 0
github.com/SergioLacerda/strategist-skill/internal/install/wizard.go:134.2,135.16 2 0
github.com/SergioLacerda/strategist-skill/internal/install/wizard.go:135.16,137.3 1 0
github.com/SergioLacerda/strategist-skill/internal/install/wizard.go:138.2,139.16 2 0
github.com/SergioLacerda/strategist-skill/internal/install/wizard.go:139.16,141.3 1 0
github.com/SergioLacerda/strategist-skill/internal/install/wizard.go:142.2,143.16 2 0
github.com/SergioLacerda/strategist-skill/internal/install/wizard.go:143.16,145.3 1 0
github.com/SergioLacerda/strategist-skill/internal/install/wizard.go:147.2,149.16 3 0
github.com/SergioLacerda/strategist-skill/internal/install/wizard.go:149.16,151.3 1 0
github.com/SergioLacerda/strategist-skill/internal/install/wizard.go:152.2,152.21 1 0
github.com/SergioLacerda/strategist-skill/internal/install/wizard.go:152.21,154.3 1 0
github.com/SergioLacerda/strategist-skill/internal/install/wizard.go:156.2,167.8 1 0
github.com/SergioLacerda/strategist-skill/internal/install/wizard.go:171.137,174.16 3 0
github.com/SergioLacerda/strategist-skill/internal/install/wizard.go:174.16,176.3 1 0
github.com/SergioLacerda/strategist-skill/internal/install/wizard.go:177.2,177.79 1 0
github.com/SergioLacerda/strategist-skill/internal/install/wizard.go:177.79,179.3 1 0
github.com/SergioLacerda/strategist-skill/internal/install/wizard.go:180.2,181.16 2 0
github.com/SergioLacerda/strategist-skill/internal/install/wizard.go:181.16,183.3 1 0
github.com/SergioLacerda/strategist-skill/internal/install/wizard.go:184.2,184.80 1 0
github.com/SergioLacerda/strategist-skill/internal/install/wizard.go:184.80,186.3 1 0
github.com/SergioLacerda/strategist-skill/internal/install/wizard.go:187.2,188.16 2 0
github.com/SergioLacerda/strategist-skill/internal/install/wizard.go:188.16,190.3 1 0
github.com/SergioLacerda/strategist-skill/internal/install/wizard.go:191.2,191.75 1 0
github.com/SergioLacerda/strategist-skill/internal/install/wizard.go:191.75,193.3 1 0
github.com/SergioLacerda/strategist-skill/internal/install/wizard.go:194.2,194.46 1 0
github.com/SergioLacerda/strategist-skill/internal/install/wizard.go:199.34,200.69 1 0
github.com/SergioLacerda/strategist-skill/internal/install/wizard.go:200.69,202.3 1 0
github.com/SergioLacerda/strategist-skill/internal/install/wizard.go:203.2,203.12 1 0
github.com/SergioLacerda/strategist-skill/internal/integrity/warning.go:19.51,21.16 2 0
github.com/SergioLacerda/strategist-skill/internal/integrity/warning.go:21.16,23.3 1 0
github.com/SergioLacerda/strategist-skill/internal/integrity/warning.go:24.2,26.16 3 0
github.com/SergioLacerda/strategist-skill/internal/integrity/warning.go:26.16,28.3 1 0
github.com/SergioLacerda/strategist-skill/internal/integrity/warning.go:29.2,29.60 1 0
github.com/SergioLacerda/strategist-skill/internal/integrity/warning.go:29.60,31.3 1 0
github.com/SergioLacerda/strategist-skill/internal/integrity/warning.go:32.2,32.12 1 0
github.com/SergioLacerda/strategist-skill/internal/integrity/warning.go:37.60,39.36 2 0
github.com/SergioLacerda/strategist-skill/internal/integrity/warning.go:39.36,41.3 1 0
github.com/SergioLacerda/strategist-skill/internal/integrity/warning.go:42.2,42.16 1 0
github.com/SergioLacerda/strategist-skill/internal/integrity/warning.go:42.16,44.3 1 0
github.com/SergioLacerda/strategist-skill/internal/integrity/warning.go:46.2,47.52 2 0
github.com/SergioLacerda/strategist-skill/internal/integrity/warning.go:47.52,49.3 1 0
github.com/SergioLacerda/strategist-skill/internal/integrity/warning.go:51.2,52.36 2 0
github.com/SergioLacerda/strategist-skill/internal/integrity/warning.go:52.36,54.3 1 0
github.com/SergioLacerda/strategist-skill/internal/integrity/warning.go:55.2,55.16 1 0
github.com/SergioLacerda/strategist-skill/internal/integrity/warning.go:55.16,57.3 1 0
github.com/SergioLacerda/strategist-skill/internal/integrity/warning.go:59.2,59.53 1 0
github.com/SergioLacerda/strategist-skill/internal/stale/check.go:24.61,25.57 1 0
github.com/SergioLacerda/strategist-skill/internal/stale/check.go:25.57,27.3 1 0
github.com/SergioLacerda/strategist-skill/internal/stale/check.go:27.8,27.23 1 0
github.com/SergioLacerda/strategist-skill/internal/stale/check.go:27.23,29.3 1 0
github.com/SergioLacerda/strategist-skill/internal/stale/check.go:31.2,32.57 2 0
github.com/SergioLacerda/strategist-skill/internal/stale/check.go:32.57,34.3 1 0
github.com/SergioLacerda/strategist-skill/internal/stale/check.go:34.8,34.23 1 0
github.com/SergioLacerda/strategist-skill/internal/stale/check.go:34.23,36.3 1 0
github.com/SergioLacerda/strategist-skill/internal/stale/check.go:38.2,39.16 2 0
github.com/SergioLacerda/strategist-skill/internal/stale/check.go:39.16,41.3 1 0
github.com/SergioLacerda/strategist-skill/internal/stale/check.go:43.2,43.38 1 0
github.com/SergioLacerda/strategist-skill/internal/stale/check.go:43.38,45.29 2 0
github.com/SergioLacerda/strategist-skill/internal/stale/check.go:45.29,47.4 1 0
github.com/SergioLacerda/strategist-skill/internal/stale/check.go:48.3,48.21 1 0
github.com/SergioLacerda/strategist-skill/internal/stale/check.go:48.21,50.4 1 0
github.com/SergioLacerda/strategist-skill/internal/stale/check.go:51.3,51.39 1 0
github.com/SergioLacerda/strategist-skill/internal/stale/check.go:51.39,53.4 1 0
github.com/SergioLacerda/strategist-skill/internal/stale/check.go:56.2,56.19 1 0
github.com/SergioLacerda/strategist-skill/internal/stale/check.go:60.65,62.16 2 0
github.com/SergioLacerda/strategist-skill/internal/stale/check.go:62.16,64.3 1 0
github.com/SergioLacerda/strategist-skill/internal/stale/check.go:65.2,68.16 3 0
github.com/SergioLacerda/strategist-skill/internal/stale/check.go:68.16,70.3 1 0
github.com/SergioLacerda/strategist-skill/internal/stale/check.go:71.2,76.62 3 0
github.com/SergioLacerda/strategist-skill/internal/stale/check.go:76.62,78.3 1 0
github.com/SergioLacerda/strategist-skill/internal/stale/check.go:80.2,80.29 1 0
github.com/SergioLacerda/strategist-skill/internal/stale/check.go:80.29,82.3 1 0
github.com/SergioLacerda/strategist-skill/internal/stale/check.go:84.2,84.30 1 0
github.com/SergioLacerda/strategist-skill/internal/telemetry/checkpoint.go:22.50,23.40 1 0
github.com/SergioLacerda/strategist-skill/internal/telemetry/checkpoint.go:23.40,24.16 1 0
github.com/SergioLacerda/strategist-skill/internal/telemetry/checkpoint.go:24.16,26.4 1 0
github.com/SergioLacerda/strategist-skill/internal/telemetry/checkpoint.go:28.2,28.14 1 0
github.com/SergioLacerda/strategist-skill/internal/telemetry/checkpoint.go:32.49,33.20 1 0
github.com/SergioLacerda/strategist-skill/internal/telemetry/checkpoint.go:33.20,35.3 1 0
github.com/SergioLacerda/strategist-skill/internal/telemetry/checkpoint.go:36.2,36.28 1 0
github.com/SergioLacerda/strategist-skill/internal/telemetry/checkpoint.go:41.62,43.36 2 0
github.com/SergioLacerda/strategist-skill/internal/telemetry/checkpoint.go:43.36,45.3 1 0
github.com/SergioLacerda/strategist-skill/internal/telemetry/checkpoint.go:46.2,46.16 1 0
github.com/SergioLacerda/strategist-skill/internal/telemetry/checkpoint.go:46.16,48.3 1 0
github.com/SergioLacerda/strategist-skill/internal/telemetry/checkpoint.go:49.2,50.50 2 0
github.com/SergioLacerda/strategist-skill/internal/telemetry/checkpoint.go:50.50,52.3 1 0
github.com/SergioLacerda/strategist-skill/internal/telemetry/checkpoint.go:53.2,53.17 1 0
github.com/SergioLacerda/strategist-skill/internal/telemetry/checkpoint.go:58.63,60.16 2 0
github.com/SergioLacerda/strategist-skill/internal/telemetry/checkpoint.go:60.16,62.3 1 0
github.com/SergioLacerda/strategist-skill/internal/telemetry/checkpoint.go:63.2,65.16 3 0
github.com/SergioLacerda/strategist-skill/internal/telemetry/checkpoint.go:65.16,67.3 1 0
github.com/SergioLacerda/strategist-skill/internal/telemetry/checkpoint.go:68.2,69.43 2 0
github.com/SergioLacerda/strategist-skill/internal/telemetry/checkpoint.go:69.43,73.3 3 0
github.com/SergioLacerda/strategist-skill/internal/telemetry/checkpoint.go:74.2,74.36 1 0
github.com/SergioLacerda/strategist-skill/internal/telemetry/checkpoint.go:74.36,77.3 2 0
github.com/SergioLacerda/strategist-skill/internal/telemetry/checkpoint.go:78.2,78.49 1 0
github.com/SergioLacerda/strategist-skill/internal/telemetry/checkpoint.go:78.49,81.3 2 0
github.com/SergioLacerda/strategist-skill/internal/telemetry/checkpoint.go:82.2,82.12 1 0
github.com/SergioLacerda/strategist-skill/internal/telemetry/checkpoint.go:87.42,89.36 2 0
github.com/SergioLacerda/strategist-skill/internal/telemetry/checkpoint.go:89.36,91.3 1 0
github.com/SergioLacerda/strategist-skill/internal/telemetry/checkpoint.go:92.2,92.16 1 0
github.com/SergioLacerda/strategist-skill/internal/telemetry/checkpoint.go:92.16,94.3 1 0
github.com/SergioLacerda/strategist-skill/internal/telemetry/checkpoint.go:95.2,95.12 1 0
github.com/SergioLacerda/strategist-skill/internal/telemetry/config.go:18.23,20.19 2 0
github.com/SergioLacerda/strategist-skill/internal/telemetry/config.go:20.19,22.3 1 0
github.com/SergioLacerda/strategist-skill/internal/telemetry/config.go:23.2,28.3 2 0
github.com/SergioLacerda/strategist-skill/internal/telemetry/config.go:33.32,35.2 1 0
github.com/SergioLacerda/strategist-skill/internal/telemetry/mission_metrics.go:26.52,42.2 1 0
github.com/SergioLacerda/strategist-skill/internal/telemetry/mission_metrics.go:45.43,61.2 1 0
github.com/SergioLacerda/strategist-skill/internal/telemetry/mission_run.go:30.50,35.2 1 0
github.com/SergioLacerda/strategist-skill/internal/telemetry/mission_run.go:38.75,40.2 1 0
github.com/SergioLacerda/strategist-skill/internal/telemetry/mission_run.go:43.61,44.16 1 0
github.com/SergioLacerda/strategist-skill/internal/telemetry/mission_run.go:44.16,46.3 1 0
github.com/SergioLacerda/strategist-skill/internal/telemetry/mission_run.go:47.2,48.9 2 0
github.com/SergioLacerda/strategist-skill/internal/telemetry/mission_run.go:48.9,50.3 1 0
github.com/SergioLacerda/strategist-skill/internal/telemetry/mission_run.go:51.2,51.12 1 0
github.com/SergioLacerda/strategist-skill/internal/telemetry/mission_run.go:55.35,58.25 3 0
github.com/SergioLacerda/strategist-skill/internal/telemetry/mission_run.go:58.25,60.3 1 0
github.com/SergioLacerda/strategist-skill/internal/telemetry/mission_run.go:64.35,67.25 3 0
github.com/SergioLacerda/strategist-skill/internal/telemetry/mission_run.go:67.25,69.3 1 0
github.com/SergioLacerda/strategist-skill/internal/telemetry/mission_run.go:73.38,76.28 3 0
github.com/SergioLacerda/strategist-skill/internal/telemetry/mission_run.go:76.28,78.3 1 0
github.com/SergioLacerda/strategist-skill/internal/telemetry/mission_run.go:82.42,85.23 3 0
github.com/SergioLacerda/strategist-skill/internal/telemetry/mission_run.go:85.23,87.3 1 0
github.com/SergioLacerda/strategist-skill/internal/telemetry/mission_run.go:92.41,95.30 3 0
github.com/SergioLacerda/strategist-skill/internal/telemetry/mission_run.go:95.30,97.3 1 0
github.com/SergioLacerda/strategist-skill/internal/telemetry/mission_run.go:101.35,104.25 3 0
github.com/SergioLacerda/strategist-skill/internal/telemetry/mission_run.go:104.25,106.3 1 0
github.com/SergioLacerda/strategist-skill/internal/telemetry/mission_run.go:110.40,111.12 1 0
github.com/SergioLacerda/strategist-skill/internal/telemetry/mission_run.go:111.12,113.3 1 0
github.com/SergioLacerda/strategist-skill/internal/telemetry/mission_run.go:114.2,116.15 3 0
github.com/SergioLacerda/strategist-skill/internal/telemetry/mission_run.go:120.47,125.2 4 0
github.com/SergioLacerda/strategist-skill/internal/telemetry/mission_run.go:128.48,134.23 5 0
github.com/SergioLacerda/strategist-skill/internal/telemetry/mission_run.go:134.23,136.3 1 0
github.com/SergioLacerda/strategist-skill/internal/telemetry/mission_run.go:137.2,138.23 2 0
github.com/SergioLacerda/strategist-skill/internal/telemetry/mission_run.go:138.23,140.3 1 0
github.com/SergioLacerda/strategist-skill/internal/telemetry/mission_run.go:141.2,142.26 2 0
github.com/SergioLacerda/strategist-skill/internal/telemetry/mission_run.go:142.26,144.3 1 0
github.com/SergioLacerda/strategist-skill/internal/telemetry/mission_run.go:145.2,146.21 2 0
github.com/SergioLacerda/strategist-skill/internal/telemetry/mission_run.go:146.21,148.3 1 0
github.com/SergioLacerda/strategist-skill/internal/telemetry/mission_run.go:149.2,150.28 2 0
github.com/SergioLacerda/strategist-skill/internal/telemetry/mission_run.go:150.28,152.3 1 0
github.com/SergioLacerda/strategist-skill/internal/telemetry/mission_run.go:153.2,154.23 2 0
github.com/SergioLacerda/strategist-skill/internal/telemetry/mission_run.go:154.23,156.3 1 0
github.com/SergioLacerda/strategist-skill/internal/telemetry/mission_run.go:158.2,171.3 1 0
github.com/SergioLacerda/strategist-skill/internal/telemetry/mission_run.go:176.34,180.2 3 0
github.com/SergioLacerda/strategist-skill/internal/telemetry/mission_run.go:183.31,187.12 4 0
github.com/SergioLacerda/strategist-skill/internal/telemetry/mission_run.go:187.12,189.3 1 0
github.com/SergioLacerda/strategist-skill/internal/telemetry/mission_run.go:190.2,191.34 2 0
github.com/SergioLacerda/strategist-skill/internal/telemetry/mission_run.go:195.41,196.51 1 0
github.com/SergioLacerda/strategist-skill/internal/telemetry/mission_run.go:196.51,198.3 1 0
github.com/SergioLacerda/strategist-skill/internal/telemetry/mission_run.go:202.128,207.2 1 0
github.com/SergioLacerda/strategist-skill/internal/telemetry/outcome.go:27.45,29.57 2 0
github.com/SergioLacerda/strategist-skill/internal/telemetry/outcome.go:29.57,31.3 1 0
github.com/SergioLacerda/strategist-skill/internal/telemetry/outcome.go:32.2,33.23 2 0
github.com/SergioLacerda/strategist-skill/internal/telemetry/outcome.go:33.23,35.3 1 0
github.com/SergioLacerda/strategist-skill/internal/telemetry/outcome.go:36.2,36.20 1 0
github.com/SergioLacerda/strategist-skill/internal/telemetry/outcome.go:36.20,38.3 1 0
github.com/SergioLacerda/strategist-skill/internal/telemetry/outcome.go:39.2,39.23 1 0
github.com/SergioLacerda/strategist-skill/internal/telemetry/outcome.go:39.23,41.3 1 0
github.com/SergioLacerda/strategist-skill/internal/telemetry/outcome.go:42.2,42.29 1 0
[...]
github.com/SergioLacerda/strategist-skill/internal/install/wizard.go:101.26,104.3 1 0
github.com/SergioLacerda/strategist-skill/internal/install/wizard.go:105.2,105.11 1 0
github.com/SergioLacerda/strategist-skill/internal/install/wizard.go:109.89,114.16 4 0
github.com/SergioLacerda/strategist-skill/internal/install/wizard.go:114.16,116.3 1 0
github.com/SergioLacerda/strategist-skill/internal/install/wizard.go:117.2,122.16 4 0
github.com/SergioLacerda/strategist-skill/internal/install/wizard.go:122.16,124.3 1 0
github.com/SergioLacerda/strategist-skill/internal/install/wizard.go:125.2,126.16 2 0
github.com/SergioLacerda/strategist-skill/internal/install/wizard.go:126.16,128.3 1 0
github.com/SergioLacerda/strategist-skill/internal/install/wizard.go:129.2,130.16 2 0
github.com/SergioLacerda/strategist-skill/internal/install/wizard.go:130.16,132.3 1 0
github.com/SergioLacerda/strategist-skill/internal/install/wizard.go:134.2,135.16 2 0
github.com/SergioLacerda/strategist-skill/internal/install/wizard.go:135.16,137.3 1 0
github.com/SergioLacerda/strategist-skill/internal/install/wizard.go:138.2,139.16 2 0
github.com/SergioLacerda/strategist-skill/internal/install/wizard.go:139.16,141.3 1 0
github.com/SergioLacerda/strategist-skill/internal/install/wizard.go:142.2,143.16 2 0
github.com/SergioLacerda/strategist-skill/internal/install/wizard.go:143.16,145.3 1 0
github.com/SergioLacerda/strategist-skill/internal/install/wizard.go:147.2,149.16 3 0
github.com/SergioLacerda/strategist-skill/internal/install/wizard.go:149.16,151.3 1 0
github.com/SergioLacerda/strategist-skill/internal/install/wizard.go:152.2,152.21 1 0
github.com/SergioLacerda/strategist-skill/internal/install/wizard.go:152.21,154.3 1 0
github.com/SergioLacerda/strategist-skill/internal/install/wizard.go:156.2,167.8 1 0
github.com/SergioLacerda/strategist-skill/internal/install/wizard.go:171.137,174.16 3 0
github.com/SergioLacerda/strategist-skill/internal/install/wizard.go:174.16,176.3 1 0
github.com/SergioLacerda/strategist-skill/internal/install/wizard.go:177.2,177.79 1 0
github.com/SergioLacerda/strategist-skill/internal/install/wizard.go:177.79,179.3 1 0
github.com/SergioLacerda/strategist-skill/internal/install/wizard.go:180.2,181.16 2 0
github.com/SergioLacerda/strategist-skill/internal/install/wizard.go:181.16,183.3 1 0
github.com/SergioLacerda/strategist-skill/internal/install/wizard.go:184.2,184.80 1 0
github.com/SergioLacerda/strategist-skill/internal/install/wizard.go:184.80,186.3 1 0
github.com/SergioLacerda/strategist-skill/internal/install/wizard.go:187.2,188.16 2 0
github.com/SergioLacerda/strategist-skill/internal/install/wizard.go:188.16,190.3 1 0
github.com/SergioLacerda/strategist-skill/internal/install/wizard.go:191.2,191.75 1 0
github.com/SergioLacerda/strategist-skill/internal/install/wizard.go:191.75,193.3 1 0
github.com/SergioLacerda/strategist-skill/internal/install/wizard.go:194.2,194.46 1 0
github.com/SergioLacerda/strategist-skill/internal/install/wizard.go:199.34,200.69 1 0
github.com/SergioLacerda/strategist-skill/internal/install/wizard.go:200.69,202.3 1 0
github.com/SergioLacerda/strategist-skill/internal/install/wizard.go:203.2,203.12 1 0
github.com/SergioLacerda/strategist-skill/internal/integrity/warning.go:19.51,21.16 2 0
github.com/SergioLacerda/strategist-skill/internal/integrity/warning.go:21.16,23.3 1 0
github.com/SergioLacerda/strategist-skill/internal/integrity/warning.go:24.2,26.16 3 0
github.com/SergioLacerda/strategist-skill/internal/integrity/warning.go:26.16,28.3 1 0
github.com/SergioLacerda/strategist-skill/internal/integrity/warning.go:29.2,29.60 1 0
github.com/SergioLacerda/strategist-skill/internal/integrity/warning.go:29.60,31.3 1 0
github.com/SergioLacerda/strategist-skill/internal/integrity/warning.go:32.2,32.12 1 0
github.com/SergioLacerda/strategist-skill/internal/integrity/warning.go:37.60,39.36 2 0
github.com/SergioLacerda/strategist-skill/internal/integrity/warning.go:39.36,41.3 1 0
github.com/SergioLacerda/strategist-skill/internal/integrity/warning.go:42.2,42.16 1 0
github.com/SergioLacerda/strategist-skill/internal/integrity/warning.go:42.16,44.3 1 0
github.com/SergioLacerda/strategist-skill/internal/integrity/warning.go:46.2,47.52 2 0
github.com/SergioLacerda/strategist-skill/internal/integrity/warning.go:47.52,49.3 1 0
github.com/SergioLacerda/strategist-skill/internal/integrity/warning.go:51.2,52.36 2 0
github.com/SergioLacerda/strategist-skill/internal/integrity/warning.go:52.36,54.3 1 0
github.com/SergioLacerda/strategist-skill/internal/integrity/warning.go:55.2,55.16 1 0
github.com/SergioLacerda/strategist-skill/internal/integrity/warning.go:55.16,57.3 1 0
github.com/SergioLacerda/strategist-skill/internal/integrity/warning.go:59.2,59.53 1 0
github.com/SergioLacerda/strategist-skill/internal/stale/check.go:24.61,25.57 1 0
github.com/SergioLacerda/strategist-skill/internal/stale/check.go:25.57,27.3 1 0
github.com/SergioLacerda/strategist-skill/internal/stale/check.go:27.8,27.23 1 0
github.com/SergioLacerda/strategist-skill/internal/stale/check.go:27.23,29.3 1 0
github.com/SergioLacerda/strategist-skill/internal/stale/check.go:31.2,32.57 2 0
github.com/SergioLacerda/strategist-skill/internal/stale/check.go:32.57,34.3 1 0
github.com/SergioLacerda/strategist-skill/internal/stale/check.go:34.8,34.23 1 0
github.com/SergioLacerda/strategist-skill/internal/stale/check.go:34.23,36.3 1 0
github.com/SergioLacerda/strategist-skill/internal/stale/check.go:38.2,39.16 2 0
github.com/SergioLacerda/strategist-skill/internal/stale/check.go:39.16,41.3 1 0
github.com/SergioLacerda/strategist-skill/internal/stale/check.go:43.2,43.38 1 0
github.com/SergioLacerda/strategist-skill/internal/stale/check.go:43.38,45.29 2 0
github.com/SergioLacerda/strategist-skill/internal/stale/check.go:45.29,47.4 1 0
github.com/SergioLacerda/strategist-skill/internal/stale/check.go:48.3,48.21 1 0
github.com/SergioLacerda/strategist-skill/internal/stale/check.go:48.21,50.4 1 0
github.com/SergioLacerda/strategist-skill/internal/stale/check.go:51.3,51.39 1 0
github.com/SergioLacerda/strategist-skill/internal/stale/check.go:51.39,53.4 1 0
github.com/SergioLacerda/strategist-skill/internal/stale/check.go:56.2,56.19 1 0
github.com/SergioLacerda/strategist-skill/internal/stale/check.go:60.65,62.16 2 0
github.com/SergioLacerda/strategist-skill/internal/stale/check.go:62.16,64.3 1 0
github.com/SergioLacerda/strategist-skill/internal/stale/check.go:65.2,68.16 3 0
github.com/SergioLacerda/strategist-skill/internal/stale/check.go:68.16,70.3 1 0
github.com/SergioLacerda/strategist-skill/internal/stale/check.go:71.2,76.62 3 0
github.com/SergioLacerda/strategist-skill/internal/stale/check.go:76.62,78.3 1 0
github.com/SergioLacerda/strategist-skill/internal/stale/check.go:80.2,80.29 1 0
github.com/SergioLacerda/strategist-skill/internal/stale/check.go:80.29,82.3 1 0
github.com/SergioLacerda/strategist-skill/internal/stale/check.go:84.2,84.30 1 0
github.com/SergioLacerda/strategist-skill/internal/telemetry/checkpoint.go:22.50,23.40 1 18
github.com/SergioLacerda/strategist-skill/internal/telemetry/checkpoint.go:23.40,24.16 1 29
github.com/SergioLacerda/strategist-skill/internal/telemetry/checkpoint.go:24.16,26.4 1 7
github.com/SergioLacerda/strategist-skill/internal/telemetry/checkpoint.go:28.2,28.14 1 11
github.com/SergioLacerda/strategist-skill/internal/telemetry/checkpoint.go:32.49,33.20 1 8
github.com/SergioLacerda/strategist-skill/internal/telemetry/checkpoint.go:33.20,35.3 1 6
github.com/SergioLacerda/strategist-skill/internal/telemetry/checkpoint.go:36.2,36.28 1 8
github.com/SergioLacerda/strategist-skill/internal/telemetry/checkpoint.go:41.62,43.36 2 5
github.com/SergioLacerda/strategist-skill/internal/telemetry/checkpoint.go:43.36,45.3 1 1
github.com/SergioLacerda/strategist-skill/internal/telemetry/checkpoint.go:46.2,46.16 1 4
github.com/SergioLacerda/strategist-skill/internal/telemetry/checkpoint.go:46.16,48.3 1 1
github.com/SergioLacerda/strategist-skill/internal/telemetry/checkpoint.go:49.2,50.50 2 3
github.com/SergioLacerda/strategist-skill/internal/telemetry/checkpoint.go:50.50,52.3 1 1
github.com/SergioLacerda/strategist-skill/internal/telemetry/checkpoint.go:53.2,53.17 1 2
github.com/SergioLacerda/strategist-skill/internal/telemetry/checkpoint.go:58.63,60.16 2 4
github.com/SergioLacerda/strategist-skill/internal/telemetry/checkpoint.go:60.16,62.3 1 0
github.com/SergioLacerda/strategist-skill/internal/telemetry/checkpoint.go:63.2,65.16 3 4
github.com/SergioLacerda/strategist-skill/internal/telemetry/checkpoint.go:65.16,67.3 1 1
github.com/SergioLacerda/strategist-skill/internal/telemetry/checkpoint.go:68.2,69.43 2 3
github.com/SergioLacerda/strategist-skill/internal/telemetry/checkpoint.go:69.43,73.3 3 0
github.com/SergioLacerda/strategist-skill/internal/telemetry/checkpoint.go:74.2,74.36 1 3
github.com/SergioLacerda/strategist-skill/internal/telemetry/checkpoint.go:74.36,77.3 2 0
github.com/SergioLacerda/strategist-skill/internal/telemetry/checkpoint.go:78.2,78.49 1 3
github.com/SergioLacerda/strategist-skill/internal/telemetry/checkpoint.go:78.49,81.3 2 0
github.com/SergioLacerda/strategist-skill/internal/telemetry/checkpoint.go:82.2,82.12 1 3
github.com/SergioLacerda/strategist-skill/internal/telemetry/checkpoint.go:87.42,89.36 2 3
github.com/SergioLacerda/strategist-skill/internal/telemetry/checkpoint.go:89.36,91.3 1 1
github.com/SergioLacerda/strategist-skill/internal/telemetry/checkpoint.go:92.2,92.16 1 2
github.com/SergioLacerda/strategist-skill/internal/telemetry/checkpoint.go:92.16,94.3 1 1
github.com/SergioLacerda/strategist-skill/internal/telemetry/checkpoint.go:95.2,95.12 1 1
github.com/SergioLacerda/strategist-skill/internal/telemetry/config.go:18.23,20.19 2 6
github.com/SergioLacerda/strategist-skill/internal/telemetry/config.go:20.19,22.3 1 5
github.com/SergioLacerda/strategist-skill/internal/telemetry/config.go:23.2,28.3 2 6
github.com/SergioLacerda/strategist-skill/internal/telemetry/config.go:33.32,35.2 1 6
github.com/SergioLacerda/strategist-skill/internal/telemetry/mission_metrics.go:26.52,42.2 1 4
github.com/SergioLacerda/strategist-skill/internal/telemetry/mission_metrics.go:45.43,61.2 1 3
github.com/SergioLacerda/strategist-skill/internal/telemetry/mission_run.go:30.50,35.2 1 9
github.com/SergioLacerda/strategist-skill/internal/telemetry/mission_run.go:38.75,40.2 1 2
github.com/SergioLacerda/strategist-skill/internal/telemetry/mission_run.go:43.61,44.16 1 5
github.com/SergioLacerda/strategist-skill/internal/telemetry/mission_run.go:44.16,46.3 1 1
github.com/SergioLacerda/strategist-skill/internal/telemetry/mission_run.go:47.2,48.9 2 4
github.com/SergioLacerda/strategist-skill/internal/telemetry/mission_run.go:48.9,50.3 1 2
github.com/SergioLacerda/strategist-skill/internal/telemetry/mission_run.go:51.2,51.12 1 2
github.com/SergioLacerda/strategist-skill/internal/telemetry/mission_run.go:55.35,58.25 3 2
github.com/SergioLacerda/strategist-skill/internal/telemetry/mission_run.go:58.25,60.3 1 2
github.com/SergioLacerda/strategist-skill/internal/telemetry/mission_run.go:64.35,67.25 3 2
github.com/SergioLacerda/strategist-skill/internal/telemetry/mission_run.go:67.25,69.3 1 2
github.com/SergioLacerda/strategist-skill/internal/telemetry/mission_run.go:73.38,76.28 3 3
github.com/SergioLacerda/strategist-skill/internal/telemetry/mission_run.go:76.28,78.3 1 2
github.com/SergioLacerda/strategist-skill/internal/telemetry/mission_run.go:82.42,85.23 3 3
github.com/SergioLacerda/strategist-skill/internal/telemetry/mission_run.go:85.23,87.3 1 2
github.com/SergioLacerda/strategist-skill/internal/telemetry/mission_run.go:92.41,95.30 3 3
github.com/SergioLacerda/strategist-skill/internal/telemetry/mission_run.go:95.30,97.3 1 2
github.com/SergioLacerda/strategist-skill/internal/telemetry/mission_run.go:101.35,104.25 3 3
github.com/SergioLacerda/strategist-skill/internal/telemetry/mission_run.go:104.25,106.3 1 2
github.com/SergioLacerda/strategist-skill/internal/telemetry/mission_run.go:110.40,111.12 1 5
github.com/SergioLacerda/strategist-skill/internal/telemetry/mission_run.go:111.12,113.3 1 2
github.com/SergioLacerda/strategist-skill/internal/telemetry/mission_run.go:114.2,116.15 3 3
github.com/SergioLacerda/strategist-skill/internal/telemetry/mission_run.go:120.47,125.2 4 1
github.com/SergioLacerda/strategist-skill/internal/telemetry/mission_run.go:128.48,134.23 5 9
github.com/SergioLacerda/strategist-skill/internal/telemetry/mission_run.go:134.23,136.3 1 6
github.com/SergioLacerda/strategist-skill/internal/telemetry/mission_run.go:137.2,138.23 2 9
github.com/SergioLacerda/strategist-skill/internal/telemetry/mission_run.go:138.23,140.3 1 6
github.com/SergioLacerda/strategist-skill/internal/telemetry/mission_run.go:141.2,142.26 2 9
github.com/SergioLacerda/strategist-skill/internal/telemetry/mission_run.go:142.26,144.3 1 7
github.com/SergioLacerda/strategist-skill/internal/telemetry/mission_run.go:145.2,146.21 2 9
github.com/SergioLacerda/strategist-skill/internal/telemetry/mission_run.go:146.21,148.3 1 7
github.com/SergioLacerda/strategist-skill/internal/telemetry/mission_run.go:149.2,150.28 2 9
github.com/SergioLacerda/strategist-skill/internal/telemetry/mission_run.go:150.28,152.3 1 7
github.com/SergioLacerda/strategist-skill/internal/telemetry/mission_run.go:153.2,154.23 2 9
github.com/SergioLacerda/strategist-skill/internal/telemetry/mission_run.go:154.23,156.3 1 7
github.com/SergioLacerda/strategist-skill/internal/telemetry/mission_run.go:158.2,171.3 1 9
github.com/SergioLacerda/strategist-skill/internal/telemetry/mission_run.go:176.34,180.2 3 1
github.com/SergioLacerda/strategist-skill/internal/telemetry/mission_run.go:183.31,187.12 4 3
github.com/SergioLacerda/strategist-skill/internal/telemetry/mission_run.go:187.12,189.3 1 1
github.com/SergioLacerda/strategist-skill/internal/telemetry/mission_run.go:190.2,191.34 2 2
github.com/SergioLacerda/strategist-skill/internal/telemetry/mission_run.go:195.41,196.51 1 2
github.com/SergioLacerda/strategist-skill/internal/telemetry/mission_run.go:196.51,198.3 1 1
github.com/SergioLacerda/strategist-skill/internal/telemetry/mission_run.go:202.128,207.2 1 2
github.com/SergioLacerda/strategist-skill/internal/telemetry/outcome.go:27.45,29.57 2 15
github.com/SergioLacerda/strategist-skill/internal/telemetry/outcome.go:29.57,31.3 1 1
github.com/SergioLacerda/strategist-skill/internal/telemetry/outcome.go:32.2,33.23 2 14
github.com/SergioLacerda/strategist-skill/internal/telemetry/outcome.go:33.23,35.3 1 3
github.com/SergioLacerda/strategist-skill/internal/telemetry/outcome.go:36.2,36.20 1 14
github.com/SergioLacerda/strategist-skill/internal/telemetry/outcome.go:36.20,38.3 1 3
github.com/SergioLacerda/strategist-skill/internal/telemetry/outcome.go:39.2,39.23 1 14
github.com/SergioLacerda/strategist-skill/internal/telemetry/outcome.go:39.23,41.3 1 3
github.com/SergioLacerda/strategist-skill/internal/telemetry/outcome.go:42.2,42.29 1 14
github.com/SergioLacerda/strategist-skill/internal/telemetry/outcome.go:50.55,51.49 1 8
github.com/SergioLacerda/strategist-skill/internal/telemetry/outcome.go:51.49,53.3 1 1
github.com/SergioLacerda/strategist-skill/internal/telemetry/outcome.go:54.2,55.16 2 7
github.com/SergioLacerda/strategist-skill/internal/telemetry/outcome.go:55.16,57.3 1 2
github.com/SergioLacerda/strategist-skill/internal/telemetry/outcome.go:58.2,58.15 1 5
github.com/SergioLacerda/strategist-skill/internal/telemetry/outcome.go:58.15,59.51 1 5
github.com/SergioLacerda/strategist-skill/internal/telemetry/outcome.go:59.51,61.4 1 0
github.com/SergioLacerda/strategist-skill/internal/telemetry/outcome.go:63.2,63.35 1 5
github.com/SergioLacerda/strategist-skill/internal/telemetry/outcome.go:63.35,65.3 1 0
github.com/SergioLacerda/strategist-skill/internal/telemetry/outcome.go:66.2,66.15 1 5
github.com/SergioLacerda/strategist-skill/internal/telemetry/outcome.go:66.15,67.65 1 5
github.com/SergioLacerda/strategist-skill/internal/telemetry/outcome.go:67.65,69.4 1 0
github.com/SergioLacerda/strategist-skill/internal/telemetry/outcome.go:71.2,71.48 1 5
github.com/SergioLacerda/strategist-skill/internal/telemetry/outcome.go:71.48,73.3 1 0
github.com/SergioLacerda/strategist-skill/internal/telemetry/outcome.go:74.2,74.12 1 5
github.com/SergioLacerda/strategist-skill/internal/telemetry/outcome.go:79.47,80.54 1 2
github.com/SergioLacerda/strategist-skill/internal/telemetry/outcome.go:80.54,82.3 1 1
github.com/SergioLacerda/strategist-skill/internal/telemetry/outcome_unix.go:11.33,12.68 1 5
github.com/SergioLacerda/strategist-skill/internal/telemetry/outcome_unix.go:12.68,14.3 1 0
github.com/SergioLacerda/strategist-skill/internal/telemetry/outcome_unix.go:15.2,15.12 1 5
github.com/SergioLacerda/strategist-skill/internal/telemetry/outcome_unix.go:18.35,19.68 1 5
github.com/SergioLacerda/strategist-skill/internal/telemetry/outcome_unix.go:19.68,21.3 1 0
github.com/SergioLacerda/strategist-skill/internal/telemetry/outcome_unix.go:22.2,22.12 1 5
github.com/SergioLacerda/strategist-skill/internal/telemetry/policy_event.go:19.47,21.30 2 3
github.com/SergioLacerda/strategist-skill/internal/telemetry/policy_event.go:21.30,23.3 1 2
github.com/SergioLacerda/strategist-skill/internal/telemetry/policy_event.go:24.2,24.28 1 3
github.com/SergioLacerda/strategist-skill/internal/telemetry/policy_event.go:24.28,26.3 1 2
github.com/SergioLacerda/strategist-skill/internal/telemetry/policy_event.go:27.2,27.21 1 3
github.com/SergioLacerda/strategist-skill/internal/telemetry/policy_event.go:27.21,29.3 1 2
github.com/SergioLacerda/strategist-skill/internal/telemetry/policy_event.go:30.2,30.13 1 3
github.com/SergioLacerda/strategist-skill/internal/telemetry/policy_event.go:34.38,41.30 2 1
github.com/SergioLacerda/strategist-skill/internal/telemetry/policy_event.go:41.30,43.3 1 1
github.com/SergioLacerda/strategist-skill/internal/telemetry/policy_event.go:44.2,44.28 1 1
github.com/SergioLacerda/strategist-skill/internal/telemetry/policy_event.go:44.28,46.3 1 1
github.com/SergioLacerda/strategist-skill/internal/telemetry/policy_event.go:47.2,47.21 1 1
github.com/SergioLacerda/strategist-skill/internal/telemetry/policy_event.go:47.21,49.3 1 1
github.com/SergioLacerda/strategist-skill/internal/telemetry/policy_event.go:50.2,50.44 1 1
github.com/SergioLacerda/strategist-skill/internal/telemetry/schema.go:42.36,43.23 1 7
github.com/SergioLacerda/strategist-skill/internal/telemetry/schema.go:43.23,45.3 1 5
github.com/SergioLacerda/strategist-skill/internal/telemetry/schema.go:46.2,46.10 1 2
github.com/SergioLacerda/strategist-skill/internal/telemetry/setup.go:20.73,21.20 1 4
github.com/SergioLacerda/strategist-skill/internal/telemetry/setup.go:21.20,23.38 2 2
github.com/SergioLacerda/strategist-skill/internal/telemetry/setup.go:23.38,23.52 1 1
github.com/SergioLacerda/strategist-skill/internal/telemetry/setup.go:26.2,29.18 2 2
github.com/SergioLacerda/strategist-skill/internal/telemetry/setup.go:29.18,31.3 1 2
github.com/SergioLacerda/strategist-skill/internal/telemetry/setup.go:33.2,34.16 2 2
github.com/SergioLacerda/strategist-skill/internal/telemetry/setup.go:34.16,36.3 1 0
github.com/SergioLacerda/strategist-skill/internal/telemetry/setup.go:38.2,41.16 2 2
github.com/SergioLacerda/strategist-skill/internal/telemetry/setup.go:41.16,43.3 1 0
github.com/SergioLacerda/strategist-skill/internal/telemetry/setup.go:45.2,55.25 5 2
github.com/SergioLacerda/strategist-skill/internal/telemetry/tracer.go:13.28,15.2 1 2
github.com/SergioLacerda/strategist-skill/internal/testutil/testutil.go:16.52,25.2 8 0
github.com/SergioLacerda/strategist-skill/internal/testutil/testutil.go:28.51,37.2 8 0
github.com/SergioLacerda/strategist-skill/internal/testutil/testutil.go:42.44,51.2 8 0
github.com/SergioLacerda/strategist-skill/internal/testutil/testutil.go:16.52,25.2 8 0
github.com/SergioLacerda/strategist-skill/internal/testutil/testutil.go:28.51,37.2 8 0
github.com/SergioLacerda/strategist-skill/internal/testutil/testutil.go:42.44,51.2 8 0
