mode: set
github.com/SergioLacerda/strategist-skill/cmd/strategist/check.go:43.60,45.17 2 1
github.com/SergioLacerda/strategist-skill/cmd/strategist/check.go:45.17,47.21 2 1
github.com/SergioLacerda/strategist-skill/cmd/strategist/check.go:47.21,49.5 1 0
github.com/SergioLacerda/strategist-skill/cmd/strategist/check.go:50.4,51.22 2 1
github.com/SergioLacerda/strategist-skill/cmd/strategist/check.go:51.22,53.5 1 1
github.com/SergioLacerda/strategist-skill/cmd/strategist/check.go:54.4,54.21 1 0
github.com/SergioLacerda/strategist-skill/cmd/strategist/check.go:57.3,58.17 2 1
github.com/SergioLacerda/strategist-skill/cmd/strategist/check.go:58.17,60.4 1 1
github.com/SergioLacerda/strategist-skill/cmd/strategist/check.go:61.3,67.16 2 1
github.com/SergioLacerda/strategist-skill/cmd/strategist/check.go:67.16,68.21 1 1
github.com/SergioLacerda/strategist-skill/cmd/strategist/check.go:68.21,71.5 2 1
github.com/SergioLacerda/strategist-skill/cmd/strategist/check.go:72.4,72.14 1 1
github.com/SergioLacerda/strategist-skill/cmd/strategist/check.go:75.3,77.17 3 1
github.com/SergioLacerda/strategist-skill/cmd/strategist/check.go:77.17,78.26 1 1
github.com/SergioLacerda/strategist-skill/cmd/strategist/check.go:78.26,80.5 1 1
github.com/SergioLacerda/strategist-skill/cmd/strategist/check.go:81.4,81.90 1 0
github.com/SergioLacerda/strategist-skill/cmd/strategist/check.go:84.3,85.51 2 1
github.com/SergioLacerda/strategist-skill/cmd/strategist/check.go:85.51,87.4 1 0
github.com/SergioLacerda/strategist-skill/cmd/strategist/check.go:89.3,89.36 1 1
github.com/SergioLacerda/strategist-skill/cmd/strategist/check.go:89.36,91.21 2 1
github.com/SergioLacerda/strategist-skill/cmd/strategist/check.go:91.21,93.5 1 1
github.com/SergioLacerda/strategist-skill/cmd/strategist/check.go:94.4,94.69 1 1
github.com/SergioLacerda/strategist-skill/cmd/strategist/check.go:97.3,97.79 1 1
github.com/SergioLacerda/strategist-skill/cmd/strategist/check.go:97.79,99.4 1 1
github.com/SergioLacerda/strategist-skill/cmd/strategist/check.go:101.3,109.73 4 1
github.com/SergioLacerda/strategist-skill/cmd/strategist/check.go:109.73,111.22 2 1
github.com/SergioLacerda/strategist-skill/cmd/strategist/check.go:111.22,113.13 2 0
github.com/SergioLacerda/strategist-skill/cmd/strategist/check.go:115.4,116.20 2 1
github.com/SergioLacerda/strategist-skill/cmd/strategist/check.go:116.20,118.13 2 1
github.com/SergioLacerda/strategist-skill/cmd/strategist/check.go:120.4,120.27 1 1
github.com/SergioLacerda/strategist-skill/cmd/strategist/check.go:124.3,124.21 1 1
github.com/SergioLacerda/strategist-skill/cmd/strategist/check.go:124.21,126.4 1 1
github.com/SergioLacerda/strategist-skill/cmd/strategist/check.go:126.9,129.25 3 1
github.com/SergioLacerda/strategist-skill/cmd/strategist/check.go:129.25,131.5 1 1
github.com/SergioLacerda/strategist-skill/cmd/strategist/check.go:131.10,133.72 2 1
github.com/SergioLacerda/strategist-skill/cmd/strategist/check.go:133.72,135.6 1 0
github.com/SergioLacerda/strategist-skill/cmd/strategist/check.go:135.11,135.67 1 1
github.com/SergioLacerda/strategist-skill/cmd/strategist/check.go:135.67,137.6 1 1
github.com/SergioLacerda/strategist-skill/cmd/strategist/check.go:141.3,143.21 3 1
github.com/SergioLacerda/strategist-skill/cmd/strategist/check.go:143.21,145.4 1 0
github.com/SergioLacerda/strategist-skill/cmd/strategist/check.go:147.3,147.18 1 1
github.com/SergioLacerda/strategist-skill/cmd/strategist/check.go:147.18,149.4 1 1
github.com/SergioLacerda/strategist-skill/cmd/strategist/check.go:151.3,152.73 2 1
github.com/SergioLacerda/strategist-skill/cmd/strategist/check.go:152.73,153.29 1 1
github.com/SergioLacerda/strategist-skill/cmd/strategist/check.go:153.29,155.10 2 0
github.com/SergioLacerda/strategist-skill/cmd/strategist/check.go:158.3,158.59 1 1
github.com/SergioLacerda/strategist-skill/cmd/strategist/check.go:158.59,160.4 1 1
github.com/SergioLacerda/strategist-skill/cmd/strategist/check.go:161.3,166.20 2 1
github.com/SergioLacerda/strategist-skill/cmd/strategist/check.go:166.20,168.4 1 1
github.com/SergioLacerda/strategist-skill/cmd/strategist/check.go:170.3,170.20 1 1
github.com/SergioLacerda/strategist-skill/cmd/strategist/check.go:170.20,171.27 1 1
github.com/SergioLacerda/strategist-skill/cmd/strategist/check.go:171.27,173.5 1 1
github.com/SergioLacerda/strategist-skill/cmd/strategist/check.go:174.4,174.85 1 1
github.com/SergioLacerda/strategist-skill/cmd/strategist/check.go:177.3,177.67 1 1
github.com/SergioLacerda/strategist-skill/cmd/strategist/check.go:181.13,188.2 6 1
github.com/SergioLacerda/strategist-skill/cmd/strategist/check_content_lang.go:23.59,24.19 1 1
github.com/SergioLacerda/strategist-skill/cmd/strategist/check_content_lang.go:24.19,26.3 1 0
github.com/SergioLacerda/strategist-skill/cmd/strategist/check_content_lang.go:28.2,29.16 2 1
github.com/SergioLacerda/strategist-skill/cmd/strategist/check_content_lang.go:29.16,31.3 1 1
github.com/SergioLacerda/strategist-skill/cmd/strategist/check_content_lang.go:32.2,33.16 2 1
github.com/SergioLacerda/strategist-skill/cmd/strategist/check_content_lang.go:33.16,35.3 1 1
github.com/SergioLacerda/strategist-skill/cmd/strategist/check_content_lang.go:36.2,37.16 2 1
github.com/SergioLacerda/strategist-skill/cmd/strategist/check_content_lang.go:37.16,39.3 1 0
github.com/SergioLacerda/strategist-skill/cmd/strategist/check_content_lang.go:40.2,41.12 2 1
github.com/SergioLacerda/strategist-skill/cmd/strategist/check_content_lang.go:48.80,51.16 3 1
github.com/SergioLacerda/strategist-skill/cmd/strategist/check_content_lang.go:51.16,53.3 1 1
github.com/SergioLacerda/strategist-skill/cmd/strategist/check_content_lang.go:54.2,54.15 1 1
github.com/SergioLacerda/strategist-skill/cmd/strategist/check_content_lang.go:54.15,54.32 1 1
github.com/SergioLacerda/strategist-skill/cmd/strategist/check_content_lang.go:56.2,57.16 2 1
github.com/SergioLacerda/strategist-skill/cmd/strategist/check_content_lang.go:57.16,59.3 1 1
github.com/SergioLacerda/strategist-skill/cmd/strategist/check_content_lang.go:60.2,60.15 1 1
github.com/SergioLacerda/strategist-skill/cmd/strategist/check_content_lang.go:60.15,60.33 1 1
github.com/SergioLacerda/strategist-skill/cmd/strategist/check_content_lang.go:62.2,63.62 2 1
github.com/SergioLacerda/strategist-skill/cmd/strategist/check_content_lang.go:63.62,65.3 1 0
github.com/SergioLacerda/strategist-skill/cmd/strategist/check_content_lang.go:66.2,66.22 1 1
github.com/SergioLacerda/strategist-skill/cmd/strategist/check_content_lang.go:69.62,70.24 1 1
github.com/SergioLacerda/strategist-skill/cmd/strategist/check_content_lang.go:70.24,72.3 1 1
github.com/SergioLacerda/strategist-skill/cmd/strategist/check_content_lang.go:73.2,73.94 1 0
github.com/SergioLacerda/strategist-skill/cmd/strategist/check_content_lang.go:76.97,78.16 2 1
github.com/SergioLacerda/strategist-skill/cmd/strategist/check_content_lang.go:78.16,80.3 1 1
github.com/SergioLacerda/strategist-skill/cmd/strategist/check_content_lang.go:81.2,82.16 2 1
github.com/SergioLacerda/strategist-skill/cmd/strategist/check_content_lang.go:82.16,84.3 1 1
github.com/SergioLacerda/strategist-skill/cmd/strategist/check_content_lang.go:85.2,85.109 1 1
github.com/SergioLacerda/strategist-skill/cmd/strategist/check_content_lang.go:88.90,90.9 2 1
github.com/SergioLacerda/strategist-skill/cmd/strategist/check_content_lang.go:90.9,93.3 1 1
github.com/SergioLacerda/strategist-skill/cmd/strategist/check_content_lang.go:94.2,95.9 2 1
github.com/SergioLacerda/strategist-skill/cmd/strategist/check_content_lang.go:95.9,97.3 1 1
github.com/SergioLacerda/strategist-skill/cmd/strategist/check_content_lang.go:98.2,98.24 1 1
github.com/SergioLacerda/strategist-skill/cmd/strategist/check_content_lang.go:101.88,103.9 2 1
github.com/SergioLacerda/strategist-skill/cmd/strategist/check_content_lang.go:103.9,105.3 1 1
github.com/SergioLacerda/strategist-skill/cmd/strategist/check_content_lang.go:106.2,107.9 2 1
github.com/SergioLacerda/strategist-skill/cmd/strategist/check_content_lang.go:107.9,110.3 1 1
github.com/SergioLacerda/strategist-skill/cmd/strategist/check_content_lang.go:111.2,111.25 1 1
github.com/SergioLacerda/strategist-skill/cmd/strategist/check_content_lang.go:114.114,116.9 2 1
github.com/SergioLacerda/strategist-skill/cmd/strategist/check_content_lang.go:116.9,118.3 1 1
github.com/SergioLacerda/strategist-skill/cmd/strategist/check_content_lang.go:119.2,119.32 1 1
github.com/SergioLacerda/strategist-skill/cmd/strategist/check_content_lang.go:119.32,121.3 1 1
github.com/SergioLacerda/strategist-skill/cmd/strategist/check_content_lang.go:122.2,122.15 1 1
github.com/SergioLacerda/strategist-skill/cmd/strategist/check_content_lang.go:125.44,127.19 2 1
github.com/SergioLacerda/strategist-skill/cmd/strategist/check_content_lang.go:127.19,129.3 1 1
github.com/SergioLacerda/strategist-skill/cmd/strategist/check_content_lang.go:130.2,131.13 2 1
github.com/SergioLacerda/strategist-skill/cmd/strategist/check_f3_conflict.go:14.93,17.16 3 1
github.com/SergioLacerda/strategist-skill/cmd/strategist/check_f3_conflict.go:17.16,19.3 1 0
github.com/SergioLacerda/strategist-skill/cmd/strategist/check_f3_conflict.go:20.2,25.16 2 1
github.com/SergioLacerda/strategist-skill/cmd/strategist/check_f3_conflict.go:25.16,27.3 1 0
github.com/SergioLacerda/strategist-skill/cmd/strategist/check_f3_conflict.go:28.2,28.88 1 1
github.com/SergioLacerda/strategist-skill/cmd/strategist/check_f3_conflict.go:28.88,30.3 1 1
github.com/SergioLacerda/strategist-skill/cmd/strategist/check_f3_conflict.go:31.2,31.12 1 1
github.com/SergioLacerda/strategist-skill/cmd/strategist/check_f3_conflict.go:34.80,37.36 2 1
github.com/SergioLacerda/strategist-skill/cmd/strategist/check_f3_conflict.go:37.36,39.31 2 1
github.com/SergioLacerda/strategist-skill/cmd/strategist/check_f3_conflict.go:39.31,43.4 1 1
github.com/SergioLacerda/strategist-skill/cmd/strategist/check_f3_conflict.go:46.3,46.79 1 1
github.com/SergioLacerda/strategist-skill/cmd/strategist/check_f3_conflict.go:49.2,51.16 3 0
github.com/SergioLacerda/strategist-skill/cmd/strategist/check_f3_conflict.go:51.16,53.3 1 0
github.com/SergioLacerda/strategist-skill/cmd/strategist/check_f3_conflict.go:54.2,54.44 1 0
github.com/SergioLacerda/strategist-skill/cmd/strategist/check_f3_conflict.go:57.45,59.48 2 1
github.com/SergioLacerda/strategist-skill/cmd/strategist/check_f3_conflict.go:59.48,61.17 2 1
github.com/SergioLacerda/strategist-skill/cmd/strategist/check_f3_conflict.go:61.17,62.12 1 1
github.com/SergioLacerda/strategist-skill/cmd/strategist/check_f3_conflict.go:64.3,65.19 2 1
github.com/SergioLacerda/strategist-skill/cmd/strategist/check_f3_conflict.go:65.19,67.4 1 1
github.com/SergioLacerda/strategist-skill/cmd/strategist/check_f3_conflict.go:69.2,69.14 1 1
github.com/SergioLacerda/strategist-skill/cmd/strategist/check_identity.go:21.49,23.39 2 1
github.com/SergioLacerda/strategist-skill/cmd/strategist/check_identity.go:23.39,24.70 1 1
github.com/SergioLacerda/strategist-skill/cmd/strategist/check_identity.go:24.70,26.4 1 1
github.com/SergioLacerda/strategist-skill/cmd/strategist/check_identity.go:28.2,28.16 1 1
github.com/SergioLacerda/strategist-skill/cmd/strategist/check_identity.go:33.57,35.23 2 1
github.com/SergioLacerda/strategist-skill/cmd/strategist/check_identity.go:35.23,37.3 1 1
github.com/SergioLacerda/strategist-skill/cmd/strategist/check_identity.go:38.2,41.3 1 1
github.com/SergioLacerda/strategist-skill/cmd/strategist/check_output.go:9.124,14.35 3 1
github.com/SergioLacerda/strategist-skill/cmd/strategist/check_output.go:14.35,14.78 1 1
github.com/SergioLacerda/strategist-skill/cmd/strategist/check_output.go:15.35,15.95 1 1
github.com/SergioLacerda/strategist-skill/cmd/strategist/check_output.go:16.35,16.79 1 1
github.com/SergioLacerda/strategist-skill/cmd/strategist/check_output.go:17.4,18.36 1 1
github.com/SergioLacerda/strategist-skill/cmd/strategist/check_output.go:18.36,20.4 1 0
github.com/SergioLacerda/strategist-skill/cmd/strategist/check_output.go:22.2,22.34 1 1
github.com/SergioLacerda/strategist-skill/cmd/strategist/check_output.go:22.34,24.3 1 0
github.com/SergioLacerda/strategist-skill/cmd/strategist/check_output.go:25.2,25.12 1 1
github.com/SergioLacerda/strategist-skill/cmd/strategist/check_output.go:28.70,29.55 1 1
github.com/SergioLacerda/strategist-skill/cmd/strategist/check_output.go:29.55,31.3 1 0
github.com/SergioLacerda/strategist-skill/cmd/strategist/check_output.go:32.2,32.67 1 1
github.com/SergioLacerda/strategist-skill/cmd/strategist/check_output.go:32.67,34.3 1 0
github.com/SergioLacerda/strategist-skill/cmd/strategist/check_output.go:35.2,35.49 1 1
github.com/SergioLacerda/strategist-skill/cmd/strategist/check_output.go:35.49,37.3 1 0
github.com/SergioLacerda/strategist-skill/cmd/strategist/check_output.go:38.2,38.12 1 1
github.com/SergioLacerda/strategist-skill/cmd/strategist/check_output.go:41.124,42.54 1 1
github.com/SergioLacerda/strategist-skill/cmd/strategist/check_output.go:42.54,44.3 1 0
github.com/SergioLacerda/strategist-skill/cmd/strategist/check_output.go:45.2,45.72 1 1
github.com/SergioLacerda/strategist-skill/cmd/strategist/check_output.go:45.72,47.98 2 1
github.com/SergioLacerda/strategist-skill/cmd/strategist/check_output.go:47.98,49.4 1 0
github.com/SergioLacerda/strategist-skill/cmd/strategist/check_output.go:51.2,51.49 1 1
github.com/SergioLacerda/strategist-skill/cmd/strategist/check_output.go:51.49,53.3 1 0
github.com/SergioLacerda/strategist-skill/cmd/strategist/check_output.go:54.2,54.12 1 1
github.com/SergioLacerda/strategist-skill/cmd/strategist/check_output.go:57.71,58.56 1 1
github.com/SergioLacerda/strategist-skill/cmd/strategist/check_output.go:58.56,60.3 1 0
github.com/SergioLacerda/strategist-skill/cmd/strategist/check_output.go:61.2,61.64 1 1
github.com/SergioLacerda/strategist-skill/cmd/strategist/check_output.go:61.64,63.3 1 0
github.com/SergioLacerda/strategist-skill/cmd/strategist/check_output.go:64.2,64.12 1 1
github.com/SergioLacerda/strategist-skill/cmd/strategist/check_runtime.go:18.44,23.41 4 1
github.com/SergioLacerda/strategist-skill/cmd/strategist/check_runtime.go:23.41,25.66 2 1
github.com/SergioLacerda/strategist-skill/cmd/strategist/check_runtime.go:25.66,27.4 1 1
github.com/SergioLacerda/strategist-skill/cmd/strategist/check_runtime.go:30.2,31.16 2 1
github.com/SergioLacerda/strategist-skill/cmd/strategist/check_runtime.go:31.16,33.3 1 0
github.com/SergioLacerda/strategist-skill/cmd/strategist/check_runtime.go:34.2,34.26 1 1
github.com/SergioLacerda/strategist-skill/cmd/strategist/check_runtime.go:34.26,36.3 1 1
github.com/SergioLacerda/strategist-skill/cmd/strategist/check_runtime.go:38.2,38.13 1 1
github.com/SergioLacerda/strategist-skill/cmd/strategist/check_runtime.go:41.57,45.24 4 1
github.com/SergioLacerda/strategist-skill/cmd/strategist/check_runtime.go:45.24,47.3 1 0
github.com/SergioLacerda/strategist-skill/cmd/strategist/check_runtime.go:49.2,49.60 1 1
github.com/SergioLacerda/strategist-skill/cmd/strategist/check_runtime.go:49.60,51.9 2 1
github.com/SergioLacerda/strategist-skill/cmd/strategist/check_runtime.go:51.9,53.4 1 1
github.com/SergioLacerda/strategist-skill/cmd/strategist/check_runtime.go:56.2,56.13 1 1
github.com/SergioLacerda/strategist-skill/cmd/strategist/check_runtime.go:65.18,68.20 3 1
github.com/SergioLacerda/strategist-skill/cmd/strategist/check_runtime.go:68.20,69.29 1 1
github.com/SergioLacerda/strategist-skill/cmd/strategist/check_runtime.go:69.29,71.4 1 1
github.com/SergioLacerda/strategist-skill/cmd/strategist/check_runtime.go:72.3,72.79 1 0
github.com/SergioLacerda/strategist-skill/cmd/strategist/check_runtime.go:75.2,76.21 2 1
github.com/SergioLacerda/strategist-skill/cmd/strategist/check_runtime.go:76.21,78.3 1 0
github.com/SergioLacerda/strategist-skill/cmd/strategist/check_runtime.go:79.2,79.47 1 1
github.com/SergioLacerda/strategist-skill/cmd/strategist/check_runtime.go:79.47,81.3 1 1
github.com/SergioLacerda/strategist-skill/cmd/strategist/check_runtime.go:82.2,85.9 1 1
github.com/SergioLacerda/strategist-skill/cmd/strategist/check_runtime.go:94.33,95.43 1 1
github.com/SergioLacerda/strategist-skill/cmd/strategist/check_runtime.go:95.43,97.3 1 1
github.com/SergioLacerda/strategist-skill/cmd/strategist/check_runtime.go:98.2,99.9 2 1
github.com/SergioLacerda/strategist-skill/cmd/strategist/check_runtime.go:99.9,101.3 1 0
github.com/SergioLacerda/strategist-skill/cmd/strategist/check_runtime.go:102.2,102.57 1 1
github.com/SergioLacerda/strategist-skill/cmd/strategist/check_runtime.go:102.57,104.3 1 1
github.com/SergioLacerda/strategist-skill/cmd/strategist/check_runtime.go:105.2,105.39 1 1
github.com/SergioLacerda/strategist-skill/cmd/strategist/check_runtime.go:108.77,111.16 3 1
github.com/SergioLacerda/strategist-skill/cmd/strategist/check_runtime.go:111.16,112.37 1 1
github.com/SergioLacerda/strategist-skill/cmd/strategist/check_runtime.go:112.37,114.4 1 1
github.com/SergioLacerda/strategist-skill/cmd/strategist/check_runtime.go:115.3,115.87 1 0
github.com/SergioLacerda/strategist-skill/cmd/strategist/check_runtime.go:117.2,118.56 2 1
github.com/SergioLacerda/strategist-skill/cmd/strategist/check_runtime.go:118.56,120.3 1 0
github.com/SergioLacerda/strategist-skill/cmd/strategist/check_runtime.go:121.2,121.28 1 1
github.com/SergioLacerda/strategist-skill/cmd/strategist/check_simulate.go:13.157,15.105 2 1
github.com/SergioLacerda/strategist-skill/cmd/strategist/check_simulate.go:15.105,17.3 1 0
github.com/SergioLacerda/strategist-skill/cmd/strategist/check_simulate.go:18.2,18.34 1 1
github.com/SergioLacerda/strategist-skill/cmd/strategist/check_simulate.go:18.34,20.3 1 0
github.com/SergioLacerda/strategist-skill/cmd/strategist/check_simulate.go:21.2,21.19 1 1
github.com/SergioLacerda/strategist-skill/cmd/strategist/check_simulate.go:21.19,23.3 1 1
github.com/SergioLacerda/strategist-skill/cmd/strategist/check_simulate.go:24.2,24.12 1 1
github.com/SergioLacerda/strategist-skill/cmd/strategist/check_simulate.go:35.60,36.18 1 1
github.com/SergioLacerda/strategist-skill/cmd/strategist/check_simulate.go:36.18,38.3 1 1
github.com/SergioLacerda/strategist-skill/cmd/strategist/check_simulate.go:39.2,39.61 1 1
github.com/SergioLacerda/strategist-skill/cmd/strategist/check_simulate.go:39.61,41.3 1 1
github.com/SergioLacerda/strategist-skill/cmd/strategist/check_simulate.go:46.178,62.2 13 1
github.com/SergioLacerda/strategist-skill/cmd/strategist/check_simulate.go:64.114,65.72 1 1
github.com/SergioLacerda/strategist-skill/cmd/strategist/check_simulate.go:65.72,67.28 2 1
github.com/SergioLacerda/strategist-skill/cmd/strategist/check_simulate.go:67.28,69.4 1 1
github.com/SergioLacerda/strategist-skill/cmd/strategist/check_simulate.go:70.3,71.93 2 1
github.com/SergioLacerda/strategist-skill/cmd/strategist/check_simulate.go:75.64,76.20 1 1
github.com/SergioLacerda/strategist-skill/cmd/strategist/check_simulate.go:76.20,78.3 1 1
github.com/SergioLacerda/strategist-skill/cmd/strategist/check_simulate.go:79.2,81.25 3 1
github.com/SergioLacerda/strategist-skill/cmd/strategist/check_simulate.go:81.25,83.3 1 1
github.com/SergioLacerda/strategist-skill/cmd/strategist/check_slots.go:48.80,51.20 3 1
github.com/SergioLacerda/strategist-skill/cmd/strategist/check_slots.go:51.20,53.3 1 1
github.com/SergioLacerda/strategist-skill/cmd/strategist/check_slots.go:54.2,54.29 1 1
github.com/SergioLacerda/strategist-skill/cmd/strategist/check_slots.go:54.29,56.3 1 0
github.com/SergioLacerda/strategist-skill/cmd/strategist/check_slots.go:57.2,57.63 1 1
github.com/SergioLacerda/strategist-skill/cmd/strategist/check_slots.go:60.107,64.68 2 1
github.com/SergioLacerda/strategist-skill/cmd/strategist/check_slots.go:64.68,66.3 1 0
github.com/SergioLacerda/strategist-skill/cmd/strategist/check_slots.go:67.2,68.36 2 1
github.com/SergioLacerda/strategist-skill/cmd/strategist/check_slots.go:68.36,70.3 1 1
github.com/SergioLacerda/strategist-skill/cmd/strategist/check_slots.go:71.2,71.79 1 1
github.com/SergioLacerda/strategist-skill/cmd/strategist/check_slots.go:74.93,77.20 3 1
github.com/SergioLacerda/strategist-skill/cmd/strategist/check_slots.go:77.20,78.29 1 1
github.com/SergioLacerda/strategist-skill/cmd/strategist/check_slots.go:78.29,80.4 1 1
github.com/SergioLacerda/strategist-skill/cmd/strategist/check_slots.go:81.3,81.99 1 0
github.com/SergioLacerda/strategist-skill/cmd/strategist/check_slots.go:83.2,84.66 2 1
github.com/SergioLacerda/strategist-skill/cmd/strategist/check_slots.go:84.66,86.3 1 0
github.com/SergioLacerda/strategist-skill/cmd/strategist/check_slots.go:87.2,87.49 1 1
github.com/SergioLacerda/strategist-skill/cmd/strategist/check_slots.go:87.49,89.3 1 1
github.com/SergioLacerda/strategist-skill/cmd/strategist/check_slots.go:90.2,90.26 1 1
github.com/SergioLacerda/strategist-skill/cmd/strategist/check_slots.go:90.26,92.3 1 1
github.com/SergioLacerda/strategist-skill/cmd/strategist/check_slots.go:93.2,93.75 1 1
github.com/SergioLacerda/strategist-skill/cmd/strategist/check_stale.go:31.13,34.2 2 1
github.com/SergioLacerda/strategist-skill/cmd/strategist/check_stale.go:36.61,40.16 3 1
github.com/SergioLacerda/strategist-skill/cmd/strategist/check_stale.go:40.16,42.3 1 1
github.com/SergioLacerda/strategist-skill/cmd/strategist/check_stale.go:43.2,44.16 2 1
github.com/SergioLacerda/strategist-skill/cmd/strategist/check_stale.go:44.16,47.3 2 0
github.com/SergioLacerda/strategist-skill/cmd/strategist/check_stale.go:48.2,59.16 3 1
github.com/SergioLacerda/strategist-skill/cmd/strategist/check_stale.go:59.16,64.3 4 1
github.com/SergioLacerda/strategist-skill/cmd/strategist/check_stale.go:66.2,80.54 4 1
github.com/SergioLacerda/strategist-skill/cmd/strategist/check_stale.go:80.54,82.3 1 0
github.com/SergioLacerda/strategist-skill/cmd/strategist/check_stale.go:83.2,83.18 1 1
github.com/SergioLacerda/strategist-skill/cmd/strategist/check_stale.go:83.18,85.3 1 0
github.com/SergioLacerda/strategist-skill/cmd/strategist/check_stale.go:86.2,86.12 1 1
github.com/SergioLacerda/strategist-skill/cmd/strategist/check_stale.go:89.55,90.20 1 1
github.com/SergioLacerda/strategist-skill/cmd/strategist/check_stale.go:90.20,92.17 2 1
github.com/SergioLacerda/strategist-skill/cmd/strategist/check_stale.go:92.17,94.4 1 0
github.com/SergioLacerda/strategist-skill/cmd/strategist/check_stale.go:95.3,96.13 2 1
github.com/SergioLacerda/strategist-skill/cmd/strategist/check_stale.go:98.2,98.38 1 1
github.com/SergioLacerda/strategist-skill/cmd/strategist/check_stale.go:98.38,99.30 1 1
github.com/SergioLacerda/strategist-skill/cmd/strategist/check_stale.go:99.30,102.4 2 1
github.com/SergioLacerda/strategist-skill/cmd/strategist/check_stale.go:103.3,103.76 1 0
github.com/SergioLacerda/strategist-skill/cmd/strategist/check_stale.go:105.2,105.12 1 1
github.com/SergioLacerda/strategist-skill/cmd/strategist/compile.go:27.64,28.23 1 1
github.com/SergioLacerda/strategist-skill/cmd/strategist/compile.go:28.23,29.46 1 1
github.com/SergioLacerda/strategist-skill/cmd/strategist/compile.go:29.46,31.4 1 1
github.com/SergioLacerda/strategist-skill/cmd/strategist/compile.go:34.2,37.15 4 1
github.com/SergioLacerda/strategist-skill/cmd/strategist/compile.go:37.15,38.20 1 1
github.com/SergioLacerda/strategist-skill/cmd/strategist/compile.go:38.20,41.4 2 1
github.com/SergioLacerda/strategist-skill/cmd/strategist/compile.go:42.3,42.13 1 1
github.com/SergioLacerda/strategist-skill/cmd/strategist/compile.go:45.2,55.61 5 1
github.com/SergioLacerda/strategist-skill/cmd/strategist/compile.go:55.61,57.3 1 1
github.com/SergioLacerda/strategist-skill/cmd/strategist/compile.go:59.2,70.12 5 1
github.com/SergioLacerda/strategist-skill/cmd/strategist/compile.go:73.33,76.2 2 1
github.com/SergioLacerda/strategist-skill/cmd/strategist/compile.go:78.42,79.61 1 1
github.com/SergioLacerda/strategist-skill/cmd/strategist/compile.go:79.61,81.3 1 0
github.com/SergioLacerda/strategist-skill/cmd/strategist/compile.go:84.74,93.2 1 1
github.com/SergioLacerda/strategist-skill/cmd/strategist/compile.go:95.51,98.16 3 1
github.com/SergioLacerda/strategist-skill/cmd/strategist/compile.go:98.16,101.3 2 0
github.com/SergioLacerda/strategist-skill/cmd/strategist/compile.go:102.2,102.106 1 1
github.com/SergioLacerda/strategist-skill/cmd/strategist/compile.go:102.106,104.3 1 1
github.com/SergioLacerda/strategist-skill/cmd/strategist/compile.go:105.2,105.80 1 1
github.com/SergioLacerda/strategist-skill/cmd/strategist/compile.go:108.13,110.2 1 1
github.com/SergioLacerda/strategist-skill/cmd/strategist/dojo.go:46.58,50.16 3 1
github.com/SergioLacerda/strategist-skill/cmd/strategist/dojo.go:50.16,52.3 1 1
github.com/SergioLacerda/strategist-skill/cmd/strategist/dojo.go:54.2,56.16 3 1
github.com/SergioLacerda/strategist-skill/cmd/strategist/dojo.go:56.16,58.3 1 1
github.com/SergioLacerda/strategist-skill/cmd/strategist/dojo.go:60.2,65.48 5 1
github.com/SergioLacerda/strategist-skill/cmd/strategist/dojo.go:65.48,67.3 1 0
github.com/SergioLacerda/strategist-skill/cmd/strategist/dojo.go:68.2,70.22 2 1
github.com/SergioLacerda/strategist-skill/cmd/strategist/dojo.go:70.22,72.3 1 1
github.com/SergioLacerda/strategist-skill/cmd/strategist/dojo.go:73.2,73.12 1 1
github.com/SergioLacerda/strategist-skill/cmd/strategist/dojo.go:80.105,81.84 1 1
github.com/SergioLacerda/strategist-skill/cmd/strategist/dojo.go:81.84,83.3 1 0
github.com/SergioLacerda/strategist-skill/cmd/strategist/dojo.go:84.2,84.59 1 1
github.com/SergioLacerda/strategist-skill/cmd/strategist/dojo.go:84.59,86.3 1 0
github.com/SergioLacerda/strategist-skill/cmd/strategist/dojo.go:89.54,91.16 2 1
github.com/SergioLacerda/strategist-skill/cmd/strategist/dojo.go:91.16,93.3 1 1
github.com/SergioLacerda/strategist-skill/cmd/strategist/dojo.go:95.2,97.16 3 1
github.com/SergioLacerda/strategist-skill/cmd/strategist/dojo.go:97.16,99.3 1 1
github.com/SergioLacerda/strategist-skill/cmd/strategist/dojo.go:101.2,102.63 2 1
github.com/SergioLacerda/strategist-skill/cmd/strategist/dojo.go:102.63,104.3 1 0
github.com/SergioLacerda/strategist-skill/cmd/strategist/dojo.go:105.2,105.34 1 1
github.com/SergioLacerda/strategist-skill/cmd/strategist/dojo.go:105.34,107.3 1 0
github.com/SergioLacerda/strategist-skill/cmd/strategist/dojo.go:108.2,108.12 1 1
github.com/SergioLacerda/strategist-skill/cmd/strategist/dojo.go:111.90,112.28 1 1
github.com/SergioLacerda/strategist-skill/cmd/strategist/dojo.go:112.28,113.39 1 1
github.com/SergioLacerda/strategist-skill/cmd/strategist/dojo.go:113.39,114.12 1 1
github.com/SergioLacerda/strategist-skill/cmd/strategist/dojo.go:116.3,116.101 1 1
github.com/SergioLacerda/strategist-skill/cmd/strategist/dojo.go:116.101,118.4 1 0
github.com/SergioLacerda/strategist-skill/cmd/strategist/dojo.go:120.2,120.12 1 1
github.com/SergioLacerda/strategist-skill/cmd/strategist/dojo.go:123.62,124.43 1 1
github.com/SergioLacerda/strategist-skill/cmd/strategist/dojo.go:124.43,126.3 1 0
github.com/SergioLacerda/strategist-skill/cmd/strategist/dojo.go:127.2,127.52 1 1
github.com/SergioLacerda/strategist-skill/cmd/strategist/dojo.go:130.55,133.16 3 1
github.com/SergioLacerda/strategist-skill/cmd/strategist/dojo.go:133.16,135.3 1 0
github.com/SergioLacerda/strategist-skill/cmd/strategist/dojo.go:136.2,137.36 2 1
github.com/SergioLacerda/strategist-skill/cmd/strategist/dojo.go:137.36,139.3 1 0
github.com/SergioLacerda/strategist-skill/cmd/strategist/dojo.go:140.2,140.22 1 1
github.com/SergioLacerda/strategist-skill/cmd/strategist/dojo.go:143.81,145.26 2 1
github.com/SergioLacerda/strategist-skill/cmd/strategist/dojo.go:145.26,147.3 1 1
github.com/SergioLacerda/strategist-skill/cmd/strategist/dojo.go:149.2,150.16 2 1
github.com/SergioLacerda/strategist-skill/cmd/strategist/dojo.go:150.16,152.3 1 1
github.com/SergioLacerda/strategist-skill/cmd/strategist/dojo.go:153.2,154.50 2 1
github.com/SergioLacerda/strategist-skill/cmd/strategist/dojo.go:154.50,156.3 1 1
github.com/SergioLacerda/strategist-skill/cmd/strategist/dojo.go:157.2,157.24 1 1
github.com/SergioLacerda/strategist-skill/cmd/strategist/dojo.go:157.24,159.3 1 1
github.com/SergioLacerda/strategist-skill/cmd/strategist/dojo.go:160.2,161.31 2 1
github.com/SergioLacerda/strategist-skill/cmd/strategist/dojo.go:161.31,163.3 1 1
github.com/SergioLacerda/strategist-skill/cmd/strategist/dojo.go:164.2,164.38 1 1
github.com/SergioLacerda/strategist-skill/cmd/strategist/dojo.go:167.53,168.17 1 1
github.com/SergioLacerda/strategist-skill/cmd/strategist/dojo.go:168.17,170.3 1 1
github.com/SergioLacerda/strategist-skill/cmd/strategist/dojo.go:171.2,172.18 2 1
github.com/SergioLacerda/strategist-skill/cmd/strategist/dojo.go:172.18,174.3 1 1
github.com/SergioLacerda/strategist-skill/cmd/strategist/dojo.go:175.2,175.64 1 1
github.com/SergioLacerda/strategist-skill/cmd/strategist/dojo.go:178.60,179.21 1 1
github.com/SergioLacerda/strategist-skill/cmd/strategist/dojo.go:179.21,181.3 1 1
github.com/SergioLacerda/strategist-skill/cmd/strategist/dojo.go:182.2,182.102 1 1
github.com/SergioLacerda/strategist-skill/cmd/strategist/dojo.go:185.59,191.36 3 1
github.com/SergioLacerda/strategist-skill/cmd/strategist/dojo.go:191.36,193.3 1 1
github.com/SergioLacerda/strategist-skill/cmd/strategist/dojo.go:194.2,195.29 2 1
github.com/SergioLacerda/strategist-skill/cmd/strategist/dojo.go:195.29,196.48 1 1
github.com/SergioLacerda/strategist-skill/cmd/strategist/dojo.go:196.48,198.4 1 0
github.com/SergioLacerda/strategist-skill/cmd/strategist/dojo.go:200.2,200.34 1 1
github.com/SergioLacerda/strategist-skill/cmd/strategist/dojo.go:200.34,202.3 1 0
github.com/SergioLacerda/strategist-skill/cmd/strategist/dojo.go:203.2,203.12 1 1
github.com/SergioLacerda/strategist-skill/cmd/strategist/dojo.go:206.13,214.2 6 1
github.com/SergioLacerda/strategist-skill/cmd/strategist/install.go:49.64,50.44 1 1
github.com/SergioLacerda/strategist-skill/cmd/strategist/install.go:50.44,52.3 1 1
github.com/SergioLacerda/strategist-skill/cmd/strategist/install.go:54.2,55.16 2 1
github.com/SergioLacerda/strategist-skill/cmd/strategist/install.go:55.16,57.3 1 0
github.com/SergioLacerda/strategist-skill/cmd/strategist/install.go:58.2,63.15 5 1
github.com/SergioLacerda/strategist-skill/cmd/strategist/install.go:63.15,64.20 1 1
github.com/SergioLacerda/strategist-skill/cmd/strategist/install.go:64.20,67.4 2 1
github.com/SergioLacerda/strategist-skill/cmd/strategist/install.go:68.3,68.13 1 1
github.com/SergioLacerda/strategist-skill/cmd/strategist/install.go:71.2,80.16 4 1
github.com/SergioLacerda/strategist-skill/cmd/strategist/install.go:80.16,82.3 1 0
github.com/SergioLacerda/strategist-skill/cmd/strategist/install.go:84.2,87.46 3 1
github.com/SergioLacerda/strategist-skill/cmd/strategist/install.go:87.46,89.3 1 1
github.com/SergioLacerda/strategist-skill/cmd/strategist/install.go:91.2,105.12 5 1
github.com/SergioLacerda/strategist-skill/cmd/strategist/install.go:108.57,110.16 2 1
github.com/SergioLacerda/strategist-skill/cmd/strategist/install.go:110.16,112.3 1 1
github.com/SergioLacerda/strategist-skill/cmd/strategist/install.go:113.2,113.12 1 0
github.com/SergioLacerda/strategist-skill/cmd/strategist/install.go:116.55,118.16 2 1
github.com/SergioLacerda/strategist-skill/cmd/strategist/install.go:118.16,120.3 1 1
github.com/SergioLacerda/strategist-skill/cmd/strategist/install.go:121.2,122.12 2 0
github.com/SergioLacerda/strategist-skill/cmd/strategist/install.go:122.12,124.3 1 0
github.com/SergioLacerda/strategist-skill/cmd/strategist/install.go:127.74,136.2 1 1
github.com/SergioLacerda/strategist-skill/cmd/strategist/install.go:138.56,139.61 1 1
github.com/SergioLacerda/strategist-skill/cmd/strategist/install.go:139.61,141.3 1 0
github.com/SergioLacerda/strategist-skill/cmd/strategist/install.go:144.52,155.2 1 1
github.com/SergioLacerda/strategist-skill/cmd/strategist/install.go:157.54,165.2 1 1
github.com/SergioLacerda/strategist-skill/cmd/strategist/install.go:167.87,169.16 2 1
github.com/SergioLacerda/strategist-skill/cmd/strategist/install.go:169.16,171.3 1 0
github.com/SergioLacerda/strategist-skill/cmd/strategist/install.go:172.2,172.86 1 1
github.com/SergioLacerda/strategist-skill/cmd/strategist/install.go:175.13,184.2 8 1
github.com/SergioLacerda/strategist-skill/cmd/strategist/install_banner.go:13.43,17.2 3 1
github.com/SergioLacerda/strategist-skill/cmd/strategist/install_banner.go:19.70,21.12 2 1
github.com/SergioLacerda/strategist-skill/cmd/strategist/install_banner.go:21.12,23.3 1 1
github.com/SergioLacerda/strategist-skill/cmd/strategist/install_banner.go:24.2,25.13 2 1
github.com/SergioLacerda/strategist-skill/cmd/strategist/install_banner.go:25.13,28.3 2 1
github.com/SergioLacerda/strategist-skill/cmd/strategist/install_banner.go:29.2,29.38 1 1
github.com/SergioLacerda/strategist-skill/cmd/strategist/install_banner.go:32.53,44.2 11 1
github.com/SergioLacerda/strategist-skill/cmd/strategist/install_banner.go:46.50,54.2 7 1
github.com/SergioLacerda/strategist-skill/cmd/strategist/install_target.go:12.73,13.20 1 1
github.com/SergioLacerda/strategist-skill/cmd/strategist/install_target.go:13.20,15.3 1 1
github.com/SergioLacerda/strategist-skill/cmd/strategist/install_target.go:16.2,16.12 1 1
github.com/SergioLacerda/strategist-skill/cmd/strategist/install_target.go:16.12,18.17 2 1
github.com/SergioLacerda/strategist-skill/cmd/strategist/install_target.go:18.17,20.4 1 0
github.com/SergioLacerda/strategist-skill/cmd/strategist/install_target.go:21.3,21.19 1 1
github.com/SergioLacerda/strategist-skill/cmd/strategist/install_target.go:23.2,23.40 1 1
github.com/SergioLacerda/strategist-skill/cmd/strategist/install_target.go:23.40,24.70 1 1
github.com/SergioLacerda/strategist-skill/cmd/strategist/install_target.go:24.70,26.4 1 1
github.com/SergioLacerda/strategist-skill/cmd/strategist/install_target.go:28.2,28.17 1 1
github.com/SergioLacerda/strategist-skill/cmd/strategist/main.go:10.13,13.16 3 1
github.com/SergioLacerda/strategist-skill/cmd/strategist/main.go:13.16,20.3 1 0
github.com/SergioLacerda/strategist-skill/cmd/strategist/main.go:20.8,22.3 1 1
github.com/SergioLacerda/strategist-skill/cmd/strategist/main.go:23.2,23.11 1 1
github.com/SergioLacerda/strategist-skill/cmd/strategist/root.go:37.52,38.41 1 1
github.com/SergioLacerda/strategist-skill/cmd/strategist/root.go:38.41,39.36 1 1
github.com/SergioLacerda/strategist-skill/cmd/strategist/root.go:39.36,41.4 1 1
github.com/SergioLacerda/strategist-skill/cmd/strategist/root.go:43.2,43.14 1 1
github.com/SergioLacerda/strategist-skill/cmd/strategist/root.go:50.29,52.16 2 1
github.com/SergioLacerda/strategist-skill/cmd/strategist/root.go:52.16,54.3 1 0
github.com/SergioLacerda/strategist-skill/cmd/strategist/root.go:55.2,56.16 2 1
github.com/SergioLacerda/strategist-skill/cmd/strategist/root.go:56.16,59.3 1 1
github.com/SergioLacerda/strategist-skill/cmd/strategist/root.go:61.2,65.16 4 1
github.com/SergioLacerda/strategist-skill/cmd/strategist/root.go:65.16,71.3 2 1
github.com/SergioLacerda/strategist-skill/cmd/strategist/root.go:72.2,72.22 1 1
github.com/SergioLacerda/strategist-skill/cmd/strategist/root.go:72.22,75.3 1 1
github.com/SergioLacerda/strategist-skill/cmd/strategist/root.go:77.2,77.23 1 1
github.com/SergioLacerda/strategist-skill/cmd/strategist/root.go:78.91,79.9 1 0
github.com/SergioLacerda/strategist-skill/cmd/strategist/root.go:80.37,83.65 1 1
github.com/SergioLacerda/strategist-skill/cmd/strategist/root.go:84.36,87.70 1 0
github.com/SergioLacerda/strategist-skill/cmd/strategist/root.go:88.97,92.18 1 1
github.com/SergioLacerda/strategist-skill/cmd/strategist/root.go:96.13,97.73 1 1
github.com/SergioLacerda/strategist-skill/cmd/strategist/root.go:97.73,104.32 6 1
github.com/SergioLacerda/strategist-skill/cmd/strategist/root.go:104.32,109.4 4 0
github.com/SergioLacerda/strategist-skill/cmd/strategist/root.go:111.3,112.17 2 1
github.com/SergioLacerda/strategist-skill/cmd/strategist/root.go:112.17,114.4 1 0
github.com/SergioLacerda/strategist-skill/cmd/strategist/root.go:115.3,116.26 2 1
github.com/SergioLacerda/strategist-skill/cmd/strategist/root.go:116.26,118.4 1 0
github.com/SergioLacerda/strategist-skill/cmd/strategist/root.go:119.3,134.13 6 1
github.com/SergioLacerda/strategist-skill/cmd/strategist/root.go:136.2,136.74 1 1
github.com/SergioLacerda/strategist-skill/cmd/strategist/root.go:136.74,139.3 2 1
github.com/SergioLacerda/strategist-skill/cmd/strategist/root.go:140.2,145.32 6 1
github.com/SergioLacerda/strategist-skill/cmd/strategist/root.go:150.35,151.70 1 1
github.com/SergioLacerda/strategist-skill/cmd/strategist/root.go:151.70,153.3 1 1
github.com/SergioLacerda/strategist-skill/cmd/strategist/root.go:154.2,154.12 1 1
github.com/SergioLacerda/strategist-skill/cmd/strategist/root.go:157.16,158.42 1 1
github.com/SergioLacerda/strategist-skill/cmd/strategist/root.go:158.42,160.3 1 1
github.com/SergioLacerda/strategist-skill/cmd/strategist/root.go:170.33,171.9 1 1
github.com/SergioLacerda/strategist-skill/cmd/strategist/root.go:172.56,173.11 1 1
github.com/SergioLacerda/strategist-skill/cmd/strategist/root.go:174.130,175.11 1 1
github.com/SergioLacerda/strategist-skill/cmd/strategist/root.go:176.10,177.11 1 1
github.com/SergioLacerda/strategist-skill/cmd/strategist/root_discovery.go:17.89,19.46 2 1
github.com/SergioLacerda/strategist-skill/cmd/strategist/root_discovery.go:19.46,21.74 2 1
github.com/SergioLacerda/strategist-skill/cmd/strategist/root_discovery.go:21.74,23.4 1 1
github.com/SergioLacerda/strategist-skill/cmd/strategist/root_discovery.go:24.3,25.20 2 1
github.com/SergioLacerda/strategist-skill/cmd/strategist/root_discovery.go:25.20,26.9 1 1
github.com/SergioLacerda/strategist-skill/cmd/strategist/root_discovery.go:28.3,28.15 1 1
github.com/SergioLacerda/strategist-skill/cmd/strategist/root_discovery.go:30.2,30.147 1 1
github.com/SergioLacerda/strategist-skill/cmd/strategist/root_discovery.go:36.97,37.20 1 1
github.com/SergioLacerda/strategist-skill/cmd/strategist/root_discovery.go:37.20,39.20 2 1
github.com/SergioLacerda/strategist-skill/cmd/strategist/root_discovery.go:39.20,41.4 1 0
github.com/SergioLacerda/strategist-skill/cmd/strategist/root_discovery.go:42.3,42.37 1 1
github.com/SergioLacerda/strategist-skill/cmd/strategist/root_discovery.go:44.2,44.32 1 1
github.com/SergioLacerda/strategist-skill/cmd/strategist/runtime_profile.go:24.65,35.16 3 1
github.com/SergioLacerda/strategist-skill/cmd/strategist/runtime_profile.go:35.16,37.3 1 1
github.com/SergioLacerda/strategist-skill/cmd/strategist/runtime_profile.go:39.2,40.50 2 1
github.com/SergioLacerda/strategist-skill/cmd/strategist/runtime_profile.go:40.50,43.3 2 1
github.com/SergioLacerda/strategist-skill/cmd/strategist/runtime_profile.go:44.2,44.20 1 1
github.com/SergioLacerda/strategist-skill/cmd/strategist/runtime_profile.go:44.20,47.3 2 1
github.com/SergioLacerda/strategist-skill/cmd/strategist/runtime_profile.go:49.2,51.16 3 1
github.com/SergioLacerda/strategist-skill/cmd/strategist/runtime_profile.go:51.16,54.3 2 1
github.com/SergioLacerda/strategist-skill/cmd/strategist/runtime_profile.go:56.2,57.61 2 1
github.com/SergioLacerda/strategist-skill/cmd/strategist/runtime_profile.go:57.61,60.3 2 1
github.com/SergioLacerda/strategist-skill/cmd/strategist/runtime_profile.go:61.2,61.91 1 1
github.com/SergioLacerda/strategist-skill/cmd/strategist/runtime_profile.go:61.91,64.3 2 1
github.com/SergioLacerda/strategist-skill/cmd/strategist/runtime_profile.go:66.2,73.3 1 1
github.com/SergioLacerda/strategist-skill/cmd/strategist/runtime_profile.go:78.70,86.2 2 1
github.com/SergioLacerda/strategist-skill/cmd/strategist/status_banner.go:8.40,16.2 7 1
github.com/SergioLacerda/strategist-skill/cmd/strategist/status_banner.go:18.39,20.19 2 1
github.com/SergioLacerda/strategist-skill/cmd/strategist/status_banner.go:20.19,22.3 1 1
github.com/SergioLacerda/strategist-skill/cmd/strategist/status_banner.go:23.2,23.18 1 1
github.com/SergioLacerda/strategist-skill/cmd/strategist/sync_governance.go:38.74,42.16 3 1
github.com/SergioLacerda/strategist-skill/cmd/strategist/sync_governance.go:42.16,44.3 1 1
github.com/SergioLacerda/strategist-skill/cmd/strategist/sync_governance.go:45.2,46.16 2 1
github.com/SergioLacerda/strategist-skill/cmd/strategist/sync_governance.go:46.16,48.3 1 0
github.com/SergioLacerda/strategist-skill/cmd/strategist/sync_governance.go:49.2,50.15 2 1
github.com/SergioLacerda/strategist-skill/cmd/strategist/sync_governance.go:50.15,51.20 1 1
github.com/SergioLacerda/strategist-skill/cmd/strategist/sync_governance.go:51.20,54.4 2 1
github.com/SergioLacerda/strategist-skill/cmd/strategist/sync_governance.go:55.3,55.13 1 1
github.com/SergioLacerda/strategist-skill/cmd/strategist/sync_governance.go:58.2,59.16 2 1
github.com/SergioLacerda/strategist-skill/cmd/strategist/sync_governance.go:59.16,61.3 1 1
github.com/SergioLacerda/strategist-skill/cmd/strategist/sync_governance.go:63.2,71.16 2 1
github.com/SergioLacerda/strategist-skill/cmd/strategist/sync_governance.go:71.16,73.3 1 0
github.com/SergioLacerda/strategist-skill/cmd/strategist/sync_governance.go:74.2,85.12 3 1
github.com/SergioLacerda/strategist-skill/cmd/strategist/sync_governance.go:88.36,89.30 1 1
github.com/SergioLacerda/strategist-skill/cmd/strategist/sync_governance.go:89.30,91.3 1 1
github.com/SergioLacerda/strategist-skill/cmd/strategist/sync_governance.go:92.2,92.32 1 1
github.com/SergioLacerda/strategist-skill/cmd/strategist/sync_governance.go:92.32,94.3 1 1
github.com/SergioLacerda/strategist-skill/cmd/strategist/sync_governance.go:97.13,101.2 3 1
github.com/SergioLacerda/strategist-skill/cmd/strategist/sync_governance_report.go:10.41,11.16 1 1
github.com/SergioLacerda/strategist-skill/cmd/strategist/sync_governance_report.go:11.16,13.3 1 1
github.com/SergioLacerda/strategist-skill/cmd/strategist/sync_governance_report.go:16.74,23.32 5 1
github.com/SergioLacerda/strategist-skill/cmd/strategist/sync_governance_report.go:23.32,26.39 3 1
github.com/SergioLacerda/strategist-skill/cmd/strategist/sync_governance_report.go:26.39,29.4 2 1
github.com/SergioLacerda/strategist-skill/cmd/strategist/sync_governance_report.go:30.3,30.16 1 1
github.com/SergioLacerda/strategist-skill/cmd/strategist/sync_governance_report.go:33.2,34.31 2 1
github.com/SergioLacerda/strategist-skill/cmd/strategist/sync_governance_report.go:34.31,37.3 2 1
github.com/SergioLacerda/strategist-skill/cmd/strategist/sync_governance_report.go:39.2,39.14 1 1
github.com/SergioLacerda/strategist-skill/cmd/strategist/sync_governance_report.go:39.14,41.3 1 1
github.com/SergioLacerda/strategist-skill/cmd/strategist/sync_governance_report.go:41.8,43.3 1 1
github.com/SergioLacerda/strategist-skill/cmd/strategist/treasure_chest.go:36.88,37.49 1 1
github.com/SergioLacerda/strategist-skill/cmd/strategist/treasure_chest.go:37.49,39.3 1 0
github.com/SergioLacerda/strategist-skill/cmd/strategist/treasure_chest.go:40.2,42.16 3 1
github.com/SergioLacerda/strategist-skill/cmd/strategist/treasure_chest.go:42.16,44.3 1 1
github.com/SergioLacerda/strategist-skill/cmd/strategist/treasure_chest.go:47.2,48.16 2 1
github.com/SergioLacerda/strategist-skill/cmd/strategist/treasure_chest.go:48.16,50.3 1 1
github.com/SergioLacerda/strategist-skill/cmd/strategist/treasure_chest.go:52.2,56.21 5 1
github.com/SergioLacerda/strategist-skill/cmd/strategist/treasure_chest.go:56.21,58.3 1 1
github.com/SergioLacerda/strategist-skill/cmd/strategist/treasure_chest.go:60.2,62.18 2 1
github.com/SergioLacerda/strategist-skill/cmd/strategist/treasure_chest.go:62.18,64.3 1 1
github.com/SergioLacerda/strategist-skill/cmd/strategist/treasure_chest.go:66.2,68.21 2 1
github.com/SergioLacerda/strategist-skill/cmd/strategist/treasure_chest.go:69.29,69.29 0 1
github.com/SergioLacerda/strategist-skill/cmd/strategist/treasure_chest.go:71.24,72.93 1 1
github.com/SergioLacerda/strategist-skill/cmd/strategist/treasure_chest.go:73.10,74.93 1 1
github.com/SergioLacerda/strategist-skill/cmd/strategist/treasure_chest.go:77.2,77.82 1 1
github.com/SergioLacerda/strategist-skill/cmd/strategist/treasure_chest.go:80.104,87.2 6 1
github.com/SergioLacerda/strategist-skill/cmd/strategist/treasure_chest.go:97.13,104.72 7 1
github.com/SergioLacerda/strategist-skill/cmd/strategist/treasure_chest.go:104.72,106.3 1 1
github.com/SergioLacerda/strategist-skill/cmd/strategist/treasure_chest.go:107.2,112.76 5 1
github.com/SergioLacerda/strategist-skill/cmd/strategist/treasure_chest.go:112.76,114.3 1 0
github.com/SergioLacerda/strategist-skill/cmd/strategist/treasure_chest.go:115.2,115.51 1 1
github.com/SergioLacerda/strategist-skill/cmd/strategist/treasure_chest_config_lock.go:17.49,19.66 2 1
github.com/SergioLacerda/strategist-skill/cmd/strategist/treasure_chest_config_lock.go:19.66,21.3 1 0
github.com/SergioLacerda/strategist-skill/cmd/strategist/treasure_chest_doctor.go:25.13,28.2 2 1
github.com/SergioLacerda/strategist-skill/cmd/strategist/treasure_chest_doctor.go:30.67,31.49 1 1
github.com/SergioLacerda/strategist-skill/cmd/strategist/treasure_chest_doctor.go:31.49,33.3 1 0
github.com/SergioLacerda/strategist-skill/cmd/strategist/treasure_chest_doctor.go:35.2,36.16 2 1
github.com/SergioLacerda/strategist-skill/cmd/strategist/treasure_chest_doctor.go:36.16,38.3 1 0
github.com/SergioLacerda/strategist-skill/cmd/strategist/treasure_chest_doctor.go:39.2,40.16 2 1
github.com/SergioLacerda/strategist-skill/cmd/strategist/treasure_chest_doctor.go:40.16,42.3 1 0
github.com/SergioLacerda/strategist-skill/cmd/strategist/treasure_chest_doctor.go:44.2,45.24 2 1
github.com/SergioLacerda/strategist-skill/cmd/strategist/treasure_chest_doctor.go:45.24,48.3 2 1
github.com/SergioLacerda/strategist-skill/cmd/strategist/treasure_chest_doctor.go:49.2,50.106 2 1
github.com/SergioLacerda/strategist-skill/cmd/strategist/treasure_chest_doctor.go:53.77,55.16 2 1
github.com/SergioLacerda/strategist-skill/cmd/strategist/treasure_chest_doctor.go:55.16,57.3 1 0
github.com/SergioLacerda/strategist-skill/cmd/strategist/treasure_chest_doctor.go:58.2,59.16 2 1
github.com/SergioLacerda/strategist-skill/cmd/strategist/treasure_chest_doctor.go:59.16,61.3 1 0
github.com/SergioLacerda/strategist-skill/cmd/strategist/treasure_chest_doctor.go:62.2,63.16 2 1
github.com/SergioLacerda/strategist-skill/cmd/strategist/treasure_chest_doctor.go:63.16,65.3 1 0
github.com/SergioLacerda/strategist-skill/cmd/strategist/treasure_chest_doctor.go:66.2,66.74 1 1
github.com/SergioLacerda/strategist-skill/cmd/strategist/treasure_chest_doctor.go:69.70,70.29 1 1
github.com/SergioLacerda/strategist-skill/cmd/strategist/treasure_chest_doctor.go:70.29,73.3 1 1
github.com/SergioLacerda/strategist-skill/cmd/strategist/treasure_chest_doctor.go:77.64,79.25 2 1
github.com/SergioLacerda/strategist-skill/cmd/strategist/treasure_chest_doctor.go:79.25,80.46 1 1
github.com/SergioLacerda/strategist-skill/cmd/strategist/treasure_chest_doctor.go:80.46,81.12 1 1
github.com/SergioLacerda/strategist-skill/cmd/strategist/treasure_chest_doctor.go:83.3,83.23 1 1
github.com/SergioLacerda/strategist-skill/cmd/strategist/treasure_chest_doctor.go:85.2,85.12 1 1
github.com/SergioLacerda/strategist-skill/cmd/strategist/treasure_chest_doctor.go:88.51,90.18 2 1
github.com/SergioLacerda/strategist-skill/cmd/strategist/treasure_chest_doctor.go:90.18,92.3 1 1
github.com/SergioLacerda/strategist-skill/cmd/strategist/treasure_chest_doctor.go:93.2,93.16 1 1
github.com/SergioLacerda/strategist-skill/cmd/strategist/treasure_chest_doctor.go:93.16,95.3 1 1
github.com/SergioLacerda/strategist-skill/cmd/strategist/treasure_chest_doctor.go:96.2,96.15 1 1
github.com/SergioLacerda/strategist-skill/cmd/strategist/treasure_chest_doctor.go:96.15,98.3 1 0
github.com/SergioLacerda/strategist-skill/cmd/strategist/treasure_chest_doctor.go:99.2,99.12 1 1
github.com/SergioLacerda/strategist-skill/cmd/strategist/treasure_chest_doctor.go:102.50,104.19 2 1
github.com/SergioLacerda/strategist-skill/cmd/strategist/treasure_chest_doctor.go:104.19,106.3 1 0
github.com/SergioLacerda/strategist-skill/cmd/strategist/treasure_chest_doctor.go:107.2,107.17 1 1
github.com/SergioLacerda/strategist-skill/cmd/strategist/treasure_chest_doctor.go:107.17,109.3 1 1
github.com/SergioLacerda/strategist-skill/cmd/strategist/treasure_chest_doctor.go:110.2,110.16 1 1
github.com/SergioLacerda/strategist-skill/cmd/strategist/treasure_chest_doctor.go:110.16,112.3 1 1
github.com/SergioLacerda/strategist-skill/cmd/strategist/treasure_chest_doctor.go:113.2,113.12 1 1
github.com/SergioLacerda/strategist-skill/cmd/strategist/treasure_chest_helpers.go:23.68,24.16 1 1
github.com/SergioLacerda/strategist-skill/cmd/strategist/treasure_chest_helpers.go:24.16,26.3 1 1
github.com/SergioLacerda/strategist-skill/cmd/strategist/treasure_chest_helpers.go:27.2,28.16 2 1
github.com/SergioLacerda/strategist-skill/cmd/strategist/treasure_chest_helpers.go:28.16,30.3 1 1
github.com/SergioLacerda/strategist-skill/cmd/strategist/treasure_chest_helpers.go:31.2,31.45 1 1
github.com/SergioLacerda/strategist-skill/cmd/strategist/treasure_chest_helpers.go:34.58,35.16 1 1
github.com/SergioLacerda/strategist-skill/cmd/strategist/treasure_chest_helpers.go:35.16,37.3 1 0
github.com/SergioLacerda/strategist-skill/cmd/strategist/treasure_chest_helpers.go:38.2,39.16 2 1
github.com/SergioLacerda/strategist-skill/cmd/strategist/treasure_chest_helpers.go:39.16,41.3 1 1
github.com/SergioLacerda/strategist-skill/cmd/strategist/treasure_chest_helpers.go:42.2,43.16 2 1
github.com/SergioLacerda/strategist-skill/cmd/strategist/treasure_chest_helpers.go:43.16,45.3 1 1
github.com/SergioLacerda/strategist-skill/cmd/strategist/treasure_chest_helpers.go:46.2,46.11 1 0
github.com/SergioLacerda/strategist-skill/cmd/strategist/treasure_chest_helpers.go:49.88,52.16 3 1
github.com/SergioLacerda/strategist-skill/cmd/strategist/treasure_chest_helpers.go:52.16,54.3 1 0
github.com/SergioLacerda/strategist-skill/cmd/strategist/treasure_chest_helpers.go:55.2,56.16 2 1
github.com/SergioLacerda/strategist-skill/cmd/strategist/treasure_chest_helpers.go:56.16,58.3 1 1
github.com/SergioLacerda/strategist-skill/cmd/strategist/treasure_chest_helpers.go:59.2,59.18 1 1
github.com/SergioLacerda/strategist-skill/cmd/strategist/treasure_chest_helpers.go:62.54,63.49 1 1
github.com/SergioLacerda/strategist-skill/cmd/strategist/treasure_chest_helpers.go:63.49,65.3 1 1
github.com/SergioLacerda/strategist-skill/cmd/strategist/treasure_chest_helpers.go:66.2,66.35 1 1
github.com/SergioLacerda/strategist-skill/cmd/strategist/treasure_chest_helpers.go:69.67,70.16 1 1
github.com/SergioLacerda/strategist-skill/cmd/strategist/treasure_chest_helpers.go:70.16,72.3 1 0
github.com/SergioLacerda/strategist-skill/cmd/strategist/treasure_chest_helpers.go:73.2,74.16 2 1
github.com/SergioLacerda/strategist-skill/cmd/strategist/treasure_chest_helpers.go:74.16,76.3 1 1
github.com/SergioLacerda/strategist-skill/cmd/strategist/treasure_chest_helpers.go:77.2,78.16 2 1
github.com/SergioLacerda/strategist-skill/cmd/strategist/treasure_chest_helpers.go:78.16,80.3 1 0
github.com/SergioLacerda/strategist-skill/cmd/strategist/treasure_chest_helpers.go:81.2,81.17 1 1
github.com/SergioLacerda/strategist-skill/cmd/strategist/treasure_chest_helpers.go:84.68,85.16 1 1
github.com/SergioLacerda/strategist-skill/cmd/strategist/treasure_chest_helpers.go:85.16,87.3 1 1
github.com/SergioLacerda/strategist-skill/cmd/strategist/treasure_chest_helpers.go:88.2,89.16 2 1
github.com/SergioLacerda/strategist-skill/cmd/strategist/treasure_chest_helpers.go:89.16,91.3 1 1
github.com/SergioLacerda/strategist-skill/cmd/strategist/treasure_chest_helpers.go:92.2,93.16 2 1
github.com/SergioLacerda/strategist-skill/cmd/strategist/treasure_chest_helpers.go:93.16,95.3 1 0
github.com/SergioLacerda/strategist-skill/cmd/strategist/treasure_chest_helpers.go:96.2,96.17 1 1
github.com/SergioLacerda/strategist-skill/cmd/strategist/treasure_chest_index.go:34.13,37.77 3 1
github.com/SergioLacerda/strategist-skill/cmd/strategist/treasure_chest_index.go:37.77,39.3 1 1
github.com/SergioLacerda/strategist-skill/cmd/strategist/treasure_chest_index.go:40.2,40.52 1 1
github.com/SergioLacerda/strategist-skill/cmd/strategist/treasure_chest_index.go:47.101,48.49 1 1
github.com/SergioLacerda/strategist-skill/cmd/strategist/treasure_chest_index.go:48.49,50.3 1 0
github.com/SergioLacerda/strategist-skill/cmd/strategist/treasure_chest_index.go:51.2,54.16 3 1
github.com/SergioLacerda/strategist-skill/cmd/strategist/treasure_chest_index.go:54.16,56.3 1 0
github.com/SergioLacerda/strategist-skill/cmd/strategist/treasure_chest_index.go:58.2,59.16 2 1
github.com/SergioLacerda/strategist-skill/cmd/strategist/treasure_chest_index.go:59.16,61.3 1 1
github.com/SergioLacerda/strategist-skill/cmd/strategist/treasure_chest_index.go:63.2,64.16 2 1
github.com/SergioLacerda/strategist-skill/cmd/strategist/treasure_chest_index.go:64.16,66.3 1 0
github.com/SergioLacerda/strategist-skill/cmd/strategist/treasure_chest_index.go:68.2,68.102 1 1
github.com/SergioLacerda/strategist-skill/cmd/strategist/treasure_chest_index.go:68.102,70.3 1 1
github.com/SergioLacerda/strategist-skill/cmd/strategist/treasure_chest_index.go:72.2,77.12 2 1
github.com/SergioLacerda/strategist-skill/cmd/strategist/treasure_chest_index.go:94.102,96.16 2 1
github.com/SergioLacerda/strategist-skill/cmd/strategist/treasure_chest_index.go:96.16,98.3 1 0
github.com/SergioLacerda/strategist-skill/cmd/strategist/treasure_chest_index.go:99.2,100.16 2 1
github.com/SergioLacerda/strategist-skill/cmd/strategist/treasure_chest_index.go:100.16,102.3 1 1
github.com/SergioLacerda/strategist-skill/cmd/strategist/treasure_chest_index.go:104.2,105.16 2 1
github.com/SergioLacerda/strategist-skill/cmd/strategist/treasure_chest_index.go:105.16,107.3 1 0
github.com/SergioLacerda/strategist-skill/cmd/strategist/treasure_chest_index.go:108.2,109.16 2 1
github.com/SergioLacerda/strategist-skill/cmd/strategist/treasure_chest_index.go:109.16,111.3 1 0
github.com/SergioLacerda/strategist-skill/cmd/strategist/treasure_chest_index.go:112.2,116.16 4 1
github.com/SergioLacerda/strategist-skill/cmd/strategist/treasure_chest_index.go:116.16,118.3 1 0
github.com/SergioLacerda/strategist-skill/cmd/strategist/treasure_chest_index.go:120.2,126.8 1 1
github.com/SergioLacerda/strategist-skill/cmd/strategist/treasure_chest_index.go:136.128,138.16 2 1
github.com/SergioLacerda/strategist-skill/cmd/strategist/treasure_chest_index.go:138.16,140.3 1 0
github.com/SergioLacerda/strategist-skill/cmd/strategist/treasure_chest_index.go:141.2,142.16 2 1
github.com/SergioLacerda/strategist-skill/cmd/strategist/treasure_chest_index.go:142.16,144.3 1 0
github.com/SergioLacerda/strategist-skill/cmd/strategist/treasure_chest_index.go:145.2,145.72 1 1
github.com/SergioLacerda/strategist-skill/cmd/strategist/treasure_chest_index.go:150.120,155.54 4 1
github.com/SergioLacerda/strategist-skill/cmd/strategist/treasure_chest_index.go:155.54,157.3 1 1
github.com/SergioLacerda/strategist-skill/cmd/strategist/treasure_chest_index.go:158.2,158.12 1 1
github.com/SergioLacerda/strategist-skill/cmd/strategist/treasure_chest_index.go:161.91,162.35 1 1
github.com/SergioLacerda/strategist-skill/cmd/strategist/treasure_chest_index.go:162.35,164.3 1 1
github.com/SergioLacerda/strategist-skill/cmd/strategist/treasure_chest_index.go:167.102,168.23 1 1
github.com/SergioLacerda/strategist-skill/cmd/strategist/treasure_chest_index.go:168.23,170.3 1 0
github.com/SergioLacerda/strategist-skill/cmd/strategist/treasure_chest_index.go:171.2,171.84 1 1
github.com/SergioLacerda/strategist-skill/cmd/strategist/treasure_chest_index.go:171.84,174.3 2 1
github.com/SergioLacerda/strategist-skill/cmd/strategist/treasure_chest_index.go:179.84,181.30 2 1
github.com/SergioLacerda/strategist-skill/cmd/strategist/treasure_chest_index.go:181.30,183.3 1 1
github.com/SergioLacerda/strategist-skill/cmd/strategist/treasure_chest_index.go:184.2,184.13 1 1
github.com/SergioLacerda/strategist-skill/cmd/strategist/treasure_chest_index_runner.go:18.121,20.33 2 1
github.com/SergioLacerda/strategist-skill/cmd/strategist/treasure_chest_index_runner.go:20.33,21.29 1 1
github.com/SergioLacerda/strategist-skill/cmd/strategist/treasure_chest_index_runner.go:21.29,22.12 1 0
github.com/SergioLacerda/strategist-skill/cmd/strategist/treasure_chest_index_runner.go:24.3,25.31 2 1
github.com/SergioLacerda/strategist-skill/cmd/strategist/treasure_chest_index_runner.go:25.31,27.4 1 1
github.com/SergioLacerda/strategist-skill/cmd/strategist/treasure_chest_index_runner.go:28.3,29.17 2 1
github.com/SergioLacerda/strategist-skill/cmd/strategist/treasure_chest_index_runner.go:29.17,31.4 1 0
github.com/SergioLacerda/strategist-skill/cmd/strategist/treasure_chest_index_runner.go:32.3,32.44 1 1
github.com/SergioLacerda/strategist-skill/cmd/strategist/treasure_chest_index_runner.go:34.2,34.24 1 1
github.com/SergioLacerda/strategist-skill/cmd/strategist/treasure_chest_index_runner.go:37.98,40.24 2 1
github.com/SergioLacerda/strategist-skill/cmd/strategist/treasure_chest_index_runner.go:40.24,42.21 2 1
github.com/SergioLacerda/strategist-skill/cmd/strategist/treasure_chest_index_runner.go:42.21,45.4 2 1
github.com/SergioLacerda/strategist-skill/cmd/strategist/treasure_chest_index_runner.go:48.2,49.54 2 1
github.com/SergioLacerda/strategist-skill/cmd/strategist/treasure_chest_index_runner.go:49.54,51.3 1 0
github.com/SergioLacerda/strategist-skill/cmd/strategist/treasure_chest_index_runner.go:52.2,53.12 2 1
github.com/SergioLacerda/strategist-skill/cmd/strategist/treasure_chest_items.go:61.145,62.55 1 1
github.com/SergioLacerda/strategist-skill/cmd/strategist/treasure_chest_items.go:62.55,63.50 1 1
github.com/SergioLacerda/strategist-skill/cmd/strategist/treasure_chest_items.go:63.50,65.4 1 0
github.com/SergioLacerda/strategist-skill/cmd/strategist/treasure_chest_items.go:66.3,67.17 2 1
github.com/SergioLacerda/strategist-skill/cmd/strategist/treasure_chest_items.go:67.17,69.4 1 0
github.com/SergioLacerda/strategist-skill/cmd/strategist/treasure_chest_items.go:70.3,70.33 1 1
github.com/SergioLacerda/strategist-skill/cmd/strategist/treasure_chest_items.go:78.113,80.3 1 1
github.com/SergioLacerda/strategist-skill/cmd/strategist/treasure_chest_items.go:93.116,95.3 1 1
github.com/SergioLacerda/strategist-skill/cmd/strategist/treasure_chest_items.go:102.118,104.3 1 1
github.com/SergioLacerda/strategist-skill/cmd/strategist/treasure_chest_items.go:107.13,115.81 8 1
github.com/SergioLacerda/strategist-skill/cmd/strategist/treasure_chest_items.go:115.81,117.3 1 1
github.com/SergioLacerda/strategist-skill/cmd/strategist/treasure_chest_items.go:119.2,120.81 2 1
github.com/SergioLacerda/strategist-skill/cmd/strategist/treasure_chest_items.go:120.81,122.3 1 1
github.com/SergioLacerda/strategist-skill/cmd/strategist/treasure_chest_items.go:124.2,125.144 2 1
github.com/SergioLacerda/strategist-skill/cmd/strategist/treasure_chest_items.go:125.144,127.21 2 1
github.com/SergioLacerda/strategist-skill/cmd/strategist/treasure_chest_items.go:127.21,129.4 1 1
github.com/SergioLacerda/strategist-skill/cmd/strategist/treasure_chest_items.go:130.3,130.114 1 1
github.com/SergioLacerda/strategist-skill/cmd/strategist/treasure_chest_items.go:133.2,140.52 7 1
github.com/SergioLacerda/strategist-skill/cmd/strategist/treasure_chest_items.go:146.98,148.16 2 1
github.com/SergioLacerda/strategist-skill/cmd/strategist/treasure_chest_items.go:148.16,150.3 1 0
github.com/SergioLacerda/strategist-skill/cmd/strategist/treasure_chest_items.go:151.2,152.16 2 1
github.com/SergioLacerda/strategist-skill/cmd/strategist/treasure_chest_items.go:152.16,154.3 1 1
github.com/SergioLacerda/strategist-skill/cmd/strategist/treasure_chest_items.go:155.2,155.27 1 1
github.com/SergioLacerda/strategist-skill/cmd/strategist/treasure_chest_items.go:159.100,161.16 2 1
github.com/SergioLacerda/strategist-skill/cmd/strategist/treasure_chest_items.go:161.16,163.3 1 0
github.com/SergioLacerda/strategist-skill/cmd/strategist/treasure_chest_items.go:164.2,165.16 2 1
github.com/SergioLacerda/strategist-skill/cmd/strategist/treasure_chest_items.go:165.16,167.3 1 0
github.com/SergioLacerda/strategist-skill/cmd/strategist/treasure_chest_items.go:168.2,168.28 1 1
github.com/SergioLacerda/strategist-skill/cmd/strategist/treasure_chest_items.go:171.72,173.16 2 1
github.com/SergioLacerda/strategist-skill/cmd/strategist/treasure_chest_items.go:173.16,175.3 1 0
github.com/SergioLacerda/strategist-skill/cmd/strategist/treasure_chest_items.go:176.2,176.17 1 1
github.com/SergioLacerda/strategist-skill/cmd/strategist/treasure_chest_items.go:186.99,187.19 1 1
github.com/SergioLacerda/strategist-skill/cmd/strategist/treasure_chest_items.go:187.19,189.3 1 1
github.com/SergioLacerda/strategist-skill/cmd/strategist/treasure_chest_items.go:190.2,191.25 2 1
github.com/SergioLacerda/strategist-skill/cmd/strategist/treasure_chest_items.go:191.25,192.83 1 1
github.com/SergioLacerda/strategist-skill/cmd/strategist/treasure_chest_items.go:192.83,194.4 1 1
github.com/SergioLacerda/strategist-skill/cmd/strategist/treasure_chest_items.go:195.3,195.85 1 1
github.com/SergioLacerda/strategist-skill/cmd/strategist/treasure_chest_items.go:197.2,197.12 1 1
github.com/SergioLacerda/strategist-skill/cmd/strategist/treasure_chest_items.go:200.87,201.92 1 1
github.com/SergioLacerda/strategist-skill/cmd/strategist/treasure_chest_items.go:201.92,203.3 1 1
github.com/SergioLacerda/strategist-skill/cmd/strategist/treasure_chest_items.go:203.8,203.55 1 1
github.com/SergioLacerda/strategist-skill/cmd/strategist/treasure_chest_items.go:203.55,205.3 1 1
github.com/SergioLacerda/strategist-skill/cmd/strategist/treasure_chest_items.go:207.2,207.93 1 1
github.com/SergioLacerda/strategist-skill/cmd/strategist/treasure_chest_items.go:207.93,209.3 1 1
github.com/SergioLacerda/strategist-skill/cmd/strategist/treasure_chest_items.go:209.8,209.56 1 1
github.com/SergioLacerda/strategist-skill/cmd/strategist/treasure_chest_items.go:209.56,211.3 1 0
github.com/SergioLacerda/strategist-skill/cmd/strategist/treasure_chest_items.go:213.2,213.73 1 1
github.com/SergioLacerda/strategist-skill/cmd/strategist/treasure_chest_items.go:221.60,223.16 2 1
github.com/SergioLacerda/strategist-skill/cmd/strategist/treasure_chest_items.go:223.16,225.3 1 0
github.com/SergioLacerda/strategist-skill/cmd/strategist/treasure_chest_items.go:226.2,226.19 1 1
github.com/SergioLacerda/strategist-skill/cmd/strategist/treasure_chest_items.go:226.19,229.3 2 1
github.com/SergioLacerda/strategist-skill/cmd/strategist/treasure_chest_items.go:230.2,231.12 2 1
github.com/SergioLacerda/strategist-skill/cmd/strategist/treasure_chest_items_list.go:25.106,26.49 1 1
github.com/SergioLacerda/strategist-skill/cmd/strategist/treasure_chest_items_list.go:26.49,28.3 1 0
github.com/SergioLacerda/strategist-skill/cmd/strategist/treasure_chest_items_list.go:29.2,34.36 5 1
github.com/SergioLacerda/strategist-skill/cmd/strategist/treasure_chest_items_list.go:34.36,36.3 1 1
github.com/SergioLacerda/strategist-skill/cmd/strategist/treasure_chest_items_list.go:37.2,37.62 1 1
github.com/SergioLacerda/strategist-skill/cmd/strategist/treasure_chest_items_list.go:37.62,39.3 1 1
github.com/SergioLacerda/strategist-skill/cmd/strategist/treasure_chest_items_list.go:41.2,42.16 2 1
github.com/SergioLacerda/strategist-skill/cmd/strategist/treasure_chest_items_list.go:42.16,44.3 1 0
github.com/SergioLacerda/strategist-skill/cmd/strategist/treasure_chest_items_list.go:46.2,46.21 1 1
github.com/SergioLacerda/strategist-skill/cmd/strategist/treasure_chest_items_list.go:47.29,48.136 1 1
github.com/SergioLacerda/strategist-skill/cmd/strategist/treasure_chest_items_list.go:49.24,50.59 1 1
github.com/SergioLacerda/strategist-skill/cmd/strategist/treasure_chest_items_list.go:51.10,52.104 1 1
github.com/SergioLacerda/strategist-skill/cmd/strategist/treasure_chest_items_list.go:56.94,59.41 2 1
github.com/SergioLacerda/strategist-skill/cmd/strategist/treasure_chest_items_list.go:59.41,61.17 2 1
github.com/SergioLacerda/strategist-skill/cmd/strategist/treasure_chest_items_list.go:61.17,63.4 1 0
github.com/SergioLacerda/strategist-skill/cmd/strategist/treasure_chest_items_list.go:64.3,64.36 1 1
github.com/SergioLacerda/strategist-skill/cmd/strategist/treasure_chest_items_list.go:67.2,67.42 1 1
github.com/SergioLacerda/strategist-skill/cmd/strategist/treasure_chest_items_list.go:67.42,69.17 2 1
github.com/SergioLacerda/strategist-skill/cmd/strategist/treasure_chest_items_list.go:69.17,71.4 1 0
github.com/SergioLacerda/strategist-skill/cmd/strategist/treasure_chest_items_list.go:72.3,72.37 1 1
github.com/SergioLacerda/strategist-skill/cmd/strategist/treasure_chest_items_list.go:75.2,76.18 2 1
github.com/SergioLacerda/strategist-skill/cmd/strategist/treasure_chest_items_list.go:81.46,83.2 1 1
github.com/SergioLacerda/strategist-skill/cmd/strategist/treasure_chest_items_list.go:85.99,87.16 2 1
github.com/SergioLacerda/strategist-skill/cmd/strategist/treasure_chest_items_list.go:87.16,89.3 1 0
github.com/SergioLacerda/strategist-skill/cmd/strategist/treasure_chest_items_list.go:90.2,92.29 3 1
github.com/SergioLacerda/strategist-skill/cmd/strategist/treasure_chest_items_list.go:92.29,94.3 1 1
github.com/SergioLacerda/strategist-skill/cmd/strategist/treasure_chest_items_list.go:95.2,95.18 1 1
github.com/SergioLacerda/strategist-skill/cmd/strategist/treasure_chest_items_list.go:98.100,100.16 2 1
github.com/SergioLacerda/strategist-skill/cmd/strategist/treasure_chest_items_list.go:100.16,102.3 1 0
github.com/SergioLacerda/strategist-skill/cmd/strategist/treasure_chest_items_list.go:103.2,105.29 3 1
github.com/SergioLacerda/strategist-skill/cmd/strategist/treasure_chest_items_list.go:105.29,107.3 1 1
github.com/SergioLacerda/strategist-skill/cmd/strategist/treasure_chest_items_list.go:108.2,108.18 1 1
github.com/SergioLacerda/strategist-skill/cmd/strategist/treasure_chest_items_render.go:28.47,39.2 1 1
github.com/SergioLacerda/strategist-skill/cmd/strategist/treasure_chest_items_render.go:41.49,51.2 1 1
github.com/SergioLacerda/strategist-skill/cmd/strategist/treasure_chest_items_render.go:55.35,56.39 1 1
github.com/SergioLacerda/strategist-skill/cmd/strategist/treasure_chest_items_render.go:56.39,57.41 1 1
github.com/SergioLacerda/strategist-skill/cmd/strategist/treasure_chest_items_render.go:57.41,59.4 1 1
github.com/SergioLacerda/strategist-skill/cmd/strategist/treasure_chest_items_render.go:60.3,60.35 1 1
github.com/SergioLacerda/strategist-skill/cmd/strategist/treasure_chest_items_render.go:60.35,62.4 1 0
github.com/SergioLacerda/strategist-skill/cmd/strategist/treasure_chest_items_render.go:63.3,63.33 1 1
github.com/SergioLacerda/strategist-skill/cmd/strategist/treasure_chest_items_render.go:67.76,68.20 1 1
github.com/SergioLacerda/strategist-skill/cmd/strategist/treasure_chest_items_render.go:68.20,71.3 2 1
github.com/SergioLacerda/strategist-skill/cmd/strategist/treasure_chest_items_render.go:72.2,73.136 2 1
github.com/SergioLacerda/strategist-skill/cmd/strategist/treasure_chest_items_render.go:73.136,75.3 1 0
github.com/SergioLacerda/strategist-skill/cmd/strategist/treasure_chest_items_render.go:76.2,76.25 1 1
github.com/SergioLacerda/strategist-skill/cmd/strategist/treasure_chest_items_render.go:76.25,77.144 1 1
github.com/SergioLacerda/strategist-skill/cmd/strategist/treasure_chest_items_render.go:77.144,79.4 1 0
github.com/SergioLacerda/strategist-skill/cmd/strategist/treasure_chest_items_render.go:81.2,81.34 1 1
github.com/SergioLacerda/strategist-skill/cmd/strategist/treasure_chest_items_render.go:81.34,83.3 1 1
github.com/SergioLacerda/strategist-skill/cmd/strategist/treasure_chest_items_render.go:84.2,84.12 1 1
github.com/SergioLacerda/strategist-skill/cmd/strategist/treasure_chest_items_render.go:98.61,100.25 2 1
github.com/SergioLacerda/strategist-skill/cmd/strategist/treasure_chest_items_render.go:100.25,111.3 1 1
github.com/SergioLacerda/strategist-skill/cmd/strategist/treasure_chest_items_render.go:112.2,114.40 3 1
github.com/SergioLacerda/strategist-skill/cmd/strategist/treasure_chest_items_render.go:114.40,116.3 1 1
github.com/SergioLacerda/strategist-skill/cmd/strategist/treasure_chest_items_render.go:117.2,117.12 1 1
github.com/SergioLacerda/strategist-skill/cmd/strategist/treasure_chest_items_show.go:13.109,14.49 1 1
github.com/SergioLacerda/strategist-skill/cmd/strategist/treasure_chest_items_show.go:14.49,16.3 1 0
github.com/SergioLacerda/strategist-skill/cmd/strategist/treasure_chest_items_show.go:17.2,21.16 4 1
github.com/SergioLacerda/strategist-skill/cmd/strategist/treasure_chest_items_show.go:21.16,23.3 1 0
github.com/SergioLacerda/strategist-skill/cmd/strategist/treasure_chest_items_show.go:24.2,24.56 1 1
github.com/SergioLacerda/strategist-skill/cmd/strategist/treasure_chest_items_show.go:24.56,26.3 1 1
github.com/SergioLacerda/strategist-skill/cmd/strategist/treasure_chest_items_show.go:28.2,29.16 2 1
github.com/SergioLacerda/strategist-skill/cmd/strategist/treasure_chest_items_show.go:29.16,31.3 1 0
github.com/SergioLacerda/strategist-skill/cmd/strategist/treasure_chest_items_show.go:32.2,32.58 1 1
github.com/SergioLacerda/strategist-skill/cmd/strategist/treasure_chest_items_show.go:32.58,34.3 1 1
github.com/SergioLacerda/strategist-skill/cmd/strategist/treasure_chest_items_show.go:36.2,36.100 1 1
github.com/SergioLacerda/strategist-skill/cmd/strategist/treasure_chest_items_show.go:39.59,40.16 1 1
github.com/SergioLacerda/strategist-skill/cmd/strategist/treasure_chest_items_show.go:41.29,42.33 1 0
github.com/SergioLacerda/strategist-skill/cmd/strategist/treasure_chest_items_show.go:43.24,44.32 1 0
github.com/SergioLacerda/strategist-skill/cmd/strategist/treasure_chest_items_show.go:45.10,46.99 1 1
github.com/SergioLacerda/strategist-skill/cmd/strategist/treasure_chest_items_show.go:50.61,51.16 1 1
github.com/SergioLacerda/strategist-skill/cmd/strategist/treasure_chest_items_show.go:52.29,53.34 1 1
github.com/SergioLacerda/strategist-skill/cmd/strategist/treasure_chest_items_show.go:54.24,55.33 1 1
github.com/SergioLacerda/strategist-skill/cmd/strategist/treasure_chest_items_show.go:56.10,57.99 1 0
github.com/SergioLacerda/strategist-skill/cmd/strategist/treasure_chest_items_show.go:61.51,81.25 3 1
github.com/SergioLacerda/strategist-skill/cmd/strategist/treasure_chest_items_show.go:81.25,82.67 1 1
github.com/SergioLacerda/strategist-skill/cmd/strategist/treasure_chest_items_show.go:82.67,84.4 1 0
github.com/SergioLacerda/strategist-skill/cmd/strategist/treasure_chest_items_show.go:86.2,86.34 1 1
github.com/SergioLacerda/strategist-skill/cmd/strategist/treasure_chest_items_show.go:86.34,88.3 1 1
github.com/SergioLacerda/strategist-skill/cmd/strategist/treasure_chest_items_show.go:89.2,89.12 1 0
github.com/SergioLacerda/strategist-skill/cmd/strategist/treasure_chest_items_show.go:108.50,126.40 4 1
github.com/SergioLacerda/strategist-skill/cmd/strategist/treasure_chest_items_show.go:126.40,128.3 1 1
github.com/SergioLacerda/strategist-skill/cmd/strategist/treasure_chest_items_show.go:129.2,129.12 1 0
github.com/SergioLacerda/strategist-skill/cmd/strategist/treasure_chest_items_show.go:132.53,146.25 3 1
github.com/SergioLacerda/strategist-skill/cmd/strategist/treasure_chest_items_show.go:146.25,147.67 1 1
github.com/SergioLacerda/strategist-skill/cmd/strategist/treasure_chest_items_show.go:147.67,149.4 1 0
github.com/SergioLacerda/strategist-skill/cmd/strategist/treasure_chest_items_show.go:151.2,151.34 1 1
github.com/SergioLacerda/strategist-skill/cmd/strategist/treasure_chest_items_show.go:151.34,153.3 1 0
github.com/SergioLacerda/strategist-skill/cmd/strategist/treasure_chest_items_show.go:154.2,154.12 1 1
github.com/SergioLacerda/strategist-skill/cmd/strategist/treasure_chest_items_show.go:170.52,185.40 4 1
github.com/SergioLacerda/strategist-skill/cmd/strategist/treasure_chest_items_show.go:185.40,187.3 1 0
github.com/SergioLacerda/strategist-skill/cmd/strategist/treasure_chest_items_show.go:188.2,188.12 1 1
github.com/SergioLacerda/strategist-skill/cmd/strategist/treasure_chest_json.go:38.137,41.9 3 1
github.com/SergioLacerda/strategist-skill/cmd/strategist/treasure_chest_json.go:42.22,43.21 1 1
github.com/SergioLacerda/strategist-skill/cmd/strategist/treasure_chest_json.go:44.23,45.20 1 1
github.com/SergioLacerda/strategist-skill/cmd/strategist/treasure_chest_json.go:46.10,48.72 2 1
github.com/SergioLacerda/strategist-skill/cmd/strategist/treasure_chest_json.go:51.2,56.25 2 1
github.com/SergioLacerda/strategist-skill/cmd/strategist/treasure_chest_json.go:56.25,69.3 1 1
github.com/SergioLacerda/strategist-skill/cmd/strategist/treasure_chest_json.go:71.2,73.40 3 1
github.com/SergioLacerda/strategist-skill/cmd/strategist/treasure_chest_json.go:73.40,75.3 1 0
github.com/SergioLacerda/strategist-skill/cmd/strategist/treasure_chest_json.go:76.2,76.12 1 1
github.com/SergioLacerda/strategist-skill/cmd/strategist/treasure_chest_mutate.go:55.13,64.75 9 1
github.com/SergioLacerda/strategist-skill/cmd/strategist/treasure_chest_mutate.go:64.75,66.3 1 1
github.com/SergioLacerda/strategist-skill/cmd/strategist/treasure_chest_mutate.go:68.2,69.78 2 1
github.com/SergioLacerda/strategist-skill/cmd/strategist/treasure_chest_mutate.go:69.78,71.3 1 1
github.com/SergioLacerda/strategist-skill/cmd/strategist/treasure_chest_mutate.go:73.2,74.53 2 1
github.com/SergioLacerda/strategist-skill/cmd/strategist/treasure_chest_mutate.go:79.97,80.49 1 1
github.com/SergioLacerda/strategist-skill/cmd/strategist/treasure_chest_mutate.go:80.49,82.3 1 0
github.com/SergioLacerda/strategist-skill/cmd/strategist/treasure_chest_mutate.go:83.2,87.16 4 1
github.com/SergioLacerda/strategist-skill/cmd/strategist/treasure_chest_mutate.go:87.16,89.3 1 1
github.com/SergioLacerda/strategist-skill/cmd/strategist/treasure_chest_mutate.go:91.2,92.14 2 1
github.com/SergioLacerda/strategist-skill/cmd/strategist/treasure_chest_mutate.go:92.14,94.3 1 1
github.com/SergioLacerda/strategist-skill/cmd/strategist/treasure_chest_mutate.go:96.2,96.65 1 1
github.com/SergioLacerda/strategist-skill/cmd/strategist/treasure_chest_mutate.go:96.65,98.3 1 1
github.com/SergioLacerda/strategist-skill/cmd/strategist/treasure_chest_mutate.go:100.2,110.16 3 1
github.com/SergioLacerda/strategist-skill/cmd/strategist/treasure_chest_mutate.go:110.16,112.3 1 1
github.com/SergioLacerda/strategist-skill/cmd/strategist/treasure_chest_mutate.go:113.2,117.57 3 1
github.com/SergioLacerda/strategist-skill/cmd/strategist/treasure_chest_mutate.go:120.113,128.2 7 1
github.com/SergioLacerda/strategist-skill/cmd/strategist/treasure_chest_mutate.go:132.68,133.17 1 1
github.com/SergioLacerda/strategist-skill/cmd/strategist/treasure_chest_mutate.go:133.17,136.3 2 1
github.com/SergioLacerda/strategist-skill/cmd/strategist/treasure_chest_mutate.go:137.2,138.54 2 1
github.com/SergioLacerda/strategist-skill/cmd/strategist/treasure_chest_mutate.go:138.54,140.3 1 1
github.com/SergioLacerda/strategist-skill/cmd/strategist/treasure_chest_mutate.go:141.2,142.12 2 1
github.com/SergioLacerda/strategist-skill/cmd/strategist/treasure_chest_mutate_remove.go:10.103,11.49 1 1
github.com/SergioLacerda/strategist-skill/cmd/strategist/treasure_chest_mutate_remove.go:11.49,13.3 1 0
github.com/SergioLacerda/strategist-skill/cmd/strategist/treasure_chest_mutate_remove.go:14.2,17.36 3 1
github.com/SergioLacerda/strategist-skill/cmd/strategist/treasure_chest_mutate_remove.go:17.36,19.3 1 1
github.com/SergioLacerda/strategist-skill/cmd/strategist/treasure_chest_mutate_remove.go:21.2,22.16 2 1
github.com/SergioLacerda/strategist-skill/cmd/strategist/treasure_chest_mutate_remove.go:22.16,24.3 1 1
github.com/SergioLacerda/strategist-skill/cmd/strategist/treasure_chest_mutate_remove.go:26.2,27.16 2 1
github.com/SergioLacerda/strategist-skill/cmd/strategist/treasure_chest_mutate_remove.go:27.16,29.3 1 1
github.com/SergioLacerda/strategist-skill/cmd/strategist/treasure_chest_mutate_remove.go:30.2,31.12 2 1
github.com/SergioLacerda/strategist-skill/cmd/strategist/treasure_chest_mutate_remove.go:34.82,36.16 2 1
github.com/SergioLacerda/strategist-skill/cmd/strategist/treasure_chest_mutate_remove.go:36.16,38.3 1 1
github.com/SergioLacerda/strategist-skill/cmd/strategist/treasure_chest_mutate_remove.go:39.2,41.16 3 1
github.com/SergioLacerda/strategist-skill/cmd/strategist/treasure_chest_mutate_remove.go:41.16,43.3 1 1
github.com/SergioLacerda/strategist-skill/cmd/strategist/treasure_chest_mutate_remove.go:44.2,44.64 1 1
github.com/SergioLacerda/strategist-skill/cmd/strategist/treasure_chest_mutate_remove.go:44.64,46.3 1 1
github.com/SergioLacerda/strategist-skill/cmd/strategist/treasure_chest_mutate_remove.go:47.2,48.16 2 1
github.com/SergioLacerda/strategist-skill/cmd/strategist/treasure_chest_mutate_remove.go:48.16,50.3 1 1
github.com/SergioLacerda/strategist-skill/cmd/strategist/treasure_chest_mutate_remove.go:51.2,52.38 2 1
github.com/SergioLacerda/strategist-skill/cmd/strategist/treasure_chest_mutate_remove.go:55.44,56.20 1 1
github.com/SergioLacerda/strategist-skill/cmd/strategist/treasure_chest_mutate_remove.go:56.20,58.3 1 1
github.com/SergioLacerda/strategist-skill/cmd/strategist/treasure_chest_mutate_remove.go:59.2,59.11 1 1
github.com/SergioLacerda/strategist-skill/cmd/strategist/treasure_chest_mutate_remove.go:62.52,64.15 2 1
github.com/SergioLacerda/strategist-skill/cmd/strategist/treasure_chest_mutate_remove.go:64.15,66.3 1 1
github.com/SergioLacerda/strategist-skill/cmd/strategist/treasure_chest_mutate_remove.go:67.2,67.90 1 1
github.com/SergioLacerda/strategist-skill/cmd/strategist/treasure_chest_render.go:14.126,16.73 2 1
github.com/SergioLacerda/strategist-skill/cmd/strategist/treasure_chest_render.go:16.73,18.3 1 1
github.com/SergioLacerda/strategist-skill/cmd/strategist/treasure_chest_render.go:18.17,20.3 1 0
github.com/SergioLacerda/strategist-skill/cmd/strategist/treasure_chest_render.go:21.2,21.72 1 1
github.com/SergioLacerda/strategist-skill/cmd/strategist/treasure_chest_render.go:21.72,23.3 1 1
github.com/SergioLacerda/strategist-skill/cmd/strategist/treasure_chest_render.go:23.17,25.3 1 0
github.com/SergioLacerda/strategist-skill/cmd/strategist/treasure_chest_render.go:26.2,28.12 3 1
github.com/SergioLacerda/strategist-skill/cmd/strategist/treasure_chest_render.go:31.83,33.34 2 1
github.com/SergioLacerda/strategist-skill/cmd/strategist/treasure_chest_render.go:33.34,35.3 1 0
github.com/SergioLacerda/strategist-skill/cmd/strategist/treasure_chest_render.go:36.2,36.34 1 1
github.com/SergioLacerda/strategist-skill/cmd/strategist/treasure_chest_render.go:36.34,38.3 1 0
github.com/SergioLacerda/strategist-skill/cmd/strategist/treasure_chest_render.go:39.2,40.12 2 1
github.com/SergioLacerda/strategist-skill/cmd/strategist/treasure_chest_render.go:43.80,44.65 1 1
github.com/SergioLacerda/strategist-skill/cmd/strategist/treasure_chest_render.go:44.65,46.3 1 0
github.com/SergioLacerda/strategist-skill/cmd/strategist/treasure_chest_render.go:47.2,48.105 1 1
github.com/SergioLacerda/strategist-skill/cmd/strategist/treasure_chest_render.go:48.105,50.3 1 0
github.com/SergioLacerda/strategist-skill/cmd/strategist/treasure_chest_render.go:51.2,51.25 1 1
github.com/SergioLacerda/strategist-skill/cmd/strategist/treasure_chest_render.go:51.25,52.46 1 1
github.com/SergioLacerda/strategist-skill/cmd/strategist/treasure_chest_render.go:52.46,54.4 1 0
github.com/SergioLacerda/strategist-skill/cmd/strategist/treasure_chest_render.go:56.2,56.12 1 1
github.com/SergioLacerda/strategist-skill/cmd/strategist/treasure_chest_render.go:59.70,71.16 1 1
github.com/SergioLacerda/strategist-skill/cmd/strategist/treasure_chest_render.go:71.16,73.3 1 0
github.com/SergioLacerda/strategist-skill/cmd/strategist/treasure_chest_render.go:74.2,74.12 1 1
github.com/SergioLacerda/strategist-skill/cmd/strategist/treasure_chest_render.go:77.39,78.21 1 1
github.com/SergioLacerda/strategist-skill/cmd/strategist/treasure_chest_render.go:78.21,80.3 1 1
github.com/SergioLacerda/strategist-skill/cmd/strategist/treasure_chest_render.go:81.2,81.33 1 1
github.com/SergioLacerda/strategist-skill/cmd/strategist/treasure_chest_render.go:84.36,85.16 1 1
github.com/SergioLacerda/strategist-skill/cmd/strategist/treasure_chest_render.go:85.16,87.3 1 1
github.com/SergioLacerda/strategist-skill/cmd/strategist/treasure_chest_render.go:88.2,88.33 1 1
github.com/SergioLacerda/strategist-skill/cmd/strategist/treasure_chest_render.go:91.35,92.13 1 1
github.com/SergioLacerda/strategist-skill/cmd/strategist/treasure_chest_render.go:92.13,94.3 1 1
github.com/SergioLacerda/strategist-skill/cmd/strategist/treasure_chest_render.go:95.2,95.10 1 1
github.com/SergioLacerda/strategist-skill/cmd/strategist/treasure_chest_render.go:98.98,99.64 1 1
github.com/SergioLacerda/strategist-skill/cmd/strategist/treasure_chest_render.go:99.64,101.3 1 0
github.com/SergioLacerda/strategist-skill/cmd/strategist/treasure_chest_render.go:103.2,106.9 3 1
github.com/SergioLacerda/strategist-skill/cmd/strategist/treasure_chest_render.go:107.22,109.13 2 1
github.com/SergioLacerda/strategist-skill/cmd/strategist/treasure_chest_render.go:110.23,112.13 2 1
github.com/SergioLacerda/strategist-skill/cmd/strategist/treasure_chest_render.go:113.10,115.72 2 1
github.com/SergioLacerda/strategist-skill/cmd/strategist/treasure_chest_render.go:118.2,123.27 2 1
github.com/SergioLacerda/strategist-skill/cmd/strategist/treasure_chest_render.go:123.27,124.77 1 1
github.com/SergioLacerda/strategist-skill/cmd/strategist/treasure_chest_render.go:124.77,126.4 1 0
github.com/SergioLacerda/strategist-skill/cmd/strategist/treasure_chest_render.go:128.2,128.12 1 1
github.com/SergioLacerda/strategist-skill/cmd/strategist/treasure_chest_render.go:132.33,138.2 5 1
github.com/SergioLacerda/strategist-skill/cmd/strategist/treasure_chest_scan.go:32.13,35.76 3 1
github.com/SergioLacerda/strategist-skill/cmd/strategist/treasure_chest_scan.go:35.76,37.3 1 1
github.com/SergioLacerda/strategist-skill/cmd/strategist/treasure_chest_scan.go:38.2,38.51 1 1
github.com/SergioLacerda/strategist-skill/cmd/strategist/treasure_chest_scan.go:45.96,46.49 1 1
github.com/SergioLacerda/strategist-skill/cmd/strategist/treasure_chest_scan.go:46.49,48.3 1 0
github.com/SergioLacerda/strategist-skill/cmd/strategist/treasure_chest_scan.go:49.2,52.16 3 1
github.com/SergioLacerda/strategist-skill/cmd/strategist/treasure_chest_scan.go:52.16,54.3 1 1
github.com/SergioLacerda/strategist-skill/cmd/strategist/treasure_chest_scan.go:55.2,56.16 2 1
github.com/SergioLacerda/strategist-skill/cmd/strategist/treasure_chest_scan.go:56.16,58.3 1 1
github.com/SergioLacerda/strategist-skill/cmd/strategist/treasure_chest_scan.go:60.2,61.16 2 1
github.com/SergioLacerda/strategist-skill/cmd/strategist/treasure_chest_scan.go:61.16,63.3 1 1
github.com/SergioLacerda/strategist-skill/cmd/strategist/treasure_chest_scan.go:65.2,71.17 5 1
github.com/SergioLacerda/strategist-skill/cmd/strategist/treasure_chest_scan.go:71.17,74.3 2 1
github.com/SergioLacerda/strategist-skill/cmd/strategist/treasure_chest_scan.go:76.2,76.88 1 1
github.com/SergioLacerda/strategist-skill/cmd/strategist/treasure_chest_scan.go:76.88,78.3 1 1
github.com/SergioLacerda/strategist-skill/cmd/strategist/treasure_chest_scan.go:80.2,82.12 2 1
github.com/SergioLacerda/strategist-skill/cmd/strategist/treasure_chest_scan.go:85.137,88.29 2 1
github.com/SergioLacerda/strategist-skill/cmd/strategist/treasure_chest_scan.go:88.29,90.3 1 1
github.com/SergioLacerda/strategist-skill/cmd/strategist/treasure_chest_scan.go:91.2,91.25 1 1
github.com/SergioLacerda/strategist-skill/cmd/strategist/treasure_chest_scan.go:91.25,93.3 1 1
github.com/SergioLacerda/strategist-skill/cmd/strategist/treasure_chest_warnings.go:10.47,11.24 1 1
github.com/SergioLacerda/strategist-skill/cmd/strategist/treasure_chest_warnings.go:11.24,13.3 1 1
github.com/SergioLacerda/strategist-skill/cmd/strategist/treasure_chest_warnings.go:14.2,16.32 3 1
github.com/SergioLacerda/strategist-skill/cmd/strategist/treasure_chest_warnings.go:16.32,18.3 1 1
github.com/SergioLacerda/strategist-skill/cmd/strategist/treasure_chest_warnings.go:21.107,29.25 6 1
github.com/SergioLacerda/strategist-skill/cmd/strategist/treasure_chest_warnings.go:29.25,32.3 2 1
github.com/SergioLacerda/strategist-skill/cmd/strategist/treasure_chest_warnings.go:33.2,33.81 1 1
github.com/SergioLacerda/strategist-skill/cmd/strategist/treasure_chest_warnings.go:36.50,38.19 2 1
github.com/SergioLacerda/strategist-skill/cmd/strategist/treasure_chest_warnings.go:38.19,40.3 1 1
github.com/SergioLacerda/strategist-skill/cmd/strategist/treasure_chest_warnings.go:41.2,41.19 1 1
github.com/SergioLacerda/strategist-skill/cmd/strategist/treasure_chest_warnings.go:41.19,43.3 1 1
github.com/SergioLacerda/strategist-skill/cmd/strategist/treasure_chest_warnings.go:44.2,44.17 1 1
github.com/SergioLacerda/strategist-skill/cmd/strategist/treasure_chest_warnings.go:47.70,48.20 1 1
github.com/SergioLacerda/strategist-skill/cmd/strategist/treasure_chest_warnings.go:48.20,50.3 1 1
github.com/SergioLacerda/strategist-skill/cmd/strategist/treasure_chest_warnings.go:51.2,51.21 1 1
github.com/SergioLacerda/strategist-skill/cmd/strategist/treasure_chest_warnings.go:51.21,53.3 1 1
github.com/SergioLacerda/strategist-skill/cmd/strategist/treasure_chest_warnings.go:54.2,54.12 1 1
github.com/SergioLacerda/strategist-skill/cmd/strategist/treasure_chest_warnings.go:57.65,58.23 1 1
github.com/SergioLacerda/strategist-skill/cmd/strategist/treasure_chest_warnings.go:58.23,60.3 1 1
github.com/SergioLacerda/strategist-skill/cmd/strategist/treasure_chest_warnings.go:61.2,61.61 1 1
github.com/SergioLacerda/strategist-skill/cmd/strategist/treasure_chest_warnings.go:64.75,65.74 1 1
github.com/SergioLacerda/strategist-skill/cmd/strategist/treasure_chest_warnings.go:65.74,67.3 1 1
github.com/SergioLacerda/strategist-skill/cmd/strategist/treasure_chest_warnings.go:68.2,68.12 1 1
github.com/SergioLacerda/strategist-skill/cmd/strategist/treasure_chest_warnings.go:71.140,72.23 1 1
github.com/SergioLacerda/strategist-skill/cmd/strategist/treasure_chest_warnings.go:72.23,74.22 2 1
github.com/SergioLacerda/strategist-skill/cmd/strategist/treasure_chest_warnings.go:74.22,76.4 1 1
github.com/SergioLacerda/strategist-skill/cmd/strategist/treasure_chest_warnings.go:78.2,78.32 1 1
github.com/SergioLacerda/strategist-skill/cmd/strategist/treasure_chest_warnings.go:78.32,80.3 1 1
github.com/SergioLacerda/strategist-skill/cmd/strategist/treasure_chest_warnings.go:81.2,81.17 1 1
github.com/SergioLacerda/strategist-skill/cmd/strategist/treasure_chest_warnings.go:86.67,88.25 2 1
github.com/SergioLacerda/strategist-skill/cmd/strategist/treasure_chest_warnings.go:88.25,89.29 1 1
github.com/SergioLacerda/strategist-skill/cmd/strategist/treasure_chest_warnings.go:89.29,91.4 1 1
github.com/SergioLacerda/strategist-skill/cmd/strategist/treasure_chest_warnings.go:93.2,93.14 1 1
github.com/SergioLacerda/strategist-skill/cmd/strategist/treasure_chest_warnings.go:100.60,102.28 2 1
github.com/SergioLacerda/strategist-skill/cmd/strategist/treasure_chest_warnings.go:102.28,104.3 1 1
github.com/SergioLacerda/strategist-skill/cmd/strategist/treasure_chest_warnings.go:105.2,105.23 1 1
github.com/SergioLacerda/strategist-skill/cmd/strategist/treasure_chest_warnings.go:105.23,108.3 1 1
github.com/SergioLacerda/strategist-skill/cmd/strategist/treasure_chest_warnings.go:109.2,109.33 1 1
github.com/SergioLacerda/strategist-skill/cmd/strategist/treasure_chest_warnings.go:109.33,112.3 1 1
github.com/SergioLacerda/strategist-skill/cmd/strategist/treasure_chest_warnings.go:113.2,113.14 1 1
github.com/SergioLacerda/strategist-skill/cmd/strategist/validate.go:31.51,32.25 1 1
github.com/SergioLacerda/strategist-skill/cmd/strategist/validate.go:32.25,34.21 2 1
github.com/SergioLacerda/strategist-skill/cmd/strategist/validate.go:34.21,36.5 1 0
github.com/SergioLacerda/strategist-skill/cmd/strategist/validate.go:37.4,38.22 2 1
github.com/SergioLacerda/strategist-skill/cmd/strategist/validate.go:38.22,40.5 1 1
github.com/SergioLacerda/strategist-skill/cmd/strategist/validate.go:41.4,41.29 1 0
github.com/SergioLacerda/strategist-skill/cmd/strategist/validate.go:43.3,44.17 2 1
github.com/SergioLacerda/strategist-skill/cmd/strategist/validate.go:44.17,46.4 1 1
github.com/SergioLacerda/strategist-skill/cmd/strategist/validate.go:47.3,48.17 2 1
github.com/SergioLacerda/strategist-skill/cmd/strategist/validate.go:48.17,50.4 1 0
github.com/SergioLacerda/strategist-skill/cmd/strategist/validate.go:51.3,67.23 7 1
github.com/SergioLacerda/strategist-skill/cmd/strategist/validate.go:67.23,69.4 1 1
github.com/SergioLacerda/strategist-skill/cmd/strategist/validate.go:72.3,83.44 8 1
github.com/SergioLacerda/strategist-skill/cmd/strategist/validate.go:83.44,85.56 2 1
github.com/SergioLacerda/strategist-skill/cmd/strategist/validate.go:85.56,87.5 1 1
github.com/SergioLacerda/strategist-skill/cmd/strategist/validate.go:90.3,90.20 1 1
github.com/SergioLacerda/strategist-skill/cmd/strategist/validate.go:90.20,93.27 3 1
github.com/SergioLacerda/strategist-skill/cmd/strategist/validate.go:93.27,95.5 1 1
github.com/SergioLacerda/strategist-skill/cmd/strategist/validate.go:96.4,96.77 1 1
github.com/SergioLacerda/strategist-skill/cmd/strategist/validate.go:99.3,99.17 1 1
github.com/SergioLacerda/strategist-skill/cmd/strategist/validate.go:99.17,101.4 1 0
github.com/SergioLacerda/strategist-skill/cmd/strategist/validate.go:102.3,110.13 3 1
github.com/SergioLacerda/strategist-skill/cmd/strategist/validate.go:114.13,116.2 1 1
github.com/SergioLacerda/strategist-skill/cmd/strategist/version.go:17.44,25.3 2 1
