mode: set
github.com/SergioLacerda/strategist-skill/cmd/strategist/check.go:43.60,45.17 2 1
github.com/SergioLacerda/strategist-skill/cmd/strategist/check.go:45.17,47.21 2 1
github.com/SergioLacerda/strategist-skill/cmd/strategist/check.go:47.21,49.5 1 0
github.com/SergioLacerda/strategist-skill/cmd/strategist/check.go:50.4,51.22 2 1
github.com/SergioLacerda/strategist-skill/cmd/strategist/check.go:51.22,53.5 1 1
github.com/SergioLacerda/strategist-skill/cmd/strategist/check.go:54.4,54.21 1 0
github.com/SergioLacerda/strategist-skill/cmd/strategist/check.go:57.3,58.17 2 1
github.com/SergioLacerda/strategist-skill/cmd/strategist/check.go:58.17,60.4 1 1
github.com/SergioLacerda/strategist-skill/cmd/strategist/check.go:61.3,67.16 2 1
github.com/SergioLacerda/strategist-skill/cmd/strategist/check.go:67.16,68.21 1 1
github.com/SergioLacerda/strategist-skill/cmd/strategist/check.go:68.21,71.5 2 1
github.com/SergioLacerda/strategist-skill/cmd/strategist/check.go:72.4,72.14 1 1
github.com/SergioLacerda/strategist-skill/cmd/strategist/check.go:75.3,77.17 3 1
github.com/SergioLacerda/strategist-skill/cmd/strategist/check.go:77.17,78.26 1 1
github.com/SergioLacerda/strategist-skill/cmd/strategist/check.go:78.26,80.5 1 1
github.com/SergioLacerda/strategist-skill/cmd/strategist/check.go:81.4,81.90 1 0
github.com/SergioLacerda/strategist-skill/cmd/strategist/check.go:84.3,85.51 2 1
github.com/SergioLacerda/strategist-skill/cmd/strategist/check.go:85.51,87.4 1 0
github.com/SergioLacerda/strategist-skill/cmd/strategist/check.go:89.3,89.36 1 1
github.com/SergioLacerda/strategist-skill/cmd/strategist/check.go:89.36,91.21 2 1
github.com/SergioLacerda/strategist-skill/cmd/strategist/check.go:91.21,93.5 1 1
github.com/SergioLacerda/strategist-skill/cmd/strategist/check.go:94.4,94.69 1 1
github.com/SergioLacerda/strategist-skill/cmd/strategist/check.go:97.3,97.79 1 1
github.com/SergioLacerda/strategist-skill/cmd/strategist/check.go:97.79,99.4 1 1
github.com/SergioLacerda/strategist-skill/cmd/strategist/check.go:101.3,109.73 4 1
github.com/SergioLacerda/strategist-skill/cmd/strategist/check.go:109.73,111.22 2 1
github.com/SergioLacerda/strategist-skill/cmd/strategist/check.go:111.22,113.13 2 0
github.com/SergioLacerda/strategist-skill/cmd/strategist/check.go:115.4,116.20 2 1
github.com/SergioLacerda/strategist-skill/cmd/strategist/check.go:116.20,118.13 2 1
github.com/SergioLacerda/strategist-skill/cmd/strategist/check.go:120.4,120.27 1 1
github.com/SergioLacerda/strategist-skill/cmd/strategist/check.go:124.3,124.21 1 1
github.com/SergioLacerda/strategist-skill/cmd/strategist/check.go:124.21,126.4 1 1
github.com/SergioLacerda/strategist-skill/cmd/strategist/check.go:126.9,129.25 3 1
github.com/SergioLacerda/strategist-skill/cmd/strategist/check.go:129.25,131.5 1 1
github.com/SergioLacerda/strategist-skill/cmd/strategist/check.go:131.10,133.72 2 1
github.com/SergioLacerda/strategist-skill/cmd/strategist/check.go:133.72,135.6 1 0
github.com/SergioLacerda/strategist-skill/cmd/strategist/check.go:135.11,135.67 1 1
github.com/SergioLacerda/strategist-skill/cmd/strategist/check.go:135.67,137.6 1 1
github.com/SergioLacerda/strategist-skill/cmd/strategist/check.go:141.3,143.21 3 1
github.com/SergioLacerda/strategist-skill/cmd/strategist/check.go:143.21,145.4 1 0
github.com/SergioLacerda/strategist-skill/cmd/strategist/check.go:147.3,147.18 1 1
github.com/SergioLacerda/strategist-skill/cmd/strategist/check.go:147.18,149.4 1 1
github.com/SergioLacerda/strategist-skill/cmd/strategist/check.go:151.3,152.73 2 1
github.com/SergioLacerda/strategist-skill/cmd/strategist/check.go:152.73,153.29 1 1
github.com/SergioLacerda/strategist-skill/cmd/strategist/check.go:153.29,155.10 2 0
github.com/SergioLacerda/strategist-skill/cmd/strategist/check.go:158.3,158.59 1 1
github.com/SergioLacerda/strategist-skill/cmd/strategist/check.go:158.59,160.4 1 1
github.com/SergioLacerda/strategist-skill/cmd/strategist/check.go:161.3,166.20 2 1
github.com/SergioLacerda/strategist-skill/cmd/strategist/check.go:166.20,168.4 1 1
github.com/SergioLacerda/strategist-skill/cmd/strategist/check.go:170.3,170.20 1 1
github.com/SergioLacerda/strategist-skill/cmd/strategist/check.go:170.20,171.27 1 1
github.com/SergioLacerda/strategist-skill/cmd/strategist/check.go:171.27,173.5 1 1
github.com/SergioLacerda/strategist-skill/cmd/strategist/check.go:174.4,174.85 1 1
github.com/SergioLacerda/strategist-skill/cmd/strategist/check.go:177.3,177.67 1 1
github.com/SergioLacerda/strategist-skill/cmd/strategist/check.go:181.13,188.2 6 1
github.com/SergioLacerda/strategist-skill/cmd/strategist/check_content_lang.go:23.59,24.19 1 1
github.com/SergioLacerda/strategist-skill/cmd/strategist/check_content_lang.go:24.19,26.3 1 0
github.com/SergioLacerda/strategist-skill/cmd/strategist/check_content_lang.go:28.2,29.16 2 1
github.com/SergioLacerda/strategist-skill/cmd/strategist/check_content_lang.go:29.16,31.3 1 1
github.com/SergioLacerda/strategist-skill/cmd/strategist/check_content_lang.go:32.2,33.16 2 1
github.com/SergioLacerda/strategist-skill/cmd/strategist/check_content_lang.go:33.16,35.3 1 1
github.com/SergioLacerda/strategist-skill/cmd/strategist/check_content_lang.go:36.2,37.16 2 1
github.com/SergioLacerda/strategist-skill/cmd/strategist/check_content_lang.go:37.16,39.3 1 0
github.com/SergioLacerda/strategist-skill/cmd/strategist/check_content_lang.go:40.2,41.12 2 1
github.com/SergioLacerda/strategist-skill/cmd/strategist/check_content_lang.go:48.80,51.16 3 1
github.com/SergioLacerda/strategist-skill/cmd/strategist/check_content_lang.go:51.16,53.3 1 1
github.com/SergioLacerda/strategist-skill/cmd/strategist/check_content_lang.go:54.2,54.15 1 1
github.com/SergioLacerda/strategist-skill/cmd/strategist/check_content_lang.go:54.15,54.32 1 1
github.com/SergioLacerda/strategist-skill/cmd/strategist/check_content_lang.go:56.2,57.16 2 1
github.com/SergioLacerda/strategist-skill/cmd/strategist/check_content_lang.go:57.16,59.3 1 1
github.com/SergioLacerda/strategist-skill/cmd/strategist/check_content_lang.go:60.2,60.15 1 1
github.com/SergioLacerda/strategist-skill/cmd/strategist/check_content_lang.go:60.15,60.33 1 1
github.com/SergioLacerda/strategist-skill/cmd/strategist/check_content_lang.go:62.2,63.62 2 1
github.com/SergioLacerda/strategist-skill/cmd/strategist/check_content_lang.go:63.62,65.3 1 0
github.com/SergioLacerda/strategist-skill/cmd/strategist/check_content_lang.go:66.2,66.22 1 1
github.com/SergioLacerda/strategist-skill/cmd/strategist/check_content_lang.go:69.62,70.24 1 1
github.com/SergioLacerda/strategist-skill/cmd/strategist/check_content_lang.go:70.24,72.3 1 1
github.com/SergioLacerda/strategist-skill/cmd/strategist/check_content_lang.go:73.2,73.94 1 0
github.com/SergioLacerda/strategist-skill/cmd/strategist/check_content_lang.go:76.97,78.16 2 1
github.com/SergioLacerda/strategist-skill/cmd/strategist/check_content_lang.go:78.16,80.3 1 1
github.com/SergioLacerda/strategist-skill/cmd/strategist/check_content_lang.go:81.2,82.16 2 1
github.com/SergioLacerda/strategist-skill/cmd/strategist/check_content_lang.go:82.16,84.3 1 1
github.com/SergioLacerda/strategist-skill/cmd/strategist/check_content_lang.go:85.2,85.109 1 1
github.com/SergioLacerda/strategist-skill/cmd/strategist/check_content_lang.go:88.90,90.9 2 1
github.com/SergioLacerda/strategist-skill/cmd/strategist/check_content_lang.go:90.9,93.3 1 1
github.com/SergioLacerda/strategist-skill/cmd/strategist/check_content_lang.go:94.2,95.9 2 1
github.com/SergioLacerda/strategist-skill/cmd/strategist/check_content_lang.go:95.9,97.3 1 1
github.com/SergioLacerda/strategist-skill/cmd/strategist/check_content_lang.go:98.2,98.24 1 1
github.com/SergioLacerda/strategist-skill/cmd/strategist/check_content_lang.go:101.88,103.9 2 1
github.com/SergioLacerda/strategist-skill/cmd/strategist/check_content_lang.go:103.9,105.3 1 1
github.com/SergioLacerda/strategist-skill/cmd/strategist/check_content_lang.go:106.2,107.9 2 1
github.com/SergioLacerda/strategist-skill/cmd/strategist/check_content_lang.go:107.9,110.3 1 1
github.com/SergioLacerda/strategist-skill/cmd/strategist/check_content_lang.go:111.2,111.25 1 1
github.com/SergioLacerda/strategist-skill/cmd/strategist/check_content_lang.go:114.114,116.9 2 1
github.com/SergioLacerda/strategist-skill/cmd/strategist/check_content_lang.go:116.9,118.3 1 1
github.com/SergioLacerda/strategist-skill/cmd/strategist/check_content_lang.go:119.2,119.32 1 1
github.com/SergioLacerda/strategist-skill/cmd/strategist/check_content_lang.go:119.32,121.3 1 1
github.com/SergioLacerda/strategist-skill/cmd/strategist/check_content_lang.go:122.2,122.15 1 1
github.com/SergioLacerda/strategist-skill/cmd/strategist/check_content_lang.go:125.44,127.19 2 1
github.com/SergioLacerda/strategist-skill/cmd/strategist/check_content_lang.go:127.19,129.3 1 1
github.com/SergioLacerda/strategist-skill/cmd/strategist/check_content_lang.go:130.2,131.13 2 1
github.com/SergioLacerda/strategist-skill/cmd/strategist/check_f3_conflict.go:14.93,17.16 3 1
github.com/SergioLacerda/strategist-skill/cmd/strategist/check_f3_conflict.go:17.16,19.3 1 0
github.com/SergioLacerda/strategist-skill/cmd/strategist/check_f3_conflict.go:20.2,25.16 2 1
github.com/SergioLacerda/strategist-skill/cmd/strategist/check_f3_conflict.go:25.16,27.3 1 0
github.com/SergioLacerda/strategist-skill/cmd/strategist/check_f3_conflict.go:28.2,28.88 1 1
github.com/SergioLacerda/strategist-skill/cmd/strategist/check_f3_conflict.go:28.88,30.3 1 1
github.com/SergioLacerda/strategist-skill/cmd/strategist/check_f3_conflict.go:31.2,31.12 1 1
github.com/SergioLacerda/strategist-skill/cmd/strategist/check_f3_conflict.go:34.80,37.36 2 1
github.com/SergioLacerda/strategist-skill/cmd/strategist/check_f3_conflict.go:37.36,39.31 2 1
github.com/SergioLacerda/strategist-skill/cmd/strategist/check_f3_conflict.go:39.31,43.4 1 1
github.com/SergioLacerda/strategist-skill/cmd/strategist/check_f3_conflict.go:46.3,46.79 1 1
github.com/SergioLacerda/strategist-skill/cmd/strategist/check_f3_conflict.go:49.2,51.16 3 0
github.com/SergioLacerda/strategist-skill/cmd/strategist/check_f3_conflict.go:51.16,53.3 1 0
github.com/SergioLacerda/strategist-skill/cmd/strategist/check_f3_conflict.go:54.2,54.44 1 0
github.com/SergioLacerda/strategist-skill/cmd/strategist/check_f3_conflict.go:57.45,59.48 2 1
github.com/SergioLacerda/strategist-skill/cmd/strategist/check_f3_conflict.go:59.48,61.17 2 1
github.com/SergioLacerda/strategist-skill/cmd/strategist/check_f3_conflict.go:61.17,62.12 1 1
github.com/SergioLacerda/strategist-skill/cmd/strategist/check_f3_conflict.go:64.3,65.19 2 1
github.com/SergioLacerda/strategist-skill/cmd/strategist/check_f3_conflict.go:65.19,67.4 1 1
github.com/SergioLacerda/strategist-skill/cmd/strategist/check_f3_conflict.go:69.2,69.14 1 1
github.com/SergioLacerda/strategist-skill/cmd/strategist/check_identity.go:21.49,23.39 2 1
github.com/SergioLacerda/strategist-skill/cmd/strategist/check_identity.go:23.39,24.70 1 1
github.com/SergioLacerda/strategist-skill/cmd/strategist/check_identity.go:24.70,26.4 1 1
github.com/SergioLacerda/strategist-skill/cmd/strategist/check_identity.go:28.2,28.16 1 1
github.com/SergioLacerda/strategist-skill/cmd/strategist/check_identity.go:33.57,35.23 2 1
github.com/SergioLacerda/strategist-skill/cmd/strategist/check_identity.go:35.23,37.3 1 1
github.com/SergioLacerda/strategist-skill/cmd/strategist/check_identity.go:38.2,41.3 1 1
github.com/SergioLacerda/strategist-skill/cmd/strategist/check_output.go:9.124,14.35 3 1
github.com/SergioLacerda/strategist-skill/cmd/strategist/check_output.go:14.35,14.78 1 1
github.com/SergioLacerda/strategist-skill/cmd/strategist/check_output.go:15.35,15.95 1 1
github.com/SergioLacerda/strategist-skill/cmd/strategist/check_output.go:16.35,16.79 1 1
github.com/SergioLacerda/strategist-skill/cmd/strategist/check_output.go:17.4,18.36 1 1
github.com/SergioLacerda/strategist-skill/cmd/strategist/check_output.go:18.36,20.4 1 0
github.com/SergioLacerda/strategist-skill/cmd/strategist/check_output.go:22.2,22.34 1 1
github.com/SergioLacerda/strategist-skill/cmd/strategist/check_output.go:22.34,24.3 1 0
github.com/SergioLacerda/strategist-skill/cmd/strategist/check_output.go:25.2,25.12 1 1
github.com/SergioLacerda/strategist-skill/cmd/strategist/check_output.go:28.70,29.55 1 1
github.com/SergioLacerda/strategist-skill/cmd/strategist/check_output.go:29.55,31.3 1 0
github.com/SergioLacerda/strategist-skill/cmd/strategist/check_output.go:32.2,32.67 1 1
github.com/SergioLacerda/strategist-skill/cmd/strategist/check_output.go:32.67,34.3 1 0
github.com/SergioLacerda/strategist-skill/cmd/strategist/check_output.go:35.2,35.49 1 1
github.com/SergioLacerda/strategist-skill/cmd/strategist/check_output.go:35.49,37.3 1 0
github.com/SergioLacerda/strategist-skill/cmd/strategist/check_output.go:38.2,38.12 1 1
github.com/SergioLacerda/strategist-skill/cmd/strategist/check_output.go:41.124,42.54 1 1
github.com/SergioLacerda/strategist-skill/cmd/strategist/check_output.go:42.54,44.3 1 0
github.com/SergioLacerda/strategist-skill/cmd/strategist/check_output.go:45.2,45.72 1 1
github.com/SergioLacerda/strategist-skill/cmd/strategist/check_output.go:45.72,47.98 2 1
github.com/SergioLacerda/strategist-skill/cmd/strategist/check_output.go:47.98,49.4 1 0
github.com/SergioLacerda/strategist-skill/cmd/strategist/check_output.go:51.2,51.49 1 1
github.com/SergioLacerda/strategist-skill/cmd/strategist/check_output.go:51.49,53.3 1 0
github.com/SergioLacerda/strategist-skill/cmd/strategist/check_output.go:54.2,54.12 1 1
github.com/SergioLacerda/strategist-skill/cmd/strategist/check_output.go:57.71,58.56 1 1
github.com/SergioLacerda/strategist-skill/cmd/strategist/check_output.go:58.56,60.3 1 0
github.com/SergioLacerda/strategist-skill/cmd/strategist/check_output.go:61.2,61.64 1 1
github.com/SergioLacerda/strategist-skill/cmd/strategist/check_output.go:61.64,63.3 1 0
github.com/SergioLacerda/strategist-skill/cmd/strategist/check_output.go:64.2,64.12 1 1
github.com/SergioLacerda/strategist-skill/cmd/strategist/check_runtime.go:18.44,23.41 4 1
github.com/SergioLacerda/strategist-skill/cmd/strategist/check_runtime.go:23.41,25.66 2 1
github.com/SergioLacerda/strategist-skill/cmd/strategist/check_runtime.go:25.66,27.4 1 1
github.com/SergioLacerda/strategist-skill/cmd/strategist/check_runtime.go:30.2,31.16 2 1
github.com/SergioLacerda/strategist-skill/cmd/strategist/check_runtime.go:31.16,33.3 1 0
github.com/SergioLacerda/strategist-skill/cmd/strategist/check_runtime.go:34.2,34.26 1 1
github.com/SergioLacerda/strategist-skill/cmd/strategist/check_runtime.go:34.26,36.3 1 1
github.com/SergioLacerda/strategist-skill/cmd/strategist/check_runtime.go:38.2,38.13 1 1
github.com/SergioLacerda/strategist-skill/cmd/strategist/check_runtime.go:41.57,45.24 4 1
github.com/SergioLacerda/strategist-skill/cmd/strategist/check_runtime.go:45.24,47.3 1 0
github.com/SergioLacerda/strategist-skill/cmd/strategist/check_runtime.go:49.2,49.60 1 1
github.com/SergioLacerda/strategist-skill/cmd/strategist/check_runtime.go:49.60,51.9 2 1
github.com/SergioLacerda/strategist-skill/cmd/strategist/check_runtime.go:51.9,53.4 1 1
github.com/SergioLacerda/strategist-skill/cmd/strategist/check_runtime.go:56.2,56.13 1 1
github.com/SergioLacerda/strategist-skill/cmd/strategist/check_runtime.go:65.18,68.20 3 1
github.com/SergioLacerda/strategist-skill/cmd/strategist/check_runtime.go:68.20,69.29 1 1
github.com/SergioLacerda/strategist-skill/cmd/strategist/check_runtime.go:69.29,71.4 1 1
github.com/SergioLacerda/strategist-skill/cmd/strategist/check_runtime.go:72.3,72.79 1 0
github.com/SergioLacerda/strategist-skill/cmd/strategist/check_runtime.go:75.2,76.21 2 1
github.com/SergioLacerda/strategist-skill/cmd/strategist/check_runtime.go:76.21,78.3 1 0
github.com/SergioLacerda/strategist-skill/cmd/strategist/check_runtime.go:79.2,79.47 1 1
github.com/SergioLacerda/strategist-skill/cmd/strategist/check_runtime.go:79.47,81.3 1 1
github.com/SergioLacerda/strategist-skill/cmd/strategist/check_runtime.go:82.2,85.9 1 1
github.com/SergioLacerda/strategist-skill/cmd/strategist/check_runtime.go:94.33,95.43 1 1
github.com/SergioLacerda/strategist-skill/cmd/strategist/check_runtime.go:95.43,97.3 1 1
github.com/SergioLacerda/strategist-skill/cmd/strategist/check_runtime.go:98.2,99.9 2 1
github.com/SergioLacerda/strategist-skill/cmd/strategist/check_runtime.go:99.9,101.3 1 0
github.com/SergioLacerda/strategist-skill/cmd/strategist/check_runtime.go:102.2,102.57 1 1
github.com/SergioLacerda/strategist-skill/cmd/strategist/check_runtime.go:102.57,104.3 1 1
github.com/SergioLacerda/strategist-skill/cmd/strategist/check_runtime.go:105.2,105.39 1 1
github.com/SergioLacerda/strategist-skill/cmd/strategist/check_runtime.go:108.77,111.16 3 1
github.com/SergioLacerda/strategist-skill/cmd/strategist/check_runtime.go:111.16,112.37 1 1
github.com/SergioLacerda/strategist-skill/cmd/strategist/check_runtime.go:112.37,114.4 1 1
github.com/SergioLacerda/strategist-skill/cmd/strategist/check_runtime.go:115.3,115.87 1 0
github.com/SergioLacerda/strategist-skill/cmd/strategist/check_runtime.go:117.2,118.56 2 1
github.com/SergioLacerda/strategist-skill/cmd/strategist/check_runtime.go:118.56,120.3 1 0
github.com/SergioLacerda/strategist-skill/cmd/strategist/check_runtime.go:121.2,121.28 1 1
github.com/SergioLacerda/strategist-skill/cmd/strategist/check_simulate.go:13.157,15.105 2 1
github.com/SergioLacerda/strategist-skill/cmd/strategist/check_simulate.go:15.105,17.3 1 0
github.com/SergioLacerda/strategist-skill/cmd/strategist/check_simulate.go:18.2,18.34 1 1
github.com/SergioLacerda/strategist-skill/cmd/strategist/check_simulate.go:18.34,20.3 1 0
github.com/SergioLacerda/strategist-skill/cmd/strategist/check_simulate.go:21.2,21.19 1 1
github.com/SergioLacerda/strategist-skill/cmd/strategist/check_simulate.go:21.19,23.3 1 1
github.com/SergioLacerda/strategist-skill/cmd/strategist/check_simulate.go:24.2,24.12 1 1
github.com/SergioLacerda/strategist-skill/cmd/strategist/check_simulate.go:35.60,36.18 1 1
github.com/SergioLacerda/strategist-skill/cmd/strategist/check_simulate.go:36.18,38.3 1 1
github.com/SergioLacerda/strategist-skill/cmd/strategist/check_simulate.go:39.2,39.61 1 1
github.com/SergioLacerda/strategist-skill/cmd/strategist/check_simulate.go:39.61,41.3 1 1
github.com/SergioLacerda/strategist-skill/cmd/strategist/check_simulate.go:46.178,62.2 13 1
github.com/SergioLacerda/strategist-skill/cmd/strategist/check_simulate.go:64.114,65.72 1 1
github.com/SergioLacerda/strategist-skill/cmd/strategist/check_simulate.go:65.72,67.28 2 1
github.com/SergioLacerda/strategist-skill/cmd/strategist/check_simulate.go:67.28,69.4 1 1
github.com/SergioLacerda/strategist-skill/cmd/strategist/check_simulate.go:70.3,71.93 2 1
github.com/SergioLacerda/strategist-skill/cmd/strategist/check_simulate.go:75.64,76.20 1 1
github.com/SergioLacerda/strategist-skill/cmd/strategist/check_simulate.go:76.20,78.3 1 1
github.com/SergioLacerda/strategist-skill/cmd/strategist/check_simulate.go:79.2,81.25 3 1
github.com/SergioLacerda/strategist-skill/cmd/strategist/check_simulate.go:81.25,83.3 1 1
github.com/SergioLacerda/strategist-skill/cmd/strategist/check_slots.go:48.80,51.20 3 1
github.com/SergioLacerda/strategist-skill/cmd/strategist/check_slots.go:51.20,53.3 1 1
github.com/SergioLacerda/strategist-skill/cmd/strategist/check_slots.go:54.2,54.29 1 1
github.com/SergioLacerda/strategist-skill/cmd/strategist/check_slots.go:54.29,56.3 1 0
github.com/SergioLacerda/strategist-skill/cmd/strategist/check_slots.go:57.2,57.63 1 1
github.com/SergioLacerda/strategist-skill/cmd/strategist/check_slots.go:60.107,64.68 2 1
github.com/SergioLacerda/strategist-skill/cmd/strategist/check_slots.go:64.68,66.3 1 0
github.com/SergioLacerda/strategist-skill/cmd/strategist/check_slots.go:67.2,68.36 2 1
github.com/SergioLacerda/strategist-skill/cmd/strategist/check_slots.go:68.36,70.3 1 1
github.com/SergioLacerda/strategist-skill/cmd/strategist/check_slots.go:71.2,71.79 1 1
github.com/SergioLacerda/strategist-skill/cmd/strategist/check_slots.go:74.93,77.20 3 1
github.com/SergioLacerda/strategist-skill/cmd/strategist/check_slots.go:77.20,78.29 1 1
github.com/SergioLacerda/strategist-skill/cmd/strategist/check_slots.go:78.29,80.4 1 1
github.com/SergioLacerda/strategist-skill/cmd/strategist/check_slots.go:81.3,81.99 1 0
github.com/SergioLacerda/strategist-skill/cmd/strategist/check_slots.go:83.2,84.66 2 1
github.com/SergioLacerda/strategist-skill/cmd/strategist/check_slots.go:84.66,86.3 1 0
github.com/SergioLacerda/strategist-skill/cmd/strategist/check_slots.go:87.2,87.49 1 1
github.com/SergioLacerda/strategist-skill/cmd/strategist/check_slots.go:87.49,89.3 1 1
github.com/SergioLacerda/strategist-skill/cmd/strategist/check_slots.go:90.2,90.26 1 1
github.com/SergioLacerda/strategist-skill/cmd/strategist/check_slots.go:90.26,92.3 1 1
github.com/SergioLacerda/strategist-skill/cmd/strategist/check_slots.go:93.2,93.75 1 1
github.com/SergioLacerda/strategist-skill/cmd/strategist/check_stale.go:31.13,34.2 2 1
github.com/SergioLacerda/strategist-skill/cmd/strategist/check_stale.go:36.61,40.16 3 1
github.com/SergioLacerda/strategist-skill/cmd/strategist/check_stale.go:40.16,42.3 1 1
github.com/SergioLacerda/strategist-skill/cmd/strategist/check_stale.go:43.2,44.16 2 1
github.com/SergioLacerda/strategist-skill/cmd/strategist/check_stale.go:44.16,47.3 2 0
github.com/SergioLacerda/strategist-skill/cmd/strategist/check_stale.go:48.2,59.16 3 1
github.com/SergioLacerda/strategist-skill/cmd/strategist/check_stale.go:59.16,64.3 4 1
github.com/SergioLacerda/strategist-skill/cmd/strategist/check_stale.go:66.2,80.54 4 1
github.com/SergioLacerda/strategist-skill/cmd/strategist/check_stale.go:80.54,82.3 1 0
github.com/SergioLacerda/strategist-skill/cmd/strategist/check_stale.go:83.2,83.18 1 1
github.com/SergioLacerda/strategist-skill/cmd/strategist/check_stale.go:83.18,85.3 1 0
github.com/SergioLacerda/strategist-skill/cmd/strategist/check_stale.go:86.2,86.12 1 1
github.com/SergioLacerda/strategist-skill/cmd/strategist/check_stale.go:89.55,90.20 1 1
github.com/SergioLacerda/strategist-skill/cmd/strategist/check_stale.go:90.20,92.17 2 1
github.com/SergioLacerda/strategist-skill/cmd/strategist/check_stale.go:92.17,94.4 1 0
github.com/SergioLacerda/strategist-skill/cmd/strategist/check_stale.go:95.3,96.13 2 1
github.com/SergioLacerda/strategist-skill/cmd/strategist/check_stale.go:98.2,98.38 1 1
github.com/SergioLacerda/strategist-skill/cmd/strategist/check_stale.go:98.38,99.30 1 1
github.com/SergioLacerda/strategist-skill/cmd/strategist/check_stale.go:99.30,102.4 2 1
github.com/SergioLacerda/strategist-skill/cmd/strategist/check_stale.go:103.3,103.76 1 0
github.com/SergioLacerda/strategist-skill/cmd/strategist/check_stale.go:105.2,105.12 1 1
github.com/SergioLacerda/strategist-skill/cmd/strategist/compile.go:27.64,28.23 1 1
github.com/SergioLacerda/strategist-skill/cmd/strategist/compile.go:28.23,29.46 1 1
github.com/SergioLacerda/strategist-skill/cmd/strategist/compile.go:29.46,31.4 1 1
github.com/SergioLacerda/strategist-skill/cmd/strategist/compile.go:34.2,37.15 4 1
github.com/SergioLacerda/strategist-skill/cmd/strategist/compile.go:37.15,38.20 1 1
github.com/SergioLacerda/strategist-skill/cmd/strategist/compile.go:38.20,41.4 2 1
github.com/SergioLacerda/strategist-skill/cmd/strategist/compile.go:42.3,42.13 1 1
github.com/SergioLacerda/strategist-skill/cmd/strategist/compile.go:45.2,55.61 5 1
github.com/SergioLacerda/strategist-skill/cmd/strategist/compile.go:55.61,57.3 1 1
github.com/SergioLacerda/strategist-skill/cmd/strategist/compile.go:59.2,70.12 5 1
github.com/SergioLacerda/strategist-skill/cmd/strategist/compile.go:73.33,76.2 2 1
github.com/SergioLacerda/strategist-skill/cmd/strategist/compile.go:78.42,79.61 1 1
github.com/SergioLacerda/strategist-skill/cmd/strategist/compile.go:79.61,81.3 1 0
github.com/SergioLacerda/strategist-skill/cmd/strategist/compile.go:84.74,93.2 1 1
github.com/SergioLacerda/strategist-skill/cmd/strategist/compile.go:95.51,98.16 3 1
github.com/SergioLacerda/strategist-skill/cmd/strategist/compile.go:98.16,101.3 2 0
github.com/SergioLacerda/strategist-skill/cmd/strategist/compile.go:102.2,102.106 1 1
github.com/SergioLacerda/strategist-skill/cmd/strategist/compile.go:102.106,104.3 1 1
github.com/SergioLacerda/strategist-skill/cmd/strategist/compile.go:105.2,105.80 1 1
github.com/SergioLacerda/strategist-skill/cmd/strategist/compile.go:108.13,110.2 1 1
github.com/SergioLacerda/strategist-skill/cmd/strategist/dojo.go:46.58,50.16 3 1
github.com/SergioLacerda/strategist-skill/cmd/strategist/dojo.go:50.16,52.3 1 1
github.com/SergioLacerda/strategist-skill/cmd/strategist/dojo.go:54.2,56.16 3 1
github.com/SergioLacerda/strategist-skill/cmd/strategist/dojo.go:56.16,58.3 1 1
github.com/SergioLacerda/strategist-skill/cmd/strategist/dojo.go:60.2,65.48 5 1
github.com/SergioLacerda/strategist-skill/cmd/strategist/dojo.go:65.48,67.3 1 0
github.com/SergioLacerda/strategist-skill/cmd/strategist/dojo.go:68.2,70.22 2 1
github.com/SergioLacerda/strategist-skill/cmd/strategist/dojo.go:70.22,72.3 1 1
github.com/SergioLacerda/strategist-skill/cmd/strategist/dojo.go:73.2,73.12 1 1
github.com/SergioLacerda/strategist-skill/cmd/strategist/dojo.go:80.105,81.84 1 1
github.com/SergioLacerda/strategist-skill/cmd/strategist/dojo.go:81.84,83.3 1 0
github.com/SergioLacerda/strategist-skill/cmd/strategist/dojo.go:84.2,84.59 1 1
github.com/SergioLacerda/strategist-skill/cmd/strategist/dojo.go:84.59,86.3 1 0
github.com/SergioLacerda/strategist-skill/cmd/strategist/dojo.go:89.54,91.16 2 1
github.com/SergioLacerda/strategist-skill/cmd/strategist/dojo.go:91.16,93.3 1 1
github.com/SergioLacerda/strategist-skill/cmd/strategist/dojo.go:95.2,97.16 3 1
github.com/SergioLacerda/strategist-skill/cmd/strategist/dojo.go:97.16,99.3 1 1
github.com/SergioLacerda/strategist-skill/cmd/strategist/dojo.go:101.2,102.63 2 1
github.com/SergioLacerda/strategist-skill/cmd/strategist/dojo.go:102.63,104.3 1 0
github.com/SergioLacerda/strategist-skill/cmd/strategist/dojo.go:105.2,105.34 1 1
github.com/SergioLacerda/strategist-skill/cmd/strategist/dojo.go:105.34,107.3 1 0
github.com/SergioLacerda/strategist-skill/cmd/strategist/dojo.go:108.2,108.12 1 1
github.com/SergioLacerda/strategist-skill/cmd/strategist/dojo.go:111.90,112.28 1 1
github.com/SergioLacerda/strategist-skill/cmd/strategist/dojo.go:112.28,113.39 1 1
github.com/SergioLacerda/strategist-skill/cmd/strategist/dojo.go:113.39,114.12 1 1
github.com/SergioLacerda/strategist-skill/cmd/strategist/dojo.go:116.3,116.101 1 1
github.com/SergioLacerda/strategist-skill/cmd/strategist/dojo.go:116.101,118.4 1 0
github.com/SergioLacerda/strategist-skill/cmd/strategist/dojo.go:120.2,120.12 1 1
github.com/SergioLacerda/strategist-skill/cmd/strategist/dojo.go:123.62,124.43 1 1
github.com/SergioLacerda/strategist-skill/cmd/strategist/dojo.go:124.43,126.3 1 0
github.com/SergioLacerda/strategist-skill/cmd/strategist/dojo.go:127.2,127.52 1 1
github.com/SergioLacerda/strategist-skill/cmd/strategist/dojo.go:130.55,133.16 3 1
github.com/SergioLacerda/strategist-skill/cmd/strategist/dojo.go:133.16,135.3 1 0
github.com/SergioLacerda/strategist-skill/cmd/strategist/dojo.go:136.2,137.36 2 1
github.com/SergioLacerda/strategist-skill/cmd/strategist/dojo.go:137.36,139.3 1 0
github.com/SergioLacerda/strategist-skill/cmd/strategist/dojo.go:140.2,140.22 1 1
github.com/SergioLacerda/strategist-skill/cmd/strategist/dojo.go:143.81,145.26 2 1
github.com/SergioLacerda/strategist-skill/cmd/strategist/dojo.go:145.26,147.3 1 1
github.com/SergioLacerda/strategist-skill/cmd/strategist/dojo.go:149.2,150.16 2 1
github.com/SergioLacerda/strategist-skill/cmd/strategist/dojo.go:150.16,152.3 1 1
github.com/SergioLacerda/strategist-skill/cmd/strategist/dojo.go:153.2,154.50 2 1
github.com/SergioLacerda/strategist-skill/cmd/strategist/dojo.go:154.50,156.3 1 1
github.com/SergioLacerda/strategist-skill/cmd/strategist/dojo.go:157.2,157.24 1 1
github.com/SergioLacerda/strategist-skill/cmd/strategist/dojo.go:157.24,159.3 1 1
github.com/SergioLacerda/strategist-skill/cmd/strategist/dojo.go:160.2,161.31 2 1
github.com/SergioLacerda/strategist-skill/cmd/strategist/dojo.go:161.31,163.3 1 1
github.com/SergioLacerda/strategist-skill/cmd/strategist/dojo.go:164.2,164.38 1 1
github.com/SergioLacerda/strategist-skill/cmd/strategist/dojo.go:167.53,168.17 1 1
github.com/SergioLacerda/strategist-skill/cmd/strategist/dojo.go:168.17,170.3 1 1
github.com/SergioLacerda/strategist-skill/cmd/strategist/dojo.go:171.2,172.18 2 1
github.com/SergioLacerda/strategist-skill/cmd/strategist/dojo.go:172.18,174.3 1 1
github.com/SergioLacerda/strategist-skill/cmd/strategist/dojo.go:175.2,175.64 1 1
github.com/SergioLacerda/strategist-skill/cmd/strategist/dojo.go:178.60,179.21 1 1
github.com/SergioLacerda/strategist-skill/cmd/strategist/dojo.go:179.21,181.3 1 1
github.com/SergioLacerda/strategist-skill/cmd/strategist/dojo.go:182.2,182.102 1 1
github.com/SergioLacerda/strategist-skill/cmd/strategist/dojo.go:185.59,191.36 3 1
github.com/SergioLacerda/strategist-skill/cmd/strategist/dojo.go:191.36,193.3 1 1
github.com/SergioLacerda/strategist-skill/cmd/strategist/dojo.go:194.2,195.29 2 1
github.com/SergioLacerda/strategist-skill/cmd/strategist/dojo.go:195.29,196.48 1 1
github.com/SergioLacerda/strategist-skill/cmd/strategist/dojo.go:196.48,198.4 1 0
github.com/SergioLacerda/strategist-skill/cmd/strategist/dojo.go:200.2,200.34 1 1
github.com/SergioLacerda/strategist-skill/cmd/strategist/dojo.go:200.34,202.3 1 0
github.com/SergioLacerda/strategist-skill/cmd/strategist/dojo.go:203.2,203.12 1 1
github.com/SergioLacerda/strategist-skill/cmd/strategist/dojo.go:206.13,214.2 6 1
github.com/SergioLacerda/strategist-skill/cmd/strategist/initiative_helpers.go:12.42,13.14 1 1
github.com/SergioLacerda/strategist-skill/cmd/strategist/initiative_helpers.go:14.19,15.18 1 1
github.com/SergioLacerda/strategist-skill/cmd/strategist/initiative_helpers.go:16.20,17.21 1 1
github.com/SergioLacerda/strategist-skill/cmd/strategist/initiative_helpers.go:18.19,19.18 1 1
github.com/SergioLacerda/strategist-skill/cmd/strategist/initiative_helpers.go:20.10,21.46 1 0
github.com/SergioLacerda/strategist-skill/cmd/strategist/initiative_helpers.go:25.44,26.30 1 0
github.com/SergioLacerda/strategist-skill/cmd/strategist/initiative_helpers.go:27.16,28.18 1 0
github.com/SergioLacerda/strategist-skill/cmd/strategist/initiative_helpers.go:29.19,30.21 1 0
github.com/SergioLacerda/strategist-skill/cmd/strategist/initiative_helpers.go:31.16,32.18 1 0
github.com/SergioLacerda/strategist-skill/cmd/strategist/initiative_helpers.go:33.10,34.20 1 0
github.com/SergioLacerda/strategist-skill/cmd/strategist/initiative_helpers.go:34.20,36.4 1 0
github.com/SergioLacerda/strategist-skill/cmd/strategist/initiative_helpers.go:37.3,37.44 1 0
github.com/SergioLacerda/strategist-skill/cmd/strategist/initiative_helpers.go:42.95,47.22 4 1
github.com/SergioLacerda/strategist-skill/cmd/strategist/initiative_helpers.go:47.22,49.3 1 1
github.com/SergioLacerda/strategist-skill/cmd/strategist/initiative_helpers.go:51.2,52.16 2 1
github.com/SergioLacerda/strategist-skill/cmd/strategist/initiative_helpers.go:52.16,54.3 1 0
github.com/SergioLacerda/strategist-skill/cmd/strategist/initiative_helpers.go:56.2,57.37 2 1
github.com/SergioLacerda/strategist-skill/cmd/strategist/initiative_helpers.go:57.37,59.3 1 1
github.com/SergioLacerda/strategist-skill/cmd/strategist/initiative_helpers.go:61.2,61.60 1 0
github.com/SergioLacerda/strategist-skill/cmd/strategist/initiative_helpers.go:61.60,63.3 1 0
github.com/SergioLacerda/strategist-skill/cmd/strategist/initiative_helpers.go:64.2,64.91 1 0
github.com/SergioLacerda/strategist-skill/cmd/strategist/initiative_helpers.go:64.91,66.3 1 0
github.com/SergioLacerda/strategist-skill/cmd/strategist/initiative_helpers.go:67.2,68.8 2 0
github.com/SergioLacerda/strategist-skill/cmd/strategist/install.go:49.64,50.44 1 1
github.com/SergioLacerda/strategist-skill/cmd/strategist/install.go:50.44,52.3 1 1
github.com/SergioLacerda/strategist-skill/cmd/strategist/install.go:54.2,55.16 2 1
github.com/SergioLacerda/strategist-skill/cmd/strategist/install.go:55.16,57.3 1 0
github.com/SergioLacerda/strategist-skill/cmd/strategist/install.go:58.2,63.15 5 1
github.com/SergioLacerda/strategist-skill/cmd/strategist/install.go:63.15,64.20 1 1
github.com/SergioLacerda/strategist-skill/cmd/strategist/install.go:64.20,67.4 2 1
github.com/SergioLacerda/strategist-skill/cmd/strategist/install.go:68.3,68.13 1 1
github.com/SergioLacerda/strategist-skill/cmd/strategist/install.go:71.2,80.16 4 1
github.com/SergioLacerda/strategist-skill/cmd/strategist/install.go:80.16,82.3 1 0
github.com/SergioLacerda/strategist-skill/cmd/strategist/install.go:84.2,87.46 3 1
github.com/SergioLacerda/strategist-skill/cmd/strategist/install.go:87.46,89.3 1 1
github.com/SergioLacerda/strategist-skill/cmd/strategist/install.go:91.2,105.12 5 1
github.com/SergioLacerda/strategist-skill/cmd/strategist/install.go:108.57,110.16 2 1
github.com/SergioLacerda/strategist-skill/cmd/strategist/install.go:110.16,112.3 1 1
github.com/SergioLacerda/strategist-skill/cmd/strategist/install.go:113.2,113.12 1 0
github.com/SergioLacerda/strategist-skill/cmd/strategist/install.go:116.55,118.16 2 1
github.com/SergioLacerda/strategist-skill/cmd/strategist/install.go:118.16,120.3 1 1
github.com/SergioLacerda/strategist-skill/cmd/strategist/install.go:121.2,122.12 2 0
github.com/SergioLacerda/strategist-skill/cmd/strategist/install.go:122.12,124.3 1 0
github.com/SergioLacerda/strategist-skill/cmd/strategist/install.go:127.74,136.2 1 1
github.com/SergioLacerda/strategist-skill/cmd/strategist/install.go:138.56,139.61 1 1
github.com/SergioLacerda/strategist-skill/cmd/strategist/install.go:139.61,141.3 1 0
github.com/SergioLacerda/strategist-skill/cmd/strategist/install.go:144.52,155.2 1 1
github.com/SergioLacerda/strategist-skill/cmd/strategist/install.go:157.54,165.2 1 1
github.com/SergioLacerda/strategist-skill/cmd/strategist/install.go:167.87,169.16 2 1
github.com/SergioLacerda/strategist-skill/cmd/strategist/install.go:169.16,171.3 1 0
github.com/SergioLacerda/strategist-skill/cmd/strategist/install.go:172.2,172.86 1 1
github.com/SergioLacerda/strategist-skill/cmd/strategist/install.go:175.13,184.2 8 1
github.com/SergioLacerda/strategist-skill/cmd/strategist/install_banner.go:13.43,17.2 3 1
github.com/SergioLacerda/strategist-skill/cmd/strategist/install_banner.go:19.70,21.12 2 1
github.com/SergioLacerda/strategist-skill/cmd/strategist/install_banner.go:21.12,23.3 1 1
github.com/SergioLacerda/strategist-skill/cmd/strategist/install_banner.go:24.2,25.13 2 1
github.com/SergioLacerda/strategist-skill/cmd/strategist/install_banner.go:25.13,28.3 2 1
github.com/SergioLacerda/strategist-skill/cmd/strategist/install_banner.go:29.2,29.38 1 1
github.com/SergioLacerda/strategist-skill/cmd/strategist/install_banner.go:32.53,44.2 11 1
github.com/SergioLacerda/strategist-skill/cmd/strategist/install_banner.go:46.50,54.2 7 1
github.com/SergioLacerda/strategist-skill/cmd/strategist/install_target.go:12.73,13.20 1 1
github.com/SergioLacerda/strategist-skill/cmd/strategist/install_target.go:13.20,15.3 1 1
github.com/SergioLacerda/strategist-skill/cmd/strategist/install_target.go:16.2,16.12 1 1
github.com/SergioLacerda/strategist-skill/cmd/strategist/install_target.go:16.12,18.17 2 1
github.com/SergioLacerda/strategist-skill/cmd/strategist/install_target.go:18.17,20.4 1 0
github.com/SergioLacerda/strategist-skill/cmd/strategist/install_target.go:21.3,21.19 1 1
github.com/SergioLacerda/strategist-skill/cmd/strategist/install_target.go:23.2,23.40 1 1
github.com/SergioLacerda/strategist-skill/cmd/strategist/install_target.go:23.40,24.70 1 1
github.com/SergioLacerda/strategist-skill/cmd/strategist/install_target.go:24.70,26.4 1 1
github.com/SergioLacerda/strategist-skill/cmd/strategist/install_target.go:28.2,28.17 1 1
github.com/SergioLacerda/strategist-skill/cmd/strategist/main.go:10.13,13.16 3 1
github.com/SergioLacerda/strategist-skill/cmd/strategist/main.go:13.16,20.3 1 0
github.com/SergioLacerda/strategist-skill/cmd/strategist/main.go:20.8,22.3 1 1
github.com/SergioLacerda/strategist-skill/cmd/strategist/main.go:23.2,23.11 1 1
github.com/SergioLacerda/strategist-skill/cmd/strategist/root.go:37.52,38.41 1 1
github.com/SergioLacerda/strategist-skill/cmd/strategist/root.go:38.41,39.36 1 1
github.com/SergioLacerda/strategist-skill/cmd/strategist/root.go:39.36,41.4 1 1
github.com/SergioLacerda/strategist-skill/cmd/strategist/root.go:43.2,43.14 1 1
github.com/SergioLacerda/strategist-skill/cmd/strategist/root.go:50.29,52.16 2 1
github.com/SergioLacerda/strategist-skill/cmd/strategist/root.go:52.16,54.3 1 0
github.com/SergioLacerda/strategist-skill/cmd/strategist/root.go:55.2,56.16 2 1
github.com/SergioLacerda/strategist-skill/cmd/strategist/root.go:56.16,59.3 1 1
github.com/SergioLacerda/strategist-skill/cmd/strategist/root.go:61.2,65.16 4 1
github.com/SergioLacerda/strategist-skill/cmd/strategist/root.go:65.16,71.3 2 1
github.com/SergioLacerda/strategist-skill/cmd/strategist/root.go:72.2,72.22 1 1
github.com/SergioLacerda/strategist-skill/cmd/strategist/root.go:72.22,75.3 1 1
github.com/SergioLacerda/strategist-skill/cmd/strategist/root.go:77.2,77.23 1 1
github.com/SergioLacerda/strategist-skill/cmd/strategist/root.go:78.91,79.9 1 0
github.com/SergioLacerda/strategist-skill/cmd/strategist/root.go:80.37,83.65 1 1
github.com/SergioLacerda/strategist-skill/cmd/strategist/root.go:84.36,87.70 1 0
github.com/SergioLacerda/strategist-skill/cmd/strategist/root.go:88.97,92.18 1 1
github.com/SergioLacerda/strategist-skill/cmd/strategist/root.go:96.13,97.73 1 1
github.com/SergioLacerda/strategist-skill/cmd/strategist/root.go:97.73,104.32 6 1
github.com/SergioLacerda/strategist-skill/cmd/strategist/root.go:104.32,109.4 4 0
github.com/SergioLacerda/strategist-skill/cmd/strategist/root.go:111.3,112.17 2 1
github.com/SergioLacerda/strategist-skill/cmd/strategist/root.go:112.17,114.4 1 0
github.com/SergioLacerda/strategist-skill/cmd/strategist/root.go:115.3,116.26 2 1
github.com/SergioLacerda/strategist-skill/cmd/strategist/root.go:116.26,118.4 1 0
github.com/SergioLacerda/strategist-skill/cmd/strategist/root.go:119.3,134.13 6 1
github.com/SergioLacerda/strategist-skill/cmd/strategist/root.go:136.2,136.74 1 1
github.com/SergioLacerda/strategist-skill/cmd/strategist/root.go:136.74,139.3 2 1
github.com/SergioLacerda/strategist-skill/cmd/strategist/root.go:140.2,145.32 6 1
github.com/SergioLacerda/strategist-skill/cmd/strategist/root.go:150.35,151.70 1 1
github.com/SergioLacerda/strategist-skill/cmd/strategist/root.go:151.70,153.3 1 1
github.com/SergioLacerda/strategist-skill/cmd/strategist/root.go:154.2,154.12 1 1
github.com/SergioLacerda/strategist-skill/cmd/strategist/root.go:157.16,158.42 1 1
github.com/SergioLacerda/strategist-skill/cmd/strategist/root.go:158.42,160.3 1 1
github.com/SergioLacerda/strategist-skill/cmd/strategist/root.go:170.33,171.9 1 1
github.com/SergioLacerda/strategist-skill/cmd/strategist/root.go:172.56,173.11 1 1
github.com/SergioLacerda/strategist-skill/cmd/strategist/root.go:174.130,175.11 1 1
github.com/SergioLacerda/strategist-skill/cmd/strategist/root.go:176.10,177.11 1 1
github.com/SergioLacerda/strategist-skill/cmd/strategist/root_discovery.go:17.89,19.46 2 1
github.com/SergioLacerda/strategist-skill/cmd/strategist/root_discovery.go:19.46,21.74 2 1
github.com/SergioLacerda/strategist-skill/cmd/strategist/root_discovery.go:21.74,23.4 1 1
github.com/SergioLacerda/strategist-skill/cmd/strategist/root_discovery.go:24.3,25.20 2 1
github.com/SergioLacerda/strategist-skill/cmd/strategist/root_discovery.go:25.20,26.9 1 1
github.com/SergioLacerda/strategist-skill/cmd/strategist/root_discovery.go:28.3,28.15 1 1
github.com/SergioLacerda/strategist-skill/cmd/strategist/root_discovery.go:30.2,30.147 1 1
github.com/SergioLacerda/strategist-skill/cmd/strategist/root_discovery.go:36.97,37.20 1 1
github.com/SergioLacerda/strategist-skill/cmd/strategist/root_discovery.go:37.20,39.20 2 1
github.com/SergioLacerda/strategist-skill/cmd/strategist/root_discovery.go:39.20,41.4 1 0
github.com/SergioLacerda/strategist-skill/cmd/strategist/root_discovery.go:42.3,42.37 1 1
github.com/SergioLacerda/strategist-skill/cmd/strategist/root_discovery.go:44.2,44.32 1 1
github.com/SergioLacerda/strategist-skill/cmd/strategist/runtime_profile.go:24.65,35.16 3 1
github.com/SergioLacerda/strategist-skill/cmd/strategist/runtime_profile.go:35.16,37.3 1 1
github.com/SergioLacerda/strategist-skill/cmd/strategist/runtime_profile.go:39.2,40.50 2 1
github.com/SergioLacerda/strategist-skill/cmd/strategist/runtime_profile.go:40.50,43.3 2 1
github.com/SergioLacerda/strategist-skill/cmd/strategist/runtime_profile.go:44.2,44.20 1 1
github.com/SergioLacerda/strategist-skill/cmd/strategist/runtime_profile.go:44.20,47.3 2 1
github.com/SergioLacerda/strategist-skill/cmd/strategist/runtime_profile.go:49.2,51.16 3 1
github.com/SergioLacerda/strategist-skill/cmd/strategist/runtime_profile.go:51.16,54.3 2 1
github.com/SergioLacerda/strategist-skill/cmd/strategist/runtime_profile.go:56.2,57.61 2 1
github.com/SergioLacerda/strategist-skill/cmd/strategist/runtime_profile.go:57.61,60.3 2 1
github.com/SergioLacerda/strategist-skill/cmd/strategist/runtime_profile.go:61.2,61.91 1 1
github.com/SergioLacerda/strategist-skill/cmd/strategist/runtime_profile.go:61.91,64.3 2 1
github.com/SergioLacerda/strategist-skill/cmd/strategist/runtime_profile.go:66.2,73.3 1 1
github.com/SergioLacerda/strategist-skill/cmd/strategist/runtime_profile.go:78.70,86.2 2 1
github.com/SergioLacerda/strategist-skill/cmd/strategist/status_banner.go:8.40,16.2 7 1
github.com/SergioLacerda/strategist-skill/cmd/strategist/status_banner.go:18.39,20.19 2 1
github.com/SergioLacerda/strategist-skill/cmd/strategist/status_banner.go:20.19,22.3 1 1
github.com/SergioLacerda/strategist-skill/cmd/strategist/status_banner.go:23.2,23.18 1 1
github.com/SergioLacerda/strategist-skill/cmd/strategist/sync_governance.go:37.74,41.16 3 1
github.com/SergioLacerda/strategist-skill/cmd/strategist/sync_governance.go:41.16,43.3 1 1
github.com/SergioLacerda/strategist-skill/cmd/strategist/sync_governance.go:44.2,45.16 2 1
github.com/SergioLacerda/strategist-skill/cmd/strategist/sync_governance.go:45.16,47.3 1 0
github.com/SergioLacerda/strategist-skill/cmd/strategist/sync_governance.go:48.2,49.15 2 1
github.com/SergioLacerda/strategist-skill/cmd/strategist/sync_governance.go:49.15,50.20 1 1
github.com/SergioLacerda/strategist-skill/cmd/strategist/sync_governance.go:50.20,53.4 2 1
github.com/SergioLacerda/strategist-skill/cmd/strategist/sync_governance.go:54.3,54.13 1 1
github.com/SergioLacerda/strategist-skill/cmd/strategist/sync_governance.go:57.2,58.16 2 1
github.com/SergioLacerda/strategist-skill/cmd/strategist/sync_governance.go:58.16,60.3 1 1
github.com/SergioLacerda/strategist-skill/cmd/strategist/sync_governance.go:62.2,70.16 2 1
github.com/SergioLacerda/strategist-skill/cmd/strategist/sync_governance.go:70.16,72.3 1 0
github.com/SergioLacerda/strategist-skill/cmd/strategist/sync_governance.go:73.2,84.12 3 1
github.com/SergioLacerda/strategist-skill/cmd/strategist/sync_governance.go:87.36,88.30 1 1
github.com/SergioLacerda/strategist-skill/cmd/strategist/sync_governance.go:88.30,90.3 1 1
github.com/SergioLacerda/strategist-skill/cmd/strategist/sync_governance.go:91.2,91.32 1 1
github.com/SergioLacerda/strategist-skill/cmd/strategist/sync_governance.go:91.32,93.3 1 1
github.com/SergioLacerda/strategist-skill/cmd/strategist/sync_governance.go:96.13,100.2 3 1
github.com/SergioLacerda/strategist-skill/cmd/strategist/sync_governance_apply.go:39.83,43.16 3 1
github.com/SergioLacerda/strategist-skill/cmd/strategist/sync_governance_apply.go:43.16,45.3 1 1
github.com/SergioLacerda/strategist-skill/cmd/strategist/sync_governance_apply.go:46.2,51.16 5 1
github.com/SergioLacerda/strategist-skill/cmd/strategist/sync_governance_apply.go:51.16,53.3 1 1
github.com/SergioLacerda/strategist-skill/cmd/strategist/sync_governance_apply.go:55.2,58.24 3 1
github.com/SergioLacerda/strategist-skill/cmd/strategist/sync_governance_apply.go:58.24,59.60 1 1
github.com/SergioLacerda/strategist-skill/cmd/strategist/sync_governance_apply.go:59.60,61.4 1 1
github.com/SergioLacerda/strategist-skill/cmd/strategist/sync_governance_apply.go:64.2,64.20 1 1
github.com/SergioLacerda/strategist-skill/cmd/strategist/sync_governance_apply.go:67.69,69.16 2 1
github.com/SergioLacerda/strategist-skill/cmd/strategist/sync_governance_apply.go:69.16,71.3 1 0
github.com/SergioLacerda/strategist-skill/cmd/strategist/sync_governance_apply.go:72.2,72.60 1 1
github.com/SergioLacerda/strategist-skill/cmd/strategist/sync_governance_apply.go:72.60,74.3 1 1
github.com/SergioLacerda/strategist-skill/cmd/strategist/sync_governance_apply.go:75.2,75.12 1 1
github.com/SergioLacerda/strategist-skill/cmd/strategist/sync_governance_apply.go:78.93,81.16 3 1
github.com/SergioLacerda/strategist-skill/cmd/strategist/sync_governance_apply.go:81.16,83.3 1 1
github.com/SergioLacerda/strategist-skill/cmd/strategist/sync_governance_apply.go:84.2,85.14 2 1
github.com/SergioLacerda/strategist-skill/cmd/strategist/sync_governance_apply.go:85.14,87.3 1 1
github.com/SergioLacerda/strategist-skill/cmd/strategist/sync_governance_apply.go:89.2,91.16 3 1
github.com/SergioLacerda/strategist-skill/cmd/strategist/sync_governance_apply.go:91.16,93.3 1 1
github.com/SergioLacerda/strategist-skill/cmd/strategist/sync_governance_apply.go:94.2,94.40 1 1
github.com/SergioLacerda/strategist-skill/cmd/strategist/sync_governance_apply.go:97.60,99.24 2 1
github.com/SergioLacerda/strategist-skill/cmd/strategist/sync_governance_apply.go:99.24,101.3 1 1
github.com/SergioLacerda/strategist-skill/cmd/strategist/sync_governance_apply.go:102.2,102.16 1 1
github.com/SergioLacerda/strategist-skill/cmd/strategist/sync_governance_apply.go:102.16,104.3 1 1
github.com/SergioLacerda/strategist-skill/cmd/strategist/sync_governance_apply.go:105.2,106.55 2 1
github.com/SergioLacerda/strategist-skill/cmd/strategist/sync_governance_apply.go:106.55,108.3 1 1
github.com/SergioLacerda/strategist-skill/cmd/strategist/sync_governance_apply.go:109.2,109.18 1 1
github.com/SergioLacerda/strategist-skill/cmd/strategist/sync_governance_apply.go:112.66,114.16 2 1
github.com/SergioLacerda/strategist-skill/cmd/strategist/sync_governance_apply.go:114.16,116.3 1 1
github.com/SergioLacerda/strategist-skill/cmd/strategist/sync_governance_apply.go:117.2,118.55 2 1
github.com/SergioLacerda/strategist-skill/cmd/strategist/sync_governance_apply.go:118.55,120.3 1 1
github.com/SergioLacerda/strategist-skill/cmd/strategist/sync_governance_apply.go:121.2,121.18 1 1
github.com/SergioLacerda/strategist-skill/cmd/strategist/sync_governance_apply.go:124.53,126.34 2 1
github.com/SergioLacerda/strategist-skill/cmd/strategist/sync_governance_apply.go:126.34,127.58 1 1
github.com/SergioLacerda/strategist-skill/cmd/strategist/sync_governance_apply.go:127.58,129.4 1 1
github.com/SergioLacerda/strategist-skill/cmd/strategist/sync_governance_apply.go:131.2,131.23 1 1
github.com/SergioLacerda/strategist-skill/cmd/strategist/sync_governance_apply.go:134.58,136.16 2 1
github.com/SergioLacerda/strategist-skill/cmd/strategist/sync_governance_apply.go:136.16,138.3 1 1
github.com/SergioLacerda/strategist-skill/cmd/strategist/sync_governance_apply.go:139.2,140.57 2 1
github.com/SergioLacerda/strategist-skill/cmd/strategist/sync_governance_apply.go:140.57,142.3 1 1
github.com/SergioLacerda/strategist-skill/cmd/strategist/sync_governance_apply.go:143.2,143.19 1 1
github.com/SergioLacerda/strategist-skill/cmd/strategist/sync_governance_report.go:9.70,11.65 2 1
github.com/SergioLacerda/strategist-skill/cmd/strategist/sync_governance_report.go:11.65,14.3 2 1
github.com/SergioLacerda/strategist-skill/cmd/strategist/sync_governance_report.go:15.2,15.64 1 1
github.com/SergioLacerda/strategist-skill/cmd/strategist/sync_governance_report.go:15.64,18.3 2 1
github.com/SergioLacerda/strategist-skill/cmd/strategist/sync_governance_report.go:19.2,19.42 1 1
github.com/SergioLacerda/strategist-skill/cmd/strategist/sync_governance_report.go:19.42,20.18 1 1
github.com/SergioLacerda/strategist-skill/cmd/strategist/sync_governance_report.go:20.18,22.4 1 1
github.com/SergioLacerda/strategist-skill/cmd/strategist/sync_governance_report.go:26.82,35.29 2 1
github.com/SergioLacerda/strategist-skill/cmd/strategist/sync_governance_report.go:35.29,36.33 1 1
github.com/SergioLacerda/strategist-skill/cmd/strategist/sync_governance_report.go:36.33,40.4 3 1
github.com/SergioLacerda/strategist-skill/cmd/strategist/sync_governance_report.go:42.2,42.16 1 1
github.com/SergioLacerda/strategist-skill/cmd/strategist/sync_governance_report.go:45.41,46.16 1 1
github.com/SergioLacerda/strategist-skill/cmd/strategist/sync_governance_report.go:46.16,48.3 1 1
github.com/SergioLacerda/strategist-skill/cmd/strategist/sync_governance_report.go:51.63,58.32 5 1
github.com/SergioLacerda/strategist-skill/cmd/strategist/sync_governance_report.go:58.32,61.39 3 1
github.com/SergioLacerda/strategist-skill/cmd/strategist/sync_governance_report.go:61.39,64.4 2 1
github.com/SergioLacerda/strategist-skill/cmd/strategist/sync_governance_report.go:65.3,65.16 1 1
github.com/SergioLacerda/strategist-skill/cmd/strategist/sync_governance_report.go:68.2,69.31 2 1
github.com/SergioLacerda/strategist-skill/cmd/strategist/sync_governance_report.go:69.31,72.3 2 1
github.com/SergioLacerda/strategist-skill/cmd/strategist/sync_governance_report.go:74.2,74.14 1 1
github.com/SergioLacerda/strategist-skill/cmd/strategist/sync_governance_report.go:74.14,76.3 1 1
github.com/SergioLacerda/strategist-skill/cmd/strategist/sync_governance_report.go:76.8,78.3 1 1
github.com/SergioLacerda/strategist-skill/cmd/strategist/sync_governance_report.go:82.61,84.25 2 1
github.com/SergioLacerda/strategist-skill/cmd/strategist/sync_governance_report.go:84.25,86.10 2 1
github.com/SergioLacerda/strategist-skill/cmd/strategist/sync_governance_report.go:86.10,88.4 1 1
github.com/SergioLacerda/strategist-skill/cmd/strategist/sync_governance_report.go:89.3,89.14 1 1
github.com/SergioLacerda/strategist-skill/cmd/strategist/sync_governance_report.go:91.2,92.9 2 1
github.com/SergioLacerda/strategist-skill/cmd/strategist/sync_governance_report.go:92.9,94.3 1 1
github.com/SergioLacerda/strategist-skill/cmd/strategist/sync_governance_report.go:95.2,96.24 2 1
github.com/SergioLacerda/strategist-skill/cmd/strategist/sync_governance_report.go:96.24,97.30 1 1
github.com/SergioLacerda/strategist-skill/cmd/strategist/sync_governance_report.go:97.30,99.4 1 1
github.com/SergioLacerda/strategist-skill/cmd/strategist/sync_governance_report.go:101.2,101.12 1 1
github.com/SergioLacerda/strategist-skill/cmd/strategist/treasure_chest.go:36.88,37.49 1 1
github.com/SergioLacerda/strategist-skill/cmd/strategist/treasure_chest.go:37.49,39.3 1 0
github.com/SergioLacerda/strategist-skill/cmd/strategist/treasure_chest.go:40.2,42.16 3 1
github.com/SergioLacerda/strategist-skill/cmd/strategist/treasure_chest.go:42.16,44.3 1 1
github.com/SergioLacerda/strategist-skill/cmd/strategist/treasure_chest.go:47.2,48.16 2 1
github.com/SergioLacerda/strategist-skill/cmd/strategist/treasure_chest.go:48.16,50.3 1 1
github.com/SergioLacerda/strategist-skill/cmd/strategist/treasure_chest.go:52.2,56.21 5 1
github.com/SergioLacerda/strategist-skill/cmd/strategist/treasure_chest.go:56.21,58.3 1 1
github.com/SergioLacerda/strategist-skill/cmd/strategist/treasure_chest.go:60.2,62.18 2 1
github.com/SergioLacerda/strategist-skill/cmd/strategist/treasure_chest.go:62.18,64.3 1 1
github.com/SergioLacerda/strategist-skill/cmd/strategist/treasure_chest.go:66.2,68.21 2 1
github.com/SergioLacerda/strategist-skill/cmd/strategist/treasure_chest.go:69.29,69.29 0 1
github.com/SergioLacerda/strategist-skill/cmd/strategist/treasure_chest.go:71.24,72.93 1 1
github.com/SergioLacerda/strategist-skill/cmd/strategist/treasure_chest.go:73.10,74.93 1 1
github.com/SergioLacerda/strategist-skill/cmd/strategist/treasure_chest.go:77.2,77.82 1 1
github.com/SergioLacerda/strategist-skill/cmd/strategist/treasure_chest.go:80.104,87.2 6 1
github.com/SergioLacerda/strategist-skill/cmd/strategist/treasure_chest.go:89.13,96.72 7 1
github.com/SergioLacerda/strategist-skill/cmd/strategist/treasure_chest.go:96.72,98.3 1 1
github.com/SergioLacerda/strategist-skill/cmd/strategist/treasure_chest.go:99.2,99.38 1 1
github.com/SergioLacerda/strategist-skill/cmd/strategist/treasure_chest_config_lock.go:17.49,19.66 2 1
github.com/SergioLacerda/strategist-skill/cmd/strategist/treasure_chest_config_lock.go:19.66,21.3 1 0
github.com/SergioLacerda/strategist-skill/cmd/strategist/treasure_chest_doctor.go:25.13,28.2 2 1
github.com/SergioLacerda/strategist-skill/cmd/strategist/treasure_chest_doctor.go:30.67,31.49 1 1
github.com/SergioLacerda/strategist-skill/cmd/strategist/treasure_chest_doctor.go:31.49,33.3 1 0
github.com/SergioLacerda/strategist-skill/cmd/strategist/treasure_chest_doctor.go:35.2,36.16 2 1
github.com/SergioLacerda/strategist-skill/cmd/strategist/treasure_chest_doctor.go:36.16,38.3 1 0
github.com/SergioLacerda/strategist-skill/cmd/strategist/treasure_chest_doctor.go:39.2,40.16 2 1
github.com/SergioLacerda/strategist-skill/cmd/strategist/treasure_chest_doctor.go:40.16,42.3 1 0
github.com/SergioLacerda/strategist-skill/cmd/strategist/treasure_chest_doctor.go:44.2,45.24 2 1
github.com/SergioLacerda/strategist-skill/cmd/strategist/treasure_chest_doctor.go:45.24,48.3 2 1
github.com/SergioLacerda/strategist-skill/cmd/strategist/treasure_chest_doctor.go:49.2,50.106 2 1
github.com/SergioLacerda/strategist-skill/cmd/strategist/treasure_chest_doctor.go:53.77,55.16 2 1
github.com/SergioLacerda/strategist-skill/cmd/strategist/treasure_chest_doctor.go:55.16,57.3 1 0
github.com/SergioLacerda/strategist-skill/cmd/strategist/treasure_chest_doctor.go:58.2,59.16 2 1
github.com/SergioLacerda/strategist-skill/cmd/strategist/treasure_chest_doctor.go:59.16,61.3 1 0
github.com/SergioLacerda/strategist-skill/cmd/strategist/treasure_chest_doctor.go:62.2,63.16 2 1
github.com/SergioLacerda/strategist-skill/cmd/strategist/treasure_chest_doctor.go:63.16,65.3 1 0
github.com/SergioLacerda/strategist-skill/cmd/strategist/treasure_chest_doctor.go:66.2,66.74 1 1
github.com/SergioLacerda/strategist-skill/cmd/strategist/treasure_chest_doctor.go:69.70,70.29 1 1
github.com/SergioLacerda/strategist-skill/cmd/strategist/treasure_chest_doctor.go:70.29,73.3 1 1
github.com/SergioLacerda/strategist-skill/cmd/strategist/treasure_chest_doctor.go:77.64,79.25 2 1
github.com/SergioLacerda/strategist-skill/cmd/strategist/treasure_chest_doctor.go:79.25,80.46 1 1
github.com/SergioLacerda/strategist-skill/cmd/strategist/treasure_chest_doctor.go:80.46,81.12 1 1
github.com/SergioLacerda/strategist-skill/cmd/strategist/treasure_chest_doctor.go:83.3,83.23 1 1
github.com/SergioLacerda/strategist-skill/cmd/strategist/treasure_chest_doctor.go:85.2,85.12 1 1
github.com/SergioLacerda/strategist-skill/cmd/strategist/treasure_chest_doctor.go:88.51,90.18 2 1
github.com/SergioLacerda/strategist-skill/cmd/strategist/treasure_chest_doctor.go:90.18,92.3 1 1
github.com/SergioLacerda/strategist-skill/cmd/strategist/treasure_chest_doctor.go:93.2,93.16 1 1
github.com/SergioLacerda/strategist-skill/cmd/strategist/treasure_chest_doctor.go:93.16,95.3 1 1
github.com/SergioLacerda/strategist-skill/cmd/strategist/treasure_chest_doctor.go:96.2,96.15 1 1
github.com/SergioLacerda/strategist-skill/cmd/strategist/treasure_chest_doctor.go:96.15,98.3 1 0
github.com/SergioLacerda/strategist-skill/cmd/strategist/treasure_chest_doctor.go:99.2,99.12 1 1
github.com/SergioLacerda/strategist-skill/cmd/strategist/treasure_chest_doctor.go:102.50,104.19 2 1
github.com/SergioLacerda/strategist-skill/cmd/strategist/treasure_chest_doctor.go:104.19,106.3 1 0
github.com/SergioLacerda/strategist-skill/cmd/strategist/treasure_chest_doctor.go:107.2,107.17 1 1
github.com/SergioLacerda/strategist-skill/cmd/strategist/treasure_chest_doctor.go:107.17,109.3 1 1
github.com/SergioLacerda/strategist-skill/cmd/strategist/treasure_chest_doctor.go:110.2,110.16 1 1
github.com/SergioLacerda/strategist-skill/cmd/strategist/treasure_chest_doctor.go:110.16,112.3 1 1
github.com/SergioLacerda/strategist-skill/cmd/strategist/treasure_chest_doctor.go:113.2,113.12 1 1
github.com/SergioLacerda/strategist-skill/cmd/strategist/treasure_chest_helpers.go:23.68,24.16 1 1
github.com/SergioLacerda/strategist-skill/cmd/strategist/treasure_chest_helpers.go:24.16,26.3 1 1
github.com/SergioLacerda/strategist-skill/cmd/strategist/treasure_chest_helpers.go:27.2,28.16 2 1
github.com/SergioLacerda/strategist-skill/cmd/strategist/treasure_chest_helpers.go:28.16,30.3 1 1
github.com/SergioLacerda/strategist-skill/cmd/strategist/treasure_chest_helpers.go:31.2,31.45 1 1
github.com/SergioLacerda/strategist-skill/cmd/strategist/treasure_chest_helpers.go:34.58,35.16 1 1
github.com/SergioLacerda/strategist-skill/cmd/strategist/treasure_chest_helpers.go:35.16,37.3 1 0
github.com/SergioLacerda/strategist-skill/cmd/strategist/treasure_chest_helpers.go:38.2,39.16 2 1
github.com/SergioLacerda/strategist-skill/cmd/strategist/treasure_chest_helpers.go:39.16,41.3 1 1
github.com/SergioLacerda/strategist-skill/cmd/strategist/treasure_chest_helpers.go:42.2,43.16 2 1
github.com/SergioLacerda/strategist-skill/cmd/strategist/treasure_chest_helpers.go:43.16,45.3 1 1
github.com/SergioLacerda/strategist-skill/cmd/strategist/treasure_chest_helpers.go:46.2,46.11 1 0
github.com/SergioLacerda/strategist-skill/cmd/strategist/treasure_chest_helpers.go:49.88,52.16 3 1
github.com/SergioLacerda/strategist-skill/cmd/strategist/treasure_chest_helpers.go:52.16,54.3 1 0
github.com/SergioLacerda/strategist-skill/cmd/strategist/treasure_chest_helpers.go:55.2,56.16 2 1
github.com/SergioLacerda/strategist-skill/cmd/strategist/treasure_chest_helpers.go:56.16,58.3 1 1
github.com/SergioLacerda/strategist-skill/cmd/strategist/treasure_chest_helpers.go:59.2,59.18 1 1
github.com/SergioLacerda/strategist-skill/cmd/strategist/treasure_chest_helpers.go:62.54,63.49 1 1
github.com/SergioLacerda/strategist-skill/cmd/strategist/treasure_chest_helpers.go:63.49,65.3 1 1
github.com/SergioLacerda/strategist-skill/cmd/strategist/treasure_chest_helpers.go:66.2,66.35 1 1
github.com/SergioLacerda/strategist-skill/cmd/strategist/treasure_chest_helpers.go:69.67,70.16 1 1
github.com/SergioLacerda/strategist-skill/cmd/strategist/treasure_chest_helpers.go:70.16,72.3 1 0
github.com/SergioLacerda/strategist-skill/cmd/strategist/treasure_chest_helpers.go:73.2,74.16 2 1
github.com/SergioLacerda/strategist-skill/cmd/strategist/treasure_chest_helpers.go:74.16,76.3 1 1
github.com/SergioLacerda/strategist-skill/cmd/strategist/treasure_chest_helpers.go:77.2,78.16 2 1
github.com/SergioLacerda/strategist-skill/cmd/strategist/treasure_chest_helpers.go:78.16,80.3 1 0
github.com/SergioLacerda/strategist-skill/cmd/strategist/treasure_chest_helpers.go:81.2,81.17 1 1
github.com/SergioLacerda/strategist-skill/cmd/strategist/treasure_chest_helpers.go:84.68,85.16 1 1
github.com/SergioLacerda/strategist-skill/cmd/strategist/treasure_chest_helpers.go:85.16,87.3 1 1
github.com/SergioLacerda/strategist-skill/cmd/strategist/treasure_chest_helpers.go:88.2,89.16 2 1
github.com/SergioLacerda/strategist-skill/cmd/strategist/treasure_chest_helpers.go:89.16,91.3 1 1
github.com/SergioLacerda/strategist-skill/cmd/strategist/treasure_chest_helpers.go:92.2,93.16 2 1
github.com/SergioLacerda/strategist-skill/cmd/strategist/treasure_chest_helpers.go:93.16,95.3 1 0
github.com/SergioLacerda/strategist-skill/cmd/strategist/treasure_chest_helpers.go:96.2,96.17 1 1
github.com/SergioLacerda/strategist-skill/cmd/strategist/treasure_chest_index.go:34.13,37.77 3 1
github.com/SergioLacerda/strategist-skill/cmd/strategist/treasure_chest_index.go:37.77,39.3 1 1
github.com/SergioLacerda/strategist-skill/cmd/strategist/treasure_chest_index.go:40.2,40.52 1 1
github.com/SergioLacerda/strategist-skill/cmd/strategist/treasure_chest_index.go:47.101,48.49 1 1
github.com/SergioLacerda/strategist-skill/cmd/strategist/treasure_chest_index.go:48.49,50.3 1 0
github.com/SergioLacerda/strategist-skill/cmd/strategist/treasure_chest_index.go:51.2,54.16 3 1
github.com/SergioLacerda/strategist-skill/cmd/strategist/treasure_chest_index.go:54.16,56.3 1 0
github.com/SergioLacerda/strategist-skill/cmd/strategist/treasure_chest_index.go:58.2,59.16 2 1
github.com/SergioLacerda/strategist-skill/cmd/strategist/treasure_chest_index.go:59.16,61.3 1 0
github.com/SergioLacerda/strategist-skill/cmd/strategist/treasure_chest_index.go:62.2,63.16 2 1
github.com/SergioLacerda/strategist-skill/cmd/strategist/treasure_chest_index.go:63.16,65.3 1 1
github.com/SergioLacerda/strategist-skill/cmd/strategist/treasure_chest_index.go:67.2,68.16 2 1
github.com/SergioLacerda/strategist-skill/cmd/strategist/treasure_chest_index.go:68.16,70.3 1 0
github.com/SergioLacerda/strategist-skill/cmd/strategist/treasure_chest_index.go:71.2,75.16 4 1
github.com/SergioLacerda/strategist-skill/cmd/strategist/treasure_chest_index.go:75.16,77.3 1 0
github.com/SergioLacerda/strategist-skill/cmd/strategist/treasure_chest_index.go:79.2,83.54 4 1
github.com/SergioLacerda/strategist-skill/cmd/strategist/treasure_chest_index.go:83.54,85.3 1 1
github.com/SergioLacerda/strategist-skill/cmd/strategist/treasure_chest_index.go:87.2,90.12 2 1
github.com/SergioLacerda/strategist-skill/cmd/strategist/treasure_chest_index.go:93.140,95.16 2 1
github.com/SergioLacerda/strategist-skill/cmd/strategist/treasure_chest_index.go:95.16,97.3 1 0
github.com/SergioLacerda/strategist-skill/cmd/strategist/treasure_chest_index.go:98.2,99.16 2 1
github.com/SergioLacerda/strategist-skill/cmd/strategist/treasure_chest_index.go:99.16,101.3 1 0
github.com/SergioLacerda/strategist-skill/cmd/strategist/treasure_chest_index.go:102.2,104.152 3 1
github.com/SergioLacerda/strategist-skill/cmd/strategist/treasure_chest_index.go:104.152,106.3 1 0
github.com/SergioLacerda/strategist-skill/cmd/strategist/treasure_chest_index.go:107.2,107.48 1 1
github.com/SergioLacerda/strategist-skill/cmd/strategist/treasure_chest_index.go:110.91,111.35 1 1
github.com/SergioLacerda/strategist-skill/cmd/strategist/treasure_chest_index.go:111.35,113.3 1 1
github.com/SergioLacerda/strategist-skill/cmd/strategist/treasure_chest_index.go:116.102,117.23 1 1
github.com/SergioLacerda/strategist-skill/cmd/strategist/treasure_chest_index.go:117.23,119.3 1 0
github.com/SergioLacerda/strategist-skill/cmd/strategist/treasure_chest_index.go:120.2,120.84 1 1
github.com/SergioLacerda/strategist-skill/cmd/strategist/treasure_chest_index.go:120.84,123.3 2 0
github.com/SergioLacerda/strategist-skill/cmd/strategist/treasure_chest_index.go:128.84,130.30 2 1
github.com/SergioLacerda/strategist-skill/cmd/strategist/treasure_chest_index.go:130.30,132.3 1 1
github.com/SergioLacerda/strategist-skill/cmd/strategist/treasure_chest_index.go:133.2,133.13 1 1
github.com/SergioLacerda/strategist-skill/cmd/strategist/treasure_chest_index_runner.go:11.98,14.24 2 1
github.com/SergioLacerda/strategist-skill/cmd/strategist/treasure_chest_index_runner.go:14.24,16.21 2 1
github.com/SergioLacerda/strategist-skill/cmd/strategist/treasure_chest_index_runner.go:16.21,19.4 2 1
github.com/SergioLacerda/strategist-skill/cmd/strategist/treasure_chest_index_runner.go:22.2,23.54 2 1
github.com/SergioLacerda/strategist-skill/cmd/strategist/treasure_chest_index_runner.go:23.54,25.3 1 0
github.com/SergioLacerda/strategist-skill/cmd/strategist/treasure_chest_index_runner.go:26.2,27.12 2 1
github.com/SergioLacerda/strategist-skill/cmd/strategist/treasure_chest_jewel.go:53.146,54.55 1 1
github.com/SergioLacerda/strategist-skill/cmd/strategist/treasure_chest_jewel.go:54.55,55.50 1 1
github.com/SergioLacerda/strategist-skill/cmd/strategist/treasure_chest_jewel.go:55.50,57.4 1 0
github.com/SergioLacerda/strategist-skill/cmd/strategist/treasure_chest_jewel.go:58.3,59.17 2 1
github.com/SergioLacerda/strategist-skill/cmd/strategist/treasure_chest_jewel.go:59.17,61.4 1 0
github.com/SergioLacerda/strategist-skill/cmd/strategist/treasure_chest_jewel.go:62.3,62.33 1 1
github.com/SergioLacerda/strategist-skill/cmd/strategist/treasure_chest_jewel.go:70.114,72.3 1 1
github.com/SergioLacerda/strategist-skill/cmd/strategist/treasure_chest_jewel.go:85.117,87.3 1 1
github.com/SergioLacerda/strategist-skill/cmd/strategist/treasure_chest_jewel.go:94.119,96.3 1 1
github.com/SergioLacerda/strategist-skill/cmd/strategist/treasure_chest_jewel.go:99.13,106.81 7 1
github.com/SergioLacerda/strategist-skill/cmd/strategist/treasure_chest_jewel.go:106.81,108.3 1 1
github.com/SergioLacerda/strategist-skill/cmd/strategist/treasure_chest_jewel.go:110.2,111.81 2 1
github.com/SergioLacerda/strategist-skill/cmd/strategist/treasure_chest_jewel.go:111.81,113.3 1 1
github.com/SergioLacerda/strategist-skill/cmd/strategist/treasure_chest_jewel.go:115.2,116.145 2 1
github.com/SergioLacerda/strategist-skill/cmd/strategist/treasure_chest_jewel.go:116.145,118.21 2 1
github.com/SergioLacerda/strategist-skill/cmd/strategist/treasure_chest_jewel.go:118.21,120.4 1 1
github.com/SergioLacerda/strategist-skill/cmd/strategist/treasure_chest_jewel.go:121.3,121.114 1 1
github.com/SergioLacerda/strategist-skill/cmd/strategist/treasure_chest_jewel.go:124.2,131.52 7 1
github.com/SergioLacerda/strategist-skill/cmd/strategist/treasure_chest_jewel.go:137.98,139.16 2 1
github.com/SergioLacerda/strategist-skill/cmd/strategist/treasure_chest_jewel.go:139.16,141.3 1 0
github.com/SergioLacerda/strategist-skill/cmd/strategist/treasure_chest_jewel.go:143.2,144.19 2 1
github.com/SergioLacerda/strategist-skill/cmd/strategist/treasure_chest_jewel.go:144.19,146.3 1 0
github.com/SergioLacerda/strategist-skill/cmd/strategist/treasure_chest_jewel.go:147.2,148.16 2 1
github.com/SergioLacerda/strategist-skill/cmd/strategist/treasure_chest_jewel.go:148.16,150.3 1 1
github.com/SergioLacerda/strategist-skill/cmd/strategist/treasure_chest_jewel.go:151.2,151.27 1 1
github.com/SergioLacerda/strategist-skill/cmd/strategist/treasure_chest_jewel_list.go:19.106,20.49 1 1
github.com/SergioLacerda/strategist-skill/cmd/strategist/treasure_chest_jewel_list.go:20.49,22.3 1 0
github.com/SergioLacerda/strategist-skill/cmd/strategist/treasure_chest_jewel_list.go:23.2,27.63 4 1
github.com/SergioLacerda/strategist-skill/cmd/strategist/treasure_chest_jewel_list.go:27.63,29.3 1 1
github.com/SergioLacerda/strategist-skill/cmd/strategist/treasure_chest_jewel_list.go:31.2,32.16 2 1
github.com/SergioLacerda/strategist-skill/cmd/strategist/treasure_chest_jewel_list.go:32.16,34.3 1 0
github.com/SergioLacerda/strategist-skill/cmd/strategist/treasure_chest_jewel_list.go:36.2,41.21 2 1
github.com/SergioLacerda/strategist-skill/cmd/strategist/treasure_chest_jewel_list.go:42.29,43.148 1 1
github.com/SergioLacerda/strategist-skill/cmd/strategist/treasure_chest_jewel_list.go:44.24,45.77 1 1
github.com/SergioLacerda/strategist-skill/cmd/strategist/treasure_chest_jewel_list.go:46.10,47.104 1 1
github.com/SergioLacerda/strategist-skill/cmd/strategist/treasure_chest_jewel_render.go:32.103,33.22 1 1
github.com/SergioLacerda/strategist-skill/cmd/strategist/treasure_chest_jewel_render.go:33.22,36.3 2 1
github.com/SergioLacerda/strategist-skill/cmd/strategist/treasure_chest_jewel_render.go:37.2,38.61 2 1
github.com/SergioLacerda/strategist-skill/cmd/strategist/treasure_chest_jewel_render.go:38.61,40.3 1 0
github.com/SergioLacerda/strategist-skill/cmd/strategist/treasure_chest_jewel_render.go:41.2,41.27 1 1
github.com/SergioLacerda/strategist-skill/cmd/strategist/treasure_chest_jewel_render.go:41.27,42.62 1 1
github.com/SergioLacerda/strategist-skill/cmd/strategist/treasure_chest_jewel_render.go:42.62,44.4 1 0
github.com/SergioLacerda/strategist-skill/cmd/strategist/treasure_chest_jewel_render.go:46.2,46.34 1 1
github.com/SergioLacerda/strategist-skill/cmd/strategist/treasure_chest_jewel_render.go:46.34,48.3 1 1
github.com/SergioLacerda/strategist-skill/cmd/strategist/treasure_chest_jewel_render.go:49.2,49.12 1 1
github.com/SergioLacerda/strategist-skill/cmd/strategist/treasure_chest_jewel_render.go:52.72,54.16 2 1
github.com/SergioLacerda/strategist-skill/cmd/strategist/treasure_chest_jewel_render.go:54.16,56.3 1 1
github.com/SergioLacerda/strategist-skill/cmd/strategist/treasure_chest_jewel_render.go:56.8,58.3 1 1
github.com/SergioLacerda/strategist-skill/cmd/strategist/treasure_chest_jewel_render.go:59.2,59.16 1 1
github.com/SergioLacerda/strategist-skill/cmd/strategist/treasure_chest_jewel_render.go:59.16,61.3 1 0
github.com/SergioLacerda/strategist-skill/cmd/strategist/treasure_chest_jewel_render.go:62.2,62.12 1 1
github.com/SergioLacerda/strategist-skill/cmd/strategist/treasure_chest_jewel_render.go:65.87,67.16 2 1
github.com/SergioLacerda/strategist-skill/cmd/strategist/treasure_chest_jewel_render.go:67.16,69.3 1 1
github.com/SergioLacerda/strategist-skill/cmd/strategist/treasure_chest_jewel_render.go:69.8,71.3 1 1
github.com/SergioLacerda/strategist-skill/cmd/strategist/treasure_chest_jewel_render.go:72.2,72.16 1 1
github.com/SergioLacerda/strategist-skill/cmd/strategist/treasure_chest_jewel_render.go:72.16,74.3 1 0
github.com/SergioLacerda/strategist-skill/cmd/strategist/treasure_chest_jewel_render.go:75.2,75.12 1 1
github.com/SergioLacerda/strategist-skill/cmd/strategist/treasure_chest_jewel_render.go:81.105,83.27 2 1
github.com/SergioLacerda/strategist-skill/cmd/strategist/treasure_chest_jewel_render.go:83.27,94.20 2 1
github.com/SergioLacerda/strategist-skill/cmd/strategist/treasure_chest_jewel_render.go:94.20,96.4 1 1
github.com/SergioLacerda/strategist-skill/cmd/strategist/treasure_chest_jewel_render.go:97.3,97.19 1 1
github.com/SergioLacerda/strategist-skill/cmd/strategist/treasure_chest_jewel_render.go:97.19,99.4 1 1
github.com/SergioLacerda/strategist-skill/cmd/strategist/treasure_chest_jewel_render.go:100.3,100.27 1 1
github.com/SergioLacerda/strategist-skill/cmd/strategist/treasure_chest_jewel_render.go:102.2,104.40 3 1
github.com/SergioLacerda/strategist-skill/cmd/strategist/treasure_chest_jewel_render.go:104.40,106.3 1 1
github.com/SergioLacerda/strategist-skill/cmd/strategist/treasure_chest_jewel_render.go:107.2,107.12 1 1
github.com/SergioLacerda/strategist-skill/cmd/strategist/treasure_chest_jewel_show.go:13.109,14.49 1 1
github.com/SergioLacerda/strategist-skill/cmd/strategist/treasure_chest_jewel_show.go:14.49,16.3 1 0
github.com/SergioLacerda/strategist-skill/cmd/strategist/treasure_chest_jewel_show.go:17.2,21.16 4 1
github.com/SergioLacerda/strategist-skill/cmd/strategist/treasure_chest_jewel_show.go:21.16,23.3 1 0
github.com/SergioLacerda/strategist-skill/cmd/strategist/treasure_chest_jewel_show.go:25.2,26.9 2 1
github.com/SergioLacerda/strategist-skill/cmd/strategist/treasure_chest_jewel_show.go:26.9,28.3 1 1
github.com/SergioLacerda/strategist-skill/cmd/strategist/treasure_chest_jewel_show.go:30.2,30.21 1 1
github.com/SergioLacerda/strategist-skill/cmd/strategist/treasure_chest_jewel_show.go:31.29,32.37 1 1
github.com/SergioLacerda/strategist-skill/cmd/strategist/treasure_chest_jewel_show.go:33.24,34.36 1 1
github.com/SergioLacerda/strategist-skill/cmd/strategist/treasure_chest_jewel_show.go:35.10,36.104 1 1
github.com/SergioLacerda/strategist-skill/cmd/strategist/treasure_chest_jewel_show.go:40.51,60.25 3 1
github.com/SergioLacerda/strategist-skill/cmd/strategist/treasure_chest_jewel_show.go:60.25,61.67 1 1
github.com/SergioLacerda/strategist-skill/cmd/strategist/treasure_chest_jewel_show.go:61.67,63.4 1 0
github.com/SergioLacerda/strategist-skill/cmd/strategist/treasure_chest_jewel_show.go:65.2,65.34 1 1
github.com/SergioLacerda/strategist-skill/cmd/strategist/treasure_chest_jewel_show.go:65.34,67.3 1 1
github.com/SergioLacerda/strategist-skill/cmd/strategist/treasure_chest_jewel_show.go:68.2,68.12 1 1
github.com/SergioLacerda/strategist-skill/cmd/strategist/treasure_chest_jewel_show.go:87.50,105.40 4 1
github.com/SergioLacerda/strategist-skill/cmd/strategist/treasure_chest_jewel_show.go:105.40,107.3 1 1
github.com/SergioLacerda/strategist-skill/cmd/strategist/treasure_chest_jewel_show.go:108.2,108.12 1 1
github.com/SergioLacerda/strategist-skill/cmd/strategist/treasure_chest_json.go:38.137,41.9 3 1
github.com/SergioLacerda/strategist-skill/cmd/strategist/treasure_chest_json.go:42.22,43.21 1 1
github.com/SergioLacerda/strategist-skill/cmd/strategist/treasure_chest_json.go:44.23,45.20 1 1
github.com/SergioLacerda/strategist-skill/cmd/strategist/treasure_chest_json.go:46.10,48.72 2 1
github.com/SergioLacerda/strategist-skill/cmd/strategist/treasure_chest_json.go:51.2,56.25 2 1
github.com/SergioLacerda/strategist-skill/cmd/strategist/treasure_chest_json.go:56.25,69.3 1 1
github.com/SergioLacerda/strategist-skill/cmd/strategist/treasure_chest_json.go:71.2,73.40 3 1
github.com/SergioLacerda/strategist-skill/cmd/strategist/treasure_chest_json.go:73.40,75.3 1 0
github.com/SergioLacerda/strategist-skill/cmd/strategist/treasure_chest_json.go:76.2,76.12 1 1
github.com/SergioLacerda/strategist-skill/cmd/strategist/treasure_chest_mine.go:43.13,52.76 9 1
github.com/SergioLacerda/strategist-skill/cmd/strategist/treasure_chest_mine.go:52.76,54.3 1 1
github.com/SergioLacerda/strategist-skill/cmd/strategist/treasure_chest_mine.go:55.2,55.51 1 1
github.com/SergioLacerda/strategist-skill/cmd/strategist/treasure_chest_mine.go:58.96,59.49 1 1
github.com/SergioLacerda/strategist-skill/cmd/strategist/treasure_chest_mine.go:59.49,61.3 1 0
github.com/SergioLacerda/strategist-skill/cmd/strategist/treasure_chest_mine.go:62.2,63.63 2 1
github.com/SergioLacerda/strategist-skill/cmd/strategist/treasure_chest_mine.go:63.63,65.3 1 1
github.com/SergioLacerda/strategist-skill/cmd/strategist/treasure_chest_mine.go:67.2,68.16 2 1
github.com/SergioLacerda/strategist-skill/cmd/strategist/treasure_chest_mine.go:68.16,70.3 1 0
github.com/SergioLacerda/strategist-skill/cmd/strategist/treasure_chest_mine.go:71.2,71.47 1 1
github.com/SergioLacerda/strategist-skill/cmd/strategist/treasure_chest_mine.go:74.116,83.2 8 1
github.com/SergioLacerda/strategist-skill/cmd/strategist/treasure_chest_mine.go:85.76,86.32 1 1
github.com/SergioLacerda/strategist-skill/cmd/strategist/treasure_chest_mine.go:86.32,88.3 1 1
github.com/SergioLacerda/strategist-skill/cmd/strategist/treasure_chest_mine.go:89.2,89.46 1 1
github.com/SergioLacerda/strategist-skill/cmd/strategist/treasure_chest_mine.go:89.46,91.3 1 1
github.com/SergioLacerda/strategist-skill/cmd/strategist/treasure_chest_mine.go:92.2,92.12 1 1
github.com/SergioLacerda/strategist-skill/cmd/strategist/treasure_chest_mine.go:95.57,97.120 2 1
github.com/SergioLacerda/strategist-skill/cmd/strategist/treasure_chest_mine.go:97.120,98.10 1 1
github.com/SergioLacerda/strategist-skill/cmd/strategist/treasure_chest_mine.go:98.10,100.4 1 1
github.com/SergioLacerda/strategist-skill/cmd/strategist/treasure_chest_mine.go:102.2,102.16 1 1
github.com/SergioLacerda/strategist-skill/cmd/strategist/treasure_chest_mine.go:105.83,106.9 1 1
github.com/SergioLacerda/strategist-skill/cmd/strategist/treasure_chest_mine.go:107.17,108.53 1 1
github.com/SergioLacerda/strategist-skill/cmd/strategist/treasure_chest_mine.go:109.25,110.112 1 1
github.com/SergioLacerda/strategist-skill/cmd/strategist/treasure_chest_mine.go:111.25,112.123 1 1
github.com/SergioLacerda/strategist-skill/cmd/strategist/treasure_chest_mine.go:113.28,114.117 1 1
github.com/SergioLacerda/strategist-skill/cmd/strategist/treasure_chest_mine.go:115.10,116.49 1 1
github.com/SergioLacerda/strategist-skill/cmd/strategist/treasure_chest_mine.go:125.98,126.19 1 1
github.com/SergioLacerda/strategist-skill/cmd/strategist/treasure_chest_mine.go:126.19,128.3 1 1
github.com/SergioLacerda/strategist-skill/cmd/strategist/treasure_chest_mine.go:129.2,130.25 2 1
github.com/SergioLacerda/strategist-skill/cmd/strategist/treasure_chest_mine.go:130.25,131.93 1 1
github.com/SergioLacerda/strategist-skill/cmd/strategist/treasure_chest_mine.go:131.93,133.4 1 1
github.com/SergioLacerda/strategist-skill/cmd/strategist/treasure_chest_mine.go:134.3,134.90 1 1
github.com/SergioLacerda/strategist-skill/cmd/strategist/treasure_chest_mine.go:136.2,136.12 1 1
github.com/SergioLacerda/strategist-skill/cmd/strategist/treasure_chest_mine.go:145.59,147.16 2 1
github.com/SergioLacerda/strategist-skill/cmd/strategist/treasure_chest_mine.go:147.16,149.3 1 0
github.com/SergioLacerda/strategist-skill/cmd/strategist/treasure_chest_mine.go:150.2,150.19 1 1
github.com/SergioLacerda/strategist-skill/cmd/strategist/treasure_chest_mine.go:150.19,153.3 2 1
github.com/SergioLacerda/strategist-skill/cmd/strategist/treasure_chest_mine.go:154.2,155.12 2 1
github.com/SergioLacerda/strategist-skill/cmd/strategist/treasure_chest_mine_list.go:9.58,13.19 2 1
github.com/SergioLacerda/strategist-skill/cmd/strategist/treasure_chest_mine_list.go:13.19,15.3 1 0
github.com/SergioLacerda/strategist-skill/cmd/strategist/treasure_chest_mine_list.go:16.2,17.16 2 1
github.com/SergioLacerda/strategist-skill/cmd/strategist/treasure_chest_mine_list.go:17.16,19.3 1 1
github.com/SergioLacerda/strategist-skill/cmd/strategist/treasure_chest_mine_list.go:21.2,23.16 2 1
github.com/SergioLacerda/strategist-skill/cmd/strategist/treasure_chest_mine_list.go:24.29,25.140 1 1
github.com/SergioLacerda/strategist-skill/cmd/strategist/treasure_chest_mine_list.go:26.24,27.70 1 1
github.com/SergioLacerda/strategist-skill/cmd/strategist/treasure_chest_mine_list.go:28.10,29.93 1 1
github.com/SergioLacerda/strategist-skill/cmd/strategist/treasure_chest_mutate.go:56.13,65.75 9 1
github.com/SergioLacerda/strategist-skill/cmd/strategist/treasure_chest_mutate.go:65.75,67.3 1 1
github.com/SergioLacerda/strategist-skill/cmd/strategist/treasure_chest_mutate.go:69.2,70.78 2 1
github.com/SergioLacerda/strategist-skill/cmd/strategist/treasure_chest_mutate.go:70.78,72.3 1 1
github.com/SergioLacerda/strategist-skill/cmd/strategist/treasure_chest_mutate.go:74.2,75.53 2 1
github.com/SergioLacerda/strategist-skill/cmd/strategist/treasure_chest_mutate.go:80.97,81.49 1 1
github.com/SergioLacerda/strategist-skill/cmd/strategist/treasure_chest_mutate.go:81.49,83.3 1 0
github.com/SergioLacerda/strategist-skill/cmd/strategist/treasure_chest_mutate.go:84.2,88.16 4 1
github.com/SergioLacerda/strategist-skill/cmd/strategist/treasure_chest_mutate.go:88.16,90.3 1 1
github.com/SergioLacerda/strategist-skill/cmd/strategist/treasure_chest_mutate.go:92.2,93.14 2 1
github.com/SergioLacerda/strategist-skill/cmd/strategist/treasure_chest_mutate.go:93.14,95.3 1 1
github.com/SergioLacerda/strategist-skill/cmd/strategist/treasure_chest_mutate.go:97.2,97.65 1 1
github.com/SergioLacerda/strategist-skill/cmd/strategist/treasure_chest_mutate.go:97.65,99.3 1 1
github.com/SergioLacerda/strategist-skill/cmd/strategist/treasure_chest_mutate.go:101.2,104.16 3 1
github.com/SergioLacerda/strategist-skill/cmd/strategist/treasure_chest_mutate.go:104.16,106.3 1 1
github.com/SergioLacerda/strategist-skill/cmd/strategist/treasure_chest_mutate.go:108.2,110.57 2 1
github.com/SergioLacerda/strategist-skill/cmd/strategist/treasure_chest_mutate.go:113.113,121.2 7 1
github.com/SergioLacerda/strategist-skill/cmd/strategist/treasure_chest_mutate.go:123.112,128.16 5 1
github.com/SergioLacerda/strategist-skill/cmd/strategist/treasure_chest_mutate.go:128.16,130.3 1 1
github.com/SergioLacerda/strategist-skill/cmd/strategist/treasure_chest_mutate.go:131.2,131.146 1 1
github.com/SergioLacerda/strategist-skill/cmd/strategist/treasure_chest_mutate.go:131.146,133.3 1 0
github.com/SergioLacerda/strategist-skill/cmd/strategist/treasure_chest_mutate.go:134.2,134.121 1 1
github.com/SergioLacerda/strategist-skill/cmd/strategist/treasure_chest_mutate.go:134.121,136.3 1 0
github.com/SergioLacerda/strategist-skill/cmd/strategist/treasure_chest_mutate.go:137.2,138.23 2 1
[...]
github.com/SergioLacerda/strategist-skill/cmd/strategist/treasure_chest_mutate_remove.go:26.2,27.16 2 1
github.com/SergioLacerda/strategist-skill/cmd/strategist/treasure_chest_mutate_remove.go:27.16,29.3 1 1
github.com/SergioLacerda/strategist-skill/cmd/strategist/treasure_chest_mutate_remove.go:30.2,31.12 2 1
github.com/SergioLacerda/strategist-skill/cmd/strategist/treasure_chest_mutate_remove.go:34.82,36.16 2 1
github.com/SergioLacerda/strategist-skill/cmd/strategist/treasure_chest_mutate_remove.go:36.16,38.3 1 1
github.com/SergioLacerda/strategist-skill/cmd/strategist/treasure_chest_mutate_remove.go:39.2,41.16 3 1
github.com/SergioLacerda/strategist-skill/cmd/strategist/treasure_chest_mutate_remove.go:41.16,43.3 1 1
github.com/SergioLacerda/strategist-skill/cmd/strategist/treasure_chest_mutate_remove.go:44.2,44.64 1 1
github.com/SergioLacerda/strategist-skill/cmd/strategist/treasure_chest_mutate_remove.go:44.64,46.3 1 1
github.com/SergioLacerda/strategist-skill/cmd/strategist/treasure_chest_mutate_remove.go:47.2,48.16 2 1
github.com/SergioLacerda/strategist-skill/cmd/strategist/treasure_chest_mutate_remove.go:48.16,50.3 1 1
github.com/SergioLacerda/strategist-skill/cmd/strategist/treasure_chest_mutate_remove.go:51.2,52.38 2 1
github.com/SergioLacerda/strategist-skill/cmd/strategist/treasure_chest_mutate_remove.go:55.44,56.20 1 1
github.com/SergioLacerda/strategist-skill/cmd/strategist/treasure_chest_mutate_remove.go:56.20,58.3 1 1
github.com/SergioLacerda/strategist-skill/cmd/strategist/treasure_chest_mutate_remove.go:59.2,59.11 1 1
github.com/SergioLacerda/strategist-skill/cmd/strategist/treasure_chest_mutate_remove.go:62.52,64.15 2 1
github.com/SergioLacerda/strategist-skill/cmd/strategist/treasure_chest_mutate_remove.go:64.15,66.3 1 1
github.com/SergioLacerda/strategist-skill/cmd/strategist/treasure_chest_mutate_remove.go:67.2,67.90 1 1
github.com/SergioLacerda/strategist-skill/cmd/strategist/treasure_chest_render.go:14.126,16.73 2 1
github.com/SergioLacerda/strategist-skill/cmd/strategist/treasure_chest_render.go:16.73,18.3 1 1
github.com/SergioLacerda/strategist-skill/cmd/strategist/treasure_chest_render.go:18.17,20.3 1 0
github.com/SergioLacerda/strategist-skill/cmd/strategist/treasure_chest_render.go:21.2,21.72 1 1
github.com/SergioLacerda/strategist-skill/cmd/strategist/treasure_chest_render.go:21.72,23.3 1 1
github.com/SergioLacerda/strategist-skill/cmd/strategist/treasure_chest_render.go:23.17,25.3 1 0
github.com/SergioLacerda/strategist-skill/cmd/strategist/treasure_chest_render.go:26.2,28.12 3 1
github.com/SergioLacerda/strategist-skill/cmd/strategist/treasure_chest_render.go:31.83,33.34 2 1
github.com/SergioLacerda/strategist-skill/cmd/strategist/treasure_chest_render.go:33.34,35.3 1 0
github.com/SergioLacerda/strategist-skill/cmd/strategist/treasure_chest_render.go:36.2,36.34 1 1
github.com/SergioLacerda/strategist-skill/cmd/strategist/treasure_chest_render.go:36.34,38.3 1 0
github.com/SergioLacerda/strategist-skill/cmd/strategist/treasure_chest_render.go:39.2,40.12 2 1
github.com/SergioLacerda/strategist-skill/cmd/strategist/treasure_chest_render.go:43.80,44.65 1 1
github.com/SergioLacerda/strategist-skill/cmd/strategist/treasure_chest_render.go:44.65,46.3 1 0
github.com/SergioLacerda/strategist-skill/cmd/strategist/treasure_chest_render.go:47.2,48.105 1 1
github.com/SergioLacerda/strategist-skill/cmd/strategist/treasure_chest_render.go:48.105,50.3 1 0
github.com/SergioLacerda/strategist-skill/cmd/strategist/treasure_chest_render.go:51.2,51.25 1 1
github.com/SergioLacerda/strategist-skill/cmd/strategist/treasure_chest_render.go:51.25,52.46 1 1
github.com/SergioLacerda/strategist-skill/cmd/strategist/treasure_chest_render.go:52.46,54.4 1 0
github.com/SergioLacerda/strategist-skill/cmd/strategist/treasure_chest_render.go:56.2,56.12 1 1
github.com/SergioLacerda/strategist-skill/cmd/strategist/treasure_chest_render.go:59.70,71.16 1 1
github.com/SergioLacerda/strategist-skill/cmd/strategist/treasure_chest_render.go:71.16,73.3 1 0
github.com/SergioLacerda/strategist-skill/cmd/strategist/treasure_chest_render.go:74.2,74.12 1 1
github.com/SergioLacerda/strategist-skill/cmd/strategist/treasure_chest_render.go:77.39,78.21 1 1
github.com/SergioLacerda/strategist-skill/cmd/strategist/treasure_chest_render.go:78.21,80.3 1 1
github.com/SergioLacerda/strategist-skill/cmd/strategist/treasure_chest_render.go:81.2,81.33 1 1
github.com/SergioLacerda/strategist-skill/cmd/strategist/treasure_chest_render.go:84.36,85.16 1 1
github.com/SergioLacerda/strategist-skill/cmd/strategist/treasure_chest_render.go:85.16,87.3 1 1
github.com/SergioLacerda/strategist-skill/cmd/strategist/treasure_chest_render.go:88.2,88.33 1 1
github.com/SergioLacerda/strategist-skill/cmd/strategist/treasure_chest_render.go:91.35,92.13 1 1
github.com/SergioLacerda/strategist-skill/cmd/strategist/treasure_chest_render.go:92.13,94.3 1 1
github.com/SergioLacerda/strategist-skill/cmd/strategist/treasure_chest_render.go:95.2,95.10 1 1
github.com/SergioLacerda/strategist-skill/cmd/strategist/treasure_chest_render.go:98.98,99.64 1 1
github.com/SergioLacerda/strategist-skill/cmd/strategist/treasure_chest_render.go:99.64,101.3 1 0
github.com/SergioLacerda/strategist-skill/cmd/strategist/treasure_chest_render.go:103.2,106.9 3 1
github.com/SergioLacerda/strategist-skill/cmd/strategist/treasure_chest_render.go:107.22,109.13 2 1
github.com/SergioLacerda/strategist-skill/cmd/strategist/treasure_chest_render.go:110.23,112.13 2 1
github.com/SergioLacerda/strategist-skill/cmd/strategist/treasure_chest_render.go:113.10,115.72 2 1
github.com/SergioLacerda/strategist-skill/cmd/strategist/treasure_chest_render.go:118.2,123.27 2 1
github.com/SergioLacerda/strategist-skill/cmd/strategist/treasure_chest_render.go:123.27,124.77 1 1
github.com/SergioLacerda/strategist-skill/cmd/strategist/treasure_chest_render.go:124.77,126.4 1 0
github.com/SergioLacerda/strategist-skill/cmd/strategist/treasure_chest_render.go:128.2,128.12 1 1
github.com/SergioLacerda/strategist-skill/cmd/strategist/treasure_chest_render.go:132.33,138.2 5 1
github.com/SergioLacerda/strategist-skill/cmd/strategist/treasure_chest_scan.go:32.13,35.76 3 1
github.com/SergioLacerda/strategist-skill/cmd/strategist/treasure_chest_scan.go:35.76,37.3 1 1
github.com/SergioLacerda/strategist-skill/cmd/strategist/treasure_chest_scan.go:38.2,38.51 1 1
github.com/SergioLacerda/strategist-skill/cmd/strategist/treasure_chest_scan.go:45.96,46.49 1 1
github.com/SergioLacerda/strategist-skill/cmd/strategist/treasure_chest_scan.go:46.49,48.3 1 0
github.com/SergioLacerda/strategist-skill/cmd/strategist/treasure_chest_scan.go:49.2,52.16 3 1
github.com/SergioLacerda/strategist-skill/cmd/strategist/treasure_chest_scan.go:52.16,54.3 1 1
github.com/SergioLacerda/strategist-skill/cmd/strategist/treasure_chest_scan.go:55.2,56.16 2 1
github.com/SergioLacerda/strategist-skill/cmd/strategist/treasure_chest_scan.go:56.16,58.3 1 1
github.com/SergioLacerda/strategist-skill/cmd/strategist/treasure_chest_scan.go:60.2,61.16 2 1
github.com/SergioLacerda/strategist-skill/cmd/strategist/treasure_chest_scan.go:61.16,63.3 1 1
github.com/SergioLacerda/strategist-skill/cmd/strategist/treasure_chest_scan.go:65.2,71.17 5 1
github.com/SergioLacerda/strategist-skill/cmd/strategist/treasure_chest_scan.go:71.17,74.3 2 1
github.com/SergioLacerda/strategist-skill/cmd/strategist/treasure_chest_scan.go:76.2,76.88 1 1
github.com/SergioLacerda/strategist-skill/cmd/strategist/treasure_chest_scan.go:76.88,78.3 1 1
github.com/SergioLacerda/strategist-skill/cmd/strategist/treasure_chest_scan.go:80.2,82.12 2 1
github.com/SergioLacerda/strategist-skill/cmd/strategist/treasure_chest_scan.go:85.137,88.29 2 1
github.com/SergioLacerda/strategist-skill/cmd/strategist/treasure_chest_scan.go:88.29,90.3 1 1
github.com/SergioLacerda/strategist-skill/cmd/strategist/treasure_chest_scan.go:91.2,91.25 1 1
github.com/SergioLacerda/strategist-skill/cmd/strategist/treasure_chest_scan.go:91.25,93.3 1 1
github.com/SergioLacerda/strategist-skill/cmd/strategist/treasure_chest_warnings.go:10.47,11.24 1 1
github.com/SergioLacerda/strategist-skill/cmd/strategist/treasure_chest_warnings.go:11.24,13.3 1 1
github.com/SergioLacerda/strategist-skill/cmd/strategist/treasure_chest_warnings.go:14.2,16.32 3 1
github.com/SergioLacerda/strategist-skill/cmd/strategist/treasure_chest_warnings.go:16.32,18.3 1 1
github.com/SergioLacerda/strategist-skill/cmd/strategist/treasure_chest_warnings.go:21.107,29.25 6 1
github.com/SergioLacerda/strategist-skill/cmd/strategist/treasure_chest_warnings.go:29.25,32.3 2 1
github.com/SergioLacerda/strategist-skill/cmd/strategist/treasure_chest_warnings.go:33.2,33.81 1 1
github.com/SergioLacerda/strategist-skill/cmd/strategist/treasure_chest_warnings.go:36.50,38.19 2 1
github.com/SergioLacerda/strategist-skill/cmd/strategist/treasure_chest_warnings.go:38.19,40.3 1 1
github.com/SergioLacerda/strategist-skill/cmd/strategist/treasure_chest_warnings.go:41.2,41.19 1 1
github.com/SergioLacerda/strategist-skill/cmd/strategist/treasure_chest_warnings.go:41.19,43.3 1 1
github.com/SergioLacerda/strategist-skill/cmd/strategist/treasure_chest_warnings.go:44.2,44.17 1 1
github.com/SergioLacerda/strategist-skill/cmd/strategist/treasure_chest_warnings.go:47.70,48.20 1 1
github.com/SergioLacerda/strategist-skill/cmd/strategist/treasure_chest_warnings.go:48.20,50.3 1 1
github.com/SergioLacerda/strategist-skill/cmd/strategist/treasure_chest_warnings.go:51.2,51.21 1 1
github.com/SergioLacerda/strategist-skill/cmd/strategist/treasure_chest_warnings.go:51.21,53.3 1 1
github.com/SergioLacerda/strategist-skill/cmd/strategist/treasure_chest_warnings.go:54.2,54.12 1 1
github.com/SergioLacerda/strategist-skill/cmd/strategist/treasure_chest_warnings.go:57.65,58.23 1 1
github.com/SergioLacerda/strategist-skill/cmd/strategist/treasure_chest_warnings.go:58.23,60.3 1 1
github.com/SergioLacerda/strategist-skill/cmd/strategist/treasure_chest_warnings.go:61.2,61.61 1 1
github.com/SergioLacerda/strategist-skill/cmd/strategist/treasure_chest_warnings.go:64.75,65.74 1 1
github.com/SergioLacerda/strategist-skill/cmd/strategist/treasure_chest_warnings.go:65.74,67.3 1 1
github.com/SergioLacerda/strategist-skill/cmd/strategist/treasure_chest_warnings.go:68.2,68.12 1 1
github.com/SergioLacerda/strategist-skill/cmd/strategist/treasure_chest_warnings.go:71.140,72.23 1 1
github.com/SergioLacerda/strategist-skill/cmd/strategist/treasure_chest_warnings.go:72.23,74.22 2 1
github.com/SergioLacerda/strategist-skill/cmd/strategist/treasure_chest_warnings.go:74.22,76.4 1 1
github.com/SergioLacerda/strategist-skill/cmd/strategist/treasure_chest_warnings.go:78.2,78.32 1 1
github.com/SergioLacerda/strategist-skill/cmd/strategist/treasure_chest_warnings.go:78.32,80.3 1 1
github.com/SergioLacerda/strategist-skill/cmd/strategist/treasure_chest_warnings.go:81.2,81.17 1 1
github.com/SergioLacerda/strategist-skill/cmd/strategist/treasure_chest_warnings.go:86.67,88.25 2 1
github.com/SergioLacerda/strategist-skill/cmd/strategist/treasure_chest_warnings.go:88.25,89.29 1 1
github.com/SergioLacerda/strategist-skill/cmd/strategist/treasure_chest_warnings.go:89.29,91.4 1 1
github.com/SergioLacerda/strategist-skill/cmd/strategist/treasure_chest_warnings.go:93.2,93.14 1 1
github.com/SergioLacerda/strategist-skill/cmd/strategist/treasure_chest_warnings.go:100.60,102.28 2 1
github.com/SergioLacerda/strategist-skill/cmd/strategist/treasure_chest_warnings.go:102.28,104.3 1 1
github.com/SergioLacerda/strategist-skill/cmd/strategist/treasure_chest_warnings.go:105.2,105.23 1 1
github.com/SergioLacerda/strategist-skill/cmd/strategist/treasure_chest_warnings.go:105.23,108.3 1 1
github.com/SergioLacerda/strategist-skill/cmd/strategist/treasure_chest_warnings.go:109.2,109.33 1 1
github.com/SergioLacerda/strategist-skill/cmd/strategist/treasure_chest_warnings.go:109.33,112.3 1 1
github.com/SergioLacerda/strategist-skill/cmd/strategist/treasure_chest_warnings.go:113.2,113.14 1 1
github.com/SergioLacerda/strategist-skill/cmd/strategist/validate.go:30.51,31.25 1 1
github.com/SergioLacerda/strategist-skill/cmd/strategist/validate.go:31.25,33.21 2 1
github.com/SergioLacerda/strategist-skill/cmd/strategist/validate.go:33.21,35.5 1 0
github.com/SergioLacerda/strategist-skill/cmd/strategist/validate.go:36.4,37.22 2 1
github.com/SergioLacerda/strategist-skill/cmd/strategist/validate.go:37.22,39.5 1 1
github.com/SergioLacerda/strategist-skill/cmd/strategist/validate.go:40.4,40.29 1 0
github.com/SergioLacerda/strategist-skill/cmd/strategist/validate.go:42.3,43.17 2 1
github.com/SergioLacerda/strategist-skill/cmd/strategist/validate.go:43.17,45.4 1 1
github.com/SergioLacerda/strategist-skill/cmd/strategist/validate.go:46.3,47.17 2 1
github.com/SergioLacerda/strategist-skill/cmd/strategist/validate.go:47.17,49.4 1 0
github.com/SergioLacerda/strategist-skill/cmd/strategist/validate.go:50.3,66.23 7 1
github.com/SergioLacerda/strategist-skill/cmd/strategist/validate.go:66.23,68.4 1 1
github.com/SergioLacerda/strategist-skill/cmd/strategist/validate.go:71.3,82.44 8 1
github.com/SergioLacerda/strategist-skill/cmd/strategist/validate.go:82.44,84.55 2 1
github.com/SergioLacerda/strategist-skill/cmd/strategist/validate.go:84.55,86.5 1 1
github.com/SergioLacerda/strategist-skill/cmd/strategist/validate.go:89.3,89.20 1 1
github.com/SergioLacerda/strategist-skill/cmd/strategist/validate.go:89.20,92.27 3 1
github.com/SergioLacerda/strategist-skill/cmd/strategist/validate.go:92.27,94.5 1 1
github.com/SergioLacerda/strategist-skill/cmd/strategist/validate.go:95.4,95.77 1 1
github.com/SergioLacerda/strategist-skill/cmd/strategist/validate.go:98.3,98.17 1 1
github.com/SergioLacerda/strategist-skill/cmd/strategist/validate.go:98.17,100.4 1 0
github.com/SergioLacerda/strategist-skill/cmd/strategist/validate.go:101.3,109.13 3 1
github.com/SergioLacerda/strategist-skill/cmd/strategist/validate.go:113.13,115.2 1 1
github.com/SergioLacerda/strategist-skill/cmd/strategist/validate_checks.go:13.44,15.16 2 1
github.com/SergioLacerda/strategist-skill/cmd/strategist/validate_checks.go:15.16,17.3 1 1
github.com/SergioLacerda/strategist-skill/cmd/strategist/validate_checks.go:18.2,18.34 1 1
github.com/SergioLacerda/strategist-skill/cmd/strategist/validate_checks.go:21.78,23.24 2 1
github.com/SergioLacerda/strategist-skill/cmd/strategist/validate_checks.go:23.24,25.3 1 1
github.com/SergioLacerda/strategist-skill/cmd/strategist/validate_checks.go:26.2,26.16 1 1
github.com/SergioLacerda/strategist-skill/cmd/strategist/validate_checks.go:26.16,28.3 1 0
github.com/SergioLacerda/strategist-skill/cmd/strategist/validate_checks.go:29.2,30.50 2 1
github.com/SergioLacerda/strategist-skill/cmd/strategist/validate_checks.go:30.50,32.3 1 1
github.com/SergioLacerda/strategist-skill/cmd/strategist/validate_checks.go:33.2,33.17 1 1
github.com/SergioLacerda/strategist-skill/cmd/strategist/validate_checks.go:36.58,37.20 1 1
github.com/SergioLacerda/strategist-skill/cmd/strategist/validate_checks.go:37.20,39.3 1 1
github.com/SergioLacerda/strategist-skill/cmd/strategist/validate_checks.go:40.2,40.24 1 1
github.com/SergioLacerda/strategist-skill/cmd/strategist/validate_checks.go:40.24,42.3 1 0
github.com/SergioLacerda/strategist-skill/cmd/strategist/validate_checks.go:43.2,43.25 1 1
github.com/SergioLacerda/strategist-skill/cmd/strategist/validate_checks.go:43.25,45.3 1 1
github.com/SergioLacerda/strategist-skill/cmd/strategist/validate_checks.go:46.2,46.51 1 1
github.com/SergioLacerda/strategist-skill/cmd/strategist/validate_checks.go:46.51,48.3 1 1
github.com/SergioLacerda/strategist-skill/cmd/strategist/validate_checks.go:49.2,49.12 1 1
github.com/SergioLacerda/strategist-skill/cmd/strategist/validate_checks.go:52.66,54.16 2 1
github.com/SergioLacerda/strategist-skill/cmd/strategist/validate_checks.go:54.16,56.3 1 1
github.com/SergioLacerda/strategist-skill/cmd/strategist/validate_checks.go:58.2,58.28 1 1
github.com/SergioLacerda/strategist-skill/cmd/strategist/validate_checks.go:58.28,59.57 1 1
github.com/SergioLacerda/strategist-skill/cmd/strategist/validate_checks.go:59.57,60.12 1 0
github.com/SergioLacerda/strategist-skill/cmd/strategist/validate_checks.go:62.3,63.61 2 1
github.com/SergioLacerda/strategist-skill/cmd/strategist/validate_checks.go:65.2,65.21 1 1
github.com/SergioLacerda/strategist-skill/cmd/strategist/validate_checks.go:68.53,71.16 3 1
github.com/SergioLacerda/strategist-skill/cmd/strategist/validate_checks.go:71.16,73.3 1 0
github.com/SergioLacerda/strategist-skill/cmd/strategist/validate_checks.go:74.2,75.48 2 1
github.com/SergioLacerda/strategist-skill/cmd/strategist/validate_checks.go:75.48,77.3 1 1
github.com/SergioLacerda/strategist-skill/cmd/strategist/validate_checks.go:78.2,78.47 1 1
github.com/SergioLacerda/strategist-skill/cmd/strategist/validate_checks.go:78.47,80.3 1 1
github.com/SergioLacerda/strategist-skill/cmd/strategist/validate_checks.go:81.2,81.12 1 1
github.com/SergioLacerda/strategist-skill/cmd/strategist/validate_checks.go:84.63,86.16 2 1
github.com/SergioLacerda/strategist-skill/cmd/strategist/validate_checks.go:86.16,88.3 1 1
github.com/SergioLacerda/strategist-skill/cmd/strategist/validate_checks.go:90.2,90.28 1 1
github.com/SergioLacerda/strategist-skill/cmd/strategist/validate_checks.go:90.28,91.57 1 1
github.com/SergioLacerda/strategist-skill/cmd/strategist/validate_checks.go:91.57,92.12 1 0
github.com/SergioLacerda/strategist-skill/cmd/strategist/validate_checks.go:94.3,95.58 2 1
github.com/SergioLacerda/strategist-skill/cmd/strategist/validate_checks.go:97.2,97.21 1 1
github.com/SergioLacerda/strategist-skill/cmd/strategist/validate_checks.go:100.57,103.16 3 1
github.com/SergioLacerda/strategist-skill/cmd/strategist/validate_checks.go:103.16,105.3 1 1
github.com/SergioLacerda/strategist-skill/cmd/strategist/validate_checks.go:107.2,107.46 1 1
github.com/SergioLacerda/strategist-skill/cmd/strategist/validate_checks.go:107.46,109.3 1 1
github.com/SergioLacerda/strategist-skill/cmd/strategist/validate_checks.go:111.2,111.39 1 1
github.com/SergioLacerda/strategist-skill/cmd/strategist/validate_checks.go:114.65,116.16 2 1
github.com/SergioLacerda/strategist-skill/cmd/strategist/validate_checks.go:116.16,118.3 1 0
github.com/SergioLacerda/strategist-skill/cmd/strategist/validate_checks.go:119.2,120.52 2 1
github.com/SergioLacerda/strategist-skill/cmd/strategist/validate_checks.go:120.52,122.3 1 1
github.com/SergioLacerda/strategist-skill/cmd/strategist/validate_checks.go:123.2,123.24 1 1
github.com/SergioLacerda/strategist-skill/cmd/strategist/validate_checks.go:126.63,128.51 2 1
github.com/SergioLacerda/strategist-skill/cmd/strategist/validate_checks.go:128.51,130.3 1 0
github.com/SergioLacerda/strategist-skill/cmd/strategist/validate_checks.go:131.2,131.40 1 1
github.com/SergioLacerda/strategist-skill/cmd/strategist/validate_checks.go:131.40,133.3 1 1
github.com/SergioLacerda/strategist-skill/cmd/strategist/validate_checks.go:134.2,134.12 1 0
github.com/SergioLacerda/strategist-skill/cmd/strategist/validate_checks.go:137.60,139.54 2 1
github.com/SergioLacerda/strategist-skill/cmd/strategist/validate_checks.go:139.54,141.3 1 0
github.com/SergioLacerda/strategist-skill/cmd/strategist/validate_checks.go:142.2,142.43 1 1
github.com/SergioLacerda/strategist-skill/cmd/strategist/validate_checks.go:142.43,144.3 1 1
github.com/SergioLacerda/strategist-skill/cmd/strategist/validate_checks.go:145.2,145.12 1 1
github.com/SergioLacerda/strategist-skill/cmd/strategist/validate_checks.go:148.42,150.16 2 1
github.com/SergioLacerda/strategist-skill/cmd/strategist/validate_checks.go:150.16,152.3 1 0
github.com/SergioLacerda/strategist-skill/cmd/strategist/validate_checks.go:153.2,154.48 2 1
github.com/SergioLacerda/strategist-skill/cmd/strategist/validate_checks.go:154.48,156.3 1 1
github.com/SergioLacerda/strategist-skill/cmd/strategist/validate_checks.go:157.2,157.12 1 1
github.com/SergioLacerda/strategist-skill/cmd/strategist/version.go:17.44,25.3 2 1
