mode: atomic
github.com/SergioLacerda/strategist-skill/internal/embed/defaults.go:27.64,29.2 1 8
github.com/SergioLacerda/strategist-skill/internal/embed/defaults.go:33.69,34.87 1 20
github.com/SergioLacerda/strategist-skill/internal/embed/defaults.go:34.87,36.3 1 4
github.com/SergioLacerda/strategist-skill/internal/embed/defaults.go:37.2,37.12 1 16
github.com/SergioLacerda/strategist-skill/internal/embed/defaults.go:40.79,41.59 1 20
github.com/SergioLacerda/strategist-skill/internal/embed/defaults.go:41.59,42.17 1 476
github.com/SergioLacerda/strategist-skill/internal/embed/defaults.go:42.17,44.4 1 1
github.com/SergioLacerda/strategist-skill/internal/embed/defaults.go:45.3,46.31 2 475
github.com/SergioLacerda/strategist-skill/internal/embed/defaults.go:46.31,48.4 1 20
github.com/SergioLacerda/strategist-skill/internal/embed/defaults.go:49.3,50.16 2 455
github.com/SergioLacerda/strategist-skill/internal/embed/defaults.go:50.16,51.54 1 150
github.com/SergioLacerda/strategist-skill/internal/embed/defaults.go:51.54,53.5 1 1
github.com/SergioLacerda/strategist-skill/internal/embed/defaults.go:54.4,54.14 1 149
github.com/SergioLacerda/strategist-skill/internal/embed/defaults.go:56.3,56.47 1 305
github.com/SergioLacerda/strategist-skill/internal/embed/defaults.go:63.68,65.20 2 305
github.com/SergioLacerda/strategist-skill/internal/embed/defaults.go:65.20,67.3 1 0
github.com/SergioLacerda/strategist-skill/internal/embed/defaults.go:68.2,68.66 1 305
github.com/SergioLacerda/strategist-skill/internal/embed/defaults.go:68.66,70.3 1 0
github.com/SergioLacerda/strategist-skill/internal/embed/defaults.go:71.2,71.12 1 305
github.com/SergioLacerda/strategist-skill/internal/embed/defaults.go:71.12,72.30 1 304
github.com/SergioLacerda/strategist-skill/internal/embed/defaults.go:72.30,74.4 1 2
github.com/SergioLacerda/strategist-skill/internal/embed/defaults.go:76.2,76.65 1 303
github.com/SergioLacerda/strategist-skill/internal/embed/defaults.go:76.65,78.3 1 2
github.com/SergioLacerda/strategist-skill/internal/embed/defaults.go:79.2,79.12 1 301
github.com/SergioLacerda/strategist-skill/internal/embed/defaults.go:84.53,86.16 2 305
github.com/SergioLacerda/strategist-skill/internal/embed/defaults.go:86.16,88.3 1 260
github.com/SergioLacerda/strategist-skill/internal/embed/defaults.go:89.2,89.59 1 45
