mode: set
github.com/SergioLacerda/strategist-skill/cmd/strategist/check_stale.go:15.52,17.17 2 1
github.com/SergioLacerda/strategist-skill/cmd/strategist/check_stale.go:17.17,19.4 1 1
github.com/SergioLacerda/strategist-skill/cmd/strategist/check_stale.go:20.3,20.14 1 1
github.com/SergioLacerda/strategist-skill/cmd/strategist/check_stale.go:20.14,22.4 1 0
github.com/SergioLacerda/strategist-skill/cmd/strategist/check_stale.go:23.3,23.13 1 1
github.com/SergioLacerda/strategist-skill/cmd/strategist/compile.go:16.49,17.24 1 1
github.com/SergioLacerda/strategist-skill/cmd/strategist/compile.go:17.24,19.4 1 1
github.com/SergioLacerda/strategist-skill/cmd/strategist/compile.go:21.3,23.62 3 1
github.com/SergioLacerda/strategist-skill/cmd/strategist/compile.go:23.62,25.4 1 1
github.com/SergioLacerda/strategist-skill/cmd/strategist/compile.go:27.3,28.13 2 1
github.com/SergioLacerda/strategist-skill/cmd/strategist/compile.go:32.13,34.2 1 1
github.com/SergioLacerda/strategist-skill/cmd/strategist/install.go:23.49,24.26 1 1
github.com/SergioLacerda/strategist-skill/cmd/strategist/install.go:24.26,26.4 1 1
github.com/SergioLacerda/strategist-skill/cmd/strategist/install.go:28.3,39.64 3 1
github.com/SergioLacerda/strategist-skill/cmd/strategist/install.go:39.64,41.4 1 1
github.com/SergioLacerda/strategist-skill/cmd/strategist/install.go:43.3,44.13 2 1
github.com/SergioLacerda/strategist-skill/cmd/strategist/install.go:48.13,52.2 3 1
github.com/SergioLacerda/strategist-skill/cmd/strategist/install_global.go:24.49,26.19 2 1
github.com/SergioLacerda/strategist-skill/cmd/strategist/install_global.go:26.19,28.18 2 1
github.com/SergioLacerda/strategist-skill/cmd/strategist/install_global.go:28.18,30.5 1 0
github.com/SergioLacerda/strategist-skill/cmd/strategist/install_global.go:31.4,32.32 2 1
github.com/SergioLacerda/strategist-skill/cmd/strategist/install_global.go:35.3,45.64 3 1
github.com/SergioLacerda/strategist-skill/cmd/strategist/install_global.go:45.64,47.4 1 1
github.com/SergioLacerda/strategist-skill/cmd/strategist/install_global.go:49.3,50.13 2 1
github.com/SergioLacerda/strategist-skill/cmd/strategist/main.go:3.13,5.2 1 1
github.com/SergioLacerda/strategist-skill/cmd/strategist/root.go:16.13,22.2 5 1
github.com/SergioLacerda/strategist-skill/cmd/strategist/root.go:24.16,25.42 1 1
github.com/SergioLacerda/strategist-skill/cmd/strategist/root.go:25.42,27.3 1 1
github.com/SergioLacerda/strategist-skill/cmd/strategist/version.go:15.42,17.3 1 1
