mode: atomic
github.com/SergioLacerda/strategist-skill/cmd/strategist/check.go:59.60,61.17 2 27
github.com/SergioLacerda/strategist-skill/cmd/strategist/check.go:61.17,63.21 2 1
github.com/SergioLacerda/strategist-skill/cmd/strategist/check.go:63.21,65.5 1 0
github.com/SergioLacerda/strategist-skill/cmd/strategist/check.go:66.4,67.22 2 1
github.com/SergioLacerda/strategist-skill/cmd/strategist/check.go:67.22,69.5 1 1
github.com/SergioLacerda/strategist-skill/cmd/strategist/check.go:70.4,70.21 1 0
github.com/SergioLacerda/strategist-skill/cmd/strategist/check.go:73.3,74.17 2 26
github.com/SergioLacerda/strategist-skill/cmd/strategist/check.go:74.17,76.4 1 26
github.com/SergioLacerda/strategist-skill/cmd/strategist/check.go:77.3,83.16 2 26
github.com/SergioLacerda/strategist-skill/cmd/strategist/check.go:83.16,84.21 1 26
github.com/SergioLacerda/strategist-skill/cmd/strategist/check.go:84.21,87.5 2 17
github.com/SergioLacerda/strategist-skill/cmd/strategist/check.go:88.4,88.14 1 26
github.com/SergioLacerda/strategist-skill/cmd/strategist/check.go:91.3,93.17 3 26
github.com/SergioLacerda/strategist-skill/cmd/strategist/check.go:93.17,94.26 1 1
github.com/SergioLacerda/strategist-skill/cmd/strategist/check.go:94.26,96.5 1 1
github.com/SergioLacerda/strategist-skill/cmd/strategist/check.go:97.4,97.90 1 0
github.com/SergioLacerda/strategist-skill/cmd/strategist/check.go:100.3,101.51 2 25
github.com/SergioLacerda/strategist-skill/cmd/strategist/check.go:101.51,103.4 1 0
github.com/SergioLacerda/strategist-skill/cmd/strategist/check.go:105.3,105.36 1 25
github.com/SergioLacerda/strategist-skill/cmd/strategist/check.go:105.36,107.21 2 7
github.com/SergioLacerda/strategist-skill/cmd/strategist/check.go:107.21,109.5 1 6
github.com/SergioLacerda/strategist-skill/cmd/strategist/check.go:110.4,110.69 1 7
github.com/SergioLacerda/strategist-skill/cmd/strategist/check.go:113.3,120.73 3 18
github.com/SergioLacerda/strategist-skill/cmd/strategist/check.go:120.73,122.22 2 54
github.com/SergioLacerda/strategist-skill/cmd/strategist/check.go:122.22,124.13 2 0
github.com/SergioLacerda/strategist-skill/cmd/strategist/check.go:127.4,129.22 3 54
github.com/SergioLacerda/strategist-skill/cmd/strategist/check.go:129.22,130.31 1 6
github.com/SergioLacerda/strategist-skill/cmd/strategist/check.go:130.31,134.24 3 6
github.com/SergioLacerda/strategist-skill/cmd/strategist/check.go:134.24,136.71 2 3
github.com/SergioLacerda/strategist-skill/cmd/strategist/check.go:136.71,137.55 1 3
github.com/SergioLacerda/strategist-skill/cmd/strategist/check.go:137.55,139.17 2 1
github.com/SergioLacerda/strategist-skill/cmd/strategist/check.go:141.8,141.32 1 2
github.com/SergioLacerda/strategist-skill/cmd/strategist/check.go:141.32,142.17 1 1
github.com/SergioLacerda/strategist-skill/cmd/strategist/check.go:144.8,145.16 2 1
github.com/SergioLacerda/strategist-skill/cmd/strategist/check.go:148.6,148.116 1 3
github.com/SergioLacerda/strategist-skill/cmd/strategist/check.go:149.11,151.6 1 0
github.com/SergioLacerda/strategist-skill/cmd/strategist/check.go:152.5,152.13 1 3
github.com/SergioLacerda/strategist-skill/cmd/strategist/check.go:155.4,158.70 2 48
github.com/SergioLacerda/strategist-skill/cmd/strategist/check.go:158.70,160.13 2 0
github.com/SergioLacerda/strategist-skill/cmd/strategist/check.go:163.4,164.38 2 48
github.com/SergioLacerda/strategist-skill/cmd/strategist/check.go:164.38,166.5 1 1
github.com/SergioLacerda/strategist-skill/cmd/strategist/check.go:170.3,170.21 1 18
github.com/SergioLacerda/strategist-skill/cmd/strategist/check.go:170.21,172.4 1 1
github.com/SergioLacerda/strategist-skill/cmd/strategist/check.go:172.9,175.25 3 17
github.com/SergioLacerda/strategist-skill/cmd/strategist/check.go:175.25,177.5 1 4
github.com/SergioLacerda/strategist-skill/cmd/strategist/check.go:177.10,179.72 2 13
github.com/SergioLacerda/strategist-skill/cmd/strategist/check.go:179.72,181.6 1 0
github.com/SergioLacerda/strategist-skill/cmd/strategist/check.go:181.11,181.67 1 13
github.com/SergioLacerda/strategist-skill/cmd/strategist/check.go:181.67,183.6 1 1
github.com/SergioLacerda/strategist-skill/cmd/strategist/check.go:187.3,189.21 3 18
github.com/SergioLacerda/strategist-skill/cmd/strategist/check.go:189.21,191.4 1 18
github.com/SergioLacerda/strategist-skill/cmd/strategist/check.go:193.3,193.18 1 18
github.com/SergioLacerda/strategist-skill/cmd/strategist/check.go:193.18,195.4 1 3
github.com/SergioLacerda/strategist-skill/cmd/strategist/check.go:197.3,198.73 2 18
github.com/SergioLacerda/strategist-skill/cmd/strategist/check.go:198.73,199.29 1 54
github.com/SergioLacerda/strategist-skill/cmd/strategist/check.go:199.29,201.10 2 0
github.com/SergioLacerda/strategist-skill/cmd/strategist/check.go:204.3,204.59 1 18
github.com/SergioLacerda/strategist-skill/cmd/strategist/check.go:204.59,206.4 1 13
github.com/SergioLacerda/strategist-skill/cmd/strategist/check.go:207.3,212.20 2 18
github.com/SergioLacerda/strategist-skill/cmd/strategist/check.go:212.20,214.4 1 2
github.com/SergioLacerda/strategist-skill/cmd/strategist/check.go:216.3,216.20 1 16
github.com/SergioLacerda/strategist-skill/cmd/strategist/check.go:216.20,217.27 1 12
github.com/SergioLacerda/strategist-skill/cmd/strategist/check.go:217.27,219.5 1 17
github.com/SergioLacerda/strategist-skill/cmd/strategist/check.go:220.4,220.85 1 12
github.com/SergioLacerda/strategist-skill/cmd/strategist/check.go:223.3,226.56 3 4
github.com/SergioLacerda/strategist-skill/cmd/strategist/check.go:226.56,228.4 1 0
github.com/SergioLacerda/strategist-skill/cmd/strategist/check.go:229.3,229.68 1 4
github.com/SergioLacerda/strategist-skill/cmd/strategist/check.go:229.68,231.4 1 0
github.com/SergioLacerda/strategist-skill/cmd/strategist/check.go:232.3,232.50 1 4
github.com/SergioLacerda/strategist-skill/cmd/strategist/check.go:232.50,234.4 1 0
github.com/SergioLacerda/strategist-skill/cmd/strategist/check.go:235.3,235.55 1 4
github.com/SergioLacerda/strategist-skill/cmd/strategist/check.go:235.55,237.4 1 0
github.com/SergioLacerda/strategist-skill/cmd/strategist/check.go:238.3,238.73 1 4
github.com/SergioLacerda/strategist-skill/cmd/strategist/check.go:238.73,239.84 1 12
github.com/SergioLacerda/strategist-skill/cmd/strategist/check.go:239.84,241.5 1 0
github.com/SergioLacerda/strategist-skill/cmd/strategist/check.go:243.3,243.50 1 4
github.com/SergioLacerda/strategist-skill/cmd/strategist/check.go:243.50,245.4 1 0
github.com/SergioLacerda/strategist-skill/cmd/strategist/check.go:246.3,246.57 1 4
github.com/SergioLacerda/strategist-skill/cmd/strategist/check.go:246.57,248.4 1 0
github.com/SergioLacerda/strategist-skill/cmd/strategist/check.go:249.3,249.69 1 4
github.com/SergioLacerda/strategist-skill/cmd/strategist/check.go:249.69,251.4 1 0
github.com/SergioLacerda/strategist-skill/cmd/strategist/check.go:252.3,252.35 1 4
github.com/SergioLacerda/strategist-skill/cmd/strategist/check.go:252.35,254.4 1 0
github.com/SergioLacerda/strategist-skill/cmd/strategist/check.go:255.3,255.13 1 4
github.com/SergioLacerda/strategist-skill/cmd/strategist/check.go:259.93,262.16 3 19
github.com/SergioLacerda/strategist-skill/cmd/strategist/check.go:262.16,264.3 1 18
github.com/SergioLacerda/strategist-skill/cmd/strategist/check.go:265.2,270.16 2 1
github.com/SergioLacerda/strategist-skill/cmd/strategist/check.go:270.16,272.3 1 0
github.com/SergioLacerda/strategist-skill/cmd/strategist/check.go:273.2,273.88 1 1
github.com/SergioLacerda/strategist-skill/cmd/strategist/check.go:273.88,275.3 1 3
github.com/SergioLacerda/strategist-skill/cmd/strategist/check.go:276.2,276.12 1 1
github.com/SergioLacerda/strategist-skill/cmd/strategist/check.go:279.80,283.16 3 19
github.com/SergioLacerda/strategist-skill/cmd/strategist/check.go:283.16,284.60 1 19
github.com/SergioLacerda/strategist-skill/cmd/strategist/check.go:284.60,286.4 1 0
github.com/SergioLacerda/strategist-skill/cmd/strategist/check.go:287.3,287.99 1 19
github.com/SergioLacerda/strategist-skill/cmd/strategist/check.go:289.2,289.44 1 0
github.com/SergioLacerda/strategist-skill/cmd/strategist/check.go:292.45,294.48 2 1
github.com/SergioLacerda/strategist-skill/cmd/strategist/check.go:294.48,296.17 2 5
github.com/SergioLacerda/strategist-skill/cmd/strategist/check.go:296.17,297.12 1 3
github.com/SergioLacerda/strategist-skill/cmd/strategist/check.go:299.3,300.19 2 2
github.com/SergioLacerda/strategist-skill/cmd/strategist/check.go:300.19,302.4 1 2
github.com/SergioLacerda/strategist-skill/cmd/strategist/check.go:304.2,304.14 1 1
github.com/SergioLacerda/strategist-skill/cmd/strategist/check.go:310.44,315.41 4 3
github.com/SergioLacerda/strategist-skill/cmd/strategist/check.go:315.41,317.66 2 12
github.com/SergioLacerda/strategist-skill/cmd/strategist/check.go:317.66,319.4 1 1
github.com/SergioLacerda/strategist-skill/cmd/strategist/check.go:322.2,323.16 2 3
github.com/SergioLacerda/strategist-skill/cmd/strategist/check.go:323.16,325.3 1 0
github.com/SergioLacerda/strategist-skill/cmd/strategist/check.go:326.2,326.26 1 3
github.com/SergioLacerda/strategist-skill/cmd/strategist/check.go:326.26,328.3 1 2
github.com/SergioLacerda/strategist-skill/cmd/strategist/check.go:330.2,330.13 1 3
github.com/SergioLacerda/strategist-skill/cmd/strategist/check.go:337.118,339.92 2 4
github.com/SergioLacerda/strategist-skill/cmd/strategist/check.go:339.92,341.3 1 0
github.com/SergioLacerda/strategist-skill/cmd/strategist/check.go:342.2,342.34 1 4
github.com/SergioLacerda/strategist-skill/cmd/strategist/check.go:342.34,344.3 1 0
github.com/SergioLacerda/strategist-skill/cmd/strategist/check.go:345.2,345.19 1 4
github.com/SergioLacerda/strategist-skill/cmd/strategist/check.go:345.19,347.3 1 2
github.com/SergioLacerda/strategist-skill/cmd/strategist/check.go:348.2,348.12 1 2
github.com/SergioLacerda/strategist-skill/cmd/strategist/check.go:359.60,360.18 1 56
github.com/SergioLacerda/strategist-skill/cmd/strategist/check.go:360.18,362.3 1 1
github.com/SergioLacerda/strategist-skill/cmd/strategist/check.go:363.2,363.61 1 55
github.com/SergioLacerda/strategist-skill/cmd/strategist/check.go:363.61,365.3 1 1
github.com/SergioLacerda/strategist-skill/cmd/strategist/check.go:370.139,386.2 13 4
github.com/SergioLacerda/strategist-skill/cmd/strategist/check.go:388.75,389.72 1 4
github.com/SergioLacerda/strategist-skill/cmd/strategist/check.go:389.72,391.28 2 12
github.com/SergioLacerda/strategist-skill/cmd/strategist/check.go:391.28,393.4 1 1
github.com/SergioLacerda/strategist-skill/cmd/strategist/check.go:394.3,394.78 1 12
github.com/SergioLacerda/strategist-skill/cmd/strategist/check.go:398.64,399.20 1 4
github.com/SergioLacerda/strategist-skill/cmd/strategist/check.go:399.20,401.3 1 2
github.com/SergioLacerda/strategist-skill/cmd/strategist/check.go:402.2,404.25 3 2
github.com/SergioLacerda/strategist-skill/cmd/strategist/check.go:404.25,406.3 1 2
github.com/SergioLacerda/strategist-skill/cmd/strategist/check.go:409.57,413.24 4 19
github.com/SergioLacerda/strategist-skill/cmd/strategist/check.go:413.24,415.3 1 0
github.com/SergioLacerda/strategist-skill/cmd/strategist/check.go:417.2,417.60 1 19
github.com/SergioLacerda/strategist-skill/cmd/strategist/check.go:417.60,419.9 2 152
github.com/SergioLacerda/strategist-skill/cmd/strategist/check.go:419.9,421.4 1 4
github.com/SergioLacerda/strategist-skill/cmd/strategist/check.go:424.2,424.13 1 19
github.com/SergioLacerda/strategist-skill/cmd/strategist/check.go:433.18,436.20 3 152
github.com/SergioLacerda/strategist-skill/cmd/strategist/check.go:436.20,437.29 1 148
github.com/SergioLacerda/strategist-skill/cmd/strategist/check.go:437.29,439.4 1 148
github.com/SergioLacerda/strategist-skill/cmd/strategist/check.go:440.3,440.79 1 0
github.com/SergioLacerda/strategist-skill/cmd/strategist/check.go:443.2,444.21 2 4
github.com/SergioLacerda/strategist-skill/cmd/strategist/check.go:444.21,446.3 1 0
github.com/SergioLacerda/strategist-skill/cmd/strategist/check.go:447.2,447.47 1 4
github.com/SergioLacerda/strategist-skill/cmd/strategist/check.go:447.47,449.3 1 0
github.com/SergioLacerda/strategist-skill/cmd/strategist/check.go:450.2,453.9 1 4
github.com/SergioLacerda/strategist-skill/cmd/strategist/check.go:462.33,463.43 1 4
github.com/SergioLacerda/strategist-skill/cmd/strategist/check.go:463.43,465.3 1 2
github.com/SergioLacerda/strategist-skill/cmd/strategist/check.go:466.2,467.9 2 2
github.com/SergioLacerda/strategist-skill/cmd/strategist/check.go:467.9,469.3 1 0
github.com/SergioLacerda/strategist-skill/cmd/strategist/check.go:470.2,470.57 1 2
github.com/SergioLacerda/strategist-skill/cmd/strategist/check.go:470.57,472.3 1 1
github.com/SergioLacerda/strategist-skill/cmd/strategist/check.go:473.2,473.39 1 1
github.com/SergioLacerda/strategist-skill/cmd/strategist/check.go:476.77,479.16 3 19
github.com/SergioLacerda/strategist-skill/cmd/strategist/check.go:479.16,480.37 1 17
github.com/SergioLacerda/strategist-skill/cmd/strategist/check.go:480.37,482.4 1 17
github.com/SergioLacerda/strategist-skill/cmd/strategist/check.go:483.3,483.87 1 0
github.com/SergioLacerda/strategist-skill/cmd/strategist/check.go:485.2,486.56 2 2
github.com/SergioLacerda/strategist-skill/cmd/strategist/check.go:486.56,488.3 1 0
github.com/SergioLacerda/strategist-skill/cmd/strategist/check.go:489.2,489.28 1 2
github.com/SergioLacerda/strategist-skill/cmd/strategist/check.go:502.59,503.19 1 11
github.com/SergioLacerda/strategist-skill/cmd/strategist/check.go:503.19,505.3 1 0
github.com/SergioLacerda/strategist-skill/cmd/strategist/check.go:507.2,508.16 2 11
github.com/SergioLacerda/strategist-skill/cmd/strategist/check.go:508.16,510.3 1 3
github.com/SergioLacerda/strategist-skill/cmd/strategist/check.go:511.2,512.16 2 8
github.com/SergioLacerda/strategist-skill/cmd/strategist/check.go:512.16,514.3 1 4
github.com/SergioLacerda/strategist-skill/cmd/strategist/check.go:515.2,516.16 2 4
github.com/SergioLacerda/strategist-skill/cmd/strategist/check.go:516.16,518.3 1 0
github.com/SergioLacerda/strategist-skill/cmd/strategist/check.go:519.2,520.12 2 4
github.com/SergioLacerda/strategist-skill/cmd/strategist/check.go:527.80,530.16 3 11
github.com/SergioLacerda/strategist-skill/cmd/strategist/check.go:530.16,532.3 1 1
github.com/SergioLacerda/strategist-skill/cmd/strategist/check.go:533.2,533.15 1 10
github.com/SergioLacerda/strategist-skill/cmd/strategist/check.go:533.15,533.32 1 10
github.com/SergioLacerda/strategist-skill/cmd/strategist/check.go:535.2,536.16 2 10
github.com/SergioLacerda/strategist-skill/cmd/strategist/check.go:536.16,538.3 1 2
github.com/SergioLacerda/strategist-skill/cmd/strategist/check.go:539.2,539.15 1 8
github.com/SergioLacerda/strategist-skill/cmd/strategist/check.go:539.15,539.33 1 8
github.com/SergioLacerda/strategist-skill/cmd/strategist/check.go:541.2,542.62 2 8
github.com/SergioLacerda/strategist-skill/cmd/strategist/check.go:542.62,544.3 1 0
github.com/SergioLacerda/strategist-skill/cmd/strategist/check.go:545.2,545.22 1 8
github.com/SergioLacerda/strategist-skill/cmd/strategist/check.go:548.62,549.24 1 1
github.com/SergioLacerda/strategist-skill/cmd/strategist/check.go:549.24,551.3 1 1
github.com/SergioLacerda/strategist-skill/cmd/strategist/check.go:552.2,552.94 1 0
github.com/SergioLacerda/strategist-skill/cmd/strategist/check.go:555.97,557.16 2 8
github.com/SergioLacerda/strategist-skill/cmd/strategist/check.go:557.16,559.3 1 2
github.com/SergioLacerda/strategist-skill/cmd/strategist/check.go:560.2,561.16 2 6
github.com/SergioLacerda/strategist-skill/cmd/strategist/check.go:561.16,563.3 1 2
github.com/SergioLacerda/strategist-skill/cmd/strategist/check.go:564.2,564.109 1 4
github.com/SergioLacerda/strategist-skill/cmd/strategist/check.go:567.90,569.9 2 8
github.com/SergioLacerda/strategist-skill/cmd/strategist/check.go:569.9,572.3 1 1
github.com/SergioLacerda/strategist-skill/cmd/strategist/check.go:573.2,574.9 2 7
github.com/SergioLacerda/strategist-skill/cmd/strategist/check.go:574.9,576.3 1 1
github.com/SergioLacerda/strategist-skill/cmd/strategist/check.go:577.2,577.24 1 6
github.com/SergioLacerda/strategist-skill/cmd/strategist/check.go:580.88,582.9 2 6
github.com/SergioLacerda/strategist-skill/cmd/strategist/check.go:582.9,584.3 1 1
github.com/SergioLacerda/strategist-skill/cmd/strategist/check.go:585.2,586.9 2 5
github.com/SergioLacerda/strategist-skill/cmd/strategist/check.go:586.9,589.3 1 1
github.com/SergioLacerda/strategist-skill/cmd/strategist/check.go:590.2,590.25 1 4
github.com/SergioLacerda/strategist-skill/cmd/strategist/check.go:593.114,595.9 2 4
github.com/SergioLacerda/strategist-skill/cmd/strategist/check.go:595.9,597.3 1 3
github.com/SergioLacerda/strategist-skill/cmd/strategist/check.go:598.2,598.32 1 1
github.com/SergioLacerda/strategist-skill/cmd/strategist/check.go:598.32,600.3 1 1
github.com/SergioLacerda/strategist-skill/cmd/strategist/check.go:601.2,601.15 1 1
github.com/SergioLacerda/strategist-skill/cmd/strategist/check.go:604.44,606.19 2 2
github.com/SergioLacerda/strategist-skill/cmd/strategist/check.go:606.19,608.3 1 2
github.com/SergioLacerda/strategist-skill/cmd/strategist/check.go:609.2,610.13 2 2
github.com/SergioLacerda/strategist-skill/cmd/strategist/check.go:613.13,620.2 6 2
github.com/SergioLacerda/strategist-skill/cmd/strategist/check_stale.go:25.61,29.16 3 2
github.com/SergioLacerda/strategist-skill/cmd/strategist/check_stale.go:29.16,31.3 1 2
github.com/SergioLacerda/strategist-skill/cmd/strategist/check_stale.go:32.2,33.16 2 2
github.com/SergioLacerda/strategist-skill/cmd/strategist/check_stale.go:33.16,36.3 2 0
github.com/SergioLacerda/strategist-skill/cmd/strategist/check_stale.go:37.2,48.16 3 2
github.com/SergioLacerda/strategist-skill/cmd/strategist/check_stale.go:48.16,53.3 4 1
github.com/SergioLacerda/strategist-skill/cmd/strategist/check_stale.go:55.2,65.13 4 1
github.com/SergioLacerda/strategist-skill/cmd/strategist/check_stale.go:65.13,67.3 1 0
github.com/SergioLacerda/strategist-skill/cmd/strategist/check_stale.go:68.2,68.12 1 1
github.com/SergioLacerda/strategist-skill/cmd/strategist/compile.go:27.64,28.23 1 5
github.com/SergioLacerda/strategist-skill/cmd/strategist/compile.go:28.23,29.46 1 1
github.com/SergioLacerda/strategist-skill/cmd/strategist/compile.go:29.46,31.4 1 1
github.com/SergioLacerda/strategist-skill/cmd/strategist/compile.go:34.2,37.15 4 4
github.com/SergioLacerda/strategist-skill/cmd/strategist/compile.go:37.15,38.20 1 4
github.com/SergioLacerda/strategist-skill/cmd/strategist/compile.go:38.20,41.4 2 2
github.com/SergioLacerda/strategist-skill/cmd/strategist/compile.go:42.3,42.13 1 4
github.com/SergioLacerda/strategist-skill/cmd/strategist/compile.go:45.2,55.61 5 4
github.com/SergioLacerda/strategist-skill/cmd/strategist/compile.go:55.61,57.3 1 2
github.com/SergioLacerda/strategist-skill/cmd/strategist/compile.go:59.2,70.12 5 2
github.com/SergioLacerda/strategist-skill/cmd/strategist/compile.go:73.33,76.2 2 1
github.com/SergioLacerda/strategist-skill/cmd/strategist/compile.go:78.42,79.61 1 4
github.com/SergioLacerda/strategist-skill/cmd/strategist/compile.go:79.61,81.3 1 0
github.com/SergioLacerda/strategist-skill/cmd/strategist/compile.go:84.74,93.2 1 4
github.com/SergioLacerda/strategist-skill/cmd/strategist/compile.go:95.51,98.16 3 2
github.com/SergioLacerda/strategist-skill/cmd/strategist/compile.go:98.16,101.3 2 0
github.com/SergioLacerda/strategist-skill/cmd/strategist/compile.go:102.2,102.106 1 2
github.com/SergioLacerda/strategist-skill/cmd/strategist/compile.go:102.106,104.3 1 2
github.com/SergioLacerda/strategist-skill/cmd/strategist/compile.go:105.2,105.80 1 2
github.com/SergioLacerda/strategist-skill/cmd/strategist/compile.go:108.13,110.2 1 2
github.com/SergioLacerda/strategist-skill/cmd/strategist/dojo.go:45.58,49.16 3 6
github.com/SergioLacerda/strategist-skill/cmd/strategist/dojo.go:49.16,51.3 1 2
github.com/SergioLacerda/strategist-skill/cmd/strategist/dojo.go:53.2,55.16 3 4
github.com/SergioLacerda/strategist-skill/cmd/strategist/dojo.go:55.16,57.3 1 1
github.com/SergioLacerda/strategist-skill/cmd/strategist/dojo.go:59.2,62.48 3 3
github.com/SergioLacerda/strategist-skill/cmd/strategist/dojo.go:62.48,64.3 1 0
github.com/SergioLacerda/strategist-skill/cmd/strategist/dojo.go:65.2,65.22 1 3
github.com/SergioLacerda/strategist-skill/cmd/strategist/dojo.go:65.22,67.3 1 1
github.com/SergioLacerda/strategist-skill/cmd/strategist/dojo.go:68.2,68.12 1 2
github.com/SergioLacerda/strategist-skill/cmd/strategist/dojo.go:71.54,73.16 2 4
github.com/SergioLacerda/strategist-skill/cmd/strategist/dojo.go:73.16,75.3 1 1
github.com/SergioLacerda/strategist-skill/cmd/strategist/dojo.go:77.2,79.16 3 3
github.com/SergioLacerda/strategist-skill/cmd/strategist/dojo.go:79.16,81.3 1 1
github.com/SergioLacerda/strategist-skill/cmd/strategist/dojo.go:83.2,84.63 2 2
github.com/SergioLacerda/strategist-skill/cmd/strategist/dojo.go:84.63,86.3 1 0
github.com/SergioLacerda/strategist-skill/cmd/strategist/dojo.go:87.2,87.34 1 2
github.com/SergioLacerda/strategist-skill/cmd/strategist/dojo.go:87.34,89.3 1 0
github.com/SergioLacerda/strategist-skill/cmd/strategist/dojo.go:90.2,90.12 1 2
github.com/SergioLacerda/strategist-skill/cmd/strategist/dojo.go:93.90,94.28 1 2
github.com/SergioLacerda/strategist-skill/cmd/strategist/dojo.go:94.28,95.30 1 2
github.com/SergioLacerda/strategist-skill/cmd/strategist/dojo.go:95.30,96.12 1 0
github.com/SergioLacerda/strategist-skill/cmd/strategist/dojo.go:98.3,98.101 1 2
github.com/SergioLacerda/strategist-skill/cmd/strategist/dojo.go:98.101,100.4 1 0
github.com/SergioLacerda/strategist-skill/cmd/strategist/dojo.go:102.2,102.12 1 2
github.com/SergioLacerda/strategist-skill/cmd/strategist/dojo.go:105.46,107.2 1 2
github.com/SergioLacerda/strategist-skill/cmd/strategist/dojo.go:109.55,112.16 3 2
github.com/SergioLacerda/strategist-skill/cmd/strategist/dojo.go:112.16,114.3 1 0
github.com/SergioLacerda/strategist-skill/cmd/strategist/dojo.go:115.2,116.36 2 2
github.com/SergioLacerda/strategist-skill/cmd/strategist/dojo.go:116.36,118.3 1 0
github.com/SergioLacerda/strategist-skill/cmd/strategist/dojo.go:119.2,119.22 1 2
github.com/SergioLacerda/strategist-skill/cmd/strategist/dojo.go:122.81,124.26 2 30
github.com/SergioLacerda/strategist-skill/cmd/strategist/dojo.go:124.26,126.3 1 1
github.com/SergioLacerda/strategist-skill/cmd/strategist/dojo.go:128.2,129.16 2 30
github.com/SergioLacerda/strategist-skill/cmd/strategist/dojo.go:129.16,131.3 1 3
github.com/SergioLacerda/strategist-skill/cmd/strategist/dojo.go:132.2,133.50 2 27
github.com/SergioLacerda/strategist-skill/cmd/strategist/dojo.go:133.50,135.3 1 2
github.com/SergioLacerda/strategist-skill/cmd/strategist/dojo.go:136.2,136.24 1 25
github.com/SergioLacerda/strategist-skill/cmd/strategist/dojo.go:136.24,138.3 1 1
github.com/SergioLacerda/strategist-skill/cmd/strategist/dojo.go:139.2,140.31 2 24
github.com/SergioLacerda/strategist-skill/cmd/strategist/dojo.go:140.31,142.3 1 24
github.com/SergioLacerda/strategist-skill/cmd/strategist/dojo.go:143.2,143.38 1 24
github.com/SergioLacerda/strategist-skill/cmd/strategist/dojo.go:146.53,147.17 1 7
github.com/SergioLacerda/strategist-skill/cmd/strategist/dojo.go:147.17,149.3 1 4
github.com/SergioLacerda/strategist-skill/cmd/strategist/dojo.go:150.2,151.18 2 3
github.com/SergioLacerda/strategist-skill/cmd/strategist/dojo.go:151.18,153.3 1 1
github.com/SergioLacerda/strategist-skill/cmd/strategist/dojo.go:154.2,154.64 1 3
github.com/SergioLacerda/strategist-skill/cmd/strategist/dojo.go:157.60,158.21 1 3
github.com/SergioLacerda/strategist-skill/cmd/strategist/dojo.go:158.21,160.3 1 2
github.com/SergioLacerda/strategist-skill/cmd/strategist/dojo.go:161.2,161.102 1 1
github.com/SergioLacerda/strategist-skill/cmd/strategist/dojo.go:164.59,170.36 3 3
github.com/SergioLacerda/strategist-skill/cmd/strategist/dojo.go:170.36,172.3 1 4
github.com/SergioLacerda/strategist-skill/cmd/strategist/dojo.go:173.2,174.29 2 3
github.com/SergioLacerda/strategist-skill/cmd/strategist/dojo.go:174.29,175.48 1 16
github.com/SergioLacerda/strategist-skill/cmd/strategist/dojo.go:175.48,177.4 1 0
github.com/SergioLacerda/strategist-skill/cmd/strategist/dojo.go:179.2,179.34 1 3
github.com/SergioLacerda/strategist-skill/cmd/strategist/dojo.go:179.34,181.3 1 0
github.com/SergioLacerda/strategist-skill/cmd/strategist/dojo.go:182.2,182.12 1 3
github.com/SergioLacerda/strategist-skill/cmd/strategist/dojo.go:185.13,192.2 6 2
github.com/SergioLacerda/strategist-skill/cmd/strategist/initiative.go:36.56,38.16 2 8
github.com/SergioLacerda/strategist-skill/cmd/strategist/initiative.go:38.16,40.3 1 1
github.com/SergioLacerda/strategist-skill/cmd/strategist/initiative.go:42.2,43.16 2 7
github.com/SergioLacerda/strategist-skill/cmd/strategist/initiative.go:43.16,45.3 1 2
github.com/SergioLacerda/strategist-skill/cmd/strategist/initiative.go:47.2,51.56 3 5
github.com/SergioLacerda/strategist-skill/cmd/strategist/initiative.go:51.56,53.3 1 0
github.com/SergioLacerda/strategist-skill/cmd/strategist/initiative.go:54.2,54.73 1 5
github.com/SergioLacerda/strategist-skill/cmd/strategist/initiative.go:54.73,56.3 1 0
github.com/SergioLacerda/strategist-skill/cmd/strategist/initiative.go:58.2,58.34 1 5
github.com/SergioLacerda/strategist-skill/cmd/strategist/initiative.go:58.34,60.3 1 0
github.com/SergioLacerda/strategist-skill/cmd/strategist/initiative.go:61.2,61.12 1 5
github.com/SergioLacerda/strategist-skill/cmd/strategist/initiative.go:64.54,66.16 2 8
github.com/SergioLacerda/strategist-skill/cmd/strategist/initiative.go:66.16,68.3 1 0
github.com/SergioLacerda/strategist-skill/cmd/strategist/initiative.go:69.2,70.16 2 8
github.com/SergioLacerda/strategist-skill/cmd/strategist/initiative.go:70.16,72.3 1 1
github.com/SergioLacerda/strategist-skill/cmd/strategist/initiative.go:73.2,73.31 1 7
github.com/SergioLacerda/strategist-skill/cmd/strategist/initiative.go:76.69,78.16 2 7
github.com/SergioLacerda/strategist-skill/cmd/strategist/initiative.go:78.16,80.3 1 1
github.com/SergioLacerda/strategist-skill/cmd/strategist/initiative.go:81.2,82.50 2 6
github.com/SergioLacerda/strategist-skill/cmd/strategist/initiative.go:82.50,84.3 1 1
github.com/SergioLacerda/strategist-skill/cmd/strategist/initiative.go:85.2,85.17 1 5
github.com/SergioLacerda/strategist-skill/cmd/strategist/initiative.go:88.89,89.58 1 5
github.com/SergioLacerda/strategist-skill/cmd/strategist/initiative.go:89.58,91.3 1 0
github.com/SergioLacerda/strategist-skill/cmd/strategist/initiative.go:92.2,92.72 1 5
github.com/SergioLacerda/strategist-skill/cmd/strategist/initiative.go:92.72,93.58 1 15
github.com/SergioLacerda/strategist-skill/cmd/strategist/initiative.go:93.58,95.4 1 0
github.com/SergioLacerda/strategist-skill/cmd/strategist/initiative.go:97.2,97.12 1 5
github.com/SergioLacerda/strategist-skill/cmd/strategist/initiative.go:100.90,103.104 3 15
github.com/SergioLacerda/strategist-skill/cmd/strategist/initiative.go:103.104,105.3 1 0
github.com/SergioLacerda/strategist-skill/cmd/strategist/initiative.go:106.2,106.12 1 15
github.com/SergioLacerda/strategist-skill/cmd/strategist/initiative.go:109.106,110.53 1 8
github.com/SergioLacerda/strategist-skill/cmd/strategist/initiative.go:110.53,112.3 1 0
github.com/SergioLacerda/strategist-skill/cmd/strategist/initiative.go:113.2,113.62 1 8
github.com/SergioLacerda/strategist-skill/cmd/strategist/initiative.go:113.62,115.3 1 0
github.com/SergioLacerda/strategist-skill/cmd/strategist/initiative.go:117.2,118.20 2 8
github.com/SergioLacerda/strategist-skill/cmd/strategist/initiative.go:118.20,120.3 1 3
github.com/SergioLacerda/strategist-skill/cmd/strategist/initiative.go:121.2,122.31 2 8
github.com/SergioLacerda/strategist-skill/cmd/strategist/initiative.go:122.31,124.3 1 8
github.com/SergioLacerda/strategist-skill/cmd/strategist/initiative.go:126.2,137.25 5 8
github.com/SergioLacerda/strategist-skill/cmd/strategist/initiative.go:137.25,138.69 1 40
github.com/SergioLacerda/strategist-skill/cmd/strategist/initiative.go:138.69,140.4 1 0
github.com/SergioLacerda/strategist-skill/cmd/strategist/initiative.go:142.2,142.12 1 8
github.com/SergioLacerda/strategist-skill/cmd/strategist/initiative.go:145.45,146.11 1 21
github.com/SergioLacerda/strategist-skill/cmd/strategist/initiative.go:146.11,148.3 1 13
github.com/SergioLacerda/strategist-skill/cmd/strategist/initiative.go:149.2,150.23 2 8
github.com/SergioLacerda/strategist-skill/cmd/strategist/initiative.go:150.23,152.3 1 3
github.com/SergioLacerda/strategist-skill/cmd/strategist/initiative.go:153.2,153.12 1 8
github.com/SergioLacerda/strategist-skill/cmd/strategist/initiative.go:153.12,155.3 1 3
github.com/SergioLacerda/strategist-skill/cmd/strategist/initiative.go:156.2,156.40 1 5
github.com/SergioLacerda/strategist-skill/cmd/strategist/initiative.go:160.35,162.16 2 16
github.com/SergioLacerda/strategist-skill/cmd/strategist/initiative.go:162.16,164.3 1 12
github.com/SergioLacerda/strategist-skill/cmd/strategist/initiative.go:165.2,165.21 1 4
github.com/SergioLacerda/strategist-skill/cmd/strategist/initiative.go:170.44,172.16 2 15
github.com/SergioLacerda/strategist-skill/cmd/strategist/initiative.go:172.16,174.3 1 8
github.com/SergioLacerda/strategist-skill/cmd/strategist/initiative.go:175.2,175.15 1 7
github.com/SergioLacerda/strategist-skill/cmd/strategist/initiative.go:175.15,175.32 1 7
github.com/SergioLacerda/strategist-skill/cmd/strategist/initiative.go:177.2,178.20 2 7
github.com/SergioLacerda/strategist-skill/cmd/strategist/initiative.go:178.20,180.3 1 1
github.com/SergioLacerda/strategist-skill/cmd/strategist/initiative.go:181.2,181.40 1 6
github.com/SergioLacerda/strategist-skill/cmd/strategist/initiative.go:184.42,187.21 3 7
github.com/SergioLacerda/strategist-skill/cmd/strategist/initiative.go:187.21,188.60 1 9
github.com/SergioLacerda/strategist-skill/cmd/strategist/initiative.go:188.60,190.4 1 7
github.com/SergioLacerda/strategist-skill/cmd/strategist/initiative.go:192.2,192.17 1 7
github.com/SergioLacerda/strategist-skill/cmd/strategist/initiative.go:195.48,197.59 2 6
github.com/SergioLacerda/strategist-skill/cmd/strategist/initiative.go:197.59,199.3 1 1
github.com/SergioLacerda/strategist-skill/cmd/strategist/initiative.go:200.2,200.58 1 5
github.com/SergioLacerda/strategist-skill/cmd/strategist/initiative.go:200.58,202.3 1 3
github.com/SergioLacerda/strategist-skill/cmd/strategist/initiative.go:203.2,203.14 1 2
github.com/SergioLacerda/strategist-skill/cmd/strategist/initiative.go:206.42,207.14 1 23
github.com/SergioLacerda/strategist-skill/cmd/strategist/initiative.go:208.19,209.18 1 8
github.com/SergioLacerda/strategist-skill/cmd/strategist/initiative.go:210.20,211.21 1 7
github.com/SergioLacerda/strategist-skill/cmd/strategist/initiative.go:212.19,213.18 1 7
github.com/SergioLacerda/strategist-skill/cmd/strategist/initiative.go:214.10,215.46 1 1
github.com/SergioLacerda/strategist-skill/cmd/strategist/initiative.go:219.44,220.30 1 8
github.com/SergioLacerda/strategist-skill/cmd/strategist/initiative.go:221.16,222.18 1 3
github.com/SergioLacerda/strategist-skill/cmd/strategist/initiative.go:223.19,224.21 1 2
github.com/SergioLacerda/strategist-skill/cmd/strategist/initiative.go:225.16,226.18 1 1
github.com/SergioLacerda/strategist-skill/cmd/strategist/initiative.go:227.10,228.20 1 2
github.com/SergioLacerda/strategist-skill/cmd/strategist/initiative.go:228.20,230.4 1 1
github.com/SergioLacerda/strategist-skill/cmd/strategist/initiative.go:231.3,231.44 1 1
github.com/SergioLacerda/strategist-skill/cmd/strategist/initiative.go:236.95,241.22 4 23
github.com/SergioLacerda/strategist-skill/cmd/strategist/initiative.go:241.22,243.3 1 3
github.com/SergioLacerda/strategist-skill/cmd/strategist/initiative.go:245.2,246.16 2 20
github.com/SergioLacerda/strategist-skill/cmd/strategist/initiative.go:246.16,248.3 1 18
github.com/SergioLacerda/strategist-skill/cmd/strategist/initiative.go:250.2,251.37 2 2
github.com/SergioLacerda/strategist-skill/cmd/strategist/initiative.go:251.37,253.3 1 1
github.com/SergioLacerda/strategist-skill/cmd/strategist/initiative.go:255.2,255.60 1 1
github.com/SergioLacerda/strategist-skill/cmd/strategist/initiative.go:255.60,257.3 1 1
github.com/SergioLacerda/strategist-skill/cmd/strategist/initiative.go:258.2,258.91 1 1
github.com/SergioLacerda/strategist-skill/cmd/strategist/initiative.go:258.91,260.3 1 1
github.com/SergioLacerda/strategist-skill/cmd/strategist/initiative.go:261.2,262.8 2 1
github.com/SergioLacerda/strategist-skill/cmd/strategist/initiative.go:265.13,268.2 2 2
github.com/SergioLacerda/strategist-skill/cmd/strategist/install.go:54.73,55.20 1 5
github.com/SergioLacerda/strategist-skill/cmd/strategist/install.go:55.20,57.3 1 2
github.com/SergioLacerda/strategist-skill/cmd/strategist/install.go:58.2,58.12 1 3
github.com/SergioLacerda/strategist-skill/cmd/strategist/install.go:58.12,60.17 2 1
github.com/SergioLacerda/strategist-skill/cmd/strategist/install.go:60.17,62.4 1 0
github.com/SergioLacerda/strategist-skill/cmd/strategist/install.go:63.3,63.19 1 1
github.com/SergioLacerda/strategist-skill/cmd/strategist/install.go:65.2,65.40 1 2
github.com/SergioLacerda/strategist-skill/cmd/strategist/install.go:65.40,66.70 1 2
github.com/SergioLacerda/strategist-skill/cmd/strategist/install.go:66.70,68.4 1 1
github.com/SergioLacerda/strategist-skill/cmd/strategist/install.go:70.2,70.17 1 1
github.com/SergioLacerda/strategist-skill/cmd/strategist/install.go:73.64,74.44 1 5
github.com/SergioLacerda/strategist-skill/cmd/strategist/install.go:74.44,76.3 1 1
github.com/SergioLacerda/strategist-skill/cmd/strategist/install.go:78.2,79.16 2 4
github.com/SergioLacerda/strategist-skill/cmd/strategist/install.go:79.16,81.3 1 0
github.com/SergioLacerda/strategist-skill/cmd/strategist/install.go:82.2,87.15 5 4
github.com/SergioLacerda/strategist-skill/cmd/strategist/install.go:87.15,88.20 1 4
github.com/SergioLacerda/strategist-skill/cmd/strategist/install.go:88.20,91.4 2 2
github.com/SergioLacerda/strategist-skill/cmd/strategist/install.go:92.3,92.13 1 4
github.com/SergioLacerda/strategist-skill/cmd/strategist/install.go:95.2,104.16 4 4
github.com/SergioLacerda/strategist-skill/cmd/strategist/install.go:104.16,106.3 1 0
github.com/SergioLacerda/strategist-skill/cmd/strategist/install.go:108.2,111.46 3 4
github.com/SergioLacerda/strategist-skill/cmd/strategist/install.go:111.46,113.3 1 2
github.com/SergioLacerda/strategist-skill/cmd/strategist/install.go:115.2,129.12 5 2
github.com/SergioLacerda/strategist-skill/cmd/strategist/install.go:132.57,134.16 2 8
github.com/SergioLacerda/strategist-skill/cmd/strategist/install.go:134.16,136.3 1 8
github.com/SergioLacerda/strategist-skill/cmd/strategist/install.go:137.2,137.12 1 0
github.com/SergioLacerda/strategist-skill/cmd/strategist/install.go:140.55,142.16 2 4
github.com/SergioLacerda/strategist-skill/cmd/strategist/install.go:142.16,144.3 1 4
github.com/SergioLacerda/strategist-skill/cmd/strategist/install.go:145.2,146.12 2 0
github.com/SergioLacerda/strategist-skill/cmd/strategist/install.go:146.12,148.3 1 0
github.com/SergioLacerda/strategist-skill/cmd/strategist/install.go:151.74,160.2 1 4
github.com/SergioLacerda/strategist-skill/cmd/strategist/install.go:162.56,163.61 1 12
github.com/SergioLacerda/strategist-skill/cmd/strategist/install.go:163.61,165.3 1 0
github.com/SergioLacerda/strategist-skill/cmd/strategist/install.go:168.52,179.2 1 4
github.com/SergioLacerda/strategist-skill/cmd/strategist/install.go:181.54,189.2 1 4
github.com/SergioLacerda/strategist-skill/cmd/strategist/install.go:191.87,193.16 2 2
github.com/SergioLacerda/strategist-skill/cmd/strategist/install.go:193.16,195.3 1 0
github.com/SergioLacerda/strategist-skill/cmd/strategist/install.go:196.2,196.86 1 2
github.com/SergioLacerda/strategist-skill/cmd/strategist/install.go:203.43,207.2 3 4
github.com/SergioLacerda/strategist-skill/cmd/strategist/install.go:209.70,211.12 2 4
github.com/SergioLacerda/strategist-skill/cmd/strategist/install.go:211.12,213.3 1 1
github.com/SergioLacerda/strategist-skill/cmd/strategist/install.go:214.2,215.13 2 4
github.com/SergioLacerda/strategist-skill/cmd/strategist/install.go:215.13,228.3 12 1
github.com/SergioLacerda/strategist-skill/cmd/strategist/install.go:229.2,235.15 7 3
github.com/SergioLacerda/strategist-skill/cmd/strategist/install.go:238.13,247.2 8 2
github.com/SergioLacerda/strategist-skill/cmd/strategist/main.go:10.13,13.16 3 1
github.com/SergioLacerda/strategist-skill/cmd/strategist/main.go:13.16,20.3 1 0
github.com/SergioLacerda/strategist-skill/cmd/strategist/main.go:20.8,22.3 1 1
github.com/SergioLacerda/strategist-skill/cmd/strategist/main.go:23.2,23.11 1 1
github.com/SergioLacerda/strategist-skill/cmd/strategist/root.go:37.52,38.41 1 6
github.com/SergioLacerda/strategist-skill/cmd/strategist/root.go:38.41,39.36 1 9
github.com/SergioLacerda/strategist-skill/cmd/strategist/root.go:39.36,41.4 1 1
github.com/SergioLacerda/strategist-skill/cmd/strategist/root.go:43.2,43.14 1 5
github.com/SergioLacerda/strategist-skill/cmd/strategist/root.go:46.29,47.122 1 4
github.com/SergioLacerda/strategist-skill/cmd/strategist/root.go:47.122,51.3 1 0
github.com/SergioLacerda/strategist-skill/cmd/strategist/root.go:54.13,55.73 1 2
github.com/SergioLacerda/strategist-skill/cmd/strategist/root.go:55.73,62.32 6 4
github.com/SergioLacerda/strategist-skill/cmd/strategist/root.go:62.32,67.4 4 0
github.com/SergioLacerda/strategist-skill/cmd/strategist/root.go:69.3,70.17 2 4
github.com/SergioLacerda/strategist-skill/cmd/strategist/root.go:70.17,72.4 1 0
github.com/SergioLacerda/strategist-skill/cmd/strategist/root.go:73.3,74.26 2 4
github.com/SergioLacerda/strategist-skill/cmd/strategist/root.go:74.26,76.4 1 0
github.com/SergioLacerda/strategist-skill/cmd/strategist/root.go:77.3,92.13 6 4
github.com/SergioLacerda/strategist-skill/cmd/strategist/root.go:94.2,94.74 1 2
github.com/SergioLacerda/strategist-skill/cmd/strategist/root.go:94.74,97.3 2 4
github.com/SergioLacerda/strategist-skill/cmd/strategist/root.go:98.2,103.32 6 2
github.com/SergioLacerda/strategist-skill/cmd/strategist/root.go:108.35,109.70 1 2
github.com/SergioLacerda/strategist-skill/cmd/strategist/root.go:109.70,111.3 1 1
github.com/SergioLacerda/strategist-skill/cmd/strategist/root.go:112.2,112.12 1 1
github.com/SergioLacerda/strategist-skill/cmd/strategist/root.go:115.16,116.42 1 3
github.com/SergioLacerda/strategist-skill/cmd/strategist/root.go:116.42,118.3 1 1
github.com/SergioLacerda/strategist-skill/cmd/strategist/root.go:128.33,129.9 1 7
github.com/SergioLacerda/strategist-skill/cmd/strategist/root.go:130.56,131.11 1 2
github.com/SergioLacerda/strategist-skill/cmd/strategist/root.go:132.130,133.11 1 3
github.com/SergioLacerda/strategist-skill/cmd/strategist/root.go:134.10,135.11 1 2
github.com/SergioLacerda/strategist-skill/cmd/strategist/root_discovery.go:17.89,19.46 2 19
github.com/SergioLacerda/strategist-skill/cmd/strategist/root_discovery.go:19.46,21.74 2 60
github.com/SergioLacerda/strategist-skill/cmd/strategist/root_discovery.go:21.74,23.4 1 10
github.com/SergioLacerda/strategist-skill/cmd/strategist/root_discovery.go:24.3,25.20 2 50
github.com/SergioLacerda/strategist-skill/cmd/strategist/root_discovery.go:25.20,26.9 1 9
github.com/SergioLacerda/strategist-skill/cmd/strategist/root_discovery.go:28.3,28.15 1 41
github.com/SergioLacerda/strategist-skill/cmd/strategist/root_discovery.go:30.2,30.147 1 9
github.com/SergioLacerda/strategist-skill/cmd/strategist/root_discovery.go:36.97,37.20 1 100
github.com/SergioLacerda/strategist-skill/cmd/strategist/root_discovery.go:37.20,39.20 2 94
github.com/SergioLacerda/strategist-skill/cmd/strategist/root_discovery.go:39.20,41.4 1 0
github.com/SergioLacerda/strategist-skill/cmd/strategist/root_discovery.go:42.3,42.37 1 94
github.com/SergioLacerda/strategist-skill/cmd/strategist/root_discovery.go:44.2,44.32 1 6
github.com/SergioLacerda/strategist-skill/cmd/strategist/runtime_profile.go:24.65,35.16 3 11
github.com/SergioLacerda/strategist-skill/cmd/strategist/runtime_profile.go:35.16,37.3 1 1
github.com/SergioLacerda/strategist-skill/cmd/strategist/runtime_profile.go:39.2,40.50 2 10
github.com/SergioLacerda/strategist-skill/cmd/strategist/runtime_profile.go:40.50,43.3 2 1
github.com/SergioLacerda/strategist-skill/cmd/strategist/runtime_profile.go:44.2,44.20 1 9
github.com/SergioLacerda/strategist-skill/cmd/strategist/runtime_profile.go:44.20,47.3 2 1
github.com/SergioLacerda/strategist-skill/cmd/strategist/runtime_profile.go:49.2,51.16 3 8
github.com/SergioLacerda/strategist-skill/cmd/strategist/runtime_profile.go:51.16,54.3 2 1
github.com/SergioLacerda/strategist-skill/cmd/strategist/runtime_profile.go:56.2,57.61 2 7
github.com/SergioLacerda/strategist-skill/cmd/strategist/runtime_profile.go:57.61,60.3 2 1
github.com/SergioLacerda/strategist-skill/cmd/strategist/runtime_profile.go:61.2,61.91 1 6
github.com/SergioLacerda/strategist-skill/cmd/strategist/runtime_profile.go:61.91,64.3 2 1
github.com/SergioLacerda/strategist-skill/cmd/strategist/runtime_profile.go:66.2,73.3 1 5
github.com/SergioLacerda/strategist-skill/cmd/strategist/runtime_profile.go:78.70,86.2 2 1
github.com/SergioLacerda/strategist-skill/cmd/strategist/status_banner.go:8.40,16.2 7 9
github.com/SergioLacerda/strategist-skill/cmd/strategist/status_banner.go:18.39,20.19 2 9
github.com/SergioLacerda/strategist-skill/cmd/strategist/status_banner.go:20.19,22.3 1 621
github.com/SergioLacerda/strategist-skill/cmd/strategist/status_banner.go:23.2,23.18 1 9
github.com/SergioLacerda/strategist-skill/cmd/strategist/sync_governance.go:41.74,45.16 3 3
github.com/SergioLacerda/strategist-skill/cmd/strategist/sync_governance.go:45.16,47.3 1 3
github.com/SergioLacerda/strategist-skill/cmd/strategist/sync_governance.go:48.2,49.16 2 3
github.com/SergioLacerda/strategist-skill/cmd/strategist/sync_governance.go:49.16,51.3 1 0
github.com/SergioLacerda/strategist-skill/cmd/strategist/sync_governance.go:52.2,53.15 2 3
github.com/SergioLacerda/strategist-skill/cmd/strategist/sync_governance.go:53.15,54.20 1 3
github.com/SergioLacerda/strategist-skill/cmd/strategist/sync_governance.go:54.20,57.4 2 2
github.com/SergioLacerda/strategist-skill/cmd/strategist/sync_governance.go:58.3,58.13 1 3
github.com/SergioLacerda/strategist-skill/cmd/strategist/sync_governance.go:61.2,62.16 2 3
github.com/SergioLacerda/strategist-skill/cmd/strategist/sync_governance.go:62.16,64.3 1 2
github.com/SergioLacerda/strategist-skill/cmd/strategist/sync_governance.go:66.2,74.16 2 1
github.com/SergioLacerda/strategist-skill/cmd/strategist/sync_governance.go:74.16,76.3 1 0
github.com/SergioLacerda/strategist-skill/cmd/strategist/sync_governance.go:77.2,88.12 3 1
github.com/SergioLacerda/strategist-skill/cmd/strategist/sync_governance.go:91.36,92.30 1 3
github.com/SergioLacerda/strategist-skill/cmd/strategist/sync_governance.go:92.30,94.3 1 1
github.com/SergioLacerda/strategist-skill/cmd/strategist/sync_governance.go:95.2,95.32 1 3
github.com/SergioLacerda/strategist-skill/cmd/strategist/sync_governance.go:95.32,97.3 1 1
github.com/SergioLacerda/strategist-skill/cmd/strategist/sync_governance.go:127.83,131.16 3 9
github.com/SergioLacerda/strategist-skill/cmd/strategist/sync_governance.go:131.16,133.3 1 3
github.com/SergioLacerda/strategist-skill/cmd/strategist/sync_governance.go:134.2,139.16 5 6
github.com/SergioLacerda/strategist-skill/cmd/strategist/sync_governance.go:139.16,141.3 1 1
github.com/SergioLacerda/strategist-skill/cmd/strategist/sync_governance.go:143.2,146.24 3 5
github.com/SergioLacerda/strategist-skill/cmd/strategist/sync_governance.go:146.24,147.60 1 2
github.com/SergioLacerda/strategist-skill/cmd/strategist/sync_governance.go:147.60,149.4 1 1
github.com/SergioLacerda/strategist-skill/cmd/strategist/sync_governance.go:152.2,152.20 1 4
github.com/SergioLacerda/strategist-skill/cmd/strategist/sync_governance.go:155.69,157.16 2 2
github.com/SergioLacerda/strategist-skill/cmd/strategist/sync_governance.go:157.16,159.3 1 0
github.com/SergioLacerda/strategist-skill/cmd/strategist/sync_governance.go:160.2,160.60 1 2
github.com/SergioLacerda/strategist-skill/cmd/strategist/sync_governance.go:160.60,162.3 1 1
github.com/SergioLacerda/strategist-skill/cmd/strategist/sync_governance.go:163.2,163.12 1 1
github.com/SergioLacerda/strategist-skill/cmd/strategist/sync_governance.go:166.93,169.16 3 16
github.com/SergioLacerda/strategist-skill/cmd/strategist/sync_governance.go:169.16,171.3 1 6
github.com/SergioLacerda/strategist-skill/cmd/strategist/sync_governance.go:172.2,173.14 2 10
github.com/SergioLacerda/strategist-skill/cmd/strategist/sync_governance.go:173.14,175.3 1 1
github.com/SergioLacerda/strategist-skill/cmd/strategist/sync_governance.go:177.2,179.16 3 10
github.com/SergioLacerda/strategist-skill/cmd/strategist/sync_governance.go:179.16,181.3 1 2
github.com/SergioLacerda/strategist-skill/cmd/strategist/sync_governance.go:182.2,182.40 1 8
github.com/SergioLacerda/strategist-skill/cmd/strategist/sync_governance.go:185.60,187.24 2 16
github.com/SergioLacerda/strategist-skill/cmd/strategist/sync_governance.go:187.24,189.3 1 4
github.com/SergioLacerda/strategist-skill/cmd/strategist/sync_governance.go:190.2,190.16 1 12
github.com/SergioLacerda/strategist-skill/cmd/strategist/sync_governance.go:190.16,192.3 1 1
github.com/SergioLacerda/strategist-skill/cmd/strategist/sync_governance.go:193.2,194.55 2 11
github.com/SergioLacerda/strategist-skill/cmd/strategist/sync_governance.go:194.55,196.3 1 1
github.com/SergioLacerda/strategist-skill/cmd/strategist/sync_governance.go:197.2,197.18 1 10
github.com/SergioLacerda/strategist-skill/cmd/strategist/sync_governance.go:200.66,202.16 2 10
github.com/SergioLacerda/strategist-skill/cmd/strategist/sync_governance.go:202.16,204.3 1 1
github.com/SergioLacerda/strategist-skill/cmd/strategist/sync_governance.go:205.2,206.55 2 9
github.com/SergioLacerda/strategist-skill/cmd/strategist/sync_governance.go:206.55,208.3 1 1
github.com/SergioLacerda/strategist-skill/cmd/strategist/sync_governance.go:209.2,209.18 1 8
github.com/SergioLacerda/strategist-skill/cmd/strategist/sync_governance.go:212.53,214.34 2 8
github.com/SergioLacerda/strategist-skill/cmd/strategist/sync_governance.go:214.34,215.58 1 8
github.com/SergioLacerda/strategist-skill/cmd/strategist/sync_governance.go:215.58,217.4 1 8
github.com/SergioLacerda/strategist-skill/cmd/strategist/sync_governance.go:219.2,219.23 1 8
github.com/SergioLacerda/strategist-skill/cmd/strategist/sync_governance.go:222.58,224.16 2 9
github.com/SergioLacerda/strategist-skill/cmd/strategist/sync_governance.go:224.16,226.3 1 2
github.com/SergioLacerda/strategist-skill/cmd/strategist/sync_governance.go:227.2,228.57 2 7
github.com/SergioLacerda/strategist-skill/cmd/strategist/sync_governance.go:228.57,230.3 1 1
github.com/SergioLacerda/strategist-skill/cmd/strategist/sync_governance.go:231.2,231.19 1 6
github.com/SergioLacerda/strategist-skill/cmd/strategist/sync_governance.go:234.70,236.65 2 8
github.com/SergioLacerda/strategist-skill/cmd/strategist/sync_governance.go:236.65,239.3 2 6
github.com/SergioLacerda/strategist-skill/cmd/strategist/sync_governance.go:240.2,240.64 1 8
github.com/SergioLacerda/strategist-skill/cmd/strategist/sync_governance.go:240.64,243.3 2 1
github.com/SergioLacerda/strategist-skill/cmd/strategist/sync_governance.go:244.2,244.42 1 8
github.com/SergioLacerda/strategist-skill/cmd/strategist/sync_governance.go:244.42,245.18 1 12
github.com/SergioLacerda/strategist-skill/cmd/strategist/sync_governance.go:245.18,247.4 1 5
github.com/SergioLacerda/strategist-skill/cmd/strategist/sync_governance.go:251.82,260.29 2 8
github.com/SergioLacerda/strategist-skill/cmd/strategist/sync_governance.go:260.29,261.33 1 24
github.com/SergioLacerda/strategist-skill/cmd/strategist/sync_governance.go:261.33,265.4 3 14
github.com/SergioLacerda/strategist-skill/cmd/strategist/sync_governance.go:267.2,267.16 1 8
github.com/SergioLacerda/strategist-skill/cmd/strategist/sync_governance.go:270.41,271.16 1 19
github.com/SergioLacerda/strategist-skill/cmd/strategist/sync_governance.go:271.16,273.3 1 1
github.com/SergioLacerda/strategist-skill/cmd/strategist/sync_governance.go:276.63,283.32 5 5
github.com/SergioLacerda/strategist-skill/cmd/strategist/sync_governance.go:283.32,286.39 3 1
github.com/SergioLacerda/strategist-skill/cmd/strategist/sync_governance.go:286.39,289.4 2 1
github.com/SergioLacerda/strategist-skill/cmd/strategist/sync_governance.go:290.3,290.16 1 1
github.com/SergioLacerda/strategist-skill/cmd/strategist/sync_governance.go:293.2,294.31 2 5
github.com/SergioLacerda/strategist-skill/cmd/strategist/sync_governance.go:294.31,297.3 2 3
github.com/SergioLacerda/strategist-skill/cmd/strategist/sync_governance.go:299.2,299.14 1 2
github.com/SergioLacerda/strategist-skill/cmd/strategist/sync_governance.go:299.14,301.3 1 1
github.com/SergioLacerda/strategist-skill/cmd/strategist/sync_governance.go:301.8,303.3 1 1
github.com/SergioLacerda/strategist-skill/cmd/strategist/sync_governance.go:307.61,309.25 2 21
github.com/SergioLacerda/strategist-skill/cmd/strategist/sync_governance.go:309.25,311.10 2 40
github.com/SergioLacerda/strategist-skill/cmd/strategist/sync_governance.go:311.10,313.4 1 9
github.com/SergioLacerda/strategist-skill/cmd/strategist/sync_governance.go:314.3,314.14 1 31
github.com/SergioLacerda/strategist-skill/cmd/strategist/sync_governance.go:316.2,317.9 2 12
github.com/SergioLacerda/strategist-skill/cmd/strategist/sync_governance.go:317.9,319.3 1 6
github.com/SergioLacerda/strategist-skill/cmd/strategist/sync_governance.go:320.2,321.24 2 6
github.com/SergioLacerda/strategist-skill/cmd/strategist/sync_governance.go:321.24,322.30 1 9
github.com/SergioLacerda/strategist-skill/cmd/strategist/sync_governance.go:322.30,324.4 1 9
github.com/SergioLacerda/strategist-skill/cmd/strategist/sync_governance.go:326.2,326.12 1 6
github.com/SergioLacerda/strategist-skill/cmd/strategist/sync_governance.go:329.13,333.2 3 2
github.com/SergioLacerda/strategist-skill/cmd/strategist/treasure_chest.go:43.88,44.49 1 23
github.com/SergioLacerda/strategist-skill/cmd/strategist/treasure_chest.go:44.49,46.3 1 0
github.com/SergioLacerda/strategist-skill/cmd/strategist/treasure_chest.go:47.2,49.16 3 23
github.com/SergioLacerda/strategist-skill/cmd/strategist/treasure_chest.go:49.16,51.3 1 1
github.com/SergioLacerda/strategist-skill/cmd/strategist/treasure_chest.go:54.2,55.16 2 22
github.com/SergioLacerda/strategist-skill/cmd/strategist/treasure_chest.go:55.16,57.3 1 1
github.com/SergioLacerda/strategist-skill/cmd/strategist/treasure_chest.go:59.2,63.21 5 21
github.com/SergioLacerda/strategist-skill/cmd/strategist/treasure_chest.go:63.21,65.3 1 1
github.com/SergioLacerda/strategist-skill/cmd/strategist/treasure_chest.go:67.2,69.18 2 20
github.com/SergioLacerda/strategist-skill/cmd/strategist/treasure_chest.go:69.18,71.3 1 2
github.com/SergioLacerda/strategist-skill/cmd/strategist/treasure_chest.go:73.2,75.21 2 18
github.com/SergioLacerda/strategist-skill/cmd/strategist/treasure_chest.go:76.19,76.19 0 14
github.com/SergioLacerda/strategist-skill/cmd/strategist/treasure_chest.go:78.14,79.93 1 3
github.com/SergioLacerda/strategist-skill/cmd/strategist/treasure_chest.go:80.10,81.93 1 1
github.com/SergioLacerda/strategist-skill/cmd/strategist/treasure_chest.go:84.2,84.82 1 14
github.com/SergioLacerda/strategist-skill/cmd/strategist/treasure_chest.go:87.104,94.2 6 23
github.com/SergioLacerda/strategist-skill/cmd/strategist/treasure_chest.go:96.64,98.16 2 23
github.com/SergioLacerda/strategist-skill/cmd/strategist/treasure_chest.go:98.16,100.3 1 0
github.com/SergioLacerda/strategist-skill/cmd/strategist/treasure_chest.go:101.2,102.16 2 23
github.com/SergioLacerda/strategist-skill/cmd/strategist/treasure_chest.go:102.16,104.3 1 1
github.com/SergioLacerda/strategist-skill/cmd/strategist/treasure_chest.go:105.2,105.18 1 22
github.com/SergioLacerda/strategist-skill/cmd/strategist/treasure_chest.go:108.126,110.73 2 14
github.com/SergioLacerda/strategist-skill/cmd/strategist/treasure_chest.go:110.73,112.3 1 14
github.com/SergioLacerda/strategist-skill/cmd/strategist/treasure_chest.go:112.17,114.3 1 0
github.com/SergioLacerda/strategist-skill/cmd/strategist/treasure_chest.go:115.2,115.72 1 14
github.com/SergioLacerda/strategist-skill/cmd/strategist/treasure_chest.go:115.72,117.3 1 14
github.com/SergioLacerda/strategist-skill/cmd/strategist/treasure_chest.go:117.17,119.3 1 0
github.com/SergioLacerda/strategist-skill/cmd/strategist/treasure_chest.go:120.2,122.12 3 14
github.com/SergioLacerda/strategist-skill/cmd/strategist/treasure_chest.go:125.83,127.34 2 28
github.com/SergioLacerda/strategist-skill/cmd/strategist/treasure_chest.go:127.34,129.3 1 0
github.com/SergioLacerda/strategist-skill/cmd/strategist/treasure_chest.go:130.2,130.34 1 28
github.com/SergioLacerda/strategist-skill/cmd/strategist/treasure_chest.go:130.34,132.3 1 0
github.com/SergioLacerda/strategist-skill/cmd/strategist/treasure_chest.go:133.2,134.12 2 28
github.com/SergioLacerda/strategist-skill/cmd/strategist/treasure_chest.go:139.98,142.24 2 2
github.com/SergioLacerda/strategist-skill/cmd/strategist/treasure_chest.go:142.24,144.21 2 2
github.com/SergioLacerda/strategist-skill/cmd/strategist/treasure_chest.go:144.21,147.4 2 1
github.com/SergioLacerda/strategist-skill/cmd/strategist/treasure_chest.go:150.2,151.54 2 2
github.com/SergioLacerda/strategist-skill/cmd/strategist/treasure_chest.go:151.54,153.3 1 0
github.com/SergioLacerda/strategist-skill/cmd/strategist/treasure_chest.go:154.2,155.12 2 2
github.com/SergioLacerda/strategist-skill/cmd/strategist/treasure_chest.go:185.137,188.9 3 5
github.com/SergioLacerda/strategist-skill/cmd/strategist/treasure_chest.go:189.22,190.21 1 1
github.com/SergioLacerda/strategist-skill/cmd/strategist/treasure_chest.go:191.23,192.20 1 3
github.com/SergioLacerda/strategist-skill/cmd/strategist/treasure_chest.go:193.10,195.72 2 1
github.com/SergioLacerda/strategist-skill/cmd/strategist/treasure_chest.go:198.2,203.25 2 5
github.com/SergioLacerda/strategist-skill/cmd/strategist/treasure_chest.go:203.25,216.3 1 5
github.com/SergioLacerda/strategist-skill/cmd/strategist/treasure_chest.go:218.2,220.40 3 5
github.com/SergioLacerda/strategist-skill/cmd/strategist/treasure_chest.go:220.40,222.3 1 0
github.com/SergioLacerda/strategist-skill/cmd/strategist/treasure_chest.go:223.2,223.12 1 5
github.com/SergioLacerda/strategist-skill/cmd/strategist/treasure_chest.go:228.80,229.65 1 16
github.com/SergioLacerda/strategist-skill/cmd/strategist/treasure_chest.go:229.65,231.3 1 0
github.com/SergioLacerda/strategist-skill/cmd/strategist/treasure_chest.go:232.2,233.105 1 16
github.com/SergioLacerda/strategist-skill/cmd/strategist/treasure_chest.go:233.105,235.3 1 0
github.com/SergioLacerda/strategist-skill/cmd/strategist/treasure_chest.go:236.2,236.25 1 16
github.com/SergioLacerda/strategist-skill/cmd/strategist/treasure_chest.go:236.25,237.46 1 16
github.com/SergioLacerda/strategist-skill/cmd/strategist/treasure_chest.go:237.46,239.4 1 0
github.com/SergioLacerda/strategist-skill/cmd/strategist/treasure_chest.go:241.2,241.12 1 16
github.com/SergioLacerda/strategist-skill/cmd/strategist/treasure_chest.go:244.70,256.16 1 16
github.com/SergioLacerda/strategist-skill/cmd/strategist/treasure_chest.go:256.16,258.3 1 0
github.com/SergioLacerda/strategist-skill/cmd/strategist/treasure_chest.go:259.2,259.12 1 16
github.com/SergioLacerda/strategist-skill/cmd/strategist/treasure_chest.go:262.39,263.21 1 16
github.com/SergioLacerda/strategist-skill/cmd/strategist/treasure_chest.go:263.21,265.3 1 10
github.com/SergioLacerda/strategist-skill/cmd/strategist/treasure_chest.go:266.2,266.33 1 6
github.com/SergioLacerda/strategist-skill/cmd/strategist/treasure_chest.go:269.36,270.16 1 32
github.com/SergioLacerda/strategist-skill/cmd/strategist/treasure_chest.go:270.16,272.3 1 30
github.com/SergioLacerda/strategist-skill/cmd/strategist/treasure_chest.go:273.2,273.33 1 2
github.com/SergioLacerda/strategist-skill/cmd/strategist/treasure_chest.go:276.35,277.13 1 64
github.com/SergioLacerda/strategist-skill/cmd/strategist/treasure_chest.go:277.13,279.3 1 36
github.com/SergioLacerda/strategist-skill/cmd/strategist/treasure_chest.go:280.2,280.10 1 28
github.com/SergioLacerda/strategist-skill/cmd/strategist/treasure_chest.go:283.98,284.64 1 18
github.com/SergioLacerda/strategist-skill/cmd/strategist/treasure_chest.go:284.64,286.3 1 0
github.com/SergioLacerda/strategist-skill/cmd/strategist/treasure_chest.go:288.2,291.9 3 18
github.com/SergioLacerda/strategist-skill/cmd/strategist/treasure_chest.go:292.22,294.13 2 1
github.com/SergioLacerda/strategist-skill/cmd/strategist/treasure_chest.go:295.23,297.13 2 15
github.com/SergioLacerda/strategist-skill/cmd/strategist/treasure_chest.go:298.10,300.72 2 2
github.com/SergioLacerda/strategist-skill/cmd/strategist/treasure_chest.go:303.2,308.27 2 18
github.com/SergioLacerda/strategist-skill/cmd/strategist/treasure_chest.go:308.27,309.77 1 54
github.com/SergioLacerda/strategist-skill/cmd/strategist/treasure_chest.go:309.77,311.4 1 0
github.com/SergioLacerda/strategist-skill/cmd/strategist/treasure_chest.go:313.2,313.12 1 18
github.com/SergioLacerda/strategist-skill/cmd/strategist/treasure_chest.go:316.47,317.24 1 16
github.com/SergioLacerda/strategist-skill/cmd/strategist/treasure_chest.go:317.24,319.3 1 1
github.com/SergioLacerda/strategist-skill/cmd/strategist/treasure_chest.go:320.2,322.32 3 15
github.com/SergioLacerda/strategist-skill/cmd/strategist/treasure_chest.go:322.32,324.3 1 21
github.com/SergioLacerda/strategist-skill/cmd/strategist/treasure_chest.go:327.107,335.25 6 22
github.com/SergioLacerda/strategist-skill/cmd/strategist/treasure_chest.go:335.25,338.3 2 21
github.com/SergioLacerda/strategist-skill/cmd/strategist/treasure_chest.go:339.2,339.75 1 22
github.com/SergioLacerda/strategist-skill/cmd/strategist/treasure_chest.go:342.50,344.19 2 22
github.com/SergioLacerda/strategist-skill/cmd/strategist/treasure_chest.go:344.19,346.3 1 1
github.com/SergioLacerda/strategist-skill/cmd/strategist/treasure_chest.go:347.2,347.19 1 22
github.com/SergioLacerda/strategist-skill/cmd/strategist/treasure_chest.go:347.19,349.3 1 1
github.com/SergioLacerda/strategist-skill/cmd/strategist/treasure_chest.go:350.2,350.17 1 22
github.com/SergioLacerda/strategist-skill/cmd/strategist/treasure_chest.go:353.70,354.20 1 22
github.com/SergioLacerda/strategist-skill/cmd/strategist/treasure_chest.go:354.20,356.3 1 2
github.com/SergioLacerda/strategist-skill/cmd/strategist/treasure_chest.go:357.2,357.21 1 20
github.com/SergioLacerda/strategist-skill/cmd/strategist/treasure_chest.go:357.21,359.3 1 18
github.com/SergioLacerda/strategist-skill/cmd/strategist/treasure_chest.go:360.2,360.12 1 2
github.com/SergioLacerda/strategist-skill/cmd/strategist/treasure_chest.go:363.65,364.23 1 21
github.com/SergioLacerda/strategist-skill/cmd/strategist/treasure_chest.go:364.23,366.3 1 13
github.com/SergioLacerda/strategist-skill/cmd/strategist/treasure_chest.go:367.2,367.61 1 8
github.com/SergioLacerda/strategist-skill/cmd/strategist/treasure_chest.go:370.75,371.74 1 21
github.com/SergioLacerda/strategist-skill/cmd/strategist/treasure_chest.go:371.74,373.3 1 4
github.com/SergioLacerda/strategist-skill/cmd/strategist/treasure_chest.go:374.2,374.12 1 17
github.com/SergioLacerda/strategist-skill/cmd/strategist/treasure_chest.go:377.104,378.23 1 22
github.com/SergioLacerda/strategist-skill/cmd/strategist/treasure_chest.go:378.23,380.22 2 8
github.com/SergioLacerda/strategist-skill/cmd/strategist/treasure_chest.go:380.22,382.4 1 2
github.com/SergioLacerda/strategist-skill/cmd/strategist/treasure_chest.go:384.2,384.32 1 22
github.com/SergioLacerda/strategist-skill/cmd/strategist/treasure_chest.go:384.32,386.3 1 4
github.com/SergioLacerda/strategist-skill/cmd/strategist/treasure_chest.go:387.2,387.17 1 22
github.com/SergioLacerda/strategist-skill/cmd/strategist/treasure_chest.go:391.68,392.16 1 97
github.com/SergioLacerda/strategist-skill/cmd/strategist/treasure_chest.go:392.16,394.3 1 1
github.com/SergioLacerda/strategist-skill/cmd/strategist/treasure_chest.go:395.2,396.16 2 96
github.com/SergioLacerda/strategist-skill/cmd/strategist/treasure_chest.go:396.16,398.3 1 95
github.com/SergioLacerda/strategist-skill/cmd/strategist/treasure_chest.go:399.2,399.45 1 1
github.com/SergioLacerda/strategist-skill/cmd/strategist/treasure_chest.go:402.58,403.16 1 70
github.com/SergioLacerda/strategist-skill/cmd/strategist/treasure_chest.go:403.16,405.3 1 0
github.com/SergioLacerda/strategist-skill/cmd/strategist/treasure_chest.go:406.2,407.16 2 70
github.com/SergioLacerda/strategist-skill/cmd/strategist/treasure_chest.go:407.16,409.3 1 57
github.com/SergioLacerda/strategist-skill/cmd/strategist/treasure_chest.go:410.2,411.16 2 13
github.com/SergioLacerda/strategist-skill/cmd/strategist/treasure_chest.go:411.16,413.3 1 13
github.com/SergioLacerda/strategist-skill/cmd/strategist/treasure_chest.go:414.2,414.11 1 0
github.com/SergioLacerda/strategist-skill/cmd/strategist/treasure_chest.go:417.67,418.16 1 207
github.com/SergioLacerda/strategist-skill/cmd/strategist/treasure_chest.go:418.16,420.3 1 0
github.com/SergioLacerda/strategist-skill/cmd/strategist/treasure_chest.go:421.2,422.16 2 207
github.com/SergioLacerda/strategist-skill/cmd/strategist/treasure_chest.go:422.16,424.3 1 205
github.com/SergioLacerda/strategist-skill/cmd/strategist/treasure_chest.go:425.2,426.16 2 2
github.com/SergioLacerda/strategist-skill/cmd/strategist/treasure_chest.go:426.16,428.3 1 0
github.com/SergioLacerda/strategist-skill/cmd/strategist/treasure_chest.go:429.2,429.17 1 2
github.com/SergioLacerda/strategist-skill/cmd/strategist/treasure_chest.go:432.68,433.16 1 101
github.com/SergioLacerda/strategist-skill/cmd/strategist/treasure_chest.go:433.16,435.3 1 1
github.com/SergioLacerda/strategist-skill/cmd/strategist/treasure_chest.go:436.2,437.16 2 100
github.com/SergioLacerda/strategist-skill/cmd/strategist/treasure_chest.go:437.16,439.3 1 99
github.com/SergioLacerda/strategist-skill/cmd/strategist/treasure_chest.go:440.2,441.16 2 1
github.com/SergioLacerda/strategist-skill/cmd/strategist/treasure_chest.go:441.16,443.3 1 0
github.com/SergioLacerda/strategist-skill/cmd/strategist/treasure_chest.go:444.2,444.17 1 1
github.com/SergioLacerda/strategist-skill/cmd/strategist/treasure_chest.go:448.33,454.2 5 14
github.com/SergioLacerda/strategist-skill/cmd/strategist/treasure_chest.go:456.13,463.72 7 2
github.com/SergioLacerda/strategist-skill/cmd/strategist/treasure_chest.go:463.72,465.3 1 23
github.com/SergioLacerda/strategist-skill/cmd/strategist/treasure_chest.go:466.2,466.38 1 2
github.com/SergioLacerda/strategist-skill/cmd/strategist/treasure_chest_doctor.go:25.13,28.2 2 2
github.com/SergioLacerda/strategist-skill/cmd/strategist/treasure_chest_doctor.go:30.67,31.49 1 3
github.com/SergioLacerda/strategist-skill/cmd/strategist/treasure_chest_doctor.go:31.49,33.3 1 0
github.com/SergioLacerda/strategist-skill/cmd/strategist/treasure_chest_doctor.go:35.2,36.16 2 3
github.com/SergioLacerda/strategist-skill/cmd/strategist/treasure_chest_doctor.go:36.16,38.3 1 0
github.com/SergioLacerda/strategist-skill/cmd/strategist/treasure_chest_doctor.go:39.2,40.16 2 3
github.com/SergioLacerda/strategist-skill/cmd/strategist/treasure_chest_doctor.go:40.16,42.3 1 0
github.com/SergioLacerda/strategist-skill/cmd/strategist/treasure_chest_doctor.go:44.2,45.24 2 3
github.com/SergioLacerda/strategist-skill/cmd/strategist/treasure_chest_doctor.go:45.24,48.3 2 1
github.com/SergioLacerda/strategist-skill/cmd/strategist/treasure_chest_doctor.go:49.2,50.106 2 2
github.com/SergioLacerda/strategist-skill/cmd/strategist/treasure_chest_doctor.go:53.73,55.16 2 3
github.com/SergioLacerda/strategist-skill/cmd/strategist/treasure_chest_doctor.go:55.16,57.3 1 0
github.com/SergioLacerda/strategist-skill/cmd/strategist/treasure_chest_doctor.go:58.2,59.16 2 3
github.com/SergioLacerda/strategist-skill/cmd/strategist/treasure_chest_doctor.go:59.16,61.3 1 0
github.com/SergioLacerda/strategist-skill/cmd/strategist/treasure_chest_doctor.go:62.2,62.18 1 3
github.com/SergioLacerda/strategist-skill/cmd/strategist/treasure_chest_doctor.go:65.77,67.16 2 3
github.com/SergioLacerda/strategist-skill/cmd/strategist/treasure_chest_doctor.go:67.16,69.3 1 0
github.com/SergioLacerda/strategist-skill/cmd/strategist/treasure_chest_doctor.go:70.2,71.16 2 3
github.com/SergioLacerda/strategist-skill/cmd/strategist/treasure_chest_doctor.go:71.16,73.3 1 0
github.com/SergioLacerda/strategist-skill/cmd/strategist/treasure_chest_doctor.go:74.2,75.16 2 3
github.com/SergioLacerda/strategist-skill/cmd/strategist/treasure_chest_doctor.go:75.16,77.3 1 0
github.com/SergioLacerda/strategist-skill/cmd/strategist/treasure_chest_doctor.go:78.2,78.74 1 3
github.com/SergioLacerda/strategist-skill/cmd/strategist/treasure_chest_doctor.go:81.70,82.29 1 2
github.com/SergioLacerda/strategist-skill/cmd/strategist/treasure_chest_doctor.go:82.29,85.3 1 2
github.com/SergioLacerda/strategist-skill/cmd/strategist/treasure_chest_doctor.go:89.64,91.25 2 3
github.com/SergioLacerda/strategist-skill/cmd/strategist/treasure_chest_doctor.go:91.25,92.46 1 3
github.com/SergioLacerda/strategist-skill/cmd/strategist/treasure_chest_doctor.go:92.46,93.12 1 1
github.com/SergioLacerda/strategist-skill/cmd/strategist/treasure_chest_doctor.go:95.3,95.23 1 2
github.com/SergioLacerda/strategist-skill/cmd/strategist/treasure_chest_doctor.go:97.2,97.12 1 3
github.com/SergioLacerda/strategist-skill/cmd/strategist/treasure_chest_doctor.go:100.51,102.18 2 2
github.com/SergioLacerda/strategist-skill/cmd/strategist/treasure_chest_doctor.go:102.18,104.3 1 2
github.com/SergioLacerda/strategist-skill/cmd/strategist/treasure_chest_doctor.go:105.2,105.16 1 2
github.com/SergioLacerda/strategist-skill/cmd/strategist/treasure_chest_doctor.go:105.16,107.3 1 1
github.com/SergioLacerda/strategist-skill/cmd/strategist/treasure_chest_doctor.go:108.2,108.15 1 2
github.com/SergioLacerda/strategist-skill/cmd/strategist/treasure_chest_doctor.go:108.15,110.3 1 0
github.com/SergioLacerda/strategist-skill/cmd/strategist/treasure_chest_doctor.go:111.2,111.12 1 2
github.com/SergioLacerda/strategist-skill/cmd/strategist/treasure_chest_doctor.go:114.50,116.19 2 2
github.com/SergioLacerda/strategist-skill/cmd/strategist/treasure_chest_doctor.go:116.19,118.3 1 0
github.com/SergioLacerda/strategist-skill/cmd/strategist/treasure_chest_doctor.go:119.2,119.17 1 2
github.com/SergioLacerda/strategist-skill/cmd/strategist/treasure_chest_doctor.go:119.17,121.3 1 1
github.com/SergioLacerda/strategist-skill/cmd/strategist/treasure_chest_doctor.go:122.2,122.16 1 2
github.com/SergioLacerda/strategist-skill/cmd/strategist/treasure_chest_doctor.go:122.16,124.3 1 2
github.com/SergioLacerda/strategist-skill/cmd/strategist/treasure_chest_doctor.go:125.2,125.12 1 2
github.com/SergioLacerda/strategist-skill/cmd/strategist/treasure_chest_index.go:35.13,38.77 3 2
github.com/SergioLacerda/strategist-skill/cmd/strategist/treasure_chest_index.go:38.77,40.3 1 7
github.com/SergioLacerda/strategist-skill/cmd/strategist/treasure_chest_index.go:41.2,41.52 1 2
github.com/SergioLacerda/strategist-skill/cmd/strategist/treasure_chest_index.go:48.101,49.49 1 9
github.com/SergioLacerda/strategist-skill/cmd/strategist/treasure_chest_index.go:49.49,51.3 1 0
github.com/SergioLacerda/strategist-skill/cmd/strategist/treasure_chest_index.go:52.2,55.16 3 9
github.com/SergioLacerda/strategist-skill/cmd/strategist/treasure_chest_index.go:55.16,57.3 1 0
github.com/SergioLacerda/strategist-skill/cmd/strategist/treasure_chest_index.go:59.2,60.16 2 9
github.com/SergioLacerda/strategist-skill/cmd/strategist/treasure_chest_index.go:60.16,62.3 1 0
github.com/SergioLacerda/strategist-skill/cmd/strategist/treasure_chest_index.go:63.2,64.16 2 9
github.com/SergioLacerda/strategist-skill/cmd/strategist/treasure_chest_index.go:64.16,66.3 1 1
github.com/SergioLacerda/strategist-skill/cmd/strategist/treasure_chest_index.go:68.2,69.16 2 8
github.com/SergioLacerda/strategist-skill/cmd/strategist/treasure_chest_index.go:69.16,71.3 1 0
github.com/SergioLacerda/strategist-skill/cmd/strategist/treasure_chest_index.go:73.2,75.16 3 8
github.com/SergioLacerda/strategist-skill/cmd/strategist/treasure_chest_index.go:75.16,77.3 1 0
github.com/SergioLacerda/strategist-skill/cmd/strategist/treasure_chest_index.go:79.2,83.54 4 8
github.com/SergioLacerda/strategist-skill/cmd/strategist/treasure_chest_index.go:83.54,85.3 1 1
github.com/SergioLacerda/strategist-skill/cmd/strategist/treasure_chest_index.go:87.2,90.12 2 7
github.com/SergioLacerda/strategist-skill/cmd/strategist/treasure_chest_index.go:93.72,95.16 2 9
github.com/SergioLacerda/strategist-skill/cmd/strategist/treasure_chest_index.go:95.16,97.3 1 0
github.com/SergioLacerda/strategist-skill/cmd/strategist/treasure_chest_index.go:98.2,99.16 2 9
github.com/SergioLacerda/strategist-skill/cmd/strategist/treasure_chest_index.go:99.16,101.3 1 0
github.com/SergioLacerda/strategist-skill/cmd/strategist/treasure_chest_index.go:102.2,102.18 1 9
github.com/SergioLacerda/strategist-skill/cmd/strategist/treasure_chest_index.go:105.116,107.16 2 8
github.com/SergioLacerda/strategist-skill/cmd/strategist/treasure_chest_index.go:107.16,109.3 1 0
github.com/SergioLacerda/strategist-skill/cmd/strategist/treasure_chest_index.go:110.2,111.16 2 8
github.com/SergioLacerda/strategist-skill/cmd/strategist/treasure_chest_index.go:111.16,113.3 1 0
github.com/SergioLacerda/strategist-skill/cmd/strategist/treasure_chest_index.go:114.2,116.152 3 8
github.com/SergioLacerda/strategist-skill/cmd/strategist/treasure_chest_index.go:116.152,118.3 1 0
github.com/SergioLacerda/strategist-skill/cmd/strategist/treasure_chest_index.go:119.2,119.38 1 8
github.com/SergioLacerda/strategist-skill/cmd/strategist/treasure_chest_index.go:122.102,123.23 1 8
github.com/SergioLacerda/strategist-skill/cmd/strategist/treasure_chest_index.go:123.23,125.3 1 0
github.com/SergioLacerda/strategist-skill/cmd/strategist/treasure_chest_index.go:126.2,126.84 1 8
github.com/SergioLacerda/strategist-skill/cmd/strategist/treasure_chest_index.go:126.84,129.3 2 0
github.com/SergioLacerda/strategist-skill/cmd/strategist/treasure_chest_index.go:134.84,136.30 2 9
github.com/SergioLacerda/strategist-skill/cmd/strategist/treasure_chest_index.go:136.30,138.3 1 2
github.com/SergioLacerda/strategist-skill/cmd/strategist/treasure_chest_index.go:139.2,139.13 1 9
github.com/SergioLacerda/strategist-skill/cmd/strategist/treasure_chest_jewel.go:56.146,57.55 1 8
github.com/SergioLacerda/strategist-skill/cmd/strategist/treasure_chest_jewel.go:57.55,58.50 1 6
github.com/SergioLacerda/strategist-skill/cmd/strategist/treasure_chest_jewel.go:58.50,60.4 1 0
github.com/SergioLacerda/strategist-skill/cmd/strategist/treasure_chest_jewel.go:61.3,62.17 2 6
github.com/SergioLacerda/strategist-skill/cmd/strategist/treasure_chest_jewel.go:62.17,64.4 1 0
github.com/SergioLacerda/strategist-skill/cmd/strategist/treasure_chest_jewel.go:65.3,66.17 2 6
github.com/SergioLacerda/strategist-skill/cmd/strategist/treasure_chest_jewel.go:66.17,68.4 1 0
github.com/SergioLacerda/strategist-skill/cmd/strategist/treasure_chest_jewel.go:69.3,69.33 1 6
github.com/SergioLacerda/strategist-skill/cmd/strategist/treasure_chest_jewel.go:77.114,79.3 1 2
github.com/SergioLacerda/strategist-skill/cmd/strategist/treasure_chest_jewel.go:92.117,94.3 1 1
github.com/SergioLacerda/strategist-skill/cmd/strategist/treasure_chest_jewel.go:101.119,103.3 1 1
github.com/SergioLacerda/strategist-skill/cmd/strategist/treasure_chest_jewel.go:106.13,113.81 7 2
github.com/SergioLacerda/strategist-skill/cmd/strategist/treasure_chest_jewel.go:113.81,115.3 1 7
github.com/SergioLacerda/strategist-skill/cmd/strategist/treasure_chest_jewel.go:117.2,118.81 2 2
github.com/SergioLacerda/strategist-skill/cmd/strategist/treasure_chest_jewel.go:118.81,120.3 1 3
github.com/SergioLacerda/strategist-skill/cmd/strategist/treasure_chest_jewel.go:122.2,123.145 2 2
github.com/SergioLacerda/strategist-skill/cmd/strategist/treasure_chest_jewel.go:123.145,125.21 2 2
github.com/SergioLacerda/strategist-skill/cmd/strategist/treasure_chest_jewel.go:125.21,127.4 1 1
github.com/SergioLacerda/strategist-skill/cmd/strategist/treasure_chest_jewel.go:128.3,128.114 1 1
github.com/SergioLacerda/strategist-skill/cmd/strategist/treasure_chest_jewel.go:131.2,138.52 7 2
github.com/SergioLacerda/strategist-skill/cmd/strategist/treasure_chest_jewel.go:149.106,150.49 1 8
github.com/SergioLacerda/strategist-skill/cmd/strategist/treasure_chest_jewel.go:150.49,152.3 1 0
github.com/SergioLacerda/strategist-skill/cmd/strategist/treasure_chest_jewel.go:153.2,157.63 4 8
github.com/SergioLacerda/strategist-skill/cmd/strategist/treasure_chest_jewel.go:157.63,159.3 1 1
github.com/SergioLacerda/strategist-skill/cmd/strategist/treasure_chest_jewel.go:161.2,162.16 2 7
github.com/SergioLacerda/strategist-skill/cmd/strategist/treasure_chest_jewel.go:162.16,164.3 1 0
github.com/SergioLacerda/strategist-skill/cmd/strategist/treasure_chest_jewel.go:166.2,171.21 2 7
github.com/SergioLacerda/strategist-skill/cmd/strategist/treasure_chest_jewel.go:172.19,173.40 1 5
github.com/SergioLacerda/strategist-skill/cmd/strategist/treasure_chest_jewel.go:174.14,175.39 1 1
github.com/SergioLacerda/strategist-skill/cmd/strategist/treasure_chest_jewel.go:176.10,177.104 1 1
github.com/SergioLacerda/strategist-skill/cmd/strategist/treasure_chest_jewel.go:184.98,186.16 2 13
github.com/SergioLacerda/strategist-skill/cmd/strategist/treasure_chest_jewel.go:186.16,188.3 1 0
github.com/SergioLacerda/strategist-skill/cmd/strategist/treasure_chest_jewel.go:189.2,190.16 2 13
github.com/SergioLacerda/strategist-skill/cmd/strategist/treasure_chest_jewel.go:190.16,192.3 1 0
github.com/SergioLacerda/strategist-skill/cmd/strategist/treasure_chest_jewel.go:194.2,195.19 2 13
github.com/SergioLacerda/strategist-skill/cmd/strategist/treasure_chest_jewel.go:195.19,197.3 1 0
github.com/SergioLacerda/strategist-skill/cmd/strategist/treasure_chest_jewel.go:198.2,199.16 2 13
github.com/SergioLacerda/strategist-skill/cmd/strategist/treasure_chest_jewel.go:199.16,201.3 1 1
github.com/SergioLacerda/strategist-skill/cmd/strategist/treasure_chest_jewel.go:202.2,202.27 1 12
github.com/SergioLacerda/strategist-skill/cmd/strategist/treasure_chest_jewel.go:205.58,206.22 1 6
github.com/SergioLacerda/strategist-skill/cmd/strategist/treasure_chest_jewel.go:206.22,209.3 2 2
github.com/SergioLacerda/strategist-skill/cmd/strategist/treasure_chest_jewel.go:210.2,211.138 2 4
github.com/SergioLacerda/strategist-skill/cmd/strategist/treasure_chest_jewel.go:211.138,213.3 1 0
github.com/SergioLacerda/strategist-skill/cmd/strategist/treasure_chest_jewel.go:214.2,214.27 1 4
github.com/SergioLacerda/strategist-skill/cmd/strategist/treasure_chest_jewel.go:214.27,215.147 1 7
github.com/SergioLacerda/strategist-skill/cmd/strategist/treasure_chest_jewel.go:215.147,217.4 1 0
github.com/SergioLacerda/strategist-skill/cmd/strategist/treasure_chest_jewel.go:219.2,219.34 1 4
github.com/SergioLacerda/strategist-skill/cmd/strategist/treasure_chest_jewel.go:219.34,221.3 1 1
github.com/SergioLacerda/strategist-skill/cmd/strategist/treasure_chest_jewel.go:222.2,222.12 1 3
github.com/SergioLacerda/strategist-skill/cmd/strategist/treasure_chest_jewel.go:237.57,239.27 2 2
github.com/SergioLacerda/strategist-skill/cmd/strategist/treasure_chest_jewel.go:239.27,251.3 1 4
github.com/SergioLacerda/strategist-skill/cmd/strategist/treasure_chest_jewel.go:252.2,254.40 3 2
github.com/SergioLacerda/strategist-skill/cmd/strategist/treasure_chest_jewel.go:254.40,256.3 1 1
github.com/SergioLacerda/strategist-skill/cmd/strategist/treasure_chest_jewel.go:257.2,257.12 1 1
github.com/SergioLacerda/strategist-skill/cmd/strategist/treasure_chest_jewel.go:260.109,261.49 1 4
github.com/SergioLacerda/strategist-skill/cmd/strategist/treasure_chest_jewel.go:261.49,263.3 1 0
github.com/SergioLacerda/strategist-skill/cmd/strategist/treasure_chest_jewel.go:264.2,268.16 4 4
github.com/SergioLacerda/strategist-skill/cmd/strategist/treasure_chest_jewel.go:268.16,270.3 1 0
github.com/SergioLacerda/strategist-skill/cmd/strategist/treasure_chest_jewel.go:272.2,273.9 2 4
github.com/SergioLacerda/strategist-skill/cmd/strategist/treasure_chest_jewel.go:273.9,275.3 1 1
github.com/SergioLacerda/strategist-skill/cmd/strategist/treasure_chest_jewel.go:277.2,277.21 1 3
github.com/SergioLacerda/strategist-skill/cmd/strategist/treasure_chest_jewel.go:278.19,279.37 1 1
github.com/SergioLacerda/strategist-skill/cmd/strategist/treasure_chest_jewel.go:280.14,281.36 1 1
github.com/SergioLacerda/strategist-skill/cmd/strategist/treasure_chest_jewel.go:282.10,283.104 1 1
github.com/SergioLacerda/strategist-skill/cmd/strategist/treasure_chest_jewel.go:287.51,307.25 3 2
github.com/SergioLacerda/strategist-skill/cmd/strategist/treasure_chest_jewel.go:307.25,308.67 1 32
github.com/SergioLacerda/strategist-skill/cmd/strategist/treasure_chest_jewel.go:308.67,310.4 1 0
github.com/SergioLacerda/strategist-skill/cmd/strategist/treasure_chest_jewel.go:312.2,312.34 1 2
github.com/SergioLacerda/strategist-skill/cmd/strategist/treasure_chest_jewel.go:312.34,314.3 1 1
github.com/SergioLacerda/strategist-skill/cmd/strategist/treasure_chest_jewel.go:315.2,315.12 1 1
github.com/SergioLacerda/strategist-skill/cmd/strategist/treasure_chest_jewel.go:334.50,352.40 4 2
github.com/SergioLacerda/strategist-skill/cmd/strategist/treasure_chest_jewel.go:352.40,354.3 1 1
github.com/SergioLacerda/strategist-skill/cmd/strategist/treasure_chest_jewel.go:355.2,355.12 1 1
github.com/SergioLacerda/strategist-skill/cmd/strategist/treasure_chest_mine.go:46.13,55.76 9 2
github.com/SergioLacerda/strategist-skill/cmd/strategist/treasure_chest_mine.go:55.76,57.3 1 13
github.com/SergioLacerda/strategist-skill/cmd/strategist/treasure_chest_mine.go:58.2,58.51 1 2
github.com/SergioLacerda/strategist-skill/cmd/strategist/treasure_chest_mine.go:61.96,62.49 1 13
github.com/SergioLacerda/strategist-skill/cmd/strategist/treasure_chest_mine.go:62.49,64.3 1 0
github.com/SergioLacerda/strategist-skill/cmd/strategist/treasure_chest_mine.go:65.2,66.63 2 13
github.com/SergioLacerda/strategist-skill/cmd/strategist/treasure_chest_mine.go:66.63,68.3 1 2
github.com/SergioLacerda/strategist-skill/cmd/strategist/treasure_chest_mine.go:70.2,71.16 2 11
github.com/SergioLacerda/strategist-skill/cmd/strategist/treasure_chest_mine.go:71.16,73.3 1 0
github.com/SergioLacerda/strategist-skill/cmd/strategist/treasure_chest_mine.go:74.2,74.47 1 11
github.com/SergioLacerda/strategist-skill/cmd/strategist/treasure_chest_mine.go:77.116,86.2 8 13
github.com/SergioLacerda/strategist-skill/cmd/strategist/treasure_chest_mine.go:88.76,89.32 1 13
github.com/SergioLacerda/strategist-skill/cmd/strategist/treasure_chest_mine.go:89.32,91.3 1 1
github.com/SergioLacerda/strategist-skill/cmd/strategist/treasure_chest_mine.go:92.2,92.46 1 12
github.com/SergioLacerda/strategist-skill/cmd/strategist/treasure_chest_mine.go:92.46,94.3 1 1
github.com/SergioLacerda/strategist-skill/cmd/strategist/treasure_chest_mine.go:95.2,95.12 1 11
github.com/SergioLacerda/strategist-skill/cmd/strategist/treasure_chest_mine.go:98.57,100.120 2 13
github.com/SergioLacerda/strategist-skill/cmd/strategist/treasure_chest_mine.go:100.120,101.10 1 65
github.com/SergioLacerda/strategist-skill/cmd/strategist/treasure_chest_mine.go:101.10,103.4 1 12
github.com/SergioLacerda/strategist-skill/cmd/strategist/treasure_chest_mine.go:105.2,105.16 1 13
github.com/SergioLacerda/strategist-skill/cmd/strategist/treasure_chest_mine.go:108.83,109.9 1 11
github.com/SergioLacerda/strategist-skill/cmd/strategist/treasure_chest_mine.go:110.17,111.53 1 3
github.com/SergioLacerda/strategist-skill/cmd/strategist/treasure_chest_mine.go:112.25,113.112 1 4
github.com/SergioLacerda/strategist-skill/cmd/strategist/treasure_chest_mine.go:114.25,115.123 1 1
github.com/SergioLacerda/strategist-skill/cmd/strategist/treasure_chest_mine.go:116.28,117.117 1 1
github.com/SergioLacerda/strategist-skill/cmd/strategist/treasure_chest_mine.go:118.10,119.49 1 2
github.com/SergioLacerda/strategist-skill/cmd/strategist/treasure_chest_mine.go:125.58,129.19 2 5
github.com/SergioLacerda/strategist-skill/cmd/strategist/treasure_chest_mine.go:129.19,131.3 1 0
github.com/SergioLacerda/strategist-skill/cmd/strategist/treasure_chest_mine.go:132.2,133.16 2 5
github.com/SergioLacerda/strategist-skill/cmd/strategist/treasure_chest_mine.go:133.16,135.3 1 1
github.com/SergioLacerda/strategist-skill/cmd/strategist/treasure_chest_mine.go:137.2,139.16 2 4
github.com/SergioLacerda/strategist-skill/cmd/strategist/treasure_chest_mine.go:140.19,141.35 1 2
github.com/SergioLacerda/strategist-skill/cmd/strategist/treasure_chest_mine.go:142.14,143.34 1 1
github.com/SergioLacerda/strategist-skill/cmd/strategist/treasure_chest_mine.go:144.10,145.93 1 1
github.com/SergioLacerda/strategist-skill/cmd/strategist/treasure_chest_mine.go:149.53,150.22 1 3
github.com/SergioLacerda/strategist-skill/cmd/strategist/treasure_chest_mine.go:150.22,153.3 2 1
github.com/SergioLacerda/strategist-skill/cmd/strategist/treasure_chest_mine.go:154.2,155.124 2 2
github.com/SergioLacerda/strategist-skill/cmd/strategist/treasure_chest_mine.go:155.124,157.3 1 0
github.com/SergioLacerda/strategist-skill/cmd/strategist/treasure_chest_mine.go:158.2,158.27 1 2
github.com/SergioLacerda/strategist-skill/cmd/strategist/treasure_chest_mine.go:158.27,159.133 1 2
github.com/SergioLacerda/strategist-skill/cmd/strategist/treasure_chest_mine.go:159.133,161.4 1 0
github.com/SergioLacerda/strategist-skill/cmd/strategist/treasure_chest_mine.go:163.2,163.34 1 2
github.com/SergioLacerda/strategist-skill/cmd/strategist/treasure_chest_mine.go:163.34,165.3 1 1
github.com/SergioLacerda/strategist-skill/cmd/strategist/treasure_chest_mine.go:166.2,166.12 1 1
github.com/SergioLacerda/strategist-skill/cmd/strategist/treasure_chest_mine.go:182.52,184.27 2 2
github.com/SergioLacerda/strategist-skill/cmd/strategist/treasure_chest_mine.go:184.27,197.3 1 2
github.com/SergioLacerda/strategist-skill/cmd/strategist/treasure_chest_mine.go:198.2,200.40 3 2
github.com/SergioLacerda/strategist-skill/cmd/strategist/treasure_chest_mine.go:200.40,202.3 1 1
github.com/SergioLacerda/strategist-skill/cmd/strategist/treasure_chest_mine.go:203.2,203.12 1 1
github.com/SergioLacerda/strategist-skill/cmd/strategist/treasure_chest_mine.go:211.98,212.19 1 11
github.com/SergioLacerda/strategist-skill/cmd/strategist/treasure_chest_mine.go:212.19,214.3 1 1
github.com/SergioLacerda/strategist-skill/cmd/strategist/treasure_chest_mine.go:215.2,216.25 2 10
github.com/SergioLacerda/strategist-skill/cmd/strategist/treasure_chest_mine.go:216.25,217.93 1 12
github.com/SergioLacerda/strategist-skill/cmd/strategist/treasure_chest_mine.go:217.93,219.4 1 2
github.com/SergioLacerda/strategist-skill/cmd/strategist/treasure_chest_mine.go:220.3,220.90 1 10
github.com/SergioLacerda/strategist-skill/cmd/strategist/treasure_chest_mine.go:222.2,222.12 1 8
github.com/SergioLacerda/strategist-skill/cmd/strategist/treasure_chest_mine.go:231.59,233.16 2 4
github.com/SergioLacerda/strategist-skill/cmd/strategist/treasure_chest_mine.go:233.16,235.3 1 0
github.com/SergioLacerda/strategist-skill/cmd/strategist/treasure_chest_mine.go:236.2,236.19 1 4
github.com/SergioLacerda/strategist-skill/cmd/strategist/treasure_chest_mine.go:236.19,239.3 2 2
github.com/SergioLacerda/strategist-skill/cmd/strategist/treasure_chest_mine.go:240.2,241.12 2 2
github.com/SergioLacerda/strategist-skill/cmd/strategist/treasure_chest_mutate.go:58.13,67.75 9 2
github.com/SergioLacerda/strategist-skill/cmd/strategist/treasure_chest_mutate.go:67.75,69.3 1 6
github.com/SergioLacerda/strategist-skill/cmd/strategist/treasure_chest_mutate.go:71.2,72.78 2 2
github.com/SergioLacerda/strategist-skill/cmd/strategist/treasure_chest_mutate.go:72.78,74.3 1 11
github.com/SergioLacerda/strategist-skill/cmd/strategist/treasure_chest_mutate.go:76.2,77.53 2 2
github.com/SergioLacerda/strategist-skill/cmd/strategist/treasure_chest_mutate.go:82.97,83.49 1 6
github.com/SergioLacerda/strategist-skill/cmd/strategist/treasure_chest_mutate.go:83.49,85.3 1 0
github.com/SergioLacerda/strategist-skill/cmd/strategist/treasure_chest_mutate.go:86.2,90.16 4 6
github.com/SergioLacerda/strategist-skill/cmd/strategist/treasure_chest_mutate.go:90.16,92.3 1 1
github.com/SergioLacerda/strategist-skill/cmd/strategist/treasure_chest_mutate.go:94.2,95.14 2 5
github.com/SergioLacerda/strategist-skill/cmd/strategist/treasure_chest_mutate.go:95.14,97.3 1 3
github.com/SergioLacerda/strategist-skill/cmd/strategist/treasure_chest_mutate.go:99.2,99.65 1 5
github.com/SergioLacerda/strategist-skill/cmd/strategist/treasure_chest_mutate.go:99.65,101.3 1 1
github.com/SergioLacerda/strategist-skill/cmd/strategist/treasure_chest_mutate.go:103.2,106.16 3 4
github.com/SergioLacerda/strategist-skill/cmd/strategist/treasure_chest_mutate.go:106.16,108.3 1 1
github.com/SergioLacerda/strategist-skill/cmd/strategist/treasure_chest_mutate.go:110.2,112.57 2 3
github.com/SergioLacerda/strategist-skill/cmd/strategist/treasure_chest_mutate.go:115.113,123.2 7 6
github.com/SergioLacerda/strategist-skill/cmd/strategist/treasure_chest_mutate.go:125.112,130.16 5 4
github.com/SergioLacerda/strategist-skill/cmd/strategist/treasure_chest_mutate.go:130.16,132.3 1 1
github.com/SergioLacerda/strategist-skill/cmd/strategist/treasure_chest_mutate.go:133.2,133.146 1 3
github.com/SergioLacerda/strategist-skill/cmd/strategist/treasure_chest_mutate.go:133.146,135.3 1 0
github.com/SergioLacerda/strategist-skill/cmd/strategist/treasure_chest_mutate.go:136.2,136.121 1 3
github.com/SergioLacerda/strategist-skill/cmd/strategist/treasure_chest_mutate.go:136.121,138.3 1 0
github.com/SergioLacerda/strategist-skill/cmd/strategist/treasure_chest_mutate.go:139.2,140.23 2 3
github.com/SergioLacerda/strategist-skill/cmd/strategist/treasure_chest_mutate.go:143.127,149.16 2 3
github.com/SergioLacerda/strategist-skill/cmd/strategist/treasure_chest_mutate.go:149.16,151.3 1 0
github.com/SergioLacerda/strategist-skill/cmd/strategist/treasure_chest_mutate.go:152.2,152.12 1 3
github.com/SergioLacerda/strategist-skill/cmd/strategist/treasure_chest_mutate.go:157.68,158.17 1 5
github.com/SergioLacerda/strategist-skill/cmd/strategist/treasure_chest_mutate.go:158.17,161.3 2 3
github.com/SergioLacerda/strategist-skill/cmd/strategist/treasure_chest_mutate.go:162.2,163.54 2 2
github.com/SergioLacerda/strategist-skill/cmd/strategist/treasure_chest_mutate.go:163.54,165.3 1 1
github.com/SergioLacerda/strategist-skill/cmd/strategist/treasure_chest_mutate.go:166.2,167.12 2 1
github.com/SergioLacerda/strategist-skill/cmd/strategist/treasure_chest_mutate.go:176.49,178.66 2 8
github.com/SergioLacerda/strategist-skill/cmd/strategist/treasure_chest_mutate.go:178.66,180.3 1 0
github.com/SergioLacerda/strategist-skill/cmd/strategist/treasure_chest_mutate.go:185.103,186.49 1 11
github.com/SergioLacerda/strategist-skill/cmd/strategist/treasure_chest_mutate.go:186.49,188.3 1 0
github.com/SergioLacerda/strategist-skill/cmd/strategist/treasure_chest_mutate.go:189.2,192.36 3 11
github.com/SergioLacerda/strategist-skill/cmd/strategist/treasure_chest_mutate.go:192.36,194.3 1 1
github.com/SergioLacerda/strategist-skill/cmd/strategist/treasure_chest_mutate.go:196.2,197.16 2 10
github.com/SergioLacerda/strategist-skill/cmd/strategist/treasure_chest_mutate.go:197.16,199.3 1 1
github.com/SergioLacerda/strategist-skill/cmd/strategist/treasure_chest_mutate.go:201.2,202.16 2 9
github.com/SergioLacerda/strategist-skill/cmd/strategist/treasure_chest_mutate.go:202.16,204.3 1 4
github.com/SergioLacerda/strategist-skill/cmd/strategist/treasure_chest_mutate.go:205.2,206.12 2 5
github.com/SergioLacerda/strategist-skill/cmd/strategist/treasure_chest_mutate.go:209.82,211.16 2 9
github.com/SergioLacerda/strategist-skill/cmd/strategist/treasure_chest_mutate.go:211.16,213.3 1 1
github.com/SergioLacerda/strategist-skill/cmd/strategist/treasure_chest_mutate.go:214.2,216.16 3 8
github.com/SergioLacerda/strategist-skill/cmd/strategist/treasure_chest_mutate.go:216.16,218.3 1 1
github.com/SergioLacerda/strategist-skill/cmd/strategist/treasure_chest_mutate.go:219.2,219.64 1 7
github.com/SergioLacerda/strategist-skill/cmd/strategist/treasure_chest_mutate.go:219.64,221.3 1 1
github.com/SergioLacerda/strategist-skill/cmd/strategist/treasure_chest_mutate.go:222.2,223.16 2 6
github.com/SergioLacerda/strategist-skill/cmd/strategist/treasure_chest_mutate.go:223.16,225.3 1 1
github.com/SergioLacerda/strategist-skill/cmd/strategist/treasure_chest_mutate.go:226.2,227.38 2 5
github.com/SergioLacerda/strategist-skill/cmd/strategist/treasure_chest_mutate.go:230.44,231.20 1 11
github.com/SergioLacerda/strategist-skill/cmd/strategist/treasure_chest_mutate.go:231.20,233.3 1 2
github.com/SergioLacerda/strategist-skill/cmd/strategist/treasure_chest_mutate.go:234.2,234.11 1 9
github.com/SergioLacerda/strategist-skill/cmd/strategist/treasure_chest_mutate.go:237.89,239.16 2 27
github.com/SergioLacerda/strategist-skill/cmd/strategist/treasure_chest_mutate.go:239.16,241.3 1 0
github.com/SergioLacerda/strategist-skill/cmd/strategist/treasure_chest_mutate.go:242.2,243.16 2 27
github.com/SergioLacerda/strategist-skill/cmd/strategist/treasure_chest_mutate.go:243.16,245.3 1 2
github.com/SergioLacerda/strategist-skill/cmd/strategist/treasure_chest_mutate.go:246.2,246.18 1 25
github.com/SergioLacerda/strategist-skill/cmd/strategist/treasure_chest_mutate.go:249.52,251.15 2 5
github.com/SergioLacerda/strategist-skill/cmd/strategist/treasure_chest_mutate.go:251.15,253.3 1 1
github.com/SergioLacerda/strategist-skill/cmd/strategist/treasure_chest_mutate.go:254.2,254.90 1 5
github.com/SergioLacerda/strategist-skill/cmd/strategist/treasure_chest_scan.go:33.13,36.76 3 2
github.com/SergioLacerda/strategist-skill/cmd/strategist/treasure_chest_scan.go:36.76,38.3 1 11
github.com/SergioLacerda/strategist-skill/cmd/strategist/treasure_chest_scan.go:39.2,39.51 1 2
github.com/SergioLacerda/strategist-skill/cmd/strategist/treasure_chest_scan.go:46.96,47.49 1 11
github.com/SergioLacerda/strategist-skill/cmd/strategist/treasure_chest_scan.go:47.49,49.3 1 0
github.com/SergioLacerda/strategist-skill/cmd/strategist/treasure_chest_scan.go:50.2,53.16 3 11
github.com/SergioLacerda/strategist-skill/cmd/strategist/treasure_chest_scan.go:53.16,55.3 1 0
github.com/SergioLacerda/strategist-skill/cmd/strategist/treasure_chest_scan.go:56.2,57.16 2 11
github.com/SergioLacerda/strategist-skill/cmd/strategist/treasure_chest_scan.go:57.16,59.3 1 1
github.com/SergioLacerda/strategist-skill/cmd/strategist/treasure_chest_scan.go:60.2,61.16 2 10
github.com/SergioLacerda/strategist-skill/cmd/strategist/treasure_chest_scan.go:61.16,63.3 1 1
github.com/SergioLacerda/strategist-skill/cmd/strategist/treasure_chest_scan.go:65.2,66.16 2 9
github.com/SergioLacerda/strategist-skill/cmd/strategist/treasure_chest_scan.go:66.16,68.3 1 1
github.com/SergioLacerda/strategist-skill/cmd/strategist/treasure_chest_scan.go:70.2,76.17 5 8
github.com/SergioLacerda/strategist-skill/cmd/strategist/treasure_chest_scan.go:76.17,79.3 2 2
github.com/SergioLacerda/strategist-skill/cmd/strategist/treasure_chest_scan.go:81.2,81.88 1 6
github.com/SergioLacerda/strategist-skill/cmd/strategist/treasure_chest_scan.go:81.88,83.3 1 1
github.com/SergioLacerda/strategist-skill/cmd/strategist/treasure_chest_scan.go:85.2,87.12 2 5
github.com/SergioLacerda/strategist-skill/cmd/strategist/treasure_chest_scan.go:90.137,93.29 2 2
github.com/SergioLacerda/strategist-skill/cmd/strategist/treasure_chest_scan.go:93.29,95.3 1 1
github.com/SergioLacerda/strategist-skill/cmd/strategist/treasure_chest_scan.go:96.2,96.25 1 2
github.com/SergioLacerda/strategist-skill/cmd/strategist/treasure_chest_scan.go:96.25,98.3 1 3
github.com/SergioLacerda/strategist-skill/cmd/strategist/validate.go:33.51,34.25 1 19
github.com/SergioLacerda/strategist-skill/cmd/strategist/validate.go:34.25,36.21 2 1
github.com/SergioLacerda/strategist-skill/cmd/strategist/validate.go:36.21,38.5 1 0
github.com/SergioLacerda/strategist-skill/cmd/strategist/validate.go:39.4,40.22 2 1
github.com/SergioLacerda/strategist-skill/cmd/strategist/validate.go:40.22,42.5 1 1
github.com/SergioLacerda/strategist-skill/cmd/strategist/validate.go:43.4,43.29 1 0
github.com/SergioLacerda/strategist-skill/cmd/strategist/validate.go:45.3,46.17 2 18
github.com/SergioLacerda/strategist-skill/cmd/strategist/validate.go:46.17,48.4 1 18
github.com/SergioLacerda/strategist-skill/cmd/strategist/validate.go:49.3,50.17 2 18
github.com/SergioLacerda/strategist-skill/cmd/strategist/validate.go:50.17,52.4 1 0
github.com/SergioLacerda/strategist-skill/cmd/strategist/validate.go:53.3,69.23 7 18
github.com/SergioLacerda/strategist-skill/cmd/strategist/validate.go:69.23,71.4 1 6
github.com/SergioLacerda/strategist-skill/cmd/strategist/validate.go:74.3,85.44 8 18
github.com/SergioLacerda/strategist-skill/cmd/strategist/validate.go:85.44,87.55 2 2
github.com/SergioLacerda/strategist-skill/cmd/strategist/validate.go:87.55,89.5 1 1
github.com/SergioLacerda/strategist-skill/cmd/strategist/validate.go:92.3,92.20 1 18
github.com/SergioLacerda/strategist-skill/cmd/strategist/validate.go:92.20,95.27 3 15
github.com/SergioLacerda/strategist-skill/cmd/strategist/validate.go:95.27,97.5 1 17
github.com/SergioLacerda/strategist-skill/cmd/strategist/validate.go:98.4,98.77 1 15
github.com/SergioLacerda/strategist-skill/cmd/strategist/validate.go:101.3,101.17 1 3
github.com/SergioLacerda/strategist-skill/cmd/strategist/validate.go:101.17,103.4 1 0
github.com/SergioLacerda/strategist-skill/cmd/strategist/validate.go:104.3,112.13 3 3
github.com/SergioLacerda/strategist-skill/cmd/strategist/validate.go:116.44,118.16 2 19
github.com/SergioLacerda/strategist-skill/cmd/strategist/validate.go:118.16,120.3 1 3
github.com/SergioLacerda/strategist-skill/cmd/strategist/validate.go:121.2,121.34 1 16
github.com/SergioLacerda/strategist-skill/cmd/strategist/validate.go:124.78,126.24 2 19
github.com/SergioLacerda/strategist-skill/cmd/strategist/validate.go:126.24,128.3 1 2
github.com/SergioLacerda/strategist-skill/cmd/strategist/validate.go:129.2,129.16 1 17
github.com/SergioLacerda/strategist-skill/cmd/strategist/validate.go:129.16,131.3 1 0
github.com/SergioLacerda/strategist-skill/cmd/strategist/validate.go:132.2,133.50 2 17
github.com/SergioLacerda/strategist-skill/cmd/strategist/validate.go:133.50,135.3 1 1
github.com/SergioLacerda/strategist-skill/cmd/strategist/validate.go:136.2,136.17 1 16
github.com/SergioLacerda/strategist-skill/cmd/strategist/validate.go:139.58,140.20 1 16
github.com/SergioLacerda/strategist-skill/cmd/strategist/validate.go:140.20,142.3 1 1
github.com/SergioLacerda/strategist-skill/cmd/strategist/validate.go:143.2,143.24 1 15
github.com/SergioLacerda/strategist-skill/cmd/strategist/validate.go:143.24,145.3 1 0
github.com/SergioLacerda/strategist-skill/cmd/strategist/validate.go:146.2,146.25 1 15
github.com/SergioLacerda/strategist-skill/cmd/strategist/validate.go:146.25,148.3 1 1
github.com/SergioLacerda/strategist-skill/cmd/strategist/validate.go:149.2,149.51 1 14
github.com/SergioLacerda/strategist-skill/cmd/strategist/validate.go:149.51,151.3 1 2
github.com/SergioLacerda/strategist-skill/cmd/strategist/validate.go:152.2,152.12 1 12
github.com/SergioLacerda/strategist-skill/cmd/strategist/validate.go:155.66,157.16 2 19
github.com/SergioLacerda/strategist-skill/cmd/strategist/validate.go:157.16,159.3 1 2
github.com/SergioLacerda/strategist-skill/cmd/strategist/validate.go:161.2,161.28 1 17
github.com/SergioLacerda/strategist-skill/cmd/strategist/validate.go:161.28,162.57 1 17
github.com/SergioLacerda/strategist-skill/cmd/strategist/validate.go:162.57,163.12 1 0
github.com/SergioLacerda/strategist-skill/cmd/strategist/validate.go:165.3,166.61 2 17
github.com/SergioLacerda/strategist-skill/cmd/strategist/validate.go:168.2,168.21 1 17
github.com/SergioLacerda/strategist-skill/cmd/strategist/validate.go:171.53,174.16 3 17
github.com/SergioLacerda/strategist-skill/cmd/strategist/validate.go:174.16,176.3 1 0
github.com/SergioLacerda/strategist-skill/cmd/strategist/validate.go:177.2,178.48 2 17
github.com/SergioLacerda/strategist-skill/cmd/strategist/validate.go:178.48,180.3 1 1
github.com/SergioLacerda/strategist-skill/cmd/strategist/validate.go:181.2,181.47 1 16
github.com/SergioLacerda/strategist-skill/cmd/strategist/validate.go:181.47,183.3 1 2
github.com/SergioLacerda/strategist-skill/cmd/strategist/validate.go:184.2,184.12 1 14
github.com/SergioLacerda/strategist-skill/cmd/strategist/validate.go:187.63,189.16 2 19
github.com/SergioLacerda/strategist-skill/cmd/strategist/validate.go:189.16,191.3 1 2
github.com/SergioLacerda/strategist-skill/cmd/strategist/validate.go:193.2,193.28 1 17
github.com/SergioLacerda/strategist-skill/cmd/strategist/validate.go:193.28,194.57 1 17
github.com/SergioLacerda/strategist-skill/cmd/strategist/validate.go:194.57,195.12 1 0
github.com/SergioLacerda/strategist-skill/cmd/strategist/validate.go:197.3,198.58 2 17
github.com/SergioLacerda/strategist-skill/cmd/strategist/validate.go:200.2,200.21 1 17
github.com/SergioLacerda/strategist-skill/cmd/strategist/validate.go:203.57,206.16 3 19
github.com/SergioLacerda/strategist-skill/cmd/strategist/validate.go:206.16,208.3 1 1
github.com/SergioLacerda/strategist-skill/cmd/strategist/validate.go:210.2,210.46 1 18
github.com/SergioLacerda/strategist-skill/cmd/strategist/validate.go:210.46,212.3 1 3
github.com/SergioLacerda/strategist-skill/cmd/strategist/validate.go:214.2,214.39 1 15
github.com/SergioLacerda/strategist-skill/cmd/strategist/validate.go:217.65,219.16 2 19
github.com/SergioLacerda/strategist-skill/cmd/strategist/validate.go:219.16,221.3 1 0
github.com/SergioLacerda/strategist-skill/cmd/strategist/validate.go:222.2,223.52 2 19
github.com/SergioLacerda/strategist-skill/cmd/strategist/validate.go:223.52,225.3 1 1
github.com/SergioLacerda/strategist-skill/cmd/strategist/validate.go:226.2,226.24 1 18
github.com/SergioLacerda/strategist-skill/cmd/strategist/validate.go:229.63,231.51 2 3
github.com/SergioLacerda/strategist-skill/cmd/strategist/validate.go:231.51,233.3 1 0
github.com/SergioLacerda/strategist-skill/cmd/strategist/validate.go:234.2,234.40 1 3
github.com/SergioLacerda/strategist-skill/cmd/strategist/validate.go:234.40,236.3 1 3
github.com/SergioLacerda/strategist-skill/cmd/strategist/validate.go:237.2,237.12 1 0
github.com/SergioLacerda/strategist-skill/cmd/strategist/validate.go:240.60,242.54 2 15
github.com/SergioLacerda/strategist-skill/cmd/strategist/validate.go:242.54,244.3 1 0
github.com/SergioLacerda/strategist-skill/cmd/strategist/validate.go:245.2,245.43 1 15
github.com/SergioLacerda/strategist-skill/cmd/strategist/validate.go:245.43,247.3 1 3
github.com/SergioLacerda/strategist-skill/cmd/strategist/validate.go:248.2,248.12 1 12
github.com/SergioLacerda/strategist-skill/cmd/strategist/validate.go:251.42,253.16 2 3
github.com/SergioLacerda/strategist-skill/cmd/strategist/validate.go:253.16,255.3 1 0
github.com/SergioLacerda/strategist-skill/cmd/strategist/validate.go:256.2,257.48 2 3
github.com/SergioLacerda/strategist-skill/cmd/strategist/validate.go:257.48,259.3 1 2
github.com/SergioLacerda/strategist-skill/cmd/strategist/validate.go:260.2,260.12 1 1
github.com/SergioLacerda/strategist-skill/cmd/strategist/validate.go:263.13,265.2 1 2
github.com/SergioLacerda/strategist-skill/cmd/strategist/version.go:17.44,25.3 2 5
