mode: atomic
github.com/SergioLacerda/strategist-skill/internal/embed/defaults.go:21.52,23.2 1 5
github.com/SergioLacerda/strategist-skill/internal/embed/defaults.go:27.57,28.80 1 10
github.com/SergioLacerda/strategist-skill/internal/embed/defaults.go:28.80,30.3 1 4
github.com/SergioLacerda/strategist-skill/internal/embed/defaults.go:31.2,31.12 1 6
github.com/SergioLacerda/strategist-skill/internal/embed/defaults.go:34.67,35.59 1 10
github.com/SergioLacerda/strategist-skill/internal/embed/defaults.go:35.59,36.17 1 270
github.com/SergioLacerda/strategist-skill/internal/embed/defaults.go:36.17,38.4 1 1
github.com/SergioLacerda/strategist-skill/internal/embed/defaults.go:39.3,40.31 2 269
github.com/SergioLacerda/strategist-skill/internal/embed/defaults.go:40.31,42.4 1 10
github.com/SergioLacerda/strategist-skill/internal/embed/defaults.go:43.3,44.16 2 259
github.com/SergioLacerda/strategist-skill/internal/embed/defaults.go:44.16,45.54 1 87
github.com/SergioLacerda/strategist-skill/internal/embed/defaults.go:45.54,47.5 1 1
github.com/SergioLacerda/strategist-skill/internal/embed/defaults.go:48.4,48.14 1 86
github.com/SergioLacerda/strategist-skill/internal/embed/defaults.go:50.3,50.40 1 172
github.com/SergioLacerda/strategist-skill/internal/embed/defaults.go:54.56,56.20 2 172
github.com/SergioLacerda/strategist-skill/internal/embed/defaults.go:56.20,58.3 1 0
github.com/SergioLacerda/strategist-skill/internal/embed/defaults.go:59.2,59.66 1 172
github.com/SergioLacerda/strategist-skill/internal/embed/defaults.go:59.66,61.3 1 0
github.com/SergioLacerda/strategist-skill/internal/embed/defaults.go:62.2,62.65 1 172
github.com/SergioLacerda/strategist-skill/internal/embed/defaults.go:62.65,64.3 1 2
github.com/SergioLacerda/strategist-skill/internal/embed/defaults.go:65.2,65.12 1 170
