mode: atomic
github.com/SergioLacerda/strategist-skill/internal/compile/all.go:20.60,31.26 5 0
github.com/SergioLacerda/strategist-skill/internal/compile/all.go:31.26,31.63 1 0
github.com/SergioLacerda/strategist-skill/internal/compile/all.go:32.27,32.61 1 0
github.com/SergioLacerda/strategist-skill/internal/compile/all.go:33.27,33.61 1 0
github.com/SergioLacerda/strategist-skill/internal/compile/all.go:36.2,42.26 3 0
github.com/SergioLacerda/strategist-skill/internal/compile/all.go:42.26,44.13 2 0
github.com/SergioLacerda/strategist-skill/internal/compile/all.go:44.13,46.33 2 0
github.com/SergioLacerda/strategist-skill/internal/compile/all.go:46.33,50.5 3 0
github.com/SergioLacerda/strategist-skill/internal/compile/all.go:53.2,55.19 2 0
github.com/SergioLacerda/strategist-skill/internal/compile/all.go:55.19,57.3 1 0
github.com/SergioLacerda/strategist-skill/internal/compile/all.go:59.2,70.59 3 0
github.com/SergioLacerda/strategist-skill/internal/compile/all.go:70.59,72.3 1 0
github.com/SergioLacerda/strategist-skill/internal/compile/all.go:74.2,74.12 1 0
github.com/SergioLacerda/strategist-skill/internal/compile/cache.go:33.51,39.2 1 0
github.com/SergioLacerda/strategist-skill/internal/compile/cache.go:42.67,47.9 5 0
github.com/SergioLacerda/strategist-skill/internal/compile/cache.go:47.9,49.3 1 0
github.com/SergioLacerda/strategist-skill/internal/compile/cache.go:50.2,51.9 2 0
github.com/SergioLacerda/strategist-skill/internal/compile/cache.go:51.9,53.3 1 0
github.com/SergioLacerda/strategist-skill/internal/compile/cache.go:54.2,56.19 3 0
github.com/SergioLacerda/strategist-skill/internal/compile/cache.go:62.73,66.34 4 0
github.com/SergioLacerda/strategist-skill/internal/compile/cache.go:66.34,68.10 2 0
github.com/SergioLacerda/strategist-skill/internal/compile/cache.go:68.10,70.4 1 0
github.com/SergioLacerda/strategist-skill/internal/compile/cache.go:71.3,74.9 4 0
github.com/SergioLacerda/strategist-skill/internal/compile/cache.go:76.2,76.31 1 0
github.com/SergioLacerda/strategist-skill/internal/compile/cache.go:76.31,78.18 2 0
github.com/SergioLacerda/strategist-skill/internal/compile/cache.go:78.18,79.9 1 0
github.com/SergioLacerda/strategist-skill/internal/compile/cache.go:81.3,82.48 2 0
github.com/SergioLacerda/strategist-skill/internal/compile/cache.go:82.48,84.4 1 0
github.com/SergioLacerda/strategist-skill/internal/compile/cache.go:86.2,88.21 3 0
github.com/SergioLacerda/strategist-skill/internal/compile/cache.go:92.35,96.2 3 0
github.com/SergioLacerda/strategist-skill/internal/compile/config.go:14.44,19.61 3 0
github.com/SergioLacerda/strategist-skill/internal/compile/config.go:19.61,21.3 1 0
github.com/SergioLacerda/strategist-skill/internal/compile/config.go:22.2,22.45 1 0
github.com/SergioLacerda/strategist-skill/internal/compile/config.go:22.45,24.3 1 0
github.com/SergioLacerda/strategist-skill/internal/compile/config.go:27.2,28.16 2 0
github.com/SergioLacerda/strategist-skill/internal/compile/config.go:28.16,30.3 1 0
github.com/SergioLacerda/strategist-skill/internal/compile/config.go:32.2,37.16 3 0
github.com/SergioLacerda/strategist-skill/internal/compile/config.go:37.16,39.3 1 0
github.com/SergioLacerda/strategist-skill/internal/compile/config.go:40.2,41.16 2 0
github.com/SergioLacerda/strategist-skill/internal/compile/config.go:41.16,43.3 1 0
github.com/SergioLacerda/strategist-skill/internal/compile/config.go:44.2,44.43 1 0
github.com/SergioLacerda/strategist-skill/internal/compile/config.go:44.43,45.44 1 0
github.com/SergioLacerda/strategist-skill/internal/compile/config.go:45.44,47.4 1 0
github.com/SergioLacerda/strategist-skill/internal/compile/config.go:50.2,51.16 2 0
github.com/SergioLacerda/strategist-skill/internal/compile/config.go:51.16,53.3 1 0
github.com/SergioLacerda/strategist-skill/internal/compile/config.go:55.2,64.58 2 0
github.com/SergioLacerda/strategist-skill/internal/compile/config.go:64.58,66.3 1 0
github.com/SergioLacerda/strategist-skill/internal/compile/config.go:67.2,67.12 1 0
github.com/SergioLacerda/strategist-skill/internal/compile/config.go:72.83,74.24 2 0
github.com/SergioLacerda/strategist-skill/internal/compile/config.go:74.24,76.3 1 0
github.com/SergioLacerda/strategist-skill/internal/compile/config.go:77.2,77.16 1 0
github.com/SergioLacerda/strategist-skill/internal/compile/config.go:77.16,79.3 1 0
github.com/SergioLacerda/strategist-skill/internal/compile/config.go:81.2,82.28 2 0
github.com/SergioLacerda/strategist-skill/internal/compile/config.go:82.28,83.57 1 0
github.com/SergioLacerda/strategist-skill/internal/compile/config.go:83.57,84.12 1 0
github.com/SergioLacerda/strategist-skill/internal/compile/config.go:86.3,88.21 3 0
github.com/SergioLacerda/strategist-skill/internal/compile/config.go:88.21,90.4 1 0
github.com/SergioLacerda/strategist-skill/internal/compile/config.go:91.3,93.25 3 0
github.com/SergioLacerda/strategist-skill/internal/compile/config.go:95.2,95.20 1 0
github.com/SergioLacerda/strategist-skill/internal/compile/config.go:100.93,102.24 2 0
github.com/SergioLacerda/strategist-skill/internal/compile/config.go:102.24,104.3 1 0
github.com/SergioLacerda/strategist-skill/internal/compile/config.go:105.2,105.16 1 0
github.com/SergioLacerda/strategist-skill/internal/compile/config.go:105.16,107.3 1 0
github.com/SergioLacerda/strategist-skill/internal/compile/config.go:109.2,110.28 2 0
github.com/SergioLacerda/strategist-skill/internal/compile/config.go:110.28,111.57 1 0
github.com/SergioLacerda/strategist-skill/internal/compile/config.go:111.57,112.12 1 0
github.com/SergioLacerda/strategist-skill/internal/compile/config.go:114.3,116.54 3 0
github.com/SergioLacerda/strategist-skill/internal/compile/config.go:116.54,118.4 1 0
github.com/SergioLacerda/strategist-skill/internal/compile/config.go:119.3,119.21 1 0
github.com/SergioLacerda/strategist-skill/internal/compile/config.go:119.21,121.4 1 0
github.com/SergioLacerda/strategist-skill/internal/compile/config.go:122.3,123.25 2 0
github.com/SergioLacerda/strategist-skill/internal/compile/config.go:125.2,125.20 1 0
github.com/SergioLacerda/strategist-skill/internal/compile/domain.go:17.44,20.16 3 0
github.com/SergioLacerda/strategist-skill/internal/compile/domain.go:20.16,22.3 1 0
github.com/SergioLacerda/strategist-skill/internal/compile/domain.go:24.2,25.56 2 0
github.com/SergioLacerda/strategist-skill/internal/compile/domain.go:25.56,27.3 1 0
github.com/SergioLacerda/strategist-skill/internal/compile/domain.go:29.2,32.16 3 0
github.com/SergioLacerda/strategist-skill/internal/compile/domain.go:32.16,34.3 1 0
github.com/SergioLacerda/strategist-skill/internal/compile/domain.go:36.2,37.50 2 0
github.com/SergioLacerda/strategist-skill/internal/compile/domain.go:37.50,39.21 2 0
github.com/SergioLacerda/strategist-skill/internal/compile/domain.go:39.21,41.4 1 0
github.com/SergioLacerda/strategist-skill/internal/compile/domain.go:42.3,42.35 1 0
github.com/SergioLacerda/strategist-skill/internal/compile/domain.go:45.2,53.58 2 0
github.com/SergioLacerda/strategist-skill/internal/compile/domain.go:53.58,55.3 1 0
github.com/SergioLacerda/strategist-skill/internal/compile/domain.go:56.2,56.12 1 0
github.com/SergioLacerda/strategist-skill/internal/compile/domain.go:61.101,63.31 2 0
github.com/SergioLacerda/strategist-skill/internal/compile/domain.go:63.31,64.35 1 0
github.com/SergioLacerda/strategist-skill/internal/compile/domain.go:64.35,65.12 1 0
github.com/SergioLacerda/strategist-skill/internal/compile/domain.go:67.3,69.37 3 0
github.com/SergioLacerda/strategist-skill/internal/compile/domain.go:69.37,71.12 1 0
github.com/SergioLacerda/strategist-skill/internal/compile/domain.go:73.3,73.17 1 0
github.com/SergioLacerda/strategist-skill/internal/compile/domain.go:73.17,75.4 1 0
github.com/SergioLacerda/strategist-skill/internal/compile/domain.go:76.3,77.24 2 0
github.com/SergioLacerda/strategist-skill/internal/compile/domain.go:79.2,79.20 1 0
github.com/SergioLacerda/strategist-skill/internal/compile/helpers.go:13.31,15.16 2 0
github.com/SergioLacerda/strategist-skill/internal/compile/helpers.go:15.16,17.3 1 0
github.com/SergioLacerda/strategist-skill/internal/compile/helpers.go:18.2,18.30 1 0
github.com/SergioLacerda/strategist-skill/internal/compile/helpers.go:25.50,26.69 1 0
github.com/SergioLacerda/strategist-skill/internal/compile/helpers.go:26.69,28.3 1 0
github.com/SergioLacerda/strategist-skill/internal/compile/helpers.go:30.2,32.16 3 0
github.com/SergioLacerda/strategist-skill/internal/compile/helpers.go:32.16,34.3 1 0
github.com/SergioLacerda/strategist-skill/internal/compile/helpers.go:36.2,37.54 2 0
github.com/SergioLacerda/strategist-skill/internal/compile/helpers.go:37.54,40.3 2 0
github.com/SergioLacerda/strategist-skill/internal/compile/helpers.go:41.2,41.35 1 0
github.com/SergioLacerda/strategist-skill/internal/compile/helpers.go:41.35,44.3 2 0
github.com/SergioLacerda/strategist-skill/internal/compile/helpers.go:45.2,45.34 1 0
github.com/SergioLacerda/strategist-skill/internal/compile/helpers.go:45.34,48.3 2 0
github.com/SergioLacerda/strategist-skill/internal/compile/helpers.go:49.2,49.51 1 0
github.com/SergioLacerda/strategist-skill/internal/compile/helpers.go:49.51,52.3 2 0
github.com/SergioLacerda/strategist-skill/internal/compile/helpers.go:53.2,53.12 1 0
github.com/SergioLacerda/strategist-skill/internal/compile/helpers.go:57.41,59.16 2 0
github.com/SergioLacerda/strategist-skill/internal/compile/helpers.go:59.16,61.3 1 0
github.com/SergioLacerda/strategist-skill/internal/compile/helpers.go:62.2,63.38 2 0
github.com/SergioLacerda/strategist-skill/internal/compile/helpers.go:68.56,70.49 2 0
github.com/SergioLacerda/strategist-skill/internal/compile/helpers.go:70.49,72.3 1 0
github.com/SergioLacerda/strategist-skill/internal/compile/helpers.go:73.2,73.17 1 0
github.com/SergioLacerda/strategist-skill/internal/compile/helpers.go:77.45,79.16 2 0
github.com/SergioLacerda/strategist-skill/internal/compile/helpers.go:79.16,81.3 1 0
github.com/SergioLacerda/strategist-skill/internal/compile/helpers.go:82.2,82.47 1 0
github.com/SergioLacerda/strategist-skill/internal/compile/helpers.go:82.47,84.3 1 0
github.com/SergioLacerda/strategist-skill/internal/compile/helpers.go:85.2,85.12 1 0
github.com/SergioLacerda/strategist-skill/internal/compile/index.go:15.57,17.16 2 0
github.com/SergioLacerda/strategist-skill/internal/compile/index.go:17.16,19.3 1 0
github.com/SergioLacerda/strategist-skill/internal/compile/index.go:21.2,22.50 2 0
github.com/SergioLacerda/strategist-skill/internal/compile/index.go:22.50,24.3 1 0
github.com/SergioLacerda/strategist-skill/internal/compile/index.go:26.2,27.16 2 0
github.com/SergioLacerda/strategist-skill/internal/compile/index.go:27.16,29.3 1 0
github.com/SergioLacerda/strategist-skill/internal/compile/index.go:32.2,36.33 3 0
github.com/SergioLacerda/strategist-skill/internal/compile/index.go:36.33,38.32 2 0
github.com/SergioLacerda/strategist-skill/internal/compile/index.go:38.32,40.4 1 0
github.com/SergioLacerda/strategist-skill/internal/compile/index.go:43.2,51.58 2 0
github.com/SergioLacerda/strategist-skill/internal/compile/index.go:51.58,53.3 1 0
github.com/SergioLacerda/strategist-skill/internal/compile/index.go:54.2,54.12 1 0
github.com/SergioLacerda/strategist-skill/internal/compile/yaml.go:10.46,11.48 1 0
github.com/SergioLacerda/strategist-skill/internal/compile/yaml.go:11.48,13.3 1 0
github.com/SergioLacerda/strategist-skill/internal/compile/yaml.go:14.2,14.12 1 0
github.com/SergioLacerda/strategist-skill/internal/dojo/checker.go:16.68,18.16 2 3
github.com/SergioLacerda/strategist-skill/internal/dojo/checker.go:18.16,20.3 1 1
github.com/SergioLacerda/strategist-skill/internal/dojo/checker.go:21.2,22.48 2 2
github.com/SergioLacerda/strategist-skill/internal/dojo/checker.go:22.48,24.3 1 1
github.com/SergioLacerda/strategist-skill/internal/dojo/checker.go:25.2,25.15 1 1
github.com/SergioLacerda/strategist-skill/internal/dojo/checker.go:29.87,33.43 3 7
github.com/SergioLacerda/strategist-skill/internal/dojo/checker.go:33.43,41.14 4 6
github.com/SergioLacerda/strategist-skill/internal/dojo/checker.go:41.14,42.12 1 1
github.com/SergioLacerda/strategist-skill/internal/dojo/checker.go:45.3,46.17 2 5
github.com/SergioLacerda/strategist-skill/internal/dojo/checker.go:46.17,52.12 2 0
github.com/SergioLacerda/strategist-skill/internal/dojo/checker.go:54.3,56.47 2 5
github.com/SergioLacerda/strategist-skill/internal/dojo/checker.go:56.47,63.4 2 2
github.com/SergioLacerda/strategist-skill/internal/dojo/checker.go:64.3,64.41 1 5
github.com/SergioLacerda/strategist-skill/internal/dojo/checker.go:64.41,71.4 2 3
github.com/SergioLacerda/strategist-skill/internal/dojo/checker.go:72.3,72.44 1 5
github.com/SergioLacerda/strategist-skill/internal/dojo/checker.go:72.44,79.4 2 1
github.com/SergioLacerda/strategist-skill/internal/dojo/checker.go:81.2,81.14 1 7
github.com/SergioLacerda/strategist-skill/internal/dojo/checker.go:87.104,89.89 2 8
github.com/SergioLacerda/strategist-skill/internal/dojo/checker.go:89.89,91.3 1 1
github.com/SergioLacerda/strategist-skill/internal/dojo/checker.go:93.2,93.26 1 7
github.com/SergioLacerda/strategist-skill/internal/dojo/checker.go:93.26,94.16 1 2
github.com/SergioLacerda/strategist-skill/internal/dojo/checker.go:94.16,96.4 1 1
github.com/SergioLacerda/strategist-skill/internal/dojo/checker.go:97.3,97.52 1 1
github.com/SergioLacerda/strategist-skill/internal/dojo/checker.go:97.52,103.4 1 1
github.com/SergioLacerda/strategist-skill/internal/dojo/checker.go:104.3,104.15 1 1
github.com/SergioLacerda/strategist-skill/internal/dojo/checker.go:107.2,108.16 2 5
github.com/SergioLacerda/strategist-skill/internal/dojo/checker.go:108.16,114.3 1 1
github.com/SergioLacerda/strategist-skill/internal/dojo/checker.go:115.2,117.51 2 4
github.com/SergioLacerda/strategist-skill/internal/dojo/checker.go:117.51,124.3 2 4
github.com/SergioLacerda/strategist-skill/internal/dojo/checker.go:125.2,125.54 1 4
github.com/SergioLacerda/strategist-skill/internal/dojo/checker.go:125.54,132.3 2 2
github.com/SergioLacerda/strategist-skill/internal/dojo/checker.go:133.2,133.14 1 4
github.com/SergioLacerda/strategist-skill/internal/dojo/checker.go:138.96,141.45 2 6
github.com/SergioLacerda/strategist-skill/internal/dojo/checker.go:141.45,149.14 4 4
github.com/SergioLacerda/strategist-skill/internal/dojo/checker.go:149.14,150.12 1 2
github.com/SergioLacerda/strategist-skill/internal/dojo/checker.go:153.3,154.17 2 2
github.com/SergioLacerda/strategist-skill/internal/dojo/checker.go:154.17,160.12 2 0
github.com/SergioLacerda/strategist-skill/internal/dojo/checker.go:162.3,163.42 2 2
github.com/SergioLacerda/strategist-skill/internal/dojo/checker.go:163.42,170.4 2 3
github.com/SergioLacerda/strategist-skill/internal/dojo/checker.go:172.2,172.14 1 6
github.com/SergioLacerda/strategist-skill/internal/dojo/checker.go:178.87,179.36 1 6
github.com/SergioLacerda/strategist-skill/internal/dojo/checker.go:179.36,181.3 1 2
github.com/SergioLacerda/strategist-skill/internal/dojo/checker.go:182.2,184.26 2 4
github.com/SergioLacerda/strategist-skill/internal/dojo/checker.go:184.26,190.3 1 1
github.com/SergioLacerda/strategist-skill/internal/dojo/checker.go:192.2,193.16 2 3
github.com/SergioLacerda/strategist-skill/internal/dojo/checker.go:193.16,199.3 1 0
github.com/SergioLacerda/strategist-skill/internal/dojo/checker.go:201.2,204.13 4 3
github.com/SergioLacerda/strategist-skill/internal/dojo/checker.go:204.13,210.3 1 1
github.com/SergioLacerda/strategist-skill/internal/dojo/checker.go:212.2,214.13 3 2
github.com/SergioLacerda/strategist-skill/internal/dojo/checker.go:214.13,216.3 1 0
github.com/SergioLacerda/strategist-skill/internal/dojo/checker.go:217.2,219.16 3 2
github.com/SergioLacerda/strategist-skill/internal/dojo/checker.go:219.16,225.3 1 0
github.com/SergioLacerda/strategist-skill/internal/dojo/checker.go:227.2,232.4 2 2
github.com/SergioLacerda/strategist-skill/internal/dojo/checker.go:236.124,243.2 6 1
github.com/SergioLacerda/strategist-skill/internal/dojo/checker.go:245.35,248.2 2 21
github.com/SergioLacerda/strategist-skill/internal/dojo/checker.go:250.48,251.12 1 27
github.com/SergioLacerda/strategist-skill/internal/dojo/checker.go:251.12,253.3 1 18
github.com/SergioLacerda/strategist-skill/internal/dojo/checker.go:254.2,254.15 1 9
github.com/SergioLacerda/strategist-skill/internal/domain/contract_validator.go:19.74,20.60 1 0
github.com/SergioLacerda/strategist-skill/internal/domain/contract_validator.go:20.60,23.3 1 0
github.com/SergioLacerda/strategist-skill/internal/domain/contract_validator.go:24.2,24.79 1 0
github.com/SergioLacerda/strategist-skill/internal/domain/contract_validator.go:24.79,27.3 1 0
github.com/SergioLacerda/strategist-skill/internal/domain/contract_validator.go:28.2,28.12 1 0
github.com/SergioLacerda/strategist-skill/internal/domain/pipeline_bypass.go:40.48,45.2 1 0
github.com/SergioLacerda/strategist-skill/internal/domain/pipeline_bypass.go:49.72,51.38 2 0
github.com/SergioLacerda/strategist-skill/internal/domain/pipeline_bypass.go:51.38,53.3 1 0
github.com/SergioLacerda/strategist-skill/internal/domain/pipeline_bypass.go:54.2,54.42 1 0
github.com/SergioLacerda/strategist-skill/internal/domain/pipeline_bypass.go:54.42,56.3 1 0
github.com/SergioLacerda/strategist-skill/internal/domain/pipeline_bypass.go:57.2,57.25 1 0
github.com/SergioLacerda/strategist-skill/internal/domain/pipeline_bypass.go:57.25,64.3 1 0
github.com/SergioLacerda/strategist-skill/internal/domain/pipeline_bypass.go:65.2,65.45 1 0
github.com/SergioLacerda/strategist-skill/internal/domain/pipeline_bypass.go:65.45,67.27 2 0
github.com/SergioLacerda/strategist-skill/internal/domain/pipeline_bypass.go:67.27,69.4 1 0
github.com/SergioLacerda/strategist-skill/internal/domain/pipeline_bypass.go:70.3,75.4 1 0
github.com/SergioLacerda/strategist-skill/internal/domain/pipeline_bypass.go:77.2,77.41 1 0
github.com/SergioLacerda/strategist-skill/internal/domain/pipeline_bypass.go:77.41,84.3 1 0
github.com/SergioLacerda/strategist-skill/internal/domain/pipeline_bypass.go:85.2,85.46 1 0
github.com/SergioLacerda/strategist-skill/internal/domain/pipeline_bypass.go:88.77,89.27 1 0
github.com/SergioLacerda/strategist-skill/internal/domain/pipeline_bypass.go:89.27,96.3 1 0
github.com/SergioLacerda/strategist-skill/internal/domain/pipeline_bypass.go:97.2,97.46 1 0
github.com/SergioLacerda/strategist-skill/internal/domain/pipeline_bypass.go:100.73,101.51 1 0
github.com/SergioLacerda/strategist-skill/internal/domain/pipeline_bypass.go:101.51,108.3 1 0
github.com/SergioLacerda/strategist-skill/internal/domain/pipeline_bypass.go:109.2,109.46 1 0
github.com/SergioLacerda/strategist-skill/internal/domain/pipeline_bypass.go:112.122,121.2 1 0
github.com/SergioLacerda/strategist-skill/internal/domain/pipeline_bypass.go:123.69,124.19 1 0
github.com/SergioLacerda/strategist-skill/internal/domain/pipeline_bypass.go:124.19,126.3 1 0
github.com/SergioLacerda/strategist-skill/internal/domain/pipeline_bypass.go:127.2,127.22 1 0
github.com/SergioLacerda/strategist-skill/internal/domain/pipeline_bypass.go:127.22,129.3 1 0
github.com/SergioLacerda/strategist-skill/internal/domain/pipeline_bypass.go:130.2,130.29 1 0
github.com/SergioLacerda/strategist-skill/internal/domain/pipeline_bypass.go:130.29,132.3 1 0
github.com/SergioLacerda/strategist-skill/internal/domain/pipeline_bypass.go:133.2,133.10 1 0
github.com/SergioLacerda/strategist-skill/internal/domain/policy.go:110.79,116.2 1 0
github.com/SergioLacerda/strategist-skill/internal/domain/policy.go:119.41,120.25 1 0
github.com/SergioLacerda/strategist-skill/internal/domain/policy.go:121.29,122.58 1 0
github.com/SergioLacerda/strategist-skill/internal/domain/policy.go:122.58,124.4 1 0
github.com/SergioLacerda/strategist-skill/internal/domain/policy.go:125.35,126.31 1 0
github.com/SergioLacerda/strategist-skill/internal/domain/policy.go:127.70,127.70 0 0
github.com/SergioLacerda/strategist-skill/internal/domain/policy.go:128.11,129.76 1 0
github.com/SergioLacerda/strategist-skill/internal/domain/policy.go:131.10,132.67 1 0
github.com/SergioLacerda/strategist-skill/internal/domain/policy.go:134.2,134.12 1 0
github.com/SergioLacerda/strategist-skill/internal/domain/policy.go:138.53,139.27 1 0
github.com/SergioLacerda/strategist-skill/internal/domain/policy.go:139.27,141.3 1 0
github.com/SergioLacerda/strategist-skill/internal/domain/policy.go:142.2,142.32 1 0
github.com/SergioLacerda/strategist-skill/internal/domain/policy.go:142.32,144.3 1 0
github.com/SergioLacerda/strategist-skill/internal/domain/policy.go:145.2,146.10 2 0
github.com/SergioLacerda/strategist-skill/internal/domain/policy_evaluator.go:7.116,9.37 2 0
github.com/SergioLacerda/strategist-skill/internal/domain/policy_evaluator.go:9.37,11.3 1 0
github.com/SergioLacerda/strategist-skill/internal/domain/policy_evaluator.go:13.2,13.19 1 0
github.com/SergioLacerda/strategist-skill/internal/domain/policy_evaluator.go:13.19,15.3 1 0
github.com/SergioLacerda/strategist-skill/internal/domain/policy_evaluator.go:17.2,17.25 1 0
github.com/SergioLacerda/strategist-skill/internal/domain/policy_evaluator.go:18.32,19.20 1 0
github.com/SergioLacerda/strategist-skill/internal/domain/policy_evaluator.go:19.20,21.4 1 0
github.com/SergioLacerda/strategist-skill/internal/domain/policy_evaluator.go:22.3,22.92 1 0
github.com/SergioLacerda/strategist-skill/internal/domain/policy_evaluator.go:23.39,24.92 1 0
github.com/SergioLacerda/strategist-skill/internal/domain/policy_evaluator.go:25.10,26.117 1 0
github.com/SergioLacerda/strategist-skill/internal/domain/state_machine.go:4.96,7.17 2 0
github.com/SergioLacerda/strategist-skill/internal/domain/state_machine.go:8.17,9.29 1 0
github.com/SergioLacerda/strategist-skill/internal/domain/state_machine.go:10.30,11.42 1 0
github.com/SergioLacerda/strategist-skill/internal/domain/state_machine.go:12.28,13.43 1 0
github.com/SergioLacerda/strategist-skill/internal/domain/state_machine.go:14.28,15.40 1 0
github.com/SergioLacerda/strategist-skill/internal/domain/state_machine.go:16.23,17.38 1 0
github.com/SergioLacerda/strategist-skill/internal/domain/state_machine.go:18.25,19.40 1 0
github.com/SergioLacerda/strategist-skill/internal/domain/state_machine.go:20.22,21.34 1 0
github.com/SergioLacerda/strategist-skill/internal/domain/state_machine.go:22.21,23.36 1 0
github.com/SergioLacerda/strategist-skill/internal/domain/state_machine.go:24.22,25.34 1 0
github.com/SergioLacerda/strategist-skill/internal/domain/state_machine.go:26.26,27.38 1 0
github.com/SergioLacerda/strategist-skill/internal/domain/state_machine.go:28.21,29.33 1 0
github.com/SergioLacerda/strategist-skill/internal/domain/state_machine.go:30.21,31.33 1 0
github.com/SergioLacerda/strategist-skill/internal/domain/state_machine.go:32.25,33.37 1 0
github.com/SergioLacerda/strategist-skill/internal/domain/state_machine.go:34.25,35.37 1 0
github.com/SergioLacerda/strategist-skill/internal/domain/state_machine.go:36.54,37.17 1 0
github.com/SergioLacerda/strategist-skill/internal/domain/state_machine.go:38.23,39.38 1 0
github.com/SergioLacerda/strategist-skill/internal/domain/state_machine.go:40.23,41.35 1 0
github.com/SergioLacerda/strategist-skill/internal/domain/state_machine.go:42.23,43.17 1 0
github.com/SergioLacerda/strategist-skill/internal/domain/state_machine.go:46.2,46.16 1 0
github.com/SergioLacerda/strategist-skill/internal/domain/state_machine.go:49.55,50.15 1 0
github.com/SergioLacerda/strategist-skill/internal/domain/state_machine.go:51.28,52.24 1 0
github.com/SergioLacerda/strategist-skill/internal/domain/state_machine.go:53.28,54.25 1 0
github.com/SergioLacerda/strategist-skill/internal/domain/state_machine.go:55.49,56.32 1 0
github.com/SergioLacerda/strategist-skill/internal/domain/state_machine.go:61.52,62.19 1 0
github.com/SergioLacerda/strategist-skill/internal/domain/state_machine.go:64.2,64.18 1 0
github.com/SergioLacerda/strategist-skill/internal/domain/state_machine.go:67.68,68.15 1 0
github.com/SergioLacerda/strategist-skill/internal/domain/state_machine.go:69.26,70.25 1 0
github.com/SergioLacerda/strategist-skill/internal/domain/state_machine.go:71.29,72.30 1 0
github.com/SergioLacerda/strategist-skill/internal/domain/state_machine.go:77.74,78.32 1 0
github.com/SergioLacerda/strategist-skill/internal/domain/state_machine.go:80.2,80.31 1 0
github.com/SergioLacerda/strategist-skill/internal/domain/state_machine.go:83.83,84.15 1 0
github.com/SergioLacerda/strategist-skill/internal/domain/state_machine.go:85.23,86.25 1 0
github.com/SergioLacerda/strategist-skill/internal/domain/state_machine.go:87.25,88.19 1 0
github.com/SergioLacerda/strategist-skill/internal/domain/state_machine.go:88.19,90.4 1 0
github.com/SergioLacerda/strategist-skill/internal/domain/state_machine.go:91.3,91.25 1 0
github.com/SergioLacerda/strategist-skill/internal/domain/state_machine.go:96.74,97.30 1 0
github.com/SergioLacerda/strategist-skill/internal/domain/state_machine.go:99.2,99.29 1 0
github.com/SergioLacerda/strategist-skill/internal/domain/state_machine.go:102.66,103.15 1 0
github.com/SergioLacerda/strategist-skill/internal/domain/state_machine.go:104.23,105.25 1 0
github.com/SergioLacerda/strategist-skill/internal/domain/state_machine.go:110.74,111.30 1 0
github.com/SergioLacerda/strategist-skill/internal/domain/state_machine.go:113.2,113.29 1 0
github.com/SergioLacerda/strategist-skill/internal/domain/state_machine.go:116.78,117.15 1 0
github.com/SergioLacerda/strategist-skill/internal/domain/state_machine.go:118.29,119.27 1 0
github.com/SergioLacerda/strategist-skill/internal/domain/state_machine.go:120.27,121.47 1 0
github.com/SergioLacerda/strategist-skill/internal/domain/state_machine.go:121.47,123.4 1 0
github.com/SergioLacerda/strategist-skill/internal/domain/state_machine.go:124.3,124.27 1 0
github.com/SergioLacerda/strategist-skill/internal/domain/state_machine.go:125.26,126.23 1 0
github.com/SergioLacerda/strategist-skill/internal/domain/state_machine.go:127.26,128.22 1 0
github.com/SergioLacerda/strategist-skill/internal/domain/state_machine.go:132.74,133.25 1 0
github.com/SergioLacerda/strategist-skill/internal/domain/state_machine.go:135.2,135.24 1 0
github.com/SergioLacerda/strategist-skill/internal/domain/state_machine.go:138.80,139.15 1 0
github.com/SergioLacerda/strategist-skill/internal/domain/state_machine.go:140.23,141.27 1 0
github.com/SergioLacerda/strategist-skill/internal/domain/state_machine.go:142.25,143.19 1 0
github.com/SergioLacerda/strategist-skill/internal/domain/state_machine.go:143.19,145.4 1 0
github.com/SergioLacerda/strategist-skill/internal/domain/state_machine.go:146.3,146.27 1 0
github.com/SergioLacerda/strategist-skill/internal/domain/state_machine.go:151.74,152.27 1 0
github.com/SergioLacerda/strategist-skill/internal/domain/state_machine.go:154.2,154.26 1 0
github.com/SergioLacerda/strategist-skill/internal/domain/state_machine.go:157.60,158.15 1 0
github.com/SergioLacerda/strategist-skill/internal/domain/state_machine.go:159.23,160.27 1 0
github.com/SergioLacerda/strategist-skill/internal/domain/state_machine.go:161.21,163.30 1 0
github.com/SergioLacerda/strategist-skill/internal/domain/state_machine.go:164.26,165.23 1 0
github.com/SergioLacerda/strategist-skill/internal/domain/state_machine.go:166.26,167.22 1 0
github.com/SergioLacerda/strategist-skill/internal/domain/state_machine.go:171.74,172.24 1 0
github.com/SergioLacerda/strategist-skill/internal/domain/state_machine.go:174.2,174.23 1 0
github.com/SergioLacerda/strategist-skill/internal/domain/state_machine.go:177.63,178.35 1 0
github.com/SergioLacerda/strategist-skill/internal/domain/state_machine.go:178.35,180.3 1 0
github.com/SergioLacerda/strategist-skill/internal/domain/state_machine.go:181.2,181.26 1 0
github.com/SergioLacerda/strategist-skill/internal/domain/state_machine.go:184.63,185.35 1 0
github.com/SergioLacerda/strategist-skill/internal/domain/state_machine.go:185.35,187.3 1 0
github.com/SergioLacerda/strategist-skill/internal/domain/state_machine.go:188.2,188.26 1 0
github.com/SergioLacerda/strategist-skill/internal/domain/state_machine.go:193.76,194.15 1 0
github.com/SergioLacerda/strategist-skill/internal/domain/state_machine.go:195.29,196.25 1 0
github.com/SergioLacerda/strategist-skill/internal/domain/state_machine.go:197.46,198.22 1 0
github.com/SergioLacerda/strategist-skill/internal/domain/state_machine.go:202.74,203.23 1 0
github.com/SergioLacerda/strategist-skill/internal/domain/state_machine.go:205.2,205.22 1 0
github.com/SergioLacerda/strategist-skill/internal/domain/state_machine.go:208.60,209.15 1 0
github.com/SergioLacerda/strategist-skill/internal/domain/state_machine.go:210.29,211.28 1 0
github.com/SergioLacerda/strategist-skill/internal/domain/state_machine.go:212.26,213.28 1 0
github.com/SergioLacerda/strategist-skill/internal/domain/state_machine.go:218.74,219.24 1 0
github.com/SergioLacerda/strategist-skill/internal/domain/state_machine.go:221.2,221.23 1 0
github.com/SergioLacerda/strategist-skill/internal/domain/state_machine.go:224.64,225.15 1 0
github.com/SergioLacerda/strategist-skill/internal/domain/state_machine.go:226.52,227.28 1 0
github.com/SergioLacerda/strategist-skill/internal/domain/state_machine.go:232.74,233.28 1 0
github.com/SergioLacerda/strategist-skill/internal/domain/state_machine.go:235.2,235.27 1 0
github.com/SergioLacerda/strategist-skill/internal/domain/state_machine.go:238.59,239.15 1 0
github.com/SergioLacerda/strategist-skill/internal/domain/state_machine.go:240.24,241.23 1 0
github.com/SergioLacerda/strategist-skill/internal/domain/state_machine.go:242.24,243.22 1 0
github.com/SergioLacerda/strategist-skill/internal/domain/state_machine.go:248.74,249.23 1 0
github.com/SergioLacerda/strategist-skill/internal/domain/state_machine.go:251.2,251.22 1 0
github.com/SergioLacerda/strategist-skill/internal/domain/state_machine.go:254.59,255.15 1 0
github.com/SergioLacerda/strategist-skill/internal/domain/state_machine.go:256.42,257.22 1 0
github.com/SergioLacerda/strategist-skill/internal/domain/state_machine.go:262.74,263.23 1 0
github.com/SergioLacerda/strategist-skill/internal/domain/state_machine.go:265.2,265.22 1 0
github.com/SergioLacerda/strategist-skill/internal/domain/state_machine.go:268.78,269.15 1 0
github.com/SergioLacerda/strategist-skill/internal/domain/state_machine.go:270.31,271.19 1 0
github.com/SergioLacerda/strategist-skill/internal/domain/state_machine.go:271.19,273.4 1 0
github.com/SergioLacerda/strategist-skill/internal/domain/state_machine.go:274.3,274.27 1 0
github.com/SergioLacerda/strategist-skill/internal/domain/state_machine.go:275.31,276.27 1 0
github.com/SergioLacerda/strategist-skill/internal/domain/state_machine.go:280.79,281.25 1 0
github.com/SergioLacerda/strategist-skill/internal/domain/state_machine.go:283.2,283.24 1 0
github.com/SergioLacerda/strategist-skill/internal/domain/state_machine.go:286.61,287.15 1 0
github.com/SergioLacerda/strategist-skill/internal/domain/state_machine.go:288.23,289.25 1 0
github.com/SergioLacerda/strategist-skill/internal/domain/state_machine.go:290.26,291.23 1 0
github.com/SergioLacerda/strategist-skill/internal/domain/state_machine.go:292.26,293.22 1 0
github.com/SergioLacerda/strategist-skill/internal/domain/state_machine.go:297.89,298.25 1 0
github.com/SergioLacerda/strategist-skill/internal/domain/state_machine.go:300.2,300.24 1 0
github.com/SergioLacerda/strategist-skill/internal/domain/state_machine.go:304.103,306.28 2 0
github.com/SergioLacerda/strategist-skill/internal/domain/state_machine.go:306.28,308.3 1 0
github.com/SergioLacerda/strategist-skill/internal/domain/state_machine.go:309.2,309.14 1 0
github.com/SergioLacerda/strategist-skill/internal/domain/types.go:82.40,84.18 2 0
github.com/SergioLacerda/strategist-skill/internal/domain/types.go:84.18,86.3 1 0
github.com/SergioLacerda/strategist-skill/internal/domain/types.go:87.2,87.22 1 0
github.com/SergioLacerda/strategist-skill/internal/domain/types.go:87.22,89.3 1 0
github.com/SergioLacerda/strategist-skill/internal/domain/types.go:90.2,90.25 1 0
github.com/SergioLacerda/strategist-skill/internal/domain/types.go:90.25,92.3 1 0
github.com/SergioLacerda/strategist-skill/internal/domain/types.go:93.2,93.23 1 0
github.com/SergioLacerda/strategist-skill/internal/domain/types.go:93.23,95.3 1 0
github.com/SergioLacerda/strategist-skill/internal/domain/types.go:96.2,96.108 1 0
github.com/SergioLacerda/strategist-skill/internal/domain/types.go:96.108,98.3 1 0
github.com/SergioLacerda/strategist-skill/internal/domain/types.go:99.2,99.20 1 0
github.com/SergioLacerda/strategist-skill/internal/domain/types.go:99.20,101.3 1 0
github.com/SergioLacerda/strategist-skill/internal/domain/types.go:102.2,102.74 1 0
github.com/SergioLacerda/strategist-skill/internal/domain/types.go:106.41,108.16 2 0
github.com/SergioLacerda/strategist-skill/internal/domain/types.go:108.16,110.3 1 0
github.com/SergioLacerda/strategist-skill/internal/domain/types.go:111.2,111.27 1 0
github.com/SergioLacerda/strategist-skill/internal/domain/types.go:111.27,113.3 1 0
github.com/SergioLacerda/strategist-skill/internal/domain/types.go:114.2,114.20 1 0
github.com/SergioLacerda/strategist-skill/internal/domain/types.go:114.20,116.3 1 0
github.com/SergioLacerda/strategist-skill/internal/domain/types.go:117.2,117.75 1 0
github.com/SergioLacerda/strategist-skill/internal/domain/types.go:221.40,222.29 1 4
github.com/SergioLacerda/strategist-skill/internal/domain/types.go:222.29,223.17 1 7
github.com/SergioLacerda/strategist-skill/internal/domain/types.go:223.17,225.4 1 1
github.com/SergioLacerda/strategist-skill/internal/domain/types.go:227.2,227.13 1 3
github.com/SergioLacerda/strategist-skill/internal/domain/types.go:231.42,233.29 2 4
github.com/SergioLacerda/strategist-skill/internal/domain/types.go:233.29,234.17 1 7
github.com/SergioLacerda/strategist-skill/internal/domain/types.go:234.17,236.4 1 1
github.com/SergioLacerda/strategist-skill/internal/domain/types.go:238.2,238.10 1 4
github.com/SergioLacerda/strategist-skill/internal/embed/defaults.go:27.64,29.2 1 0
github.com/SergioLacerda/strategist-skill/internal/embed/defaults.go:33.61,35.16 2 0
github.com/SergioLacerda/strategist-skill/internal/embed/defaults.go:35.16,37.3 1 0
github.com/SergioLacerda/strategist-skill/internal/embed/defaults.go:38.2,38.18 1 0
github.com/SergioLacerda/strategist-skill/internal/embed/defaults.go:43.69,44.87 1 0
github.com/SergioLacerda/strategist-skill/internal/embed/defaults.go:44.87,46.3 1 0
github.com/SergioLacerda/strategist-skill/internal/embed/defaults.go:47.2,47.12 1 0
github.com/SergioLacerda/strategist-skill/internal/embed/defaults.go:50.79,51.59 1 0
github.com/SergioLacerda/strategist-skill/internal/embed/defaults.go:51.59,52.17 1 0
github.com/SergioLacerda/strategist-skill/internal/embed/defaults.go:52.17,54.4 1 0
github.com/SergioLacerda/strategist-skill/internal/embed/defaults.go:55.3,56.31 2 0
github.com/SergioLacerda/strategist-skill/internal/embed/defaults.go:56.31,58.4 1 0
github.com/SergioLacerda/strategist-skill/internal/embed/defaults.go:59.3,60.16 2 0
github.com/SergioLacerda/strategist-skill/internal/embed/defaults.go:60.16,61.54 1 0
github.com/SergioLacerda/strategist-skill/internal/embed/defaults.go:61.54,63.5 1 0
github.com/SergioLacerda/strategist-skill/internal/embed/defaults.go:64.4,64.14 1 0
github.com/SergioLacerda/strategist-skill/internal/embed/defaults.go:66.3,66.47 1 0
github.com/SergioLacerda/strategist-skill/internal/embed/defaults.go:73.68,75.20 2 0
github.com/SergioLacerda/strategist-skill/internal/embed/defaults.go:75.20,77.3 1 0
github.com/SergioLacerda/strategist-skill/internal/embed/defaults.go:78.2,78.66 1 0
github.com/SergioLacerda/strategist-skill/internal/embed/defaults.go:78.66,80.3 1 0
github.com/SergioLacerda/strategist-skill/internal/embed/defaults.go:81.2,81.12 1 0
github.com/SergioLacerda/strategist-skill/internal/embed/defaults.go:81.12,82.30 1 0
github.com/SergioLacerda/strategist-skill/internal/embed/defaults.go:82.30,84.4 1 0
github.com/SergioLacerda/strategist-skill/internal/embed/defaults.go:86.2,86.65 1 0
github.com/SergioLacerda/strategist-skill/internal/embed/defaults.go:86.65,88.3 1 0
github.com/SergioLacerda/strategist-skill/internal/embed/defaults.go:89.2,89.12 1 0
github.com/SergioLacerda/strategist-skill/internal/embed/defaults.go:94.53,96.16 2 0
github.com/SergioLacerda/strategist-skill/internal/embed/defaults.go:96.16,98.3 1 0
github.com/SergioLacerda/strategist-skill/internal/embed/defaults.go:99.2,99.59 1 0
github.com/SergioLacerda/strategist-skill/internal/i18n/wizard.go:64.43,65.38 1 0
github.com/SergioLacerda/strategist-skill/internal/i18n/wizard.go:65.38,67.3 1 0
github.com/SergioLacerda/strategist-skill/internal/i18n/wizard.go:68.2,68.11 1 0
github.com/SergioLacerda/strategist-skill/internal/install/active_yaml.go:17.74,19.42 2 0
github.com/SergioLacerda/strategist-skill/internal/install/active_yaml.go:19.42,21.3 1 0
github.com/SergioLacerda/strategist-skill/internal/install/active_yaml.go:23.2,24.20 2 0
github.com/SergioLacerda/strategist-skill/internal/install/active_yaml.go:24.20,26.3 1 0
github.com/SergioLacerda/strategist-skill/internal/install/active_yaml.go:28.2,54.32 2 0
github.com/SergioLacerda/strategist-skill/internal/install/active_yaml.go:54.32,62.3 2 0
github.com/SergioLacerda/strategist-skill/internal/install/active_yaml.go:64.2,65.67 2 0
github.com/SergioLacerda/strategist-skill/internal/install/active_yaml.go:65.67,67.3 1 0
github.com/SergioLacerda/strategist-skill/internal/install/active_yaml.go:68.2,69.60 2 0
github.com/SergioLacerda/strategist-skill/internal/install/active_yaml.go:69.60,71.3 1 0
github.com/SergioLacerda/strategist-skill/internal/install/active_yaml.go:72.2,72.12 1 0
github.com/SergioLacerda/strategist-skill/internal/install/active_yaml.go:79.84,80.32 1 0
github.com/SergioLacerda/strategist-skill/internal/install/active_yaml.go:80.32,82.3 1 0
github.com/SergioLacerda/strategist-skill/internal/install/active_yaml.go:83.2,85.16 3 0
github.com/SergioLacerda/strategist-skill/internal/install/active_yaml.go:85.16,87.3 1 0
github.com/SergioLacerda/strategist-skill/internal/install/active_yaml.go:88.2,91.69 4 0
github.com/SergioLacerda/strategist-skill/internal/install/active_yaml.go:91.69,93.3 1 0
github.com/SergioLacerda/strategist-skill/internal/install/active_yaml.go:94.2,94.12 1 0
github.com/SergioLacerda/strategist-skill/internal/install/active_yaml.go:99.85,100.32 1 0
github.com/SergioLacerda/strategist-skill/internal/install/active_yaml.go:100.32,102.3 1 0
github.com/SergioLacerda/strategist-skill/internal/install/active_yaml.go:103.2,105.16 3 0
github.com/SergioLacerda/strategist-skill/internal/install/active_yaml.go:105.16,107.3 1 0
github.com/SergioLacerda/strategist-skill/internal/install/active_yaml.go:108.2,123.69 4 0
github.com/SergioLacerda/strategist-skill/internal/install/active_yaml.go:123.69,125.3 1 0
github.com/SergioLacerda/strategist-skill/internal/install/active_yaml.go:126.2,126.12 1 0
github.com/SergioLacerda/strategist-skill/internal/install/active_yaml.go:130.42,132.38 2 0
github.com/SergioLacerda/strategist-skill/internal/install/active_yaml.go:132.38,133.21 1 0
github.com/SergioLacerda/strategist-skill/internal/install/active_yaml.go:133.21,135.4 1 0
github.com/SergioLacerda/strategist-skill/internal/install/active_yaml.go:137.2,137.13 1 0
github.com/SergioLacerda/strategist-skill/internal/install/gitignore.go:15.43,19.39 3 0
github.com/SergioLacerda/strategist-skill/internal/install/gitignore.go:19.39,21.3 1 0
github.com/SergioLacerda/strategist-skill/internal/install/gitignore.go:23.2,23.56 1 0
github.com/SergioLacerda/strategist-skill/internal/install/gitignore.go:23.56,25.3 1 0
github.com/SergioLacerda/strategist-skill/internal/install/gitignore.go:27.2,28.16 2 0
github.com/SergioLacerda/strategist-skill/internal/install/gitignore.go:28.16,30.3 1 0
github.com/SergioLacerda/strategist-skill/internal/install/gitignore.go:31.2,32.69 2 0
github.com/SergioLacerda/strategist-skill/internal/install/gitignore.go:32.69,34.3 1 0
github.com/SergioLacerda/strategist-skill/internal/install/gitignore.go:35.2,35.49 1 0
github.com/SergioLacerda/strategist-skill/internal/install/gitignore.go:35.49,37.3 1 0
github.com/SergioLacerda/strategist-skill/internal/install/gitignore.go:38.2,38.34 1 0
github.com/SergioLacerda/strategist-skill/internal/install/gitignore.go:38.34,40.3 1 0
github.com/SergioLacerda/strategist-skill/internal/install/gitignore.go:41.2,41.12 1 0
github.com/SergioLacerda/strategist-skill/internal/install/installer.go:46.79,56.15 5 0
github.com/SergioLacerda/strategist-skill/internal/install/installer.go:56.15,57.17 1 0
github.com/SergioLacerda/strategist-skill/internal/install/installer.go:57.17,59.4 1 0
github.com/SergioLacerda/strategist-skill/internal/install/installer.go:62.2,66.70 2 0
github.com/SergioLacerda/strategist-skill/internal/install/installer.go:66.70,68.3 1 0
github.com/SergioLacerda/strategist-skill/internal/install/installer.go:69.2,75.58 3 0
github.com/SergioLacerda/strategist-skill/internal/install/installer.go:75.58,77.3 1 0
github.com/SergioLacerda/strategist-skill/internal/install/installer.go:78.2,80.17 2 0
github.com/SergioLacerda/strategist-skill/internal/install/installer.go:80.17,83.53 3 0
github.com/SergioLacerda/strategist-skill/internal/install/installer.go:83.53,85.4 1 0
github.com/SergioLacerda/strategist-skill/internal/install/installer.go:86.3,86.24 1 0
github.com/SergioLacerda/strategist-skill/internal/install/installer.go:86.24,88.4 1 0
github.com/SergioLacerda/strategist-skill/internal/install/installer.go:91.2,96.16 3 0
github.com/SergioLacerda/strategist-skill/internal/install/installer.go:96.16,98.3 1 0
github.com/SergioLacerda/strategist-skill/internal/install/installer.go:99.2,104.83 4 0
github.com/SergioLacerda/strategist-skill/internal/install/installer.go:104.83,112.3 1 0
github.com/SergioLacerda/strategist-skill/internal/install/installer.go:114.2,119.12 3 0
github.com/SergioLacerda/strategist-skill/internal/install/installer.go:128.84,129.17 1 0
github.com/SergioLacerda/strategist-skill/internal/install/installer.go:129.17,131.47 2 0
github.com/SergioLacerda/strategist-skill/internal/install/installer.go:131.47,133.4 1 0
github.com/SergioLacerda/strategist-skill/internal/install/installer.go:134.3,135.17 2 0
github.com/SergioLacerda/strategist-skill/internal/install/installer.go:135.17,137.4 1 0
github.com/SergioLacerda/strategist-skill/internal/install/installer.go:138.3,138.67 1 0
github.com/SergioLacerda/strategist-skill/internal/install/installer.go:138.67,140.4 1 0
github.com/SergioLacerda/strategist-skill/internal/install/installer.go:141.3,141.13 1 0
github.com/SergioLacerda/strategist-skill/internal/install/installer.go:144.2,146.16 3 0
github.com/SergioLacerda/strategist-skill/internal/install/installer.go:146.16,148.3 1 0
github.com/SergioLacerda/strategist-skill/internal/install/installer.go:149.2,149.59 1 0
github.com/SergioLacerda/strategist-skill/internal/install/installer.go:149.59,151.3 1 0
github.com/SergioLacerda/strategist-skill/internal/install/installer.go:152.2,152.76 1 0
github.com/SergioLacerda/strategist-skill/internal/install/installer.go:152.76,154.3 1 0
github.com/SergioLacerda/strategist-skill/internal/install/installer.go:155.2,155.69 1 0
github.com/SergioLacerda/strategist-skill/internal/install/installer.go:155.69,157.3 1 0
github.com/SergioLacerda/strategist-skill/internal/install/installer.go:158.2,158.70 1 0
github.com/SergioLacerda/strategist-skill/internal/install/installer.go:158.70,160.3 1 0
github.com/SergioLacerda/strategist-skill/internal/install/installer.go:161.2,161.12 1 0
github.com/SergioLacerda/strategist-skill/internal/install/installer.go:164.101,172.45 3 0
github.com/SergioLacerda/strategist-skill/internal/install/installer.go:172.45,174.10 2 0
github.com/SergioLacerda/strategist-skill/internal/install/installer.go:174.10,175.12 1 0
github.com/SergioLacerda/strategist-skill/internal/install/installer.go:178.3,179.17 2 0
github.com/SergioLacerda/strategist-skill/internal/install/installer.go:179.17,181.4 1 0
github.com/SergioLacerda/strategist-skill/internal/install/installer.go:183.3,184.57 2 0
github.com/SergioLacerda/strategist-skill/internal/install/installer.go:184.57,186.4 1 0
github.com/SergioLacerda/strategist-skill/internal/install/installer.go:188.3,189.63 2 0
github.com/SergioLacerda/strategist-skill/internal/install/installer.go:189.63,191.4 1 0
github.com/SergioLacerda/strategist-skill/internal/install/installer.go:194.2,194.12 1 0
github.com/SergioLacerda/strategist-skill/internal/install/installer.go:199.45,200.29 1 0
github.com/SergioLacerda/strategist-skill/internal/install/installer.go:200.29,202.3 1 0
github.com/SergioLacerda/strategist-skill/internal/install/installer.go:203.2,204.18 2 0
github.com/SergioLacerda/strategist-skill/internal/install/installer.go:204.18,205.23 1 0
github.com/SergioLacerda/strategist-skill/internal/install/installer.go:205.23,205.69 1 0
github.com/SergioLacerda/strategist-skill/internal/install/installer.go:207.2,207.13 1 0
github.com/SergioLacerda/strategist-skill/internal/install/installer.go:207.13,209.20 2 0
github.com/SergioLacerda/strategist-skill/internal/install/installer.go:209.20,211.4 1 0
github.com/SergioLacerda/strategist-skill/internal/install/installer.go:212.3,212.18 1 0
github.com/SergioLacerda/strategist-skill/internal/install/installer.go:214.2,215.18 2 0
github.com/SergioLacerda/strategist-skill/internal/install/installer.go:215.18,217.3 1 0
github.com/SergioLacerda/strategist-skill/internal/install/installer.go:218.2,218.31 1 0
github.com/SergioLacerda/strategist-skill/internal/install/installer.go:223.86,225.16 2 0
github.com/SergioLacerda/strategist-skill/internal/install/installer.go:225.16,227.3 1 0
github.com/SergioLacerda/strategist-skill/internal/install/installer.go:228.2,229.16 2 0
github.com/SergioLacerda/strategist-skill/internal/install/installer.go:229.16,231.3 1 0
github.com/SergioLacerda/strategist-skill/internal/install/installer.go:232.2,232.63 1 0
github.com/SergioLacerda/strategist-skill/internal/install/installer.go:232.63,234.3 1 0
github.com/SergioLacerda/strategist-skill/internal/install/installer.go:235.2,235.22 1 0
github.com/SergioLacerda/strategist-skill/internal/install/installer.go:240.82,242.16 2 0
github.com/SergioLacerda/strategist-skill/internal/install/installer.go:242.16,244.3 1 0
github.com/SergioLacerda/strategist-skill/internal/install/installer.go:245.2,250.26 2 0
github.com/SergioLacerda/strategist-skill/internal/install/installer.go:254.68,255.25 1 0
github.com/SergioLacerda/strategist-skill/internal/install/installer.go:255.25,257.19 2 0
github.com/SergioLacerda/strategist-skill/internal/install/installer.go:257.19,259.18 2 0
github.com/SergioLacerda/strategist-skill/internal/install/installer.go:259.18,261.5 1 0
github.com/SergioLacerda/strategist-skill/internal/install/installer.go:262.4,262.55 1 0
github.com/SergioLacerda/strategist-skill/internal/install/installer.go:264.3,264.63 1 0
github.com/SergioLacerda/strategist-skill/internal/install/installer.go:266.2,266.28 1 0
github.com/SergioLacerda/strategist-skill/internal/install/installer.go:271.52,273.19 2 0
github.com/SergioLacerda/strategist-skill/internal/install/installer.go:273.19,276.17 3 0
github.com/SergioLacerda/strategist-skill/internal/install/installer.go:276.17,278.4 1 0
github.com/SergioLacerda/strategist-skill/internal/install/installer.go:280.2,280.83 1 0
github.com/SergioLacerda/strategist-skill/internal/install/installer.go:285.63,286.42 1 0
github.com/SergioLacerda/strategist-skill/internal/install/installer.go:286.42,287.83 1 0
github.com/SergioLacerda/strategist-skill/internal/install/installer.go:287.83,296.4 1 0
github.com/SergioLacerda/strategist-skill/internal/install/installer.go:298.2,303.3 1 0
github.com/SergioLacerda/strategist-skill/internal/install/installer.go:307.35,310.2 2 0
github.com/SergioLacerda/strategist-skill/internal/install/installer.go:320.66,322.2 1 0
github.com/SergioLacerda/strategist-skill/internal/install/installer.go:325.94,327.2 1 0
github.com/SergioLacerda/strategist-skill/internal/install/mission_id.go:15.69,18.40 3 0
github.com/SergioLacerda/strategist-skill/internal/install/mission_id.go:18.40,20.3 1 0
github.com/SergioLacerda/strategist-skill/internal/install/mission_id.go:22.2,25.18 3 0
github.com/SergioLacerda/strategist-skill/internal/install/mission_id.go:28.39,31.25 3 0
github.com/SergioLacerda/strategist-skill/internal/install/mission_id.go:31.25,32.67 1 0
github.com/SergioLacerda/strategist-skill/internal/install/mission_id.go:32.67,34.4 1 0
github.com/SergioLacerda/strategist-skill/internal/install/mission_id.go:34.9,34.34 1 0
github.com/SergioLacerda/strategist-skill/internal/install/mission_id.go:34.34,36.4 1 0
github.com/SergioLacerda/strategist-skill/internal/install/mission_id.go:38.2,38.38 1 0
github.com/SergioLacerda/strategist-skill/internal/install/mission_id.go:43.50,45.27 2 0
github.com/SergioLacerda/strategist-skill/internal/install/mission_id.go:45.27,48.17 3 0
github.com/SergioLacerda/strategist-skill/internal/install/mission_id.go:48.17,49.12 1 0
github.com/SergioLacerda/strategist-skill/internal/install/mission_id.go:51.3,51.29 1 0
github.com/SergioLacerda/strategist-skill/internal/install/mission_id.go:51.29,52.58 1 0
github.com/SergioLacerda/strategist-skill/internal/install/mission_id.go:52.58,54.5 1 0
github.com/SergioLacerda/strategist-skill/internal/install/mission_id.go:57.2,57.14 1 0
github.com/SergioLacerda/strategist-skill/internal/install/prompter.go:34.44,36.2 1 0
github.com/SergioLacerda/strategist-skill/internal/install/prompter.go:39.91,40.6 1 0
github.com/SergioLacerda/strategist-skill/internal/install/prompter.go:40.6,43.17 3 0
github.com/SergioLacerda/strategist-skill/internal/install/prompter.go:43.17,45.4 1 0
github.com/SergioLacerda/strategist-skill/internal/install/prompter.go:46.3,47.17 2 0
github.com/SergioLacerda/strategist-skill/internal/install/prompter.go:47.17,49.4 1 0
github.com/SergioLacerda/strategist-skill/internal/install/prompter.go:50.3,50.29 1 0
github.com/SergioLacerda/strategist-skill/internal/install/prompter.go:50.29,51.34 1 0
github.com/SergioLacerda/strategist-skill/internal/install/prompter.go:51.34,53.5 1 0
github.com/SergioLacerda/strategist-skill/internal/install/prompter.go:55.3,55.86 1 0
github.com/SergioLacerda/strategist-skill/internal/install/prompter.go:60.72,63.16 3 0
github.com/SergioLacerda/strategist-skill/internal/install/prompter.go:63.16,65.3 1 0
github.com/SergioLacerda/strategist-skill/internal/install/prompter.go:66.2,67.16 2 0
github.com/SergioLacerda/strategist-skill/internal/install/prompter.go:67.16,69.3 1 0
github.com/SergioLacerda/strategist-skill/internal/install/prompter.go:70.2,70.18 1 0
github.com/SergioLacerda/strategist-skill/internal/install/prompter.go:75.102,77.2 1 0
github.com/SergioLacerda/strategist-skill/internal/install/shim.go:10.65,15.21 2 0
github.com/SergioLacerda/strategist-skill/internal/install/shim.go:15.21,17.3 1 0
github.com/SergioLacerda/strategist-skill/internal/install/shim.go:18.2,21.53 2 0
github.com/SergioLacerda/strategist-skill/internal/install/shim.go:27.40,28.34 1 0
github.com/SergioLacerda/strategist-skill/internal/install/shim.go:28.34,30.3 1 0
github.com/SergioLacerda/strategist-skill/internal/install/shim.go:32.2,34.15 3 0
github.com/SergioLacerda/strategist-skill/internal/install/shim.go:34.15,36.3 1 0
github.com/SergioLacerda/strategist-skill/internal/install/shim.go:38.2,39.38 2 0
github.com/SergioLacerda/strategist-skill/internal/install/shim.go:44.39,46.16 2 0
github.com/SergioLacerda/strategist-skill/internal/install/shim.go:46.16,48.3 1 0
github.com/SergioLacerda/strategist-skill/internal/install/shim.go:49.2,50.18 2 0
github.com/SergioLacerda/strategist-skill/internal/install/shim.go:50.18,52.20 2 0
github.com/SergioLacerda/strategist-skill/internal/install/shim.go:52.20,54.4 1 0
github.com/SergioLacerda/strategist-skill/internal/install/shim.go:55.3,55.54 1 0
github.com/SergioLacerda/strategist-skill/internal/install/shim.go:57.2,57.43 1 0
github.com/SergioLacerda/strategist-skill/internal/install/shim.go:64.67,66.73 2 0
github.com/SergioLacerda/strategist-skill/internal/install/shim.go:66.73,68.3 1 0
github.com/SergioLacerda/strategist-skill/internal/install/shim.go:69.2,70.12 2 0
github.com/SergioLacerda/strategist-skill/internal/install/shim.go:74.68,75.67 1 0
github.com/SergioLacerda/strategist-skill/internal/install/shim.go:75.67,77.3 1 0
github.com/SergioLacerda/strategist-skill/internal/install/shim.go:78.2,79.63 2 0
github.com/SergioLacerda/strategist-skill/internal/install/shim.go:79.63,81.3 1 0
github.com/SergioLacerda/strategist-skill/internal/install/shim.go:82.2,82.12 1 0
github.com/SergioLacerda/strategist-skill/internal/install/shim.go:88.68,90.66 2 0
github.com/SergioLacerda/strategist-skill/internal/install/shim.go:90.66,95.33 2 0
github.com/SergioLacerda/strategist-skill/internal/install/shim.go:95.33,96.68 1 0
github.com/SergioLacerda/strategist-skill/internal/install/shim.go:96.68,97.13 1 0
github.com/SergioLacerda/strategist-skill/internal/install/shim.go:102.2,103.65 2 0
github.com/SergioLacerda/strategist-skill/internal/install/shim.go:103.65,107.17 1 0
github.com/SergioLacerda/strategist-skill/internal/install/shim.go:107.17,109.4 1 0
github.com/SergioLacerda/strategist-skill/internal/install/tui.go:21.32,23.2 1 0
github.com/SergioLacerda/strategist-skill/internal/install/tui.go:26.90,29.28 3 0
github.com/SergioLacerda/strategist-skill/internal/install/tui.go:29.28,31.3 1 0
github.com/SergioLacerda/strategist-skill/internal/install/tui.go:32.2,37.16 1 0
github.com/SergioLacerda/strategist-skill/internal/install/tui.go:37.16,39.3 1 0
github.com/SergioLacerda/strategist-skill/internal/install/tui.go:40.2,40.20 1 0
github.com/SergioLacerda/strategist-skill/internal/install/tui.go:44.71,50.16 2 0
github.com/SergioLacerda/strategist-skill/internal/install/tui.go:50.16,52.3 1 0
github.com/SergioLacerda/strategist-skill/internal/install/tui.go:53.2,53.20 1 0
github.com/SergioLacerda/strategist-skill/internal/install/tui.go:58.117,60.28 2 0
github.com/SergioLacerda/strategist-skill/internal/install/tui.go:60.28,62.3 1 0
github.com/SergioLacerda/strategist-skill/internal/install/tui.go:63.2,71.16 3 0
github.com/SergioLacerda/strategist-skill/internal/install/tui.go:71.16,73.3 1 0
github.com/SergioLacerda/strategist-skill/internal/install/tui.go:75.2,75.30 1 0
github.com/SergioLacerda/strategist-skill/internal/install/tui.go:75.30,77.3 1 0
github.com/SergioLacerda/strategist-skill/internal/install/tui.go:80.2,85.16 2 0
github.com/SergioLacerda/strategist-skill/internal/install/tui.go:85.16,87.3 1 0
github.com/SergioLacerda/strategist-skill/internal/install/tui.go:88.2,88.20 1 0
github.com/SergioLacerda/strategist-skill/internal/install/wizard.go:42.75,44.16 2 0
github.com/SergioLacerda/strategist-skill/internal/install/wizard.go:44.16,46.3 1 0
github.com/SergioLacerda/strategist-skill/internal/install/wizard.go:47.2,50.78 2 0
github.com/SergioLacerda/strategist-skill/internal/install/wizard.go:50.78,52.3 1 0
github.com/SergioLacerda/strategist-skill/internal/install/wizard.go:53.2,53.22 1 0
github.com/SergioLacerda/strategist-skill/internal/install/wizard.go:64.66,66.16 2 0
github.com/SergioLacerda/strategist-skill/internal/install/wizard.go:66.16,68.3 1 0
github.com/SergioLacerda/strategist-skill/internal/install/wizard.go:69.2,79.51 2 0
github.com/SergioLacerda/strategist-skill/internal/install/wizard.go:79.51,81.3 1 0
github.com/SergioLacerda/strategist-skill/internal/install/wizard.go:82.2,83.47 2 0
github.com/SergioLacerda/strategist-skill/internal/install/wizard.go:83.47,85.3 1 0
github.com/SergioLacerda/strategist-skill/internal/install/wizard.go:86.2,86.43 1 0
github.com/SergioLacerda/strategist-skill/internal/install/wizard.go:86.43,88.3 1 0
github.com/SergioLacerda/strategist-skill/internal/install/wizard.go:89.2,89.12 1 0
github.com/SergioLacerda/strategist-skill/internal/install/wizard.go:94.89,96.9 2 0
github.com/SergioLacerda/strategist-skill/internal/install/wizard.go:96.9,99.3 1 0
github.com/SergioLacerda/strategist-skill/internal/install/wizard.go:100.2,100.26 1 0
github.com/SergioLacerda/strategist-skill/internal/install/wizard.go:100.26,103.3 1 0
github.com/SergioLacerda/strategist-skill/internal/install/wizard.go:104.2,104.11 1 0
github.com/SergioLacerda/strategist-skill/internal/install/wizard.go:108.89,113.16 4 0
github.com/SergioLacerda/strategist-skill/internal/install/wizard.go:113.16,115.3 1 0
github.com/SergioLacerda/strategist-skill/internal/install/wizard.go:116.2,121.16 4 0
github.com/SergioLacerda/strategist-skill/internal/install/wizard.go:121.16,123.3 1 0
github.com/SergioLacerda/strategist-skill/internal/install/wizard.go:124.2,125.16 2 0
github.com/SergioLacerda/strategist-skill/internal/install/wizard.go:125.16,127.3 1 0
github.com/SergioLacerda/strategist-skill/internal/install/wizard.go:128.2,129.16 2 0
github.com/SergioLacerda/strategist-skill/internal/install/wizard.go:129.16,131.3 1 0
github.com/SergioLacerda/strategist-skill/internal/install/wizard.go:133.2,134.16 2 0
github.com/SergioLacerda/strategist-skill/internal/install/wizard.go:134.16,136.3 1 0
github.com/SergioLacerda/strategist-skill/internal/install/wizard.go:137.2,138.16 2 0
github.com/SergioLacerda/strategist-skill/internal/install/wizard.go:138.16,140.3 1 0
github.com/SergioLacerda/strategist-skill/internal/install/wizard.go:141.2,142.16 2 0
github.com/SergioLacerda/strategist-skill/internal/install/wizard.go:142.16,144.3 1 0
github.com/SergioLacerda/strategist-skill/internal/install/wizard.go:146.2,147.16 2 0
github.com/SergioLacerda/strategist-skill/internal/install/wizard.go:147.16,149.3 1 0
github.com/SergioLacerda/strategist-skill/internal/install/wizard.go:151.2,152.16 2 0
github.com/SergioLacerda/strategist-skill/internal/install/wizard.go:152.16,154.3 1 0
github.com/SergioLacerda/strategist-skill/internal/install/wizard.go:156.2,158.16 3 0
github.com/SergioLacerda/strategist-skill/internal/install/wizard.go:158.16,160.3 1 0
github.com/SergioLacerda/strategist-skill/internal/install/wizard.go:162.2,176.8 1 0
github.com/SergioLacerda/strategist-skill/internal/install/wizard.go:180.113,182.16 2 0
github.com/SergioLacerda/strategist-skill/internal/install/wizard.go:182.16,184.3 1 0
github.com/SergioLacerda/strategist-skill/internal/install/wizard.go:185.2,186.57 2 0
github.com/SergioLacerda/strategist-skill/internal/install/wizard.go:186.57,188.3 1 0
github.com/SergioLacerda/strategist-skill/internal/install/wizard.go:189.2,190.16 2 0
github.com/SergioLacerda/strategist-skill/internal/install/wizard.go:190.16,192.3 1 0
github.com/SergioLacerda/strategist-skill/internal/install/wizard.go:193.2,193.93 1 0
github.com/SergioLacerda/strategist-skill/internal/install/wizard.go:193.93,195.3 1 0
github.com/SergioLacerda/strategist-skill/internal/install/wizard.go:196.2,196.47 1 0
github.com/SergioLacerda/strategist-skill/internal/install/wizard.go:200.137,203.16 3 0
github.com/SergioLacerda/strategist-skill/internal/install/wizard.go:203.16,205.3 1 0
github.com/SergioLacerda/strategist-skill/internal/install/wizard.go:206.2,206.79 1 0
github.com/SergioLacerda/strategist-skill/internal/install/wizard.go:206.79,208.3 1 0
github.com/SergioLacerda/strategist-skill/internal/install/wizard.go:209.2,210.16 2 0
github.com/SergioLacerda/strategist-skill/internal/install/wizard.go:210.16,212.3 1 0
github.com/SergioLacerda/strategist-skill/internal/install/wizard.go:213.2,213.80 1 0
github.com/SergioLacerda/strategist-skill/internal/install/wizard.go:213.80,215.3 1 0
github.com/SergioLacerda/strategist-skill/internal/install/wizard.go:216.2,217.16 2 0
github.com/SergioLacerda/strategist-skill/internal/install/wizard.go:217.16,219.3 1 0
github.com/SergioLacerda/strategist-skill/internal/install/wizard.go:220.2,220.75 1 0
github.com/SergioLacerda/strategist-skill/internal/install/wizard.go:220.75,222.3 1 0
github.com/SergioLacerda/strategist-skill/internal/install/wizard.go:223.2,223.46 1 0
github.com/SergioLacerda/strategist-skill/internal/install/wizard.go:228.34,229.69 1 0
github.com/SergioLacerda/strategist-skill/internal/install/wizard.go:229.69,231.3 1 0
github.com/SergioLacerda/strategist-skill/internal/install/wizard.go:232.2,232.12 1 0
github.com/SergioLacerda/strategist-skill/internal/integrity/warning.go:19.51,21.16 2 0
github.com/SergioLacerda/strategist-skill/internal/integrity/warning.go:21.16,23.3 1 0
github.com/SergioLacerda/strategist-skill/internal/integrity/warning.go:24.2,26.16 3 0
github.com/SergioLacerda/strategist-skill/internal/integrity/warning.go:26.16,28.3 1 0
github.com/SergioLacerda/strategist-skill/internal/integrity/warning.go:29.2,29.60 1 0
github.com/SergioLacerda/strategist-skill/internal/integrity/warning.go:29.60,31.3 1 0
github.com/SergioLacerda/strategist-skill/internal/integrity/warning.go:32.2,32.12 1 0
github.com/SergioLacerda/strategist-skill/internal/integrity/warning.go:37.60,39.36 2 0
github.com/SergioLacerda/strategist-skill/internal/integrity/warning.go:39.36,41.3 1 0
github.com/SergioLacerda/strategist-skill/internal/integrity/warning.go:42.2,42.16 1 0
github.com/SergioLacerda/strategist-skill/internal/integrity/warning.go:42.16,44.3 1 0
github.com/SergioLacerda/strategist-skill/internal/integrity/warning.go:46.2,47.52 2 0
github.com/SergioLacerda/strategist-skill/internal/integrity/warning.go:47.52,49.3 1 0
github.com/SergioLacerda/strategist-skill/internal/integrity/warning.go:51.2,52.36 2 0
github.com/SergioLacerda/strategist-skill/internal/integrity/warning.go:52.36,54.3 1 0
github.com/SergioLacerda/strategist-skill/internal/integrity/warning.go:55.2,55.16 1 0
github.com/SergioLacerda/strategist-skill/internal/integrity/warning.go:55.16,57.3 1 0
github.com/SergioLacerda/strategist-skill/internal/integrity/warning.go:59.2,59.53 1 0
github.com/SergioLacerda/strategist-skill/internal/stale/check.go:24.61,25.57 1 0
github.com/SergioLacerda/strategist-skill/internal/stale/check.go:25.57,27.3 1 0
github.com/SergioLacerda/strategist-skill/internal/stale/check.go:27.8,27.23 1 0
github.com/SergioLacerda/strategist-skill/internal/stale/check.go:27.23,29.3 1 0
github.com/SergioLacerda/strategist-skill/internal/stale/check.go:31.2,32.57 2 0
github.com/SergioLacerda/strategist-skill/internal/stale/check.go:32.57,34.3 1 0
github.com/SergioLacerda/strategist-skill/internal/stale/check.go:34.8,34.23 1 0
github.com/SergioLacerda/strategist-skill/internal/stale/check.go:34.23,36.3 1 0
github.com/SergioLacerda/strategist-skill/internal/stale/check.go:38.2,39.16 2 0
github.com/SergioLacerda/strategist-skill/internal/stale/check.go:39.16,41.3 1 0
github.com/SergioLacerda/strategist-skill/internal/stale/check.go:43.2,43.38 1 0
github.com/SergioLacerda/strategist-skill/internal/stale/check.go:43.38,45.29 2 0
github.com/SergioLacerda/strategist-skill/internal/stale/check.go:45.29,47.4 1 0
github.com/SergioLacerda/strategist-skill/internal/stale/check.go:48.3,48.21 1 0
github.com/SergioLacerda/strategist-skill/internal/stale/check.go:48.21,50.4 1 0
github.com/SergioLacerda/strategist-skill/internal/stale/check.go:51.3,51.39 1 0
github.com/SergioLacerda/strategist-skill/internal/stale/check.go:51.39,53.4 1 0
github.com/SergioLacerda/strategist-skill/internal/stale/check.go:56.2,56.19 1 0
github.com/SergioLacerda/strategist-skill/internal/stale/check.go:60.65,62.16 2 0
github.com/SergioLacerda/strategist-skill/internal/stale/check.go:62.16,64.3 1 0
github.com/SergioLacerda/strategist-skill/internal/stale/check.go:65.2,68.16 3 0
github.com/SergioLacerda/strategist-skill/internal/stale/check.go:68.16,70.3 1 0
github.com/SergioLacerda/strategist-skill/internal/stale/check.go:71.2,76.62 3 0
github.com/SergioLacerda/strategist-skill/internal/stale/check.go:76.62,78.3 1 0
github.com/SergioLacerda/strategist-skill/internal/stale/check.go:80.2,80.29 1 0
github.com/SergioLacerda/strategist-skill/internal/stale/check.go:80.29,82.3 1 0
github.com/SergioLacerda/strategist-skill/internal/stale/check.go:84.2,84.30 1 0
github.com/SergioLacerda/strategist-skill/internal/telemetry/checkpoint.go:22.50,23.40 1 0
github.com/SergioLacerda/strategist-skill/internal/telemetry/checkpoint.go:23.40,24.16 1 0
github.com/SergioLacerda/strategist-skill/internal/telemetry/checkpoint.go:24.16,26.4 1 0
github.com/SergioLacerda/strategist-skill/internal/telemetry/checkpoint.go:28.2,28.14 1 0
github.com/SergioLacerda/strategist-skill/internal/telemetry/checkpoint.go:32.49,33.20 1 0
github.com/SergioLacerda/strategist-skill/internal/telemetry/checkpoint.go:33.20,35.3 1 0
github.com/SergioLacerda/strategist-skill/internal/telemetry/checkpoint.go:36.2,36.28 1 0
github.com/SergioLacerda/strategist-skill/internal/telemetry/checkpoint.go:41.62,43.36 2 0
github.com/SergioLacerda/strategist-skill/internal/telemetry/checkpoint.go:43.36,45.3 1 0
github.com/SergioLacerda/strategist-skill/internal/telemetry/checkpoint.go:46.2,46.16 1 0
github.com/SergioLacerda/strategist-skill/internal/telemetry/checkpoint.go:46.16,48.3 1 0
github.com/SergioLacerda/strategist-skill/internal/telemetry/checkpoint.go:49.2,50.50 2 0
github.com/SergioLacerda/strategist-skill/internal/telemetry/checkpoint.go:50.50,52.3 1 0
github.com/SergioLacerda/strategist-skill/internal/telemetry/checkpoint.go:53.2,53.17 1 0
github.com/SergioLacerda/strategist-skill/internal/telemetry/checkpoint.go:58.63,60.16 2 0
github.com/SergioLacerda/strategist-skill/internal/telemetry/checkpoint.go:60.16,62.3 1 0
github.com/SergioLacerda/strategist-skill/internal/telemetry/checkpoint.go:63.2,65.16 3 0
github.com/SergioLacerda/strategist-skill/internal/telemetry/checkpoint.go:65.16,67.3 1 0
github.com/SergioLacerda/strategist-skill/internal/telemetry/checkpoint.go:68.2,69.43 2 0
github.com/SergioLacerda/strategist-skill/internal/telemetry/checkpoint.go:69.43,73.3 3 0
github.com/SergioLacerda/strategist-skill/internal/telemetry/checkpoint.go:74.2,74.36 1 0
github.com/SergioLacerda/strategist-skill/internal/telemetry/checkpoint.go:74.36,77.3 2 0
github.com/SergioLacerda/strategist-skill/internal/telemetry/checkpoint.go:78.2,78.49 1 0
github.com/SergioLacerda/strategist-skill/internal/telemetry/checkpoint.go:78.49,81.3 2 0
github.com/SergioLacerda/strategist-skill/internal/telemetry/checkpoint.go:82.2,82.12 1 0
github.com/SergioLacerda/strategist-skill/internal/telemetry/checkpoint.go:87.42,89.36 2 0
github.com/SergioLacerda/strategist-skill/internal/telemetry/checkpoint.go:89.36,91.3 1 0
github.com/SergioLacerda/strategist-skill/internal/telemetry/checkpoint.go:92.2,92.16 1 0
github.com/SergioLacerda/strategist-skill/internal/telemetry/checkpoint.go:92.16,94.3 1 0
github.com/SergioLacerda/strategist-skill/internal/telemetry/checkpoint.go:95.2,95.12 1 0
github.com/SergioLacerda/strategist-skill/internal/telemetry/config.go:18.23,20.19 2 0
github.com/SergioLacerda/strategist-skill/internal/telemetry/config.go:20.19,22.3 1 0
github.com/SergioLacerda/strategist-skill/internal/telemetry/config.go:23.2,28.3 2 0
github.com/SergioLacerda/strategist-skill/internal/telemetry/config.go:33.32,35.2 1 0
github.com/SergioLacerda/strategist-skill/internal/telemetry/mission_metrics.go:26.52,42.2 1 0
github.com/SergioLacerda/strategist-skill/internal/telemetry/mission_metrics.go:45.43,61.2 1 0
github.com/SergioLacerda/strategist-skill/internal/telemetry/mission_run.go:29.50,34.2 1 0
github.com/SergioLacerda/strategist-skill/internal/telemetry/mission_run.go:37.75,39.2 1 0
github.com/SergioLacerda/strategist-skill/internal/telemetry/mission_run.go:42.61,43.16 1 0
github.com/SergioLacerda/strategist-skill/internal/telemetry/mission_run.go:43.16,45.3 1 0
github.com/SergioLacerda/strategist-skill/internal/telemetry/mission_run.go:46.2,47.9 2 0
github.com/SergioLacerda/strategist-skill/internal/telemetry/mission_run.go:47.9,49.3 1 0
github.com/SergioLacerda/strategist-skill/internal/telemetry/mission_run.go:50.2,50.12 1 0
github.com/SergioLacerda/strategist-skill/internal/telemetry/mission_run.go:54.35,57.25 3 0
github.com/SergioLacerda/strategist-skill/internal/telemetry/mission_run.go:57.25,59.3 1 0
github.com/SergioLacerda/strategist-skill/internal/telemetry/mission_run.go:63.35,66.25 3 0
github.com/SergioLacerda/strategist-skill/internal/telemetry/mission_run.go:66.25,68.3 1 0
github.com/SergioLacerda/strategist-skill/internal/telemetry/mission_run.go:72.38,75.28 3 0
github.com/SergioLacerda/strategist-skill/internal/telemetry/mission_run.go:75.28,77.3 1 0
github.com/SergioLacerda/strategist-skill/internal/telemetry/mission_run.go:81.42,84.23 3 0
github.com/SergioLacerda/strategist-skill/internal/telemetry/mission_run.go:84.23,86.3 1 0
github.com/SergioLacerda/strategist-skill/internal/telemetry/mission_run.go:91.41,94.30 3 0
github.com/SergioLacerda/strategist-skill/internal/telemetry/mission_run.go:94.30,96.3 1 0
github.com/SergioLacerda/strategist-skill/internal/telemetry/mission_run.go:100.35,103.25 3 0
github.com/SergioLacerda/strategist-skill/internal/telemetry/mission_run.go:103.25,105.3 1 0
github.com/SergioLacerda/strategist-skill/internal/telemetry/mission_run.go:109.40,110.12 1 0
github.com/SergioLacerda/strategist-skill/internal/telemetry/mission_run.go:110.12,112.3 1 0
github.com/SergioLacerda/strategist-skill/internal/telemetry/mission_run.go:113.2,115.15 3 0
github.com/SergioLacerda/strategist-skill/internal/telemetry/mission_run.go:119.47,124.2 4 0
github.com/SergioLacerda/strategist-skill/internal/telemetry/mission_run.go:127.48,133.23 5 0
github.com/SergioLacerda/strategist-skill/internal/telemetry/mission_run.go:133.23,135.3 1 0
github.com/SergioLacerda/strategist-skill/internal/telemetry/mission_run.go:136.2,137.23 2 0
github.com/SergioLacerda/strategist-skill/internal/telemetry/mission_run.go:137.23,139.3 1 0
github.com/SergioLacerda/strategist-skill/internal/telemetry/mission_run.go:140.2,141.26 2 0
github.com/SergioLacerda/strategist-skill/internal/telemetry/mission_run.go:141.26,143.3 1 0
github.com/SergioLacerda/strategist-skill/internal/telemetry/mission_run.go:144.2,145.21 2 0
github.com/SergioLacerda/strategist-skill/internal/telemetry/mission_run.go:145.21,147.3 1 0
github.com/SergioLacerda/strategist-skill/internal/telemetry/mission_run.go:148.2,149.28 2 0
github.com/SergioLacerda/strategist-skill/internal/telemetry/mission_run.go:149.28,151.3 1 0
github.com/SergioLacerda/strategist-skill/internal/telemetry/mission_run.go:152.2,153.23 2 0
github.com/SergioLacerda/strategist-skill/internal/telemetry/mission_run.go:153.23,155.3 1 0
github.com/SergioLacerda/strategist-skill/internal/telemetry/mission_run.go:157.2,170.3 1 0
github.com/SergioLacerda/strategist-skill/internal/telemetry/mission_run.go:174.31,177.2 2 0
github.com/SergioLacerda/strategist-skill/internal/telemetry/mission_run.go:180.41,181.51 1 0
github.com/SergioLacerda/strategist-skill/internal/telemetry/mission_run.go:181.51,183.3 1 0
github.com/SergioLacerda/strategist-skill/internal/telemetry/mission_run.go:187.128,192.2 1 0
github.com/SergioLacerda/strategist-skill/internal/telemetry/outcome.go:27.45,29.57 2 0
github.com/SergioLacerda/strategist-skill/internal/telemetry/outcome.go:29.57,31.3 1 0
github.com/SergioLacerda/strategist-skill/internal/telemetry/outcome.go:32.2,33.23 2 0
github.com/SergioLacerda/strategist-skill/internal/telemetry/outcome.go:33.23,35.3 1 0
github.com/SergioLacerda/strategist-skill/internal/telemetry/outcome.go:36.2,36.20 1 0
github.com/SergioLacerda/strategist-skill/internal/telemetry/outcome.go:36.20,38.3 1 0
github.com/SergioLacerda/strategist-skill/internal/telemetry/outcome.go:39.2,39.23 1 0
github.com/SergioLacerda/strategist-skill/internal/telemetry/outcome.go:39.23,41.3 1 0
github.com/SergioLacerda/strategist-skill/internal/telemetry/outcome.go:42.2,42.29 1 0
github.com/SergioLacerda/strategist-skill/internal/telemetry/outcome.go:50.55,51.49 1 0
github.com/SergioLacerda/strategist-skill/internal/telemetry/outcome.go:51.49,53.3 1 0
github.com/SergioLacerda/strategist-skill/internal/telemetry/outcome.go:54.2,55.16 2 0
github.com/SergioLacerda/strategist-skill/internal/telemetry/outcome.go:55.16,57.3 1 0
github.com/SergioLacerda/strategist-skill/internal/telemetry/outcome.go:58.2,58.15 1 0
github.com/SergioLacerda/strategist-skill/internal/telemetry/outcome.go:58.15,59.51 1 0
github.com/SergioLacerda/strategist-skill/internal/telemetry/outcome.go:59.51,61.4 1 0
github.com/SergioLacerda/strategist-skill/internal/telemetry/outcome.go:63.2,63.35 1 0
github.com/SergioLacerda/strategist-skill/internal/telemetry/outcome.go:63.35,65.3 1 0
github.com/SergioLacerda/strategist-skill/internal/telemetry/outcome.go:66.2,66.15 1 0
github.com/SergioLacerda/strategist-skill/internal/telemetry/outcome.go:66.15,67.65 1 0
github.com/SergioLacerda/strategist-skill/internal/telemetry/outcome.go:67.65,69.4 1 0
github.com/SergioLacerda/strategist-skill/internal/telemetry/outcome.go:71.2,71.48 1 0
github.com/SergioLacerda/strategist-skill/internal/telemetry/outcome.go:71.48,73.3 1 0
github.com/SergioLacerda/strategist-skill/internal/telemetry/outcome.go:74.2,74.12 1 0
github.com/SergioLacerda/strategist-skill/internal/telemetry/outcome.go:79.47,80.54 1 0
github.com/SergioLacerda/strategist-skill/internal/telemetry/outcome.go:80.54,82.3 1 0
github.com/SergioLacerda/strategist-skill/internal/telemetry/outcome_unix.go:11.33,12.68 1 0
github.com/SergioLacerda/strategist-skill/internal/telemetry/outcome_unix.go:12.68,14.3 1 0
github.com/SergioLacerda/strategist-skill/internal/telemetry/outcome_unix.go:15.2,15.12 1 0
github.com/SergioLacerda/strategist-skill/internal/telemetry/outcome_unix.go:18.35,19.68 1 0
github.com/SergioLacerda/strategist-skill/internal/telemetry/outcome_unix.go:19.68,21.3 1 0
github.com/SergioLacerda/strategist-skill/internal/telemetry/outcome_unix.go:22.2,22.12 1 0
github.com/SergioLacerda/strategist-skill/internal/telemetry/policy_event.go:22.47,24.30 2 0
github.com/SergioLacerda/strategist-skill/internal/telemetry/policy_event.go:24.30,26.3 1 0
github.com/SergioLacerda/strategist-skill/internal/telemetry/policy_event.go:27.2,27.28 1 0
github.com/SergioLacerda/strategist-skill/internal/telemetry/policy_event.go:27.28,29.3 1 0
github.com/SergioLacerda/strategist-skill/internal/telemetry/policy_event.go:30.2,30.21 1 0
github.com/SergioLacerda/strategist-skill/internal/telemetry/policy_event.go:30.21,32.3 1 0
github.com/SergioLacerda/strategist-skill/internal/telemetry/policy_event.go:33.2,33.13 1 0
github.com/SergioLacerda/strategist-skill/internal/telemetry/policy_event.go:37.38,46.30 2 0
github.com/SergioLacerda/strategist-skill/internal/telemetry/policy_event.go:46.30,48.3 1 0
github.com/SergioLacerda/strategist-skill/internal/telemetry/policy_event.go:49.2,49.28 1 0
github.com/SergioLacerda/strategist-skill/internal/telemetry/policy_event.go:49.28,51.3 1 0
github.com/SergioLacerda/strategist-skill/internal/telemetry/policy_event.go:52.2,52.21 1 0
github.com/SergioLacerda/strategist-skill/internal/telemetry/policy_event.go:52.21,54.3 1 0
github.com/SergioLacerda/strategist-skill/internal/telemetry/policy_event.go:55.2,55.44 1 0
github.com/SergioLacerda/strategist-skill/internal/telemetry/schema.go:42.36,43.23 1 0
github.com/SergioLacerda/strategist-skill/internal/telemetry/schema.go:43.23,45.3 1 0
github.com/SergioLacerda/strategist-skill/internal/telemetry/schema.go:46.2,46.10 1 0
github.com/SergioLacerda/strategist-skill/internal/telemetry/setup.go:20.73,21.20 1 0
github.com/SergioLacerda/strategist-skill/internal/telemetry/setup.go:21.20,23.38 2 0
github.com/SergioLacerda/strategist-skill/internal/telemetry/setup.go:23.38,23.52 1 0
github.com/SergioLacerda/strategist-skill/internal/telemetry/setup.go:26.2,29.18 2 0
github.com/SergioLacerda/strategist-skill/internal/telemetry/setup.go:29.18,31.3 1 0
github.com/SergioLacerda/strategist-skill/internal/telemetry/setup.go:33.2,34.16 2 0
github.com/SergioLacerda/strategist-skill/internal/telemetry/setup.go:34.16,36.3 1 0
github.com/SergioLacerda/strategist-skill/internal/telemetry/setup.go:38.2,41.16 2 0
github.com/SergioLacerda/strategist-skill/internal/telemetry/setup.go:41.16,43.3 1 0
github.com/SergioLacerda/strategist-skill/internal/telemetry/setup.go:45.2,55.25 5 0
github.com/SergioLacerda/strategist-skill/internal/telemetry/tracer.go:13.28,15.2 1 0
github.com/SergioLacerda/strategist-skill/internal/testutil/testutil.go:16.52,25.2 8 0
github.com/SergioLacerda/strategist-skill/internal/testutil/testutil.go:28.51,37.2 8 0
github.com/SergioLacerda/strategist-skill/internal/testutil/testutil.go:42.44,51.2 8 0
github.com/SergioLacerda/strategist-skill/internal/compile/all.go:20.60,31.26 5 0
github.com/SergioLacerda/strategist-skill/internal/compile/all.go:31.26,31.63 1 0
github.com/SergioLacerda/strategist-skill/internal/compile/all.go:32.27,32.61 1 0
github.com/SergioLacerda/strategist-skill/internal/compile/all.go:33.27,33.61 1 0
github.com/SergioLacerda/strategist-skill/internal/compile/all.go:36.2,42.26 3 0
github.com/SergioLacerda/strategist-skill/internal/compile/all.go:42.26,44.13 2 0
github.com/SergioLacerda/strategist-skill/internal/compile/all.go:44.13,46.33 2 0
github.com/SergioLacerda/strategist-skill/internal/compile/all.go:46.33,50.5 3 0
github.com/SergioLacerda/strategist-skill/internal/compile/all.go:53.2,55.19 2 0
github.com/SergioLacerda/strategist-skill/internal/compile/all.go:55.19,57.3 1 0
github.com/SergioLacerda/strategist-skill/internal/compile/all.go:59.2,70.59 3 0
github.com/SergioLacerda/strategist-skill/internal/compile/all.go:70.59,72.3 1 0
github.com/SergioLacerda/strategist-skill/internal/compile/all.go:74.2,74.12 1 0
github.com/SergioLacerda/strategist-skill/internal/compile/cache.go:33.51,39.2 1 0
github.com/SergioLacerda/strategist-skill/internal/compile/cache.go:42.67,47.9 5 0
github.com/SergioLacerda/strategist-skill/internal/compile/cache.go:47.9,49.3 1 0
github.com/SergioLacerda/strategist-skill/internal/compile/cache.go:50.2,51.9 2 0
github.com/SergioLacerda/strategist-skill/internal/compile/cache.go:51.9,53.3 1 0
github.com/SergioLacerda/strategist-skill/internal/compile/cache.go:54.2,56.19 3 0
github.com/SergioLacerda/strategist-skill/internal/compile/cache.go:62.73,66.34 4 0
github.com/SergioLacerda/strategist-skill/internal/compile/cache.go:66.34,68.10 2 0
github.com/SergioLacerda/strategist-skill/internal/compile/cache.go:68.10,70.4 1 0
github.com/SergioLacerda/strategist-skill/internal/compile/cache.go:71.3,74.9 4 0
github.com/SergioLacerda/strategist-skill/internal/compile/cache.go:76.2,76.31 1 0
github.com/SergioLacerda/strategist-skill/internal/compile/cache.go:76.31,78.18 2 0
github.com/SergioLacerda/strategist-skill/internal/compile/cache.go:78.18,79.9 1 0
github.com/SergioLacerda/strategist-skill/internal/compile/cache.go:81.3,82.48 2 0
github.com/SergioLacerda/strategist-skill/internal/compile/cache.go:82.48,84.4 1 0
github.com/SergioLacerda/strategist-skill/internal/compile/cache.go:86.2,88.21 3 0
github.com/SergioLacerda/strategist-skill/internal/compile/cache.go:92.35,96.2 3 0
github.com/SergioLacerda/strategist-skill/internal/compile/config.go:14.44,19.61 3 0
github.com/SergioLacerda/strategist-skill/internal/compile/config.go:19.61,21.3 1 0
github.com/SergioLacerda/strategist-skill/internal/compile/config.go:22.2,22.45 1 0
github.com/SergioLacerda/strategist-skill/internal/compile/config.go:22.45,24.3 1 0
github.com/SergioLacerda/strategist-skill/internal/compile/config.go:27.2,28.16 2 0
github.com/SergioLacerda/strategist-skill/internal/compile/config.go:28.16,30.3 1 0
github.com/SergioLacerda/strategist-skill/internal/compile/config.go:32.2,37.16 3 0
github.com/SergioLacerda/strategist-skill/internal/compile/config.go:37.16,39.3 1 0
github.com/SergioLacerda/strategist-skill/internal/compile/config.go:40.2,41.16 2 0
github.com/SergioLacerda/strategist-skill/internal/compile/config.go:41.16,43.3 1 0
[...]
github.com/SergioLacerda/strategist-skill/internal/install/wizard.go:128.2,129.16 2 0
github.com/SergioLacerda/strategist-skill/internal/install/wizard.go:129.16,131.3 1 0
github.com/SergioLacerda/strategist-skill/internal/install/wizard.go:133.2,134.16 2 0
github.com/SergioLacerda/strategist-skill/internal/install/wizard.go:134.16,136.3 1 0
github.com/SergioLacerda/strategist-skill/internal/install/wizard.go:137.2,138.16 2 0
github.com/SergioLacerda/strategist-skill/internal/install/wizard.go:138.16,140.3 1 0
github.com/SergioLacerda/strategist-skill/internal/install/wizard.go:141.2,142.16 2 0
github.com/SergioLacerda/strategist-skill/internal/install/wizard.go:142.16,144.3 1 0
github.com/SergioLacerda/strategist-skill/internal/install/wizard.go:146.2,147.16 2 0
github.com/SergioLacerda/strategist-skill/internal/install/wizard.go:147.16,149.3 1 0
github.com/SergioLacerda/strategist-skill/internal/install/wizard.go:151.2,152.16 2 0
github.com/SergioLacerda/strategist-skill/internal/install/wizard.go:152.16,154.3 1 0
github.com/SergioLacerda/strategist-skill/internal/install/wizard.go:156.2,158.16 3 0
github.com/SergioLacerda/strategist-skill/internal/install/wizard.go:158.16,160.3 1 0
github.com/SergioLacerda/strategist-skill/internal/install/wizard.go:162.2,176.8 1 0
github.com/SergioLacerda/strategist-skill/internal/install/wizard.go:180.113,182.16 2 0
github.com/SergioLacerda/strategist-skill/internal/install/wizard.go:182.16,184.3 1 0
github.com/SergioLacerda/strategist-skill/internal/install/wizard.go:185.2,186.57 2 0
github.com/SergioLacerda/strategist-skill/internal/install/wizard.go:186.57,188.3 1 0
github.com/SergioLacerda/strategist-skill/internal/install/wizard.go:189.2,190.16 2 0
github.com/SergioLacerda/strategist-skill/internal/install/wizard.go:190.16,192.3 1 0
github.com/SergioLacerda/strategist-skill/internal/install/wizard.go:193.2,193.93 1 0
github.com/SergioLacerda/strategist-skill/internal/install/wizard.go:193.93,195.3 1 0
github.com/SergioLacerda/strategist-skill/internal/install/wizard.go:196.2,196.47 1 0
github.com/SergioLacerda/strategist-skill/internal/install/wizard.go:200.137,203.16 3 0
github.com/SergioLacerda/strategist-skill/internal/install/wizard.go:203.16,205.3 1 0
github.com/SergioLacerda/strategist-skill/internal/install/wizard.go:206.2,206.79 1 0
github.com/SergioLacerda/strategist-skill/internal/install/wizard.go:206.79,208.3 1 0
github.com/SergioLacerda/strategist-skill/internal/install/wizard.go:209.2,210.16 2 0
github.com/SergioLacerda/strategist-skill/internal/install/wizard.go:210.16,212.3 1 0
github.com/SergioLacerda/strategist-skill/internal/install/wizard.go:213.2,213.80 1 0
github.com/SergioLacerda/strategist-skill/internal/install/wizard.go:213.80,215.3 1 0
github.com/SergioLacerda/strategist-skill/internal/install/wizard.go:216.2,217.16 2 0
github.com/SergioLacerda/strategist-skill/internal/install/wizard.go:217.16,219.3 1 0
github.com/SergioLacerda/strategist-skill/internal/install/wizard.go:220.2,220.75 1 0
github.com/SergioLacerda/strategist-skill/internal/install/wizard.go:220.75,222.3 1 0
github.com/SergioLacerda/strategist-skill/internal/install/wizard.go:223.2,223.46 1 0
github.com/SergioLacerda/strategist-skill/internal/install/wizard.go:228.34,229.69 1 0
github.com/SergioLacerda/strategist-skill/internal/install/wizard.go:229.69,231.3 1 0
github.com/SergioLacerda/strategist-skill/internal/install/wizard.go:232.2,232.12 1 0
github.com/SergioLacerda/strategist-skill/internal/integrity/warning.go:19.51,21.16 2 0
github.com/SergioLacerda/strategist-skill/internal/integrity/warning.go:21.16,23.3 1 0
github.com/SergioLacerda/strategist-skill/internal/integrity/warning.go:24.2,26.16 3 0
github.com/SergioLacerda/strategist-skill/internal/integrity/warning.go:26.16,28.3 1 0
github.com/SergioLacerda/strategist-skill/internal/integrity/warning.go:29.2,29.60 1 0
github.com/SergioLacerda/strategist-skill/internal/integrity/warning.go:29.60,31.3 1 0
github.com/SergioLacerda/strategist-skill/internal/integrity/warning.go:32.2,32.12 1 0
github.com/SergioLacerda/strategist-skill/internal/integrity/warning.go:37.60,39.36 2 0
github.com/SergioLacerda/strategist-skill/internal/integrity/warning.go:39.36,41.3 1 0
github.com/SergioLacerda/strategist-skill/internal/integrity/warning.go:42.2,42.16 1 0
github.com/SergioLacerda/strategist-skill/internal/integrity/warning.go:42.16,44.3 1 0
github.com/SergioLacerda/strategist-skill/internal/integrity/warning.go:46.2,47.52 2 0
github.com/SergioLacerda/strategist-skill/internal/integrity/warning.go:47.52,49.3 1 0
github.com/SergioLacerda/strategist-skill/internal/integrity/warning.go:51.2,52.36 2 0
github.com/SergioLacerda/strategist-skill/internal/integrity/warning.go:52.36,54.3 1 0
github.com/SergioLacerda/strategist-skill/internal/integrity/warning.go:55.2,55.16 1 0
github.com/SergioLacerda/strategist-skill/internal/integrity/warning.go:55.16,57.3 1 0
github.com/SergioLacerda/strategist-skill/internal/integrity/warning.go:59.2,59.53 1 0
github.com/SergioLacerda/strategist-skill/internal/stale/check.go:24.61,25.57 1 0
github.com/SergioLacerda/strategist-skill/internal/stale/check.go:25.57,27.3 1 0
github.com/SergioLacerda/strategist-skill/internal/stale/check.go:27.8,27.23 1 0
github.com/SergioLacerda/strategist-skill/internal/stale/check.go:27.23,29.3 1 0
github.com/SergioLacerda/strategist-skill/internal/stale/check.go:31.2,32.57 2 0
github.com/SergioLacerda/strategist-skill/internal/stale/check.go:32.57,34.3 1 0
github.com/SergioLacerda/strategist-skill/internal/stale/check.go:34.8,34.23 1 0
github.com/SergioLacerda/strategist-skill/internal/stale/check.go:34.23,36.3 1 0
github.com/SergioLacerda/strategist-skill/internal/stale/check.go:38.2,39.16 2 0
github.com/SergioLacerda/strategist-skill/internal/stale/check.go:39.16,41.3 1 0
github.com/SergioLacerda/strategist-skill/internal/stale/check.go:43.2,43.38 1 0
github.com/SergioLacerda/strategist-skill/internal/stale/check.go:43.38,45.29 2 0
github.com/SergioLacerda/strategist-skill/internal/stale/check.go:45.29,47.4 1 0
github.com/SergioLacerda/strategist-skill/internal/stale/check.go:48.3,48.21 1 0
github.com/SergioLacerda/strategist-skill/internal/stale/check.go:48.21,50.4 1 0
github.com/SergioLacerda/strategist-skill/internal/stale/check.go:51.3,51.39 1 0
github.com/SergioLacerda/strategist-skill/internal/stale/check.go:51.39,53.4 1 0
github.com/SergioLacerda/strategist-skill/internal/stale/check.go:56.2,56.19 1 0
github.com/SergioLacerda/strategist-skill/internal/stale/check.go:60.65,62.16 2 0
github.com/SergioLacerda/strategist-skill/internal/stale/check.go:62.16,64.3 1 0
github.com/SergioLacerda/strategist-skill/internal/stale/check.go:65.2,68.16 3 0
github.com/SergioLacerda/strategist-skill/internal/stale/check.go:68.16,70.3 1 0
github.com/SergioLacerda/strategist-skill/internal/stale/check.go:71.2,76.62 3 0
github.com/SergioLacerda/strategist-skill/internal/stale/check.go:76.62,78.3 1 0
github.com/SergioLacerda/strategist-skill/internal/stale/check.go:80.2,80.29 1 0
github.com/SergioLacerda/strategist-skill/internal/stale/check.go:80.29,82.3 1 0
github.com/SergioLacerda/strategist-skill/internal/stale/check.go:84.2,84.30 1 0
github.com/SergioLacerda/strategist-skill/internal/telemetry/checkpoint.go:22.50,23.40 1 0
github.com/SergioLacerda/strategist-skill/internal/telemetry/checkpoint.go:23.40,24.16 1 0
github.com/SergioLacerda/strategist-skill/internal/telemetry/checkpoint.go:24.16,26.4 1 0
github.com/SergioLacerda/strategist-skill/internal/telemetry/checkpoint.go:28.2,28.14 1 0
github.com/SergioLacerda/strategist-skill/internal/telemetry/checkpoint.go:32.49,33.20 1 0
github.com/SergioLacerda/strategist-skill/internal/telemetry/checkpoint.go:33.20,35.3 1 0
github.com/SergioLacerda/strategist-skill/internal/telemetry/checkpoint.go:36.2,36.28 1 0
github.com/SergioLacerda/strategist-skill/internal/telemetry/checkpoint.go:41.62,43.36 2 0
github.com/SergioLacerda/strategist-skill/internal/telemetry/checkpoint.go:43.36,45.3 1 0
github.com/SergioLacerda/strategist-skill/internal/telemetry/checkpoint.go:46.2,46.16 1 0
github.com/SergioLacerda/strategist-skill/internal/telemetry/checkpoint.go:46.16,48.3 1 0
github.com/SergioLacerda/strategist-skill/internal/telemetry/checkpoint.go:49.2,50.50 2 0
github.com/SergioLacerda/strategist-skill/internal/telemetry/checkpoint.go:50.50,52.3 1 0
github.com/SergioLacerda/strategist-skill/internal/telemetry/checkpoint.go:53.2,53.17 1 0
github.com/SergioLacerda/strategist-skill/internal/telemetry/checkpoint.go:58.63,60.16 2 0
github.com/SergioLacerda/strategist-skill/internal/telemetry/checkpoint.go:60.16,62.3 1 0
github.com/SergioLacerda/strategist-skill/internal/telemetry/checkpoint.go:63.2,65.16 3 0
github.com/SergioLacerda/strategist-skill/internal/telemetry/checkpoint.go:65.16,67.3 1 0
github.com/SergioLacerda/strategist-skill/internal/telemetry/checkpoint.go:68.2,69.43 2 0
github.com/SergioLacerda/strategist-skill/internal/telemetry/checkpoint.go:69.43,73.3 3 0
github.com/SergioLacerda/strategist-skill/internal/telemetry/checkpoint.go:74.2,74.36 1 0
github.com/SergioLacerda/strategist-skill/internal/telemetry/checkpoint.go:74.36,77.3 2 0
github.com/SergioLacerda/strategist-skill/internal/telemetry/checkpoint.go:78.2,78.49 1 0
github.com/SergioLacerda/strategist-skill/internal/telemetry/checkpoint.go:78.49,81.3 2 0
github.com/SergioLacerda/strategist-skill/internal/telemetry/checkpoint.go:82.2,82.12 1 0
github.com/SergioLacerda/strategist-skill/internal/telemetry/checkpoint.go:87.42,89.36 2 0
github.com/SergioLacerda/strategist-skill/internal/telemetry/checkpoint.go:89.36,91.3 1 0
github.com/SergioLacerda/strategist-skill/internal/telemetry/checkpoint.go:92.2,92.16 1 0
github.com/SergioLacerda/strategist-skill/internal/telemetry/checkpoint.go:92.16,94.3 1 0
github.com/SergioLacerda/strategist-skill/internal/telemetry/checkpoint.go:95.2,95.12 1 0
github.com/SergioLacerda/strategist-skill/internal/telemetry/config.go:18.23,20.19 2 0
github.com/SergioLacerda/strategist-skill/internal/telemetry/config.go:20.19,22.3 1 0
github.com/SergioLacerda/strategist-skill/internal/telemetry/config.go:23.2,28.3 2 0
github.com/SergioLacerda/strategist-skill/internal/telemetry/config.go:33.32,35.2 1 0
github.com/SergioLacerda/strategist-skill/internal/telemetry/mission_metrics.go:26.52,42.2 1 0
github.com/SergioLacerda/strategist-skill/internal/telemetry/mission_metrics.go:45.43,61.2 1 0
github.com/SergioLacerda/strategist-skill/internal/telemetry/mission_run.go:29.50,34.2 1 0
github.com/SergioLacerda/strategist-skill/internal/telemetry/mission_run.go:37.75,39.2 1 0
github.com/SergioLacerda/strategist-skill/internal/telemetry/mission_run.go:42.61,43.16 1 0
github.com/SergioLacerda/strategist-skill/internal/telemetry/mission_run.go:43.16,45.3 1 0
github.com/SergioLacerda/strategist-skill/internal/telemetry/mission_run.go:46.2,47.9 2 0
github.com/SergioLacerda/strategist-skill/internal/telemetry/mission_run.go:47.9,49.3 1 0
github.com/SergioLacerda/strategist-skill/internal/telemetry/mission_run.go:50.2,50.12 1 0
github.com/SergioLacerda/strategist-skill/internal/telemetry/mission_run.go:54.35,57.25 3 0
github.com/SergioLacerda/strategist-skill/internal/telemetry/mission_run.go:57.25,59.3 1 0
github.com/SergioLacerda/strategist-skill/internal/telemetry/mission_run.go:63.35,66.25 3 0
github.com/SergioLacerda/strategist-skill/internal/telemetry/mission_run.go:66.25,68.3 1 0
github.com/SergioLacerda/strategist-skill/internal/telemetry/mission_run.go:72.38,75.28 3 0
github.com/SergioLacerda/strategist-skill/internal/telemetry/mission_run.go:75.28,77.3 1 0
github.com/SergioLacerda/strategist-skill/internal/telemetry/mission_run.go:81.42,84.23 3 0
github.com/SergioLacerda/strategist-skill/internal/telemetry/mission_run.go:84.23,86.3 1 0
github.com/SergioLacerda/strategist-skill/internal/telemetry/mission_run.go:91.41,94.30 3 0
github.com/SergioLacerda/strategist-skill/internal/telemetry/mission_run.go:94.30,96.3 1 0
github.com/SergioLacerda/strategist-skill/internal/telemetry/mission_run.go:100.35,103.25 3 0
github.com/SergioLacerda/strategist-skill/internal/telemetry/mission_run.go:103.25,105.3 1 0
github.com/SergioLacerda/strategist-skill/internal/telemetry/mission_run.go:109.40,110.12 1 0
github.com/SergioLacerda/strategist-skill/internal/telemetry/mission_run.go:110.12,112.3 1 0
github.com/SergioLacerda/strategist-skill/internal/telemetry/mission_run.go:113.2,115.15 3 0
github.com/SergioLacerda/strategist-skill/internal/telemetry/mission_run.go:119.47,124.2 4 0
github.com/SergioLacerda/strategist-skill/internal/telemetry/mission_run.go:127.48,133.23 5 0
github.com/SergioLacerda/strategist-skill/internal/telemetry/mission_run.go:133.23,135.3 1 0
github.com/SergioLacerda/strategist-skill/internal/telemetry/mission_run.go:136.2,137.23 2 0
github.com/SergioLacerda/strategist-skill/internal/telemetry/mission_run.go:137.23,139.3 1 0
github.com/SergioLacerda/strategist-skill/internal/telemetry/mission_run.go:140.2,141.26 2 0
github.com/SergioLacerda/strategist-skill/internal/telemetry/mission_run.go:141.26,143.3 1 0
github.com/SergioLacerda/strategist-skill/internal/telemetry/mission_run.go:144.2,145.21 2 0
github.com/SergioLacerda/strategist-skill/internal/telemetry/mission_run.go:145.21,147.3 1 0
github.com/SergioLacerda/strategist-skill/internal/telemetry/mission_run.go:148.2,149.28 2 0
github.com/SergioLacerda/strategist-skill/internal/telemetry/mission_run.go:149.28,151.3 1 0
github.com/SergioLacerda/strategist-skill/internal/telemetry/mission_run.go:152.2,153.23 2 0
github.com/SergioLacerda/strategist-skill/internal/telemetry/mission_run.go:153.23,155.3 1 0
github.com/SergioLacerda/strategist-skill/internal/telemetry/mission_run.go:157.2,170.3 1 0
github.com/SergioLacerda/strategist-skill/internal/telemetry/mission_run.go:174.31,177.2 2 0
github.com/SergioLacerda/strategist-skill/internal/telemetry/mission_run.go:180.41,181.51 1 0
github.com/SergioLacerda/strategist-skill/internal/telemetry/mission_run.go:181.51,183.3 1 0
github.com/SergioLacerda/strategist-skill/internal/telemetry/mission_run.go:187.128,192.2 1 0
github.com/SergioLacerda/strategist-skill/internal/telemetry/outcome.go:27.45,29.57 2 0
github.com/SergioLacerda/strategist-skill/internal/telemetry/outcome.go:29.57,31.3 1 0
github.com/SergioLacerda/strategist-skill/internal/telemetry/outcome.go:32.2,33.23 2 0
github.com/SergioLacerda/strategist-skill/internal/telemetry/outcome.go:33.23,35.3 1 0
github.com/SergioLacerda/strategist-skill/internal/telemetry/outcome.go:36.2,36.20 1 0
github.com/SergioLacerda/strategist-skill/internal/telemetry/outcome.go:36.20,38.3 1 0
github.com/SergioLacerda/strategist-skill/internal/telemetry/outcome.go:39.2,39.23 1 0
github.com/SergioLacerda/strategist-skill/internal/telemetry/outcome.go:39.23,41.3 1 0
github.com/SergioLacerda/strategist-skill/internal/telemetry/outcome.go:42.2,42.29 1 0
github.com/SergioLacerda/strategist-skill/internal/telemetry/outcome.go:50.55,51.49 1 0
github.com/SergioLacerda/strategist-skill/internal/telemetry/outcome.go:51.49,53.3 1 0
github.com/SergioLacerda/strategist-skill/internal/telemetry/outcome.go:54.2,55.16 2 0
github.com/SergioLacerda/strategist-skill/internal/telemetry/outcome.go:55.16,57.3 1 0
github.com/SergioLacerda/strategist-skill/internal/telemetry/outcome.go:58.2,58.15 1 0
github.com/SergioLacerda/strategist-skill/internal/telemetry/outcome.go:58.15,59.51 1 0
github.com/SergioLacerda/strategist-skill/internal/telemetry/outcome.go:59.51,61.4 1 0
github.com/SergioLacerda/strategist-skill/internal/telemetry/outcome.go:63.2,63.35 1 0
github.com/SergioLacerda/strategist-skill/internal/telemetry/outcome.go:63.35,65.3 1 0
github.com/SergioLacerda/strategist-skill/internal/telemetry/outcome.go:66.2,66.15 1 0
github.com/SergioLacerda/strategist-skill/internal/telemetry/outcome.go:66.15,67.65 1 0
github.com/SergioLacerda/strategist-skill/internal/telemetry/outcome.go:67.65,69.4 1 0
github.com/SergioLacerda/strategist-skill/internal/telemetry/outcome.go:71.2,71.48 1 0
github.com/SergioLacerda/strategist-skill/internal/telemetry/outcome.go:71.48,73.3 1 0
github.com/SergioLacerda/strategist-skill/internal/telemetry/outcome.go:74.2,74.12 1 0
github.com/SergioLacerda/strategist-skill/internal/telemetry/outcome.go:79.47,80.54 1 0
github.com/SergioLacerda/strategist-skill/internal/telemetry/outcome.go:80.54,82.3 1 0
github.com/SergioLacerda/strategist-skill/internal/telemetry/outcome_unix.go:11.33,12.68 1 0
github.com/SergioLacerda/strategist-skill/internal/telemetry/outcome_unix.go:12.68,14.3 1 0
github.com/SergioLacerda/strategist-skill/internal/telemetry/outcome_unix.go:15.2,15.12 1 0
github.com/SergioLacerda/strategist-skill/internal/telemetry/outcome_unix.go:18.35,19.68 1 0
github.com/SergioLacerda/strategist-skill/internal/telemetry/outcome_unix.go:19.68,21.3 1 0
github.com/SergioLacerda/strategist-skill/internal/telemetry/outcome_unix.go:22.2,22.12 1 0
github.com/SergioLacerda/strategist-skill/internal/telemetry/policy_event.go:22.47,24.30 2 0
github.com/SergioLacerda/strategist-skill/internal/telemetry/policy_event.go:24.30,26.3 1 0
github.com/SergioLacerda/strategist-skill/internal/telemetry/policy_event.go:27.2,27.28 1 0
github.com/SergioLacerda/strategist-skill/internal/telemetry/policy_event.go:27.28,29.3 1 0
github.com/SergioLacerda/strategist-skill/internal/telemetry/policy_event.go:30.2,30.21 1 0
github.com/SergioLacerda/strategist-skill/internal/telemetry/policy_event.go:30.21,32.3 1 0
github.com/SergioLacerda/strategist-skill/internal/telemetry/policy_event.go:33.2,33.13 1 0
github.com/SergioLacerda/strategist-skill/internal/telemetry/policy_event.go:37.38,46.30 2 0
github.com/SergioLacerda/strategist-skill/internal/telemetry/policy_event.go:46.30,48.3 1 0
github.com/SergioLacerda/strategist-skill/internal/telemetry/policy_event.go:49.2,49.28 1 0
github.com/SergioLacerda/strategist-skill/internal/telemetry/policy_event.go:49.28,51.3 1 0
github.com/SergioLacerda/strategist-skill/internal/telemetry/policy_event.go:52.2,52.21 1 0
github.com/SergioLacerda/strategist-skill/internal/telemetry/policy_event.go:52.21,54.3 1 0
github.com/SergioLacerda/strategist-skill/internal/telemetry/policy_event.go:55.2,55.44 1 0
github.com/SergioLacerda/strategist-skill/internal/telemetry/schema.go:42.36,43.23 1 0
github.com/SergioLacerda/strategist-skill/internal/telemetry/schema.go:43.23,45.3 1 0
github.com/SergioLacerda/strategist-skill/internal/telemetry/schema.go:46.2,46.10 1 0
github.com/SergioLacerda/strategist-skill/internal/telemetry/setup.go:20.73,21.20 1 0
github.com/SergioLacerda/strategist-skill/internal/telemetry/setup.go:21.20,23.38 2 0
github.com/SergioLacerda/strategist-skill/internal/telemetry/setup.go:23.38,23.52 1 0
github.com/SergioLacerda/strategist-skill/internal/telemetry/setup.go:26.2,29.18 2 0
github.com/SergioLacerda/strategist-skill/internal/telemetry/setup.go:29.18,31.3 1 0
github.com/SergioLacerda/strategist-skill/internal/telemetry/setup.go:33.2,34.16 2 0
github.com/SergioLacerda/strategist-skill/internal/telemetry/setup.go:34.16,36.3 1 0
github.com/SergioLacerda/strategist-skill/internal/telemetry/setup.go:38.2,41.16 2 0
github.com/SergioLacerda/strategist-skill/internal/telemetry/setup.go:41.16,43.3 1 0
github.com/SergioLacerda/strategist-skill/internal/telemetry/setup.go:45.2,55.25 5 0
github.com/SergioLacerda/strategist-skill/internal/telemetry/tracer.go:13.28,15.2 1 0
github.com/SergioLacerda/strategist-skill/internal/testutil/testutil.go:16.52,25.2 8 0
github.com/SergioLacerda/strategist-skill/internal/testutil/testutil.go:28.51,37.2 8 13
github.com/SergioLacerda/strategist-skill/internal/testutil/testutil.go:42.44,51.2 8 4
github.com/SergioLacerda/strategist-skill/internal/testutil/testutil.go:16.52,25.2 8 0
github.com/SergioLacerda/strategist-skill/internal/testutil/testutil.go:28.51,37.2 8 0
github.com/SergioLacerda/strategist-skill/internal/testutil/testutil.go:42.44,51.2 8 0
