mode: atomic
github.com/SergioLacerda/strategist-skill/cmd/strategist/check_stale.go:25.61,29.16 3 2
github.com/SergioLacerda/strategist-skill/cmd/strategist/check_stale.go:29.16,31.3 1 2
github.com/SergioLacerda/strategist-skill/cmd/strategist/check_stale.go:32.2,37.16 3 2
github.com/SergioLacerda/strategist-skill/cmd/strategist/check_stale.go:37.16,42.3 4 1
github.com/SergioLacerda/strategist-skill/cmd/strategist/check_stale.go:44.2,51.13 4 1
github.com/SergioLacerda/strategist-skill/cmd/strategist/check_stale.go:51.13,53.3 1 0
github.com/SergioLacerda/strategist-skill/cmd/strategist/check_stale.go:54.2,54.12 1 1
github.com/SergioLacerda/strategist-skill/cmd/strategist/compile.go:26.64,27.23 1 3
github.com/SergioLacerda/strategist-skill/cmd/strategist/compile.go:27.23,29.3 1 1
github.com/SergioLacerda/strategist-skill/cmd/strategist/compile.go:31.2,32.16 2 3
github.com/SergioLacerda/strategist-skill/cmd/strategist/compile.go:32.16,34.3 1 3
github.com/SergioLacerda/strategist-skill/cmd/strategist/compile.go:35.2,38.15 2 3
github.com/SergioLacerda/strategist-skill/cmd/strategist/compile.go:38.15,39.20 1 3
github.com/SergioLacerda/strategist-skill/cmd/strategist/compile.go:39.20,42.4 2 1
github.com/SergioLacerda/strategist-skill/cmd/strategist/compile.go:43.3,43.13 1 3
github.com/SergioLacerda/strategist-skill/cmd/strategist/compile.go:46.2,50.61 4 3
github.com/SergioLacerda/strategist-skill/cmd/strategist/compile.go:50.61,52.3 1 1
github.com/SergioLacerda/strategist-skill/cmd/strategist/compile.go:54.2,56.12 3 2
github.com/SergioLacerda/strategist-skill/cmd/strategist/compile.go:59.13,61.2 1 2
github.com/SergioLacerda/strategist-skill/cmd/strategist/install.go:34.64,35.25 1 3
github.com/SergioLacerda/strategist-skill/cmd/strategist/install.go:35.25,37.3 1 1
github.com/SergioLacerda/strategist-skill/cmd/strategist/install.go:39.2,40.16 2 3
github.com/SergioLacerda/strategist-skill/cmd/strategist/install.go:40.16,42.3 1 3
github.com/SergioLacerda/strategist-skill/cmd/strategist/install.go:43.2,46.15 2 3
github.com/SergioLacerda/strategist-skill/cmd/strategist/install.go:46.15,47.20 1 3
github.com/SergioLacerda/strategist-skill/cmd/strategist/install.go:47.20,50.4 2 2
github.com/SergioLacerda/strategist-skill/cmd/strategist/install.go:51.3,51.13 1 3
github.com/SergioLacerda/strategist-skill/cmd/strategist/install.go:54.2,57.16 3 3
github.com/SergioLacerda/strategist-skill/cmd/strategist/install.go:57.16,59.3 1 0
github.com/SergioLacerda/strategist-skill/cmd/strategist/install.go:61.2,74.63 3 3
github.com/SergioLacerda/strategist-skill/cmd/strategist/install.go:74.63,76.3 1 2
github.com/SergioLacerda/strategist-skill/cmd/strategist/install.go:78.2,80.12 3 1
github.com/SergioLacerda/strategist-skill/cmd/strategist/install.go:83.13,88.2 4 2
github.com/SergioLacerda/strategist-skill/cmd/strategist/install_global.go:24.49,26.19 2 3
github.com/SergioLacerda/strategist-skill/cmd/strategist/install_global.go:26.19,28.18 2 1
github.com/SergioLacerda/strategist-skill/cmd/strategist/install_global.go:28.18,30.5 1 0
github.com/SergioLacerda/strategist-skill/cmd/strategist/install_global.go:31.4,32.32 2 1
github.com/SergioLacerda/strategist-skill/cmd/strategist/install_global.go:35.3,46.64 3 3
github.com/SergioLacerda/strategist-skill/cmd/strategist/install_global.go:46.64,48.4 1 2
github.com/SergioLacerda/strategist-skill/cmd/strategist/install_global.go:50.3,51.13 2 1
github.com/SergioLacerda/strategist-skill/cmd/strategist/main.go:10.13,13.16 3 1
github.com/SergioLacerda/strategist-skill/cmd/strategist/main.go:13.16,15.3 1 0
github.com/SergioLacerda/strategist-skill/cmd/strategist/main.go:15.8,17.3 1 1
github.com/SergioLacerda/strategist-skill/cmd/strategist/main.go:18.2,18.11 1 1
github.com/SergioLacerda/strategist-skill/cmd/strategist/root.go:17.13,18.73 1 2
github.com/SergioLacerda/strategist-skill/cmd/strategist/root.go:18.73,21.3 2 3
github.com/SergioLacerda/strategist-skill/cmd/strategist/root.go:22.2,28.32 7 2
github.com/SergioLacerda/strategist-skill/cmd/strategist/root.go:31.16,32.42 1 3
github.com/SergioLacerda/strategist-skill/cmd/strategist/root.go:32.42,34.3 1 1
github.com/SergioLacerda/strategist-skill/cmd/strategist/sync_governance.go:41.74,42.30 1 3
github.com/SergioLacerda/strategist-skill/cmd/strategist/sync_governance.go:42.30,44.3 1 1
github.com/SergioLacerda/strategist-skill/cmd/strategist/sync_governance.go:45.2,45.32 1 3
github.com/SergioLacerda/strategist-skill/cmd/strategist/sync_governance.go:45.32,47.3 1 1
github.com/SergioLacerda/strategist-skill/cmd/strategist/sync_governance.go:49.2,50.16 2 3
github.com/SergioLacerda/strategist-skill/cmd/strategist/sync_governance.go:50.16,52.3 1 3
github.com/SergioLacerda/strategist-skill/cmd/strategist/sync_governance.go:53.2,54.15 2 3
github.com/SergioLacerda/strategist-skill/cmd/strategist/sync_governance.go:54.15,55.20 1 3
github.com/SergioLacerda/strategist-skill/cmd/strategist/sync_governance.go:55.20,58.4 2 2
github.com/SergioLacerda/strategist-skill/cmd/strategist/sync_governance.go:59.3,59.13 1 3
github.com/SergioLacerda/strategist-skill/cmd/strategist/sync_governance.go:62.2,63.16 2 3
github.com/SergioLacerda/strategist-skill/cmd/strategist/sync_governance.go:63.16,65.3 1 2
github.com/SergioLacerda/strategist-skill/cmd/strategist/sync_governance.go:67.2,78.12 4 1
github.com/SergioLacerda/strategist-skill/cmd/strategist/sync_governance.go:108.83,112.16 3 9
github.com/SergioLacerda/strategist-skill/cmd/strategist/sync_governance.go:112.16,114.3 1 3
github.com/SergioLacerda/strategist-skill/cmd/strategist/sync_governance.go:115.2,120.16 5 6
github.com/SergioLacerda/strategist-skill/cmd/strategist/sync_governance.go:120.16,122.3 1 1
github.com/SergioLacerda/strategist-skill/cmd/strategist/sync_governance.go:124.2,127.24 3 5
github.com/SergioLacerda/strategist-skill/cmd/strategist/sync_governance.go:127.24,129.17 2 2
github.com/SergioLacerda/strategist-skill/cmd/strategist/sync_governance.go:129.17,131.4 1 0
github.com/SergioLacerda/strategist-skill/cmd/strategist/sync_governance.go:132.3,132.61 1 2
github.com/SergioLacerda/strategist-skill/cmd/strategist/sync_governance.go:132.61,134.4 1 1
github.com/SergioLacerda/strategist-skill/cmd/strategist/sync_governance.go:137.2,137.20 1 4
github.com/SergioLacerda/strategist-skill/cmd/strategist/sync_governance.go:140.93,143.16 3 16
github.com/SergioLacerda/strategist-skill/cmd/strategist/sync_governance.go:143.16,144.25 1 5
github.com/SergioLacerda/strategist-skill/cmd/strategist/sync_governance.go:144.25,146.4 1 4
github.com/SergioLacerda/strategist-skill/cmd/strategist/sync_governance.go:147.3,147.55 1 1
github.com/SergioLacerda/strategist-skill/cmd/strategist/sync_governance.go:149.2,150.55 2 11
github.com/SergioLacerda/strategist-skill/cmd/strategist/sync_governance.go:150.55,152.3 1 1
github.com/SergioLacerda/strategist-skill/cmd/strategist/sync_governance.go:153.2,154.14 2 10
github.com/SergioLacerda/strategist-skill/cmd/strategist/sync_governance.go:154.14,156.3 1 1
github.com/SergioLacerda/strategist-skill/cmd/strategist/sync_governance.go:158.2,160.16 3 10
github.com/SergioLacerda/strategist-skill/cmd/strategist/sync_governance.go:160.16,162.3 1 1
github.com/SergioLacerda/strategist-skill/cmd/strategist/sync_governance.go:163.2,164.55 2 9
github.com/SergioLacerda/strategist-skill/cmd/strategist/sync_governance.go:164.55,166.3 1 1
github.com/SergioLacerda/strategist-skill/cmd/strategist/sync_governance.go:167.2,167.34 1 8
github.com/SergioLacerda/strategist-skill/cmd/strategist/sync_governance.go:167.34,168.58 1 8
github.com/SergioLacerda/strategist-skill/cmd/strategist/sync_governance.go:168.58,170.4 1 8
github.com/SergioLacerda/strategist-skill/cmd/strategist/sync_governance.go:172.2,172.32 1 8
github.com/SergioLacerda/strategist-skill/cmd/strategist/sync_governance.go:175.58,177.16 2 9
github.com/SergioLacerda/strategist-skill/cmd/strategist/sync_governance.go:177.16,179.3 1 2
github.com/SergioLacerda/strategist-skill/cmd/strategist/sync_governance.go:180.2,181.57 2 7
github.com/SergioLacerda/strategist-skill/cmd/strategist/sync_governance.go:181.57,183.3 1 1
github.com/SergioLacerda/strategist-skill/cmd/strategist/sync_governance.go:184.2,184.19 1 6
github.com/SergioLacerda/strategist-skill/cmd/strategist/sync_governance.go:187.70,189.65 2 8
github.com/SergioLacerda/strategist-skill/cmd/strategist/sync_governance.go:189.65,192.3 2 6
github.com/SergioLacerda/strategist-skill/cmd/strategist/sync_governance.go:193.2,193.64 1 8
github.com/SergioLacerda/strategist-skill/cmd/strategist/sync_governance.go:193.64,196.3 2 1
github.com/SergioLacerda/strategist-skill/cmd/strategist/sync_governance.go:197.2,197.42 1 8
github.com/SergioLacerda/strategist-skill/cmd/strategist/sync_governance.go:197.42,198.18 1 12
github.com/SergioLacerda/strategist-skill/cmd/strategist/sync_governance.go:198.18,200.4 1 5
github.com/SergioLacerda/strategist-skill/cmd/strategist/sync_governance.go:204.82,213.29 2 8
github.com/SergioLacerda/strategist-skill/cmd/strategist/sync_governance.go:213.29,214.33 1 24
github.com/SergioLacerda/strategist-skill/cmd/strategist/sync_governance.go:214.33,218.4 3 14
github.com/SergioLacerda/strategist-skill/cmd/strategist/sync_governance.go:220.2,220.16 1 8
github.com/SergioLacerda/strategist-skill/cmd/strategist/sync_governance.go:223.36,228.32 3 5
github.com/SergioLacerda/strategist-skill/cmd/strategist/sync_governance.go:228.32,230.39 2 1
github.com/SergioLacerda/strategist-skill/cmd/strategist/sync_governance.go:230.39,232.4 1 1
github.com/SergioLacerda/strategist-skill/cmd/strategist/sync_governance.go:233.3,233.16 1 1
github.com/SergioLacerda/strategist-skill/cmd/strategist/sync_governance.go:236.2,236.31 1 5
github.com/SergioLacerda/strategist-skill/cmd/strategist/sync_governance.go:236.31,239.3 2 3
github.com/SergioLacerda/strategist-skill/cmd/strategist/sync_governance.go:241.2,241.14 1 2
github.com/SergioLacerda/strategist-skill/cmd/strategist/sync_governance.go:241.14,243.3 1 1
github.com/SergioLacerda/strategist-skill/cmd/strategist/sync_governance.go:243.8,245.3 1 1
github.com/SergioLacerda/strategist-skill/cmd/strategist/sync_governance.go:249.61,251.25 2 21
github.com/SergioLacerda/strategist-skill/cmd/strategist/sync_governance.go:251.25,253.10 2 40
github.com/SergioLacerda/strategist-skill/cmd/strategist/sync_governance.go:253.10,255.4 1 9
github.com/SergioLacerda/strategist-skill/cmd/strategist/sync_governance.go:256.3,256.14 1 31
github.com/SergioLacerda/strategist-skill/cmd/strategist/sync_governance.go:258.2,259.9 2 12
github.com/SergioLacerda/strategist-skill/cmd/strategist/sync_governance.go:259.9,261.3 1 6
github.com/SergioLacerda/strategist-skill/cmd/strategist/sync_governance.go:262.2,263.24 2 6
github.com/SergioLacerda/strategist-skill/cmd/strategist/sync_governance.go:263.24,264.30 1 9
github.com/SergioLacerda/strategist-skill/cmd/strategist/sync_governance.go:264.30,266.4 1 9
github.com/SergioLacerda/strategist-skill/cmd/strategist/sync_governance.go:268.2,268.12 1 6
github.com/SergioLacerda/strategist-skill/cmd/strategist/sync_governance.go:271.13,275.2 3 2
github.com/SergioLacerda/strategist-skill/cmd/strategist/validate.go:25.49,26.25 1 13
github.com/SergioLacerda/strategist-skill/cmd/strategist/validate.go:26.25,28.4 1 1
github.com/SergioLacerda/strategist-skill/cmd/strategist/validate.go:30.3,36.23 5 13
github.com/SergioLacerda/strategist-skill/cmd/strategist/validate.go:36.23,38.4 1 6
github.com/SergioLacerda/strategist-skill/cmd/strategist/validate.go:41.3,52.44 8 13
github.com/SergioLacerda/strategist-skill/cmd/strategist/validate.go:52.44,54.55 2 2
github.com/SergioLacerda/strategist-skill/cmd/strategist/validate.go:54.55,56.5 1 1
github.com/SergioLacerda/strategist-skill/cmd/strategist/validate.go:59.3,59.20 1 13
github.com/SergioLacerda/strategist-skill/cmd/strategist/validate.go:59.20,60.27 1 11
github.com/SergioLacerda/strategist-skill/cmd/strategist/validate.go:60.27,62.5 1 16
github.com/SergioLacerda/strategist-skill/cmd/strategist/validate.go:63.4,63.77 1 11
github.com/SergioLacerda/strategist-skill/cmd/strategist/validate.go:66.3,67.13 2 2
github.com/SergioLacerda/strategist-skill/cmd/strategist/validate.go:71.44,73.16 2 13
github.com/SergioLacerda/strategist-skill/cmd/strategist/validate.go:73.16,74.25 1 3
github.com/SergioLacerda/strategist-skill/cmd/strategist/validate.go:74.25,76.4 1 3
github.com/SergioLacerda/strategist-skill/cmd/strategist/validate.go:77.3,77.37 1 0
github.com/SergioLacerda/strategist-skill/cmd/strategist/validate.go:80.2,81.50 2 10
github.com/SergioLacerda/strategist-skill/cmd/strategist/validate.go:81.50,83.3 1 1
github.com/SergioLacerda/strategist-skill/cmd/strategist/validate.go:85.2,85.57 1 9
github.com/SergioLacerda/strategist-skill/cmd/strategist/validate.go:85.57,86.31 1 18
github.com/SergioLacerda/strategist-skill/cmd/strategist/validate.go:86.31,88.4 1 1
github.com/SergioLacerda/strategist-skill/cmd/strategist/validate.go:91.2,91.42 1 8
github.com/SergioLacerda/strategist-skill/cmd/strategist/validate.go:91.42,92.44 1 8
github.com/SergioLacerda/strategist-skill/cmd/strategist/validate.go:92.44,94.4 1 1
github.com/SergioLacerda/strategist-skill/cmd/strategist/validate.go:97.2,97.12 1 7
github.com/SergioLacerda/strategist-skill/cmd/strategist/validate.go:100.66,102.16 2 13
github.com/SergioLacerda/strategist-skill/cmd/strategist/validate.go:102.16,104.3 1 2
github.com/SergioLacerda/strategist-skill/cmd/strategist/validate.go:106.2,106.28 1 11
github.com/SergioLacerda/strategist-skill/cmd/strategist/validate.go:106.28,107.57 1 11
github.com/SergioLacerda/strategist-skill/cmd/strategist/validate.go:107.57,108.12 1 0
github.com/SergioLacerda/strategist-skill/cmd/strategist/validate.go:110.3,113.17 4 11
github.com/SergioLacerda/strategist-skill/cmd/strategist/validate.go:113.17,115.12 2 0
github.com/SergioLacerda/strategist-skill/cmd/strategist/validate.go:117.3,118.49 2 11
github.com/SergioLacerda/strategist-skill/cmd/strategist/validate.go:118.49,120.12 2 1
github.com/SergioLacerda/strategist-skill/cmd/strategist/validate.go:122.3,122.68 1 10
github.com/SergioLacerda/strategist-skill/cmd/strategist/validate.go:122.68,123.30 1 20
github.com/SergioLacerda/strategist-skill/cmd/strategist/validate.go:123.30,125.5 1 1
github.com/SergioLacerda/strategist-skill/cmd/strategist/validate.go:128.2,128.21 1 11
github.com/SergioLacerda/strategist-skill/cmd/strategist/validate.go:131.63,133.16 2 13
github.com/SergioLacerda/strategist-skill/cmd/strategist/validate.go:133.16,135.3 1 2
github.com/SergioLacerda/strategist-skill/cmd/strategist/validate.go:137.2,137.28 1 11
github.com/SergioLacerda/strategist-skill/cmd/strategist/validate.go:137.28,138.57 1 10
github.com/SergioLacerda/strategist-skill/cmd/strategist/validate.go:138.57,139.12 1 0
github.com/SergioLacerda/strategist-skill/cmd/strategist/validate.go:141.3,144.17 4 10
github.com/SergioLacerda/strategist-skill/cmd/strategist/validate.go:144.17,146.12 2 0
github.com/SergioLacerda/strategist-skill/cmd/strategist/validate.go:148.3,149.49 2 10
github.com/SergioLacerda/strategist-skill/cmd/strategist/validate.go:149.49,151.12 2 1
github.com/SergioLacerda/strategist-skill/cmd/strategist/validate.go:153.3,153.73 1 9
github.com/SergioLacerda/strategist-skill/cmd/strategist/validate.go:153.73,154.29 1 27
github.com/SergioLacerda/strategist-skill/cmd/strategist/validate.go:154.29,156.5 1 2
github.com/SergioLacerda/strategist-skill/cmd/strategist/validate.go:159.2,159.21 1 11
github.com/SergioLacerda/strategist-skill/cmd/strategist/validate.go:162.42,164.16 2 2
github.com/SergioLacerda/strategist-skill/cmd/strategist/validate.go:164.16,166.3 1 0
github.com/SergioLacerda/strategist-skill/cmd/strategist/validate.go:167.2,168.48 2 2
github.com/SergioLacerda/strategist-skill/cmd/strategist/validate.go:168.48,170.3 1 1
github.com/SergioLacerda/strategist-skill/cmd/strategist/validate.go:171.2,171.12 1 1
github.com/SergioLacerda/strategist-skill/cmd/strategist/validate.go:174.13,176.2 1 2
github.com/SergioLacerda/strategist-skill/cmd/strategist/version.go:15.42,17.3 1 4
