mode: atomic
github.com/SergioLacerda/strategist-skill/cmd/strategist/check.go:36.49,38.17 2 7
github.com/SergioLacerda/strategist-skill/cmd/strategist/check.go:38.17,40.21 2 1
github.com/SergioLacerda/strategist-skill/cmd/strategist/check.go:40.21,42.5 1 0
github.com/SergioLacerda/strategist-skill/cmd/strategist/check.go:43.4,44.22 2 1
github.com/SergioLacerda/strategist-skill/cmd/strategist/check.go:44.22,46.5 1 1
github.com/SergioLacerda/strategist-skill/cmd/strategist/check.go:47.4,47.21 1 0
github.com/SergioLacerda/strategist-skill/cmd/strategist/check.go:50.3,52.17 3 6
github.com/SergioLacerda/strategist-skill/cmd/strategist/check.go:52.17,53.26 1 1
github.com/SergioLacerda/strategist-skill/cmd/strategist/check.go:53.26,55.5 1 1
github.com/SergioLacerda/strategist-skill/cmd/strategist/check.go:56.4,56.90 1 0
github.com/SergioLacerda/strategist-skill/cmd/strategist/check.go:59.3,60.51 2 5
github.com/SergioLacerda/strategist-skill/cmd/strategist/check.go:60.51,62.4 1 0
github.com/SergioLacerda/strategist-skill/cmd/strategist/check.go:64.3,71.73 3 5
github.com/SergioLacerda/strategist-skill/cmd/strategist/check.go:71.73,73.22 2 15
github.com/SergioLacerda/strategist-skill/cmd/strategist/check.go:73.22,75.13 2 0
github.com/SergioLacerda/strategist-skill/cmd/strategist/check.go:78.4,80.22 3 15
github.com/SergioLacerda/strategist-skill/cmd/strategist/check.go:80.22,81.31 1 5
github.com/SergioLacerda/strategist-skill/cmd/strategist/check.go:81.31,85.24 3 5
github.com/SergioLacerda/strategist-skill/cmd/strategist/check.go:85.24,89.71 2 2
github.com/SergioLacerda/strategist-skill/cmd/strategist/check.go:89.71,90.32 1 2
github.com/SergioLacerda/strategist-skill/cmd/strategist/check.go:90.32,91.17 1 1
github.com/SergioLacerda/strategist-skill/cmd/strategist/check.go:93.8,94.16 2 1
github.com/SergioLacerda/strategist-skill/cmd/strategist/check.go:97.6,97.116 1 3
github.com/SergioLacerda/strategist-skill/cmd/strategist/check.go:98.11,100.6 1 0
github.com/SergioLacerda/strategist-skill/cmd/strategist/check.go:101.5,101.13 1 3
github.com/SergioLacerda/strategist-skill/cmd/strategist/check.go:104.4,107.70 2 10
github.com/SergioLacerda/strategist-skill/cmd/strategist/check.go:107.70,109.13 2 0
github.com/SergioLacerda/strategist-skill/cmd/strategist/check.go:112.4,113.38 2 10
github.com/SergioLacerda/strategist-skill/cmd/strategist/check.go:113.38,115.5 1 1
github.com/SergioLacerda/strategist-skill/cmd/strategist/check.go:118.3,118.20 1 5
github.com/SergioLacerda/strategist-skill/cmd/strategist/check.go:118.20,119.27 1 3
github.com/SergioLacerda/strategist-skill/cmd/strategist/check.go:119.27,121.5 1 5
github.com/SergioLacerda/strategist-skill/cmd/strategist/check.go:122.4,122.85 1 3
github.com/SergioLacerda/strategist-skill/cmd/strategist/check.go:125.3,127.13 2 2
github.com/SergioLacerda/strategist-skill/cmd/strategist/check.go:131.13,134.2 2 2
github.com/SergioLacerda/strategist-skill/cmd/strategist/check_stale.go:25.61,29.16 3 2
github.com/SergioLacerda/strategist-skill/cmd/strategist/check_stale.go:29.16,31.3 1 2
github.com/SergioLacerda/strategist-skill/cmd/strategist/check_stale.go:32.2,33.16 2 2
github.com/SergioLacerda/strategist-skill/cmd/strategist/check_stale.go:33.16,36.3 2 0
github.com/SergioLacerda/strategist-skill/cmd/strategist/check_stale.go:37.2,48.16 3 2
github.com/SergioLacerda/strategist-skill/cmd/strategist/check_stale.go:48.16,53.3 4 1
github.com/SergioLacerda/strategist-skill/cmd/strategist/check_stale.go:55.2,65.13 4 1
github.com/SergioLacerda/strategist-skill/cmd/strategist/check_stale.go:65.13,67.3 1 0
github.com/SergioLacerda/strategist-skill/cmd/strategist/check_stale.go:68.2,68.12 1 1
github.com/SergioLacerda/strategist-skill/cmd/strategist/compile.go:27.64,28.23 1 3
github.com/SergioLacerda/strategist-skill/cmd/strategist/compile.go:28.23,30.48 2 1
github.com/SergioLacerda/strategist-skill/cmd/strategist/compile.go:30.48,32.4 1 1
github.com/SergioLacerda/strategist-skill/cmd/strategist/compile.go:35.2,36.16 2 2
github.com/SergioLacerda/strategist-skill/cmd/strategist/compile.go:36.16,38.3 1 2
github.com/SergioLacerda/strategist-skill/cmd/strategist/compile.go:39.2,40.16 2 2
github.com/SergioLacerda/strategist-skill/cmd/strategist/compile.go:40.16,42.3 1 0
github.com/SergioLacerda/strategist-skill/cmd/strategist/compile.go:43.2,51.15 2 2
github.com/SergioLacerda/strategist-skill/cmd/strategist/compile.go:51.15,52.20 1 2
github.com/SergioLacerda/strategist-skill/cmd/strategist/compile.go:52.20,55.4 2 0
github.com/SergioLacerda/strategist-skill/cmd/strategist/compile.go:56.3,56.13 1 2
github.com/SergioLacerda/strategist-skill/cmd/strategist/compile.go:59.2,59.16 1 2
github.com/SergioLacerda/strategist-skill/cmd/strategist/compile.go:59.16,61.3 1 0
github.com/SergioLacerda/strategist-skill/cmd/strategist/compile.go:62.2,71.61 4 2
github.com/SergioLacerda/strategist-skill/cmd/strategist/compile.go:71.61,73.3 1 0
github.com/SergioLacerda/strategist-skill/cmd/strategist/compile.go:75.2,75.16 1 2
github.com/SergioLacerda/strategist-skill/cmd/strategist/compile.go:75.16,77.3 1 0
github.com/SergioLacerda/strategist-skill/cmd/strategist/compile.go:78.2,88.16 5 2
github.com/SergioLacerda/strategist-skill/cmd/strategist/compile.go:88.16,91.3 2 0
github.com/SergioLacerda/strategist-skill/cmd/strategist/compile.go:92.2,92.106 1 2
github.com/SergioLacerda/strategist-skill/cmd/strategist/compile.go:92.106,94.3 1 2
github.com/SergioLacerda/strategist-skill/cmd/strategist/compile.go:95.2,97.12 2 2
github.com/SergioLacerda/strategist-skill/cmd/strategist/compile.go:100.13,102.2 1 2
github.com/SergioLacerda/strategist-skill/cmd/strategist/dojo.go:45.58,49.16 3 6
github.com/SergioLacerda/strategist-skill/cmd/strategist/dojo.go:49.16,51.3 1 2
github.com/SergioLacerda/strategist-skill/cmd/strategist/dojo.go:53.2,55.16 3 4
github.com/SergioLacerda/strategist-skill/cmd/strategist/dojo.go:55.16,57.3 1 1
github.com/SergioLacerda/strategist-skill/cmd/strategist/dojo.go:59.2,62.48 3 3
github.com/SergioLacerda/strategist-skill/cmd/strategist/dojo.go:62.48,64.3 1 0
github.com/SergioLacerda/strategist-skill/cmd/strategist/dojo.go:65.2,65.22 1 3
github.com/SergioLacerda/strategist-skill/cmd/strategist/dojo.go:65.22,67.3 1 1
github.com/SergioLacerda/strategist-skill/cmd/strategist/dojo.go:68.2,68.12 1 2
github.com/SergioLacerda/strategist-skill/cmd/strategist/dojo.go:71.54,73.16 2 4
github.com/SergioLacerda/strategist-skill/cmd/strategist/dojo.go:73.16,75.3 1 1
github.com/SergioLacerda/strategist-skill/cmd/strategist/dojo.go:77.2,79.16 3 3
github.com/SergioLacerda/strategist-skill/cmd/strategist/dojo.go:79.16,81.3 1 1
github.com/SergioLacerda/strategist-skill/cmd/strategist/dojo.go:83.2,84.28 2 2
github.com/SergioLacerda/strategist-skill/cmd/strategist/dojo.go:84.28,85.44 1 2
github.com/SergioLacerda/strategist-skill/cmd/strategist/dojo.go:85.44,86.12 1 0
github.com/SergioLacerda/strategist-skill/cmd/strategist/dojo.go:88.3,90.56 3 2
github.com/SergioLacerda/strategist-skill/cmd/strategist/dojo.go:90.56,92.38 2 2
github.com/SergioLacerda/strategist-skill/cmd/strategist/dojo.go:92.38,94.5 1 2
github.com/SergioLacerda/strategist-skill/cmd/strategist/dojo.go:96.3,96.78 1 2
github.com/SergioLacerda/strategist-skill/cmd/strategist/dojo.go:96.78,98.4 1 0
github.com/SergioLacerda/strategist-skill/cmd/strategist/dojo.go:100.2,100.34 1 2
github.com/SergioLacerda/strategist-skill/cmd/strategist/dojo.go:100.34,102.3 1 0
github.com/SergioLacerda/strategist-skill/cmd/strategist/dojo.go:103.2,103.12 1 2
github.com/SergioLacerda/strategist-skill/cmd/strategist/dojo.go:106.81,108.26 2 10
github.com/SergioLacerda/strategist-skill/cmd/strategist/dojo.go:108.26,110.3 1 0
github.com/SergioLacerda/strategist-skill/cmd/strategist/dojo.go:112.2,113.16 2 10
github.com/SergioLacerda/strategist-skill/cmd/strategist/dojo.go:113.16,115.3 1 2
github.com/SergioLacerda/strategist-skill/cmd/strategist/dojo.go:116.2,117.50 2 8
github.com/SergioLacerda/strategist-skill/cmd/strategist/dojo.go:117.50,119.3 1 0
github.com/SergioLacerda/strategist-skill/cmd/strategist/dojo.go:120.2,120.24 1 8
github.com/SergioLacerda/strategist-skill/cmd/strategist/dojo.go:120.24,122.3 1 1
github.com/SergioLacerda/strategist-skill/cmd/strategist/dojo.go:123.2,124.31 2 7
github.com/SergioLacerda/strategist-skill/cmd/strategist/dojo.go:124.31,126.3 1 7
github.com/SergioLacerda/strategist-skill/cmd/strategist/dojo.go:127.2,127.38 1 7
github.com/SergioLacerda/strategist-skill/cmd/strategist/dojo.go:130.53,131.17 1 7
github.com/SergioLacerda/strategist-skill/cmd/strategist/dojo.go:131.17,133.3 1 4
github.com/SergioLacerda/strategist-skill/cmd/strategist/dojo.go:134.2,135.18 2 3
github.com/SergioLacerda/strategist-skill/cmd/strategist/dojo.go:135.18,137.3 1 1
github.com/SergioLacerda/strategist-skill/cmd/strategist/dojo.go:138.2,138.64 1 3
github.com/SergioLacerda/strategist-skill/cmd/strategist/dojo.go:141.60,142.21 1 3
github.com/SergioLacerda/strategist-skill/cmd/strategist/dojo.go:142.21,144.3 1 2
github.com/SergioLacerda/strategist-skill/cmd/strategist/dojo.go:145.2,145.102 1 1
github.com/SergioLacerda/strategist-skill/cmd/strategist/dojo.go:148.59,154.36 3 3
github.com/SergioLacerda/strategist-skill/cmd/strategist/dojo.go:154.36,156.3 1 4
github.com/SergioLacerda/strategist-skill/cmd/strategist/dojo.go:157.2,158.29 2 3
github.com/SergioLacerda/strategist-skill/cmd/strategist/dojo.go:158.29,159.48 1 16
github.com/SergioLacerda/strategist-skill/cmd/strategist/dojo.go:159.48,161.4 1 0
github.com/SergioLacerda/strategist-skill/cmd/strategist/dojo.go:163.2,163.34 1 3
github.com/SergioLacerda/strategist-skill/cmd/strategist/dojo.go:163.34,165.3 1 0
github.com/SergioLacerda/strategist-skill/cmd/strategist/dojo.go:166.2,166.12 1 3
github.com/SergioLacerda/strategist-skill/cmd/strategist/dojo.go:169.13,176.2 6 2
github.com/SergioLacerda/strategist-skill/cmd/strategist/initiative.go:36.56,38.16 2 7
github.com/SergioLacerda/strategist-skill/cmd/strategist/initiative.go:38.16,40.3 1 0
github.com/SergioLacerda/strategist-skill/cmd/strategist/initiative.go:42.2,43.16 2 7
github.com/SergioLacerda/strategist-skill/cmd/strategist/initiative.go:43.16,45.3 1 1
github.com/SergioLacerda/strategist-skill/cmd/strategist/initiative.go:47.2,48.16 2 6
github.com/SergioLacerda/strategist-skill/cmd/strategist/initiative.go:48.16,50.3 1 1
github.com/SergioLacerda/strategist-skill/cmd/strategist/initiative.go:52.2,53.50 2 5
github.com/SergioLacerda/strategist-skill/cmd/strategist/initiative.go:53.50,55.3 1 0
github.com/SergioLacerda/strategist-skill/cmd/strategist/initiative.go:57.2,59.58 2 5
github.com/SergioLacerda/strategist-skill/cmd/strategist/initiative.go:59.58,61.3 1 0
github.com/SergioLacerda/strategist-skill/cmd/strategist/initiative.go:62.2,62.72 1 5
github.com/SergioLacerda/strategist-skill/cmd/strategist/initiative.go:62.72,65.105 3 15
github.com/SergioLacerda/strategist-skill/cmd/strategist/initiative.go:65.105,67.4 1 0
github.com/SergioLacerda/strategist-skill/cmd/strategist/initiative.go:70.2,70.73 1 5
github.com/SergioLacerda/strategist-skill/cmd/strategist/initiative.go:70.73,72.3 1 0
github.com/SergioLacerda/strategist-skill/cmd/strategist/initiative.go:74.2,74.34 1 5
github.com/SergioLacerda/strategist-skill/cmd/strategist/initiative.go:74.34,76.3 1 0
github.com/SergioLacerda/strategist-skill/cmd/strategist/initiative.go:77.2,77.12 1 5
github.com/SergioLacerda/strategist-skill/cmd/strategist/initiative.go:80.106,81.53 1 6
github.com/SergioLacerda/strategist-skill/cmd/strategist/initiative.go:81.53,83.3 1 0
github.com/SergioLacerda/strategist-skill/cmd/strategist/initiative.go:84.2,84.62 1 6
github.com/SergioLacerda/strategist-skill/cmd/strategist/initiative.go:84.62,86.3 1 0
github.com/SergioLacerda/strategist-skill/cmd/strategist/initiative.go:88.2,89.20 2 6
github.com/SergioLacerda/strategist-skill/cmd/strategist/initiative.go:89.20,91.3 1 1
github.com/SergioLacerda/strategist-skill/cmd/strategist/initiative.go:92.2,93.31 2 6
github.com/SergioLacerda/strategist-skill/cmd/strategist/initiative.go:93.31,95.3 1 6
github.com/SergioLacerda/strategist-skill/cmd/strategist/initiative.go:97.2,108.25 5 6
github.com/SergioLacerda/strategist-skill/cmd/strategist/initiative.go:108.25,109.69 1 30
github.com/SergioLacerda/strategist-skill/cmd/strategist/initiative.go:109.69,111.4 1 0
github.com/SergioLacerda/strategist-skill/cmd/strategist/initiative.go:113.2,113.12 1 6
github.com/SergioLacerda/strategist-skill/cmd/strategist/initiative.go:116.45,117.11 1 17
github.com/SergioLacerda/strategist-skill/cmd/strategist/initiative.go:117.11,119.3 1 11
github.com/SergioLacerda/strategist-skill/cmd/strategist/initiative.go:120.2,121.23 2 6
github.com/SergioLacerda/strategist-skill/cmd/strategist/initiative.go:121.23,123.3 1 3
github.com/SergioLacerda/strategist-skill/cmd/strategist/initiative.go:124.2,124.12 1 6
github.com/SergioLacerda/strategist-skill/cmd/strategist/initiative.go:124.12,126.3 1 3
github.com/SergioLacerda/strategist-skill/cmd/strategist/initiative.go:127.2,127.40 1 3
github.com/SergioLacerda/strategist-skill/cmd/strategist/initiative.go:131.35,133.16 2 12
github.com/SergioLacerda/strategist-skill/cmd/strategist/initiative.go:133.16,135.3 1 10
github.com/SergioLacerda/strategist-skill/cmd/strategist/initiative.go:136.2,136.21 1 2
github.com/SergioLacerda/strategist-skill/cmd/strategist/initiative.go:141.44,143.16 2 13
github.com/SergioLacerda/strategist-skill/cmd/strategist/initiative.go:143.16,145.3 1 6
github.com/SergioLacerda/strategist-skill/cmd/strategist/initiative.go:146.2,146.15 1 7
github.com/SergioLacerda/strategist-skill/cmd/strategist/initiative.go:146.15,146.32 1 7
github.com/SergioLacerda/strategist-skill/cmd/strategist/initiative.go:148.2,150.21 3 7
github.com/SergioLacerda/strategist-skill/cmd/strategist/initiative.go:150.21,151.60 1 9
github.com/SergioLacerda/strategist-skill/cmd/strategist/initiative.go:151.60,153.4 1 7
github.com/SergioLacerda/strategist-skill/cmd/strategist/initiative.go:155.2,155.20 1 7
github.com/SergioLacerda/strategist-skill/cmd/strategist/initiative.go:155.20,157.3 1 1
github.com/SergioLacerda/strategist-skill/cmd/strategist/initiative.go:159.2,160.63 2 6
github.com/SergioLacerda/strategist-skill/cmd/strategist/initiative.go:160.63,162.3 1 1
github.com/SergioLacerda/strategist-skill/cmd/strategist/initiative.go:163.2,163.58 1 5
github.com/SergioLacerda/strategist-skill/cmd/strategist/initiative.go:163.58,165.3 1 3
github.com/SergioLacerda/strategist-skill/cmd/strategist/initiative.go:166.2,166.14 1 2
github.com/SergioLacerda/strategist-skill/cmd/strategist/initiative.go:169.42,170.14 1 19
github.com/SergioLacerda/strategist-skill/cmd/strategist/initiative.go:171.19,172.18 1 6
github.com/SergioLacerda/strategist-skill/cmd/strategist/initiative.go:173.20,174.21 1 6
github.com/SergioLacerda/strategist-skill/cmd/strategist/initiative.go:175.19,176.18 1 6
github.com/SergioLacerda/strategist-skill/cmd/strategist/initiative.go:177.10,178.46 1 1
github.com/SergioLacerda/strategist-skill/cmd/strategist/initiative.go:182.44,183.30 1 8
github.com/SergioLacerda/strategist-skill/cmd/strategist/initiative.go:184.16,185.18 1 3
github.com/SergioLacerda/strategist-skill/cmd/strategist/initiative.go:186.19,187.21 1 2
github.com/SergioLacerda/strategist-skill/cmd/strategist/initiative.go:188.16,189.18 1 1
github.com/SergioLacerda/strategist-skill/cmd/strategist/initiative.go:190.10,191.20 1 2
github.com/SergioLacerda/strategist-skill/cmd/strategist/initiative.go:191.20,193.4 1 1
github.com/SergioLacerda/strategist-skill/cmd/strategist/initiative.go:194.3,194.44 1 1
github.com/SergioLacerda/strategist-skill/cmd/strategist/initiative.go:199.95,204.22 4 19
github.com/SergioLacerda/strategist-skill/cmd/strategist/initiative.go:204.22,206.3 1 0
github.com/SergioLacerda/strategist-skill/cmd/strategist/initiative.go:208.2,209.16 2 19
github.com/SergioLacerda/strategist-skill/cmd/strategist/initiative.go:209.16,211.3 1 18
github.com/SergioLacerda/strategist-skill/cmd/strategist/initiative.go:213.2,214.37 2 1
github.com/SergioLacerda/strategist-skill/cmd/strategist/initiative.go:214.37,216.3 1 0
github.com/SergioLacerda/strategist-skill/cmd/strategist/initiative.go:218.2,218.60 1 1
github.com/SergioLacerda/strategist-skill/cmd/strategist/initiative.go:218.60,220.3 1 1
github.com/SergioLacerda/strategist-skill/cmd/strategist/initiative.go:221.2,221.91 1 1
github.com/SergioLacerda/strategist-skill/cmd/strategist/initiative.go:221.91,223.3 1 1
github.com/SergioLacerda/strategist-skill/cmd/strategist/initiative.go:224.2,225.8 2 1
github.com/SergioLacerda/strategist-skill/cmd/strategist/initiative.go:228.13,231.2 2 2
github.com/SergioLacerda/strategist-skill/cmd/strategist/install.go:39.73,40.20 1 4
github.com/SergioLacerda/strategist-skill/cmd/strategist/install.go:40.20,42.3 1 2
github.com/SergioLacerda/strategist-skill/cmd/strategist/install.go:43.2,43.12 1 2
github.com/SergioLacerda/strategist-skill/cmd/strategist/install.go:43.12,45.17 2 1
github.com/SergioLacerda/strategist-skill/cmd/strategist/install.go:45.17,47.4 1 0
github.com/SergioLacerda/strategist-skill/cmd/strategist/install.go:48.3,48.19 1 1
github.com/SergioLacerda/strategist-skill/cmd/strategist/install.go:50.2,50.40 1 1
github.com/SergioLacerda/strategist-skill/cmd/strategist/install.go:50.40,51.70 1 1
github.com/SergioLacerda/strategist-skill/cmd/strategist/install.go:51.70,53.4 1 0
github.com/SergioLacerda/strategist-skill/cmd/strategist/install.go:55.2,55.17 1 1
github.com/SergioLacerda/strategist-skill/cmd/strategist/install.go:58.64,60.16 2 4
github.com/SergioLacerda/strategist-skill/cmd/strategist/install.go:60.16,62.3 1 0
github.com/SergioLacerda/strategist-skill/cmd/strategist/install.go:63.2,66.16 3 4
github.com/SergioLacerda/strategist-skill/cmd/strategist/install.go:66.16,68.3 1 4
github.com/SergioLacerda/strategist-skill/cmd/strategist/install.go:69.2,70.16 2 4
github.com/SergioLacerda/strategist-skill/cmd/strategist/install.go:70.16,72.20 2 0
github.com/SergioLacerda/strategist-skill/cmd/strategist/install.go:72.20,74.4 1 0
github.com/SergioLacerda/strategist-skill/cmd/strategist/install.go:76.2,84.15 2 4
github.com/SergioLacerda/strategist-skill/cmd/strategist/install.go:84.15,85.20 1 4
github.com/SergioLacerda/strategist-skill/cmd/strategist/install.go:85.20,88.4 2 2
github.com/SergioLacerda/strategist-skill/cmd/strategist/install.go:89.3,89.13 1 4
github.com/SergioLacerda/strategist-skill/cmd/strategist/install.go:92.2,92.16 1 4
github.com/SergioLacerda/strategist-skill/cmd/strategist/install.go:92.16,94.3 1 0
github.com/SergioLacerda/strategist-skill/cmd/strategist/install.go:95.2,103.16 3 4
github.com/SergioLacerda/strategist-skill/cmd/strategist/install.go:103.16,105.3 1 0
github.com/SergioLacerda/strategist-skill/cmd/strategist/install.go:107.2,119.78 2 4
github.com/SergioLacerda/strategist-skill/cmd/strategist/install.go:119.78,121.18 2 2
github.com/SergioLacerda/strategist-skill/cmd/strategist/install.go:121.18,123.5 1 0
github.com/SergioLacerda/strategist-skill/cmd/strategist/install.go:124.4,124.88 1 2
github.com/SergioLacerda/strategist-skill/cmd/strategist/install.go:129.2,129.46 1 4
github.com/SergioLacerda/strategist-skill/cmd/strategist/install.go:129.46,131.3 1 2
github.com/SergioLacerda/strategist-skill/cmd/strategist/install.go:133.2,133.16 1 2
github.com/SergioLacerda/strategist-skill/cmd/strategist/install.go:133.16,135.3 1 0
github.com/SergioLacerda/strategist-skill/cmd/strategist/install.go:136.2,143.12 3 2
github.com/SergioLacerda/strategist-skill/cmd/strategist/install.go:146.61,148.12 2 2
github.com/SergioLacerda/strategist-skill/cmd/strategist/install.go:148.12,150.3 1 0
github.com/SergioLacerda/strategist-skill/cmd/strategist/install.go:151.2,158.15 8 2
github.com/SergioLacerda/strategist-skill/cmd/strategist/install.go:161.13,167.2 5 2
github.com/SergioLacerda/strategist-skill/cmd/strategist/main.go:10.13,13.16 3 1
github.com/SergioLacerda/strategist-skill/cmd/strategist/main.go:13.16,20.3 1 0
github.com/SergioLacerda/strategist-skill/cmd/strategist/main.go:20.8,22.3 1 1
github.com/SergioLacerda/strategist-skill/cmd/strategist/main.go:23.2,23.11 1 1
github.com/SergioLacerda/strategist-skill/cmd/strategist/root.go:24.13,25.73 1 2
github.com/SergioLacerda/strategist-skill/cmd/strategist/root.go:25.73,40.123 10 3
github.com/SergioLacerda/strategist-skill/cmd/strategist/root.go:40.123,44.4 1 0
github.com/SergioLacerda/strategist-skill/cmd/strategist/root.go:45.3,45.13 1 3
github.com/SergioLacerda/strategist-skill/cmd/strategist/root.go:47.2,47.74 1 2
github.com/SergioLacerda/strategist-skill/cmd/strategist/root.go:47.74,50.3 2 3
github.com/SergioLacerda/strategist-skill/cmd/strategist/root.go:51.2,56.32 6 2
github.com/SergioLacerda/strategist-skill/cmd/strategist/root.go:61.35,62.70 1 2
github.com/SergioLacerda/strategist-skill/cmd/strategist/root.go:62.70,64.3 1 1
github.com/SergioLacerda/strategist-skill/cmd/strategist/root.go:65.2,65.12 1 1
github.com/SergioLacerda/strategist-skill/cmd/strategist/root.go:68.16,69.42 1 3
github.com/SergioLacerda/strategist-skill/cmd/strategist/root.go:69.42,71.3 1 1
github.com/SergioLacerda/strategist-skill/cmd/strategist/root.go:81.33,82.9 1 7
github.com/SergioLacerda/strategist-skill/cmd/strategist/root.go:83.56,84.11 1 2
github.com/SergioLacerda/strategist-skill/cmd/strategist/root.go:85.130,86.11 1 3
github.com/SergioLacerda/strategist-skill/cmd/strategist/root.go:87.10,88.11 1 2
github.com/SergioLacerda/strategist-skill/cmd/strategist/root_discovery.go:17.89,19.46 2 11
github.com/SergioLacerda/strategist-skill/cmd/strategist/root_discovery.go:19.46,21.74 2 34
github.com/SergioLacerda/strategist-skill/cmd/strategist/root_discovery.go:21.74,23.4 1 5
github.com/SergioLacerda/strategist-skill/cmd/strategist/root_discovery.go:24.3,25.20 2 29
github.com/SergioLacerda/strategist-skill/cmd/strategist/root_discovery.go:25.20,26.9 1 6
github.com/SergioLacerda/strategist-skill/cmd/strategist/root_discovery.go:28.3,28.15 1 23
github.com/SergioLacerda/strategist-skill/cmd/strategist/root_discovery.go:30.2,30.147 1 6
github.com/SergioLacerda/strategist-skill/cmd/strategist/root_discovery.go:36.97,37.20 1 21
github.com/SergioLacerda/strategist-skill/cmd/strategist/root_discovery.go:37.20,39.20 2 18
github.com/SergioLacerda/strategist-skill/cmd/strategist/root_discovery.go:39.20,41.4 1 0
github.com/SergioLacerda/strategist-skill/cmd/strategist/root_discovery.go:42.3,42.37 1 18
github.com/SergioLacerda/strategist-skill/cmd/strategist/root_discovery.go:44.2,44.32 1 3
github.com/SergioLacerda/strategist-skill/cmd/strategist/sync_governance.go:41.74,42.30 1 3
github.com/SergioLacerda/strategist-skill/cmd/strategist/sync_governance.go:42.30,44.3 1 1
github.com/SergioLacerda/strategist-skill/cmd/strategist/sync_governance.go:45.2,45.32 1 3
github.com/SergioLacerda/strategist-skill/cmd/strategist/sync_governance.go:45.32,47.3 1 1
github.com/SergioLacerda/strategist-skill/cmd/strategist/sync_governance.go:49.2,50.16 2 3
github.com/SergioLacerda/strategist-skill/cmd/strategist/sync_governance.go:50.16,52.3 1 3
github.com/SergioLacerda/strategist-skill/cmd/strategist/sync_governance.go:53.2,54.16 2 3
github.com/SergioLacerda/strategist-skill/cmd/strategist/sync_governance.go:54.16,56.3 1 0
github.com/SergioLacerda/strategist-skill/cmd/strategist/sync_governance.go:57.2,58.15 2 3
github.com/SergioLacerda/strategist-skill/cmd/strategist/sync_governance.go:58.15,59.20 1 3
github.com/SergioLacerda/strategist-skill/cmd/strategist/sync_governance.go:59.20,62.4 2 2
github.com/SergioLacerda/strategist-skill/cmd/strategist/sync_governance.go:63.3,63.13 1 3
github.com/SergioLacerda/strategist-skill/cmd/strategist/sync_governance.go:66.2,67.16 2 3
github.com/SergioLacerda/strategist-skill/cmd/strategist/sync_governance.go:67.16,69.3 1 2
github.com/SergioLacerda/strategist-skill/cmd/strategist/sync_governance.go:71.2,79.16 2 1
github.com/SergioLacerda/strategist-skill/cmd/strategist/sync_governance.go:79.16,81.3 1 0
github.com/SergioLacerda/strategist-skill/cmd/strategist/sync_governance.go:82.2,93.12 3 1
github.com/SergioLacerda/strategist-skill/cmd/strategist/sync_governance.go:123.83,127.16 3 9
github.com/SergioLacerda/strategist-skill/cmd/strategist/sync_governance.go:127.16,129.3 1 3
github.com/SergioLacerda/strategist-skill/cmd/strategist/sync_governance.go:130.2,135.16 5 6
github.com/SergioLacerda/strategist-skill/cmd/strategist/sync_governance.go:135.16,137.3 1 1
github.com/SergioLacerda/strategist-skill/cmd/strategist/sync_governance.go:139.2,142.24 3 5
github.com/SergioLacerda/strategist-skill/cmd/strategist/sync_governance.go:142.24,144.17 2 2
github.com/SergioLacerda/strategist-skill/cmd/strategist/sync_governance.go:144.17,146.4 1 0
github.com/SergioLacerda/strategist-skill/cmd/strategist/sync_governance.go:147.3,147.61 1 2
github.com/SergioLacerda/strategist-skill/cmd/strategist/sync_governance.go:147.61,149.4 1 1
github.com/SergioLacerda/strategist-skill/cmd/strategist/sync_governance.go:152.2,152.20 1 4
github.com/SergioLacerda/strategist-skill/cmd/strategist/sync_governance.go:155.93,158.16 3 16
github.com/SergioLacerda/strategist-skill/cmd/strategist/sync_governance.go:158.16,159.25 1 5
github.com/SergioLacerda/strategist-skill/cmd/strategist/sync_governance.go:159.25,161.4 1 4
github.com/SergioLacerda/strategist-skill/cmd/strategist/sync_governance.go:162.3,162.55 1 1
github.com/SergioLacerda/strategist-skill/cmd/strategist/sync_governance.go:164.2,165.55 2 11
github.com/SergioLacerda/strategist-skill/cmd/strategist/sync_governance.go:165.55,167.3 1 1
github.com/SergioLacerda/strategist-skill/cmd/strategist/sync_governance.go:168.2,169.14 2 10
github.com/SergioLacerda/strategist-skill/cmd/strategist/sync_governance.go:169.14,171.3 1 1
github.com/SergioLacerda/strategist-skill/cmd/strategist/sync_governance.go:173.2,175.16 3 10
github.com/SergioLacerda/strategist-skill/cmd/strategist/sync_governance.go:175.16,177.3 1 1
github.com/SergioLacerda/strategist-skill/cmd/strategist/sync_governance.go:178.2,179.55 2 9
github.com/SergioLacerda/strategist-skill/cmd/strategist/sync_governance.go:179.55,181.3 1 1
github.com/SergioLacerda/strategist-skill/cmd/strategist/sync_governance.go:182.2,182.34 1 8
github.com/SergioLacerda/strategist-skill/cmd/strategist/sync_governance.go:182.34,183.58 1 8
github.com/SergioLacerda/strategist-skill/cmd/strategist/sync_governance.go:183.58,185.4 1 8
github.com/SergioLacerda/strategist-skill/cmd/strategist/sync_governance.go:187.2,187.32 1 8
github.com/SergioLacerda/strategist-skill/cmd/strategist/sync_governance.go:190.58,192.16 2 9
github.com/SergioLacerda/strategist-skill/cmd/strategist/sync_governance.go:192.16,194.3 1 2
github.com/SergioLacerda/strategist-skill/cmd/strategist/sync_governance.go:195.2,196.57 2 7
github.com/SergioLacerda/strategist-skill/cmd/strategist/sync_governance.go:196.57,198.3 1 1
github.com/SergioLacerda/strategist-skill/cmd/strategist/sync_governance.go:199.2,199.19 1 6
github.com/SergioLacerda/strategist-skill/cmd/strategist/sync_governance.go:202.70,204.65 2 8
github.com/SergioLacerda/strategist-skill/cmd/strategist/sync_governance.go:204.65,207.3 2 6
github.com/SergioLacerda/strategist-skill/cmd/strategist/sync_governance.go:208.2,208.64 1 8
github.com/SergioLacerda/strategist-skill/cmd/strategist/sync_governance.go:208.64,211.3 2 1
github.com/SergioLacerda/strategist-skill/cmd/strategist/sync_governance.go:212.2,212.42 1 8
github.com/SergioLacerda/strategist-skill/cmd/strategist/sync_governance.go:212.42,213.18 1 12
github.com/SergioLacerda/strategist-skill/cmd/strategist/sync_governance.go:213.18,215.4 1 5
github.com/SergioLacerda/strategist-skill/cmd/strategist/sync_governance.go:219.82,228.29 2 8
github.com/SergioLacerda/strategist-skill/cmd/strategist/sync_governance.go:228.29,229.33 1 24
github.com/SergioLacerda/strategist-skill/cmd/strategist/sync_governance.go:229.33,233.4 3 14
github.com/SergioLacerda/strategist-skill/cmd/strategist/sync_governance.go:235.2,235.16 1 8
github.com/SergioLacerda/strategist-skill/cmd/strategist/sync_governance.go:238.41,239.16 1 19
github.com/SergioLacerda/strategist-skill/cmd/strategist/sync_governance.go:239.16,241.3 1 1
github.com/SergioLacerda/strategist-skill/cmd/strategist/sync_governance.go:244.63,251.32 5 5
github.com/SergioLacerda/strategist-skill/cmd/strategist/sync_governance.go:251.32,254.39 3 1
github.com/SergioLacerda/strategist-skill/cmd/strategist/sync_governance.go:254.39,257.4 2 1
github.com/SergioLacerda/strategist-skill/cmd/strategist/sync_governance.go:258.3,258.16 1 1
github.com/SergioLacerda/strategist-skill/cmd/strategist/sync_governance.go:261.2,262.31 2 5
github.com/SergioLacerda/strategist-skill/cmd/strategist/sync_governance.go:262.31,265.3 2 3
github.com/SergioLacerda/strategist-skill/cmd/strategist/sync_governance.go:267.2,267.14 1 2
github.com/SergioLacerda/strategist-skill/cmd/strategist/sync_governance.go:267.14,269.3 1 1
github.com/SergioLacerda/strategist-skill/cmd/strategist/sync_governance.go:269.8,271.3 1 1
github.com/SergioLacerda/strategist-skill/cmd/strategist/sync_governance.go:275.61,277.25 2 21
github.com/SergioLacerda/strategist-skill/cmd/strategist/sync_governance.go:277.25,279.10 2 40
github.com/SergioLacerda/strategist-skill/cmd/strategist/sync_governance.go:279.10,281.4 1 9
github.com/SergioLacerda/strategist-skill/cmd/strategist/sync_governance.go:282.3,282.14 1 31
github.com/SergioLacerda/strategist-skill/cmd/strategist/sync_governance.go:284.2,285.9 2 12
github.com/SergioLacerda/strategist-skill/cmd/strategist/sync_governance.go:285.9,287.3 1 6
github.com/SergioLacerda/strategist-skill/cmd/strategist/sync_governance.go:288.2,289.24 2 6
github.com/SergioLacerda/strategist-skill/cmd/strategist/sync_governance.go:289.24,290.30 1 9
github.com/SergioLacerda/strategist-skill/cmd/strategist/sync_governance.go:290.30,292.4 1 9
github.com/SergioLacerda/strategist-skill/cmd/strategist/sync_governance.go:294.2,294.12 1 6
github.com/SergioLacerda/strategist-skill/cmd/strategist/sync_governance.go:297.13,301.2 3 2
github.com/SergioLacerda/strategist-skill/cmd/strategist/treasure_chest.go:24.58,25.35 1 14
github.com/SergioLacerda/strategist-skill/cmd/strategist/treasure_chest.go:25.35,28.3 2 11
github.com/SergioLacerda/strategist-skill/cmd/strategist/treasure_chest.go:29.2,30.42 2 3
github.com/SergioLacerda/strategist-skill/cmd/strategist/treasure_chest.go:30.42,32.3 1 0
github.com/SergioLacerda/strategist-skill/cmd/strategist/treasure_chest.go:33.2,34.12 2 3
github.com/SergioLacerda/strategist-skill/cmd/strategist/treasure_chest.go:115.61,116.49 1 14
github.com/SergioLacerda/strategist-skill/cmd/strategist/treasure_chest.go:116.49,118.3 1 0
github.com/SergioLacerda/strategist-skill/cmd/strategist/treasure_chest.go:120.2,121.16 2 14
github.com/SergioLacerda/strategist-skill/cmd/strategist/treasure_chest.go:121.16,123.3 1 0
github.com/SergioLacerda/strategist-skill/cmd/strategist/treasure_chest.go:125.2,126.16 2 14
github.com/SergioLacerda/strategist-skill/cmd/strategist/treasure_chest.go:126.16,128.3 1 1
github.com/SergioLacerda/strategist-skill/cmd/strategist/treasure_chest.go:131.2,132.16 2 13
github.com/SergioLacerda/strategist-skill/cmd/strategist/treasure_chest.go:132.16,134.3 1 1
github.com/SergioLacerda/strategist-skill/cmd/strategist/treasure_chest.go:136.2,142.26 5 12
github.com/SergioLacerda/strategist-skill/cmd/strategist/treasure_chest.go:142.26,144.3 1 2
github.com/SergioLacerda/strategist-skill/cmd/strategist/treasure_chest.go:146.2,151.54 3 10
github.com/SergioLacerda/strategist-skill/cmd/strategist/treasure_chest.go:151.54,153.3 1 0
github.com/SergioLacerda/strategist-skill/cmd/strategist/treasure_chest.go:154.2,154.35 1 10
github.com/SergioLacerda/strategist-skill/cmd/strategist/treasure_chest.go:154.35,156.3 1 0
github.com/SergioLacerda/strategist-skill/cmd/strategist/treasure_chest.go:157.2,160.74 3 10
github.com/SergioLacerda/strategist-skill/cmd/strategist/treasure_chest.go:160.74,162.3 1 0
github.com/SergioLacerda/strategist-skill/cmd/strategist/treasure_chest.go:163.2,163.35 1 10
github.com/SergioLacerda/strategist-skill/cmd/strategist/treasure_chest.go:163.35,165.3 1 0
github.com/SergioLacerda/strategist-skill/cmd/strategist/treasure_chest.go:167.2,170.12 4 10
github.com/SergioLacerda/strategist-skill/cmd/strategist/treasure_chest.go:175.64,178.37 2 2
github.com/SergioLacerda/strategist-skill/cmd/strategist/treasure_chest.go:178.37,180.21 2 2
github.com/SergioLacerda/strategist-skill/cmd/strategist/treasure_chest.go:180.21,183.4 2 1
github.com/SergioLacerda/strategist-skill/cmd/strategist/treasure_chest.go:186.2,187.54 2 2
github.com/SergioLacerda/strategist-skill/cmd/strategist/treasure_chest.go:187.54,189.3 1 0
github.com/SergioLacerda/strategist-skill/cmd/strategist/treasure_chest.go:190.2,191.12 2 2
github.com/SergioLacerda/strategist-skill/cmd/strategist/treasure_chest.go:194.43,196.25 2 2
github.com/SergioLacerda/strategist-skill/cmd/strategist/treasure_chest.go:196.25,197.49 1 2
github.com/SergioLacerda/strategist-skill/cmd/strategist/treasure_chest.go:197.49,199.4 1 1
github.com/SergioLacerda/strategist-skill/cmd/strategist/treasure_chest.go:201.2,201.10 1 2
github.com/SergioLacerda/strategist-skill/cmd/strategist/treasure_chest.go:206.64,208.16 2 14
github.com/SergioLacerda/strategist-skill/cmd/strategist/treasure_chest.go:208.16,210.3 1 1
github.com/SergioLacerda/strategist-skill/cmd/strategist/treasure_chest.go:211.2,212.50 2 13
github.com/SergioLacerda/strategist-skill/cmd/strategist/treasure_chest.go:212.50,214.3 1 1
github.com/SergioLacerda/strategist-skill/cmd/strategist/treasure_chest.go:215.2,215.32 1 12
github.com/SergioLacerda/strategist-skill/cmd/strategist/treasure_chest.go:218.61,220.16 2 15
github.com/SergioLacerda/strategist-skill/cmd/strategist/treasure_chest.go:220.16,221.25 1 2
github.com/SergioLacerda/strategist-skill/cmd/strategist/treasure_chest.go:221.25,223.4 1 2
github.com/SergioLacerda/strategist-skill/cmd/strategist/treasure_chest.go:224.3,224.63 1 0
github.com/SergioLacerda/strategist-skill/cmd/strategist/treasure_chest.go:226.2,227.48 2 13
github.com/SergioLacerda/strategist-skill/cmd/strategist/treasure_chest.go:227.48,229.3 1 1
github.com/SergioLacerda/strategist-skill/cmd/strategist/treasure_chest.go:230.2,231.29 2 12
github.com/SergioLacerda/strategist-skill/cmd/strategist/treasure_chest.go:231.29,233.3 1 11
github.com/SergioLacerda/strategist-skill/cmd/strategist/treasure_chest.go:234.2,234.17 1 12
github.com/SergioLacerda/strategist-skill/cmd/strategist/treasure_chest.go:237.56,239.16 2 15
github.com/SergioLacerda/strategist-skill/cmd/strategist/treasure_chest.go:239.16,240.25 1 1
github.com/SergioLacerda/strategist-skill/cmd/strategist/treasure_chest.go:240.25,242.4 1 1
github.com/SergioLacerda/strategist-skill/cmd/strategist/treasure_chest.go:243.3,243.63 1 0
github.com/SergioLacerda/strategist-skill/cmd/strategist/treasure_chest.go:245.2,246.49 2 14
github.com/SergioLacerda/strategist-skill/cmd/strategist/treasure_chest.go:246.49,248.3 1 1
github.com/SergioLacerda/strategist-skill/cmd/strategist/treasure_chest.go:249.2,250.31 2 13
github.com/SergioLacerda/strategist-skill/cmd/strategist/treasure_chest.go:250.31,252.3 1 10
github.com/SergioLacerda/strategist-skill/cmd/strategist/treasure_chest.go:253.2,253.17 1 13
github.com/SergioLacerda/strategist-skill/cmd/strategist/treasure_chest.go:256.69,259.16 3 15
github.com/SergioLacerda/strategist-skill/cmd/strategist/treasure_chest.go:259.16,260.25 1 13
github.com/SergioLacerda/strategist-skill/cmd/strategist/treasure_chest.go:260.25,262.4 1 13
github.com/SergioLacerda/strategist-skill/cmd/strategist/treasure_chest.go:263.3,263.65 1 0
github.com/SergioLacerda/strategist-skill/cmd/strategist/treasure_chest.go:265.2,265.15 1 2
github.com/SergioLacerda/strategist-skill/cmd/strategist/treasure_chest.go:265.15,265.32 1 2
github.com/SergioLacerda/strategist-skill/cmd/strategist/treasure_chest.go:267.2,268.16 2 2
github.com/SergioLacerda/strategist-skill/cmd/strategist/treasure_chest.go:268.16,270.3 1 1
github.com/SergioLacerda/strategist-skill/cmd/strategist/treasure_chest.go:271.2,271.15 1 1
github.com/SergioLacerda/strategist-skill/cmd/strategist/treasure_chest.go:271.15,271.33 1 1
github.com/SergioLacerda/strategist-skill/cmd/strategist/treasure_chest.go:273.2,277.57 2 1
github.com/SergioLacerda/strategist-skill/cmd/strategist/treasure_chest.go:277.57,279.3 1 0
github.com/SergioLacerda/strategist-skill/cmd/strategist/treasure_chest.go:281.2,282.33 2 1
github.com/SergioLacerda/strategist-skill/cmd/strategist/treasure_chest.go:282.33,284.3 1 2
github.com/SergioLacerda/strategist-skill/cmd/strategist/treasure_chest.go:285.2,285.37 1 1
github.com/SergioLacerda/strategist-skill/cmd/strategist/treasure_chest.go:295.14,299.28 3 15
github.com/SergioLacerda/strategist-skill/cmd/strategist/treasure_chest.go:299.28,308.36 2 13
github.com/SergioLacerda/strategist-skill/cmd/strategist/treasure_chest.go:308.36,313.4 4 11
github.com/SergioLacerda/strategist-skill/cmd/strategist/treasure_chest.go:314.3,317.21 4 13
github.com/SergioLacerda/strategist-skill/cmd/strategist/treasure_chest.go:321.2,321.31 1 15
github.com/SergioLacerda/strategist-skill/cmd/strategist/treasure_chest.go:321.31,322.15 1 13
github.com/SergioLacerda/strategist-skill/cmd/strategist/treasure_chest.go:322.15,323.12 1 11
github.com/SergioLacerda/strategist-skill/cmd/strategist/treasure_chest.go:325.3,338.18 5 2
github.com/SergioLacerda/strategist-skill/cmd/strategist/treasure_chest.go:342.2,342.26 1 15
github.com/SergioLacerda/strategist-skill/cmd/strategist/treasure_chest.go:342.26,343.15 1 11
github.com/SergioLacerda/strategist-skill/cmd/strategist/treasure_chest.go:343.15,344.12 1 9
github.com/SergioLacerda/strategist-skill/cmd/strategist/treasure_chest.go:346.3,354.18 4 2
github.com/SergioLacerda/strategist-skill/cmd/strategist/treasure_chest.go:357.2,357.13 1 15
github.com/SergioLacerda/strategist-skill/cmd/strategist/treasure_chest.go:360.41,361.26 1 17
github.com/SergioLacerda/strategist-skill/cmd/strategist/treasure_chest.go:361.26,363.3 1 8
github.com/SergioLacerda/strategist-skill/cmd/strategist/treasure_chest.go:364.2,364.18 1 9
github.com/SergioLacerda/strategist-skill/cmd/strategist/treasure_chest.go:367.39,369.33 2 21
github.com/SergioLacerda/strategist-skill/cmd/strategist/treasure_chest.go:369.33,371.3 1 3
github.com/SergioLacerda/strategist-skill/cmd/strategist/treasure_chest.go:372.2,372.48 1 21
github.com/SergioLacerda/strategist-skill/cmd/strategist/treasure_chest.go:372.48,374.3 1 7
github.com/SergioLacerda/strategist-skill/cmd/strategist/treasure_chest.go:375.2,375.48 1 21
github.com/SergioLacerda/strategist-skill/cmd/strategist/treasure_chest.go:375.48,377.3 1 5
github.com/SergioLacerda/strategist-skill/cmd/strategist/treasure_chest.go:378.2,378.10 1 21
github.com/SergioLacerda/strategist-skill/cmd/strategist/treasure_chest.go:383.70,384.65 1 11
github.com/SergioLacerda/strategist-skill/cmd/strategist/treasure_chest.go:384.65,386.3 1 0
github.com/SergioLacerda/strategist-skill/cmd/strategist/treasure_chest.go:387.2,388.69 1 11
github.com/SergioLacerda/strategist-skill/cmd/strategist/treasure_chest.go:388.69,390.3 1 0
github.com/SergioLacerda/strategist-skill/cmd/strategist/treasure_chest.go:391.2,391.25 1 11
github.com/SergioLacerda/strategist-skill/cmd/strategist/treasure_chest.go:391.25,393.18 2 12
github.com/SergioLacerda/strategist-skill/cmd/strategist/treasure_chest.go:393.18,395.4 1 1
github.com/SergioLacerda/strategist-skill/cmd/strategist/treasure_chest.go:396.3,397.18 2 12
github.com/SergioLacerda/strategist-skill/cmd/strategist/treasure_chest.go:397.18,399.4 1 3
github.com/SergioLacerda/strategist-skill/cmd/strategist/treasure_chest.go:400.3,401.23 2 12
github.com/SergioLacerda/strategist-skill/cmd/strategist/treasure_chest.go:401.23,403.4 1 5
github.com/SergioLacerda/strategist-skill/cmd/strategist/treasure_chest.go:404.3,405.64 1 12
github.com/SergioLacerda/strategist-skill/cmd/strategist/treasure_chest.go:405.64,407.4 1 0
github.com/SergioLacerda/strategist-skill/cmd/strategist/treasure_chest.go:409.2,409.12 1 11
github.com/SergioLacerda/strategist-skill/cmd/strategist/treasure_chest.go:412.98,413.64 1 13
github.com/SergioLacerda/strategist-skill/cmd/strategist/treasure_chest.go:413.64,415.3 1 0
github.com/SergioLacerda/strategist-skill/cmd/strategist/treasure_chest.go:417.2,420.9 3 13
github.com/SergioLacerda/strategist-skill/cmd/strategist/treasure_chest.go:421.22,423.13 2 1
github.com/SergioLacerda/strategist-skill/cmd/strategist/treasure_chest.go:424.23,426.13 2 11
github.com/SergioLacerda/strategist-skill/cmd/strategist/treasure_chest.go:427.10,429.72 2 1
github.com/SergioLacerda/strategist-skill/cmd/strategist/treasure_chest.go:432.2,437.27 2 13
github.com/SergioLacerda/strategist-skill/cmd/strategist/treasure_chest.go:437.27,438.77 1 39
github.com/SergioLacerda/strategist-skill/cmd/strategist/treasure_chest.go:438.77,440.4 1 0
github.com/SergioLacerda/strategist-skill/cmd/strategist/treasure_chest.go:442.2,442.12 1 13
github.com/SergioLacerda/strategist-skill/cmd/strategist/treasure_chest.go:445.47,446.24 1 12
github.com/SergioLacerda/strategist-skill/cmd/strategist/treasure_chest.go:446.24,448.3 1 1
github.com/SergioLacerda/strategist-skill/cmd/strategist/treasure_chest.go:449.2,451.32 3 11
github.com/SergioLacerda/strategist-skill/cmd/strategist/treasure_chest.go:451.32,453.3 1 17
github.com/SergioLacerda/strategist-skill/cmd/strategist/treasure_chest.go:456.97,459.19 2 13
github.com/SergioLacerda/strategist-skill/cmd/strategist/treasure_chest.go:459.19,461.3 1 1
github.com/SergioLacerda/strategist-skill/cmd/strategist/treasure_chest.go:462.2,462.19 1 13
github.com/SergioLacerda/strategist-skill/cmd/strategist/treasure_chest.go:462.19,464.3 1 1
github.com/SergioLacerda/strategist-skill/cmd/strategist/treasure_chest.go:465.2,465.20 1 13
github.com/SergioLacerda/strategist-skill/cmd/strategist/treasure_chest.go:465.20,467.3 1 1
github.com/SergioLacerda/strategist-skill/cmd/strategist/treasure_chest.go:467.8,467.28 1 12
github.com/SergioLacerda/strategist-skill/cmd/strategist/treasure_chest.go:467.28,469.3 1 11
github.com/SergioLacerda/strategist-skill/cmd/strategist/treasure_chest.go:471.2,473.25 3 13
github.com/SergioLacerda/strategist-skill/cmd/strategist/treasure_chest.go:473.25,474.23 1 13
github.com/SergioLacerda/strategist-skill/cmd/strategist/treasure_chest.go:474.23,476.4 1 6
github.com/SergioLacerda/strategist-skill/cmd/strategist/treasure_chest.go:477.3,477.75 1 13
github.com/SergioLacerda/strategist-skill/cmd/strategist/treasure_chest.go:477.75,479.4 1 2
github.com/SergioLacerda/strategist-skill/cmd/strategist/treasure_chest.go:481.2,481.23 1 13
github.com/SergioLacerda/strategist-skill/cmd/strategist/treasure_chest.go:481.23,483.22 2 6
github.com/SergioLacerda/strategist-skill/cmd/strategist/treasure_chest.go:483.22,485.4 1 1
github.com/SergioLacerda/strategist-skill/cmd/strategist/treasure_chest.go:487.2,487.32 1 13
github.com/SergioLacerda/strategist-skill/cmd/strategist/treasure_chest.go:487.32,489.3 1 2
github.com/SergioLacerda/strategist-skill/cmd/strategist/treasure_chest.go:490.2,490.10 1 13
github.com/SergioLacerda/strategist-skill/cmd/strategist/treasure_chest.go:494.68,495.16 1 17
github.com/SergioLacerda/strategist-skill/cmd/strategist/treasure_chest.go:495.16,497.3 1 1
github.com/SergioLacerda/strategist-skill/cmd/strategist/treasure_chest.go:498.2,499.16 2 16
github.com/SergioLacerda/strategist-skill/cmd/strategist/treasure_chest.go:499.16,501.3 1 14
github.com/SergioLacerda/strategist-skill/cmd/strategist/treasure_chest.go:502.2,502.45 1 2
github.com/SergioLacerda/strategist-skill/cmd/strategist/treasure_chest.go:506.33,512.2 5 10
github.com/SergioLacerda/strategist-skill/cmd/strategist/treasure_chest.go:514.13,521.2 6 2
github.com/SergioLacerda/strategist-skill/cmd/strategist/validate.go:33.51,34.25 1 14
github.com/SergioLacerda/strategist-skill/cmd/strategist/validate.go:34.25,36.21 2 1
github.com/SergioLacerda/strategist-skill/cmd/strategist/validate.go:36.21,38.5 1 0
github.com/SergioLacerda/strategist-skill/cmd/strategist/validate.go:39.4,40.22 2 1
github.com/SergioLacerda/strategist-skill/cmd/strategist/validate.go:40.22,42.5 1 1
github.com/SergioLacerda/strategist-skill/cmd/strategist/validate.go:43.4,43.29 1 0
github.com/SergioLacerda/strategist-skill/cmd/strategist/validate.go:45.3,46.17 2 13
github.com/SergioLacerda/strategist-skill/cmd/strategist/validate.go:46.17,48.4 1 13
github.com/SergioLacerda/strategist-skill/cmd/strategist/validate.go:49.3,50.17 2 13
github.com/SergioLacerda/strategist-skill/cmd/strategist/validate.go:50.17,52.4 1 0
github.com/SergioLacerda/strategist-skill/cmd/strategist/validate.go:53.3,69.23 7 13
github.com/SergioLacerda/strategist-skill/cmd/strategist/validate.go:69.23,71.4 1 5
github.com/SergioLacerda/strategist-skill/cmd/strategist/validate.go:74.3,85.44 8 13
github.com/SergioLacerda/strategist-skill/cmd/strategist/validate.go:85.44,87.55 2 2
github.com/SergioLacerda/strategist-skill/cmd/strategist/validate.go:87.55,89.5 1 1
github.com/SergioLacerda/strategist-skill/cmd/strategist/validate.go:92.3,92.20 1 13
github.com/SergioLacerda/strategist-skill/cmd/strategist/validate.go:92.20,95.27 3 10
github.com/SergioLacerda/strategist-skill/cmd/strategist/validate.go:95.27,97.5 1 13
github.com/SergioLacerda/strategist-skill/cmd/strategist/validate.go:98.4,98.77 1 10
github.com/SergioLacerda/strategist-skill/cmd/strategist/validate.go:101.3,101.17 1 3
github.com/SergioLacerda/strategist-skill/cmd/strategist/validate.go:101.17,103.4 1 0
github.com/SergioLacerda/strategist-skill/cmd/strategist/validate.go:104.3,112.13 3 3
github.com/SergioLacerda/strategist-skill/cmd/strategist/validate.go:116.44,118.16 2 13
github.com/SergioLacerda/strategist-skill/cmd/strategist/validate.go:118.16,119.25 1 2
github.com/SergioLacerda/strategist-skill/cmd/strategist/validate.go:119.25,121.4 1 2
github.com/SergioLacerda/strategist-skill/cmd/strategist/validate.go:122.3,122.37 1 0
github.com/SergioLacerda/strategist-skill/cmd/strategist/validate.go:125.2,126.50 2 11
github.com/SergioLacerda/strategist-skill/cmd/strategist/validate.go:126.50,128.3 1 1
github.com/SergioLacerda/strategist-skill/cmd/strategist/validate.go:129.2,129.20 1 10
github.com/SergioLacerda/strategist-skill/cmd/strategist/validate.go:129.20,131.3 1 0
github.com/SergioLacerda/strategist-skill/cmd/strategist/validate.go:132.2,132.27 1 10
github.com/SergioLacerda/strategist-skill/cmd/strategist/validate.go:132.27,134.3 1 1
github.com/SergioLacerda/strategist-skill/cmd/strategist/validate.go:135.2,135.51 1 9
github.com/SergioLacerda/strategist-skill/cmd/strategist/validate.go:135.51,137.3 1 1
github.com/SergioLacerda/strategist-skill/cmd/strategist/validate.go:138.2,138.12 1 8
github.com/SergioLacerda/strategist-skill/cmd/strategist/validate.go:141.66,143.16 2 13
github.com/SergioLacerda/strategist-skill/cmd/strategist/validate.go:143.16,145.3 1 1
github.com/SergioLacerda/strategist-skill/cmd/strategist/validate.go:147.2,147.28 1 12
github.com/SergioLacerda/strategist-skill/cmd/strategist/validate.go:147.28,148.57 1 12
github.com/SergioLacerda/strategist-skill/cmd/strategist/validate.go:148.57,149.12 1 0
github.com/SergioLacerda/strategist-skill/cmd/strategist/validate.go:151.3,154.17 4 12
github.com/SergioLacerda/strategist-skill/cmd/strategist/validate.go:154.17,156.12 2 0
github.com/SergioLacerda/strategist-skill/cmd/strategist/validate.go:158.3,159.49 2 12
github.com/SergioLacerda/strategist-skill/cmd/strategist/validate.go:159.49,161.12 2 1
github.com/SergioLacerda/strategist-skill/cmd/strategist/validate.go:163.3,163.28 1 11
github.com/SergioLacerda/strategist-skill/cmd/strategist/validate.go:163.28,165.4 1 0
github.com/SergioLacerda/strategist-skill/cmd/strategist/validate.go:166.3,166.103 1 11
github.com/SergioLacerda/strategist-skill/cmd/strategist/validate.go:166.103,168.4 1 1
github.com/SergioLacerda/strategist-skill/cmd/strategist/validate.go:170.2,170.21 1 12
github.com/SergioLacerda/strategist-skill/cmd/strategist/validate.go:173.63,175.16 2 13
github.com/SergioLacerda/strategist-skill/cmd/strategist/validate.go:175.16,177.3 1 1
github.com/SergioLacerda/strategist-skill/cmd/strategist/validate.go:179.2,179.28 1 12
github.com/SergioLacerda/strategist-skill/cmd/strategist/validate.go:179.28,180.57 1 11
github.com/SergioLacerda/strategist-skill/cmd/strategist/validate.go:180.57,181.12 1 0
github.com/SergioLacerda/strategist-skill/cmd/strategist/validate.go:183.3,184.58 2 11
github.com/SergioLacerda/strategist-skill/cmd/strategist/validate.go:186.2,186.21 1 12
github.com/SergioLacerda/strategist-skill/cmd/strategist/validate.go:189.57,192.16 3 11
github.com/SergioLacerda/strategist-skill/cmd/strategist/validate.go:192.16,194.3 1 0
github.com/SergioLacerda/strategist-skill/cmd/strategist/validate.go:196.2,197.51 2 11
github.com/SergioLacerda/strategist-skill/cmd/strategist/validate.go:197.51,199.3 1 1
github.com/SergioLacerda/strategist-skill/cmd/strategist/validate.go:201.2,201.45 1 10
github.com/SergioLacerda/strategist-skill/cmd/strategist/validate.go:201.45,203.3 1 0
github.com/SergioLacerda/strategist-skill/cmd/strategist/validate.go:205.2,205.72 1 10
github.com/SergioLacerda/strategist-skill/cmd/strategist/validate.go:205.72,206.31 1 30
github.com/SergioLacerda/strategist-skill/cmd/strategist/validate.go:206.31,208.4 1 2
github.com/SergioLacerda/strategist-skill/cmd/strategist/validate.go:210.2,210.13 1 10
github.com/SergioLacerda/strategist-skill/cmd/strategist/validate.go:213.42,215.16 2 2
github.com/SergioLacerda/strategist-skill/cmd/strategist/validate.go:215.16,217.3 1 0
github.com/SergioLacerda/strategist-skill/cmd/strategist/validate.go:218.2,219.48 2 2
github.com/SergioLacerda/strategist-skill/cmd/strategist/validate.go:219.48,221.3 1 1
github.com/SergioLacerda/strategist-skill/cmd/strategist/validate.go:222.2,222.12 1 1
github.com/SergioLacerda/strategist-skill/cmd/strategist/validate.go:225.13,227.2 1 2
github.com/SergioLacerda/strategist-skill/cmd/strategist/version.go:17.44,25.3 2 5
