mode: atomic
github.com/SergioLacerda/strategist-skill/internal/compile/all.go:20.60,31.26 5 0
github.com/SergioLacerda/strategist-skill/internal/compile/all.go:31.26,31.63 1 0
github.com/SergioLacerda/strategist-skill/internal/compile/all.go:32.27,32.61 1 0
github.com/SergioLacerda/strategist-skill/internal/compile/all.go:33.27,33.61 1 0
github.com/SergioLacerda/strategist-skill/internal/compile/all.go:36.2,42.26 3 0
github.com/SergioLacerda/strategist-skill/internal/compile/all.go:42.26,44.13 2 0
github.com/SergioLacerda/strategist-skill/internal/compile/all.go:44.13,46.33 2 0
github.com/SergioLacerda/strategist-skill/internal/compile/all.go:46.33,50.5 3 0
github.com/SergioLacerda/strategist-skill/internal/compile/all.go:53.2,55.19 2 0
github.com/SergioLacerda/strategist-skill/internal/compile/all.go:55.19,57.3 1 0
github.com/SergioLacerda/strategist-skill/internal/compile/all.go:59.2,70.59 3 0
github.com/SergioLacerda/strategist-skill/internal/compile/all.go:70.59,72.3 1 0
github.com/SergioLacerda/strategist-skill/internal/compile/all.go:74.2,74.12 1 0
github.com/SergioLacerda/strategist-skill/internal/compile/cache.go:33.51,39.2 1 0
github.com/SergioLacerda/strategist-skill/internal/compile/cache.go:42.67,47.9 5 0
github.com/SergioLacerda/strategist-skill/internal/compile/cache.go:47.9,49.3 1 0
github.com/SergioLacerda/strategist-skill/internal/compile/cache.go:50.2,51.9 2 0
github.com/SergioLacerda/strategist-skill/internal/compile/cache.go:51.9,53.3 1 0
github.com/SergioLacerda/strategist-skill/internal/compile/cache.go:54.2,56.19 3 0
github.com/SergioLacerda/strategist-skill/internal/compile/cache.go:62.73,66.34 4 0
github.com/SergioLacerda/strategist-skill/internal/compile/cache.go:66.34,68.10 2 0
github.com/SergioLacerda/strategist-skill/internal/compile/cache.go:68.10,70.4 1 0
github.com/SergioLacerda/strategist-skill/internal/compile/cache.go:71.3,74.9 4 0
github.com/SergioLacerda/strategist-skill/internal/compile/cache.go:76.2,76.31 1 0
github.com/SergioLacerda/strategist-skill/internal/compile/cache.go:76.31,78.18 2 0
github.com/SergioLacerda/strategist-skill/internal/compile/cache.go:78.18,79.9 1 0
github.com/SergioLacerda/strategist-skill/internal/compile/cache.go:81.3,82.48 2 0
github.com/SergioLacerda/strategist-skill/internal/compile/cache.go:82.48,84.4 1 0
github.com/SergioLacerda/strategist-skill/internal/compile/cache.go:86.2,88.21 3 0
github.com/SergioLacerda/strategist-skill/internal/compile/cache.go:92.35,96.2 3 0
github.com/SergioLacerda/strategist-skill/internal/compile/config.go:14.44,19.61 3 0
github.com/SergioLacerda/strategist-skill/internal/compile/config.go:19.61,21.3 1 0
github.com/SergioLacerda/strategist-skill/internal/compile/config.go:22.2,22.45 1 0
github.com/SergioLacerda/strategist-skill/internal/compile/config.go:22.45,24.3 1 0
github.com/SergioLacerda/strategist-skill/internal/compile/config.go:27.2,28.16 2 0
github.com/SergioLacerda/strategist-skill/internal/compile/config.go:28.16,30.3 1 0
github.com/SergioLacerda/strategist-skill/internal/compile/config.go:32.2,37.16 3 0
github.com/SergioLacerda/strategist-skill/internal/compile/config.go:37.16,39.3 1 0
github.com/SergioLacerda/strategist-skill/internal/compile/config.go:40.2,41.16 2 0
github.com/SergioLacerda/strategist-skill/internal/compile/config.go:41.16,43.3 1 0
github.com/SergioLacerda/strategist-skill/internal/compile/config.go:44.2,44.43 1 0
github.com/SergioLacerda/strategist-skill/internal/compile/config.go:44.43,45.44 1 0
github.com/SergioLacerda/strategist-skill/internal/compile/config.go:45.44,47.4 1 0
github.com/SergioLacerda/strategist-skill/internal/compile/config.go:50.2,51.16 2 0
github.com/SergioLacerda/strategist-skill/internal/compile/config.go:51.16,53.3 1 0
github.com/SergioLacerda/strategist-skill/internal/compile/config.go:55.2,64.58 2 0
github.com/SergioLacerda/strategist-skill/internal/compile/config.go:64.58,66.3 1 0
github.com/SergioLacerda/strategist-skill/internal/compile/config.go:67.2,67.12 1 0
github.com/SergioLacerda/strategist-skill/internal/compile/config.go:72.83,74.24 2 0
github.com/SergioLacerda/strategist-skill/internal/compile/config.go:74.24,76.3 1 0
github.com/SergioLacerda/strategist-skill/internal/compile/config.go:77.2,77.16 1 0
github.com/SergioLacerda/strategist-skill/internal/compile/config.go:77.16,79.3 1 0
github.com/SergioLacerda/strategist-skill/internal/compile/config.go:81.2,82.28 2 0
github.com/SergioLacerda/strategist-skill/internal/compile/config.go:82.28,83.57 1 0
github.com/SergioLacerda/strategist-skill/internal/compile/config.go:83.57,84.12 1 0
github.com/SergioLacerda/strategist-skill/internal/compile/config.go:86.3,88.21 3 0
github.com/SergioLacerda/strategist-skill/internal/compile/config.go:88.21,90.4 1 0
github.com/SergioLacerda/strategist-skill/internal/compile/config.go:91.3,93.25 3 0
github.com/SergioLacerda/strategist-skill/internal/compile/config.go:95.2,95.20 1 0
github.com/SergioLacerda/strategist-skill/internal/compile/config.go:100.93,102.24 2 0
github.com/SergioLacerda/strategist-skill/internal/compile/config.go:102.24,104.3 1 0
github.com/SergioLacerda/strategist-skill/internal/compile/config.go:105.2,105.16 1 0
github.com/SergioLacerda/strategist-skill/internal/compile/config.go:105.16,107.3 1 0
github.com/SergioLacerda/strategist-skill/internal/compile/config.go:109.2,110.28 2 0
github.com/SergioLacerda/strategist-skill/internal/compile/config.go:110.28,111.57 1 0
github.com/SergioLacerda/strategist-skill/internal/compile/config.go:111.57,112.12 1 0
github.com/SergioLacerda/strategist-skill/internal/compile/config.go:114.3,116.54 3 0
github.com/SergioLacerda/strategist-skill/internal/compile/config.go:116.54,118.4 1 0
github.com/SergioLacerda/strategist-skill/internal/compile/config.go:119.3,119.21 1 0
github.com/SergioLacerda/strategist-skill/internal/compile/config.go:119.21,121.4 1 0
github.com/SergioLacerda/strategist-skill/internal/compile/config.go:122.3,123.25 2 0
github.com/SergioLacerda/strategist-skill/internal/compile/config.go:125.2,125.20 1 0
github.com/SergioLacerda/strategist-skill/internal/compile/domain.go:17.44,20.16 3 0
github.com/SergioLacerda/strategist-skill/internal/compile/domain.go:20.16,22.3 1 0
github.com/SergioLacerda/strategist-skill/internal/compile/domain.go:24.2,25.56 2 0
github.com/SergioLacerda/strategist-skill/internal/compile/domain.go:25.56,27.3 1 0
github.com/SergioLacerda/strategist-skill/internal/compile/domain.go:29.2,32.16 3 0
github.com/SergioLacerda/strategist-skill/internal/compile/domain.go:32.16,34.3 1 0
github.com/SergioLacerda/strategist-skill/internal/compile/domain.go:36.2,37.50 2 0
github.com/SergioLacerda/strategist-skill/internal/compile/domain.go:37.50,39.21 2 0
github.com/SergioLacerda/strategist-skill/internal/compile/domain.go:39.21,41.4 1 0
github.com/SergioLacerda/strategist-skill/internal/compile/domain.go:42.3,42.35 1 0
github.com/SergioLacerda/strategist-skill/internal/compile/domain.go:45.2,53.58 2 0
github.com/SergioLacerda/strategist-skill/internal/compile/domain.go:53.58,55.3 1 0
github.com/SergioLacerda/strategist-skill/internal/compile/domain.go:56.2,56.12 1 0
github.com/SergioLacerda/strategist-skill/internal/compile/domain.go:61.101,63.31 2 0
github.com/SergioLacerda/strategist-skill/internal/compile/domain.go:63.31,64.35 1 0
github.com/SergioLacerda/strategist-skill/internal/compile/domain.go:64.35,65.12 1 0
github.com/SergioLacerda/strategist-skill/internal/compile/domain.go:67.3,69.37 3 0
github.com/SergioLacerda/strategist-skill/internal/compile/domain.go:69.37,71.12 1 0
github.com/SergioLacerda/strategist-skill/internal/compile/domain.go:73.3,73.17 1 0
github.com/SergioLacerda/strategist-skill/internal/compile/domain.go:73.17,75.4 1 0
github.com/SergioLacerda/strategist-skill/internal/compile/domain.go:76.3,77.24 2 0
github.com/SergioLacerda/strategist-skill/internal/compile/domain.go:79.2,79.20 1 0
github.com/SergioLacerda/strategist-skill/internal/compile/helpers.go:13.31,15.16 2 0
github.com/SergioLacerda/strategist-skill/internal/compile/helpers.go:15.16,17.3 1 0
github.com/SergioLacerda/strategist-skill/internal/compile/helpers.go:18.2,18.30 1 0
github.com/SergioLacerda/strategist-skill/internal/compile/helpers.go:25.50,26.69 1 0
github.com/SergioLacerda/strategist-skill/internal/compile/helpers.go:26.69,28.3 1 0
github.com/SergioLacerda/strategist-skill/internal/compile/helpers.go:30.2,32.16 3 0
github.com/SergioLacerda/strategist-skill/internal/compile/helpers.go:32.16,34.3 1 0
github.com/SergioLacerda/strategist-skill/internal/compile/helpers.go:36.2,37.54 2 0
github.com/SergioLacerda/strategist-skill/internal/compile/helpers.go:37.54,40.3 2 0
github.com/SergioLacerda/strategist-skill/internal/compile/helpers.go:41.2,41.35 1 0
github.com/SergioLacerda/strategist-skill/internal/compile/helpers.go:41.35,44.3 2 0
github.com/SergioLacerda/strategist-skill/internal/compile/helpers.go:45.2,45.34 1 0
github.com/SergioLacerda/strategist-skill/internal/compile/helpers.go:45.34,48.3 2 0
github.com/SergioLacerda/strategist-skill/internal/compile/helpers.go:49.2,49.51 1 0
github.com/SergioLacerda/strategist-skill/internal/compile/helpers.go:49.51,52.3 2 0
github.com/SergioLacerda/strategist-skill/internal/compile/helpers.go:53.2,53.12 1 0
github.com/SergioLacerda/strategist-skill/internal/compile/helpers.go:57.41,59.16 2 0
github.com/SergioLacerda/strategist-skill/internal/compile/helpers.go:59.16,61.3 1 0
github.com/SergioLacerda/strategist-skill/internal/compile/helpers.go:62.2,63.38 2 0
github.com/SergioLacerda/strategist-skill/internal/compile/helpers.go:68.56,70.49 2 0
github.com/SergioLacerda/strategist-skill/internal/compile/helpers.go:70.49,72.3 1 0
github.com/SergioLacerda/strategist-skill/internal/compile/helpers.go:73.2,73.17 1 0
github.com/SergioLacerda/strategist-skill/internal/compile/helpers.go:77.45,79.16 2 0
github.com/SergioLacerda/strategist-skill/internal/compile/helpers.go:79.16,81.3 1 0
github.com/SergioLacerda/strategist-skill/internal/compile/helpers.go:82.2,82.47 1 0
github.com/SergioLacerda/strategist-skill/internal/compile/helpers.go:82.47,84.3 1 0
github.com/SergioLacerda/strategist-skill/internal/compile/helpers.go:85.2,85.12 1 0
github.com/SergioLacerda/strategist-skill/internal/compile/index.go:15.57,17.16 2 0
github.com/SergioLacerda/strategist-skill/internal/compile/index.go:17.16,19.3 1 0
github.com/SergioLacerda/strategist-skill/internal/compile/index.go:21.2,22.50 2 0
github.com/SergioLacerda/strategist-skill/internal/compile/index.go:22.50,24.3 1 0
github.com/SergioLacerda/strategist-skill/internal/compile/index.go:26.2,27.16 2 0
github.com/SergioLacerda/strategist-skill/internal/compile/index.go:27.16,29.3 1 0
github.com/SergioLacerda/strategist-skill/internal/compile/index.go:32.2,36.33 3 0
github.com/SergioLacerda/strategist-skill/internal/compile/index.go:36.33,38.32 2 0
github.com/SergioLacerda/strategist-skill/internal/compile/index.go:38.32,40.4 1 0
github.com/SergioLacerda/strategist-skill/internal/compile/index.go:43.2,51.58 2 0
github.com/SergioLacerda/strategist-skill/internal/compile/index.go:51.58,53.3 1 0
github.com/SergioLacerda/strategist-skill/internal/compile/index.go:54.2,54.12 1 0
github.com/SergioLacerda/strategist-skill/internal/compile/yaml.go:10.46,11.48 1 0
github.com/SergioLacerda/strategist-skill/internal/compile/yaml.go:11.48,13.3 1 0
github.com/SergioLacerda/strategist-skill/internal/compile/yaml.go:14.2,14.12 1 0
github.com/SergioLacerda/strategist-skill/internal/dojo/checker.go:15.68,17.16 2 3
github.com/SergioLacerda/strategist-skill/internal/dojo/checker.go:17.16,19.3 1 1
github.com/SergioLacerda/strategist-skill/internal/dojo/checker.go:20.2,21.48 2 2
github.com/SergioLacerda/strategist-skill/internal/dojo/checker.go:21.48,23.3 1 1
github.com/SergioLacerda/strategist-skill/internal/dojo/checker.go:24.2,24.15 1 1
github.com/SergioLacerda/strategist-skill/internal/dojo/checker.go:28.87,32.43 3 7
github.com/SergioLacerda/strategist-skill/internal/dojo/checker.go:32.43,40.14 4 6
github.com/SergioLacerda/strategist-skill/internal/dojo/checker.go:40.14,41.12 1 1
github.com/SergioLacerda/strategist-skill/internal/dojo/checker.go:44.3,45.17 2 5
github.com/SergioLacerda/strategist-skill/internal/dojo/checker.go:45.17,51.12 2 0
github.com/SergioLacerda/strategist-skill/internal/dojo/checker.go:53.3,55.47 2 5
github.com/SergioLacerda/strategist-skill/internal/dojo/checker.go:55.47,62.4 2 2
github.com/SergioLacerda/strategist-skill/internal/dojo/checker.go:63.3,63.41 1 5
github.com/SergioLacerda/strategist-skill/internal/dojo/checker.go:63.41,70.4 2 3
github.com/SergioLacerda/strategist-skill/internal/dojo/checker.go:71.3,71.44 1 5
github.com/SergioLacerda/strategist-skill/internal/dojo/checker.go:71.44,78.4 2 1
github.com/SergioLacerda/strategist-skill/internal/dojo/checker.go:80.2,80.14 1 7
github.com/SergioLacerda/strategist-skill/internal/dojo/checker.go:86.104,88.89 2 8
github.com/SergioLacerda/strategist-skill/internal/dojo/checker.go:88.89,90.3 1 1
github.com/SergioLacerda/strategist-skill/internal/dojo/checker.go:92.2,92.26 1 7
github.com/SergioLacerda/strategist-skill/internal/dojo/checker.go:92.26,93.16 1 2
github.com/SergioLacerda/strategist-skill/internal/dojo/checker.go:93.16,95.4 1 1
github.com/SergioLacerda/strategist-skill/internal/dojo/checker.go:96.3,96.52 1 1
github.com/SergioLacerda/strategist-skill/internal/dojo/checker.go:96.52,102.4 1 1
github.com/SergioLacerda/strategist-skill/internal/dojo/checker.go:103.3,103.15 1 1
github.com/SergioLacerda/strategist-skill/internal/dojo/checker.go:106.2,107.16 2 5
github.com/SergioLacerda/strategist-skill/internal/dojo/checker.go:107.16,113.3 1 1
github.com/SergioLacerda/strategist-skill/internal/dojo/checker.go:114.2,116.51 2 4
github.com/SergioLacerda/strategist-skill/internal/dojo/checker.go:116.51,123.3 2 4
github.com/SergioLacerda/strategist-skill/internal/dojo/checker.go:124.2,124.54 1 4
github.com/SergioLacerda/strategist-skill/internal/dojo/checker.go:124.54,131.3 2 2
github.com/SergioLacerda/strategist-skill/internal/dojo/checker.go:132.2,132.14 1 4
github.com/SergioLacerda/strategist-skill/internal/dojo/checker.go:137.96,140.45 2 6
github.com/SergioLacerda/strategist-skill/internal/dojo/checker.go:140.45,148.14 4 4
github.com/SergioLacerda/strategist-skill/internal/dojo/checker.go:148.14,149.12 1 2
github.com/SergioLacerda/strategist-skill/internal/dojo/checker.go:152.3,153.17 2 2
github.com/SergioLacerda/strategist-skill/internal/dojo/checker.go:153.17,159.12 2 0
github.com/SergioLacerda/strategist-skill/internal/dojo/checker.go:161.3,162.42 2 2
github.com/SergioLacerda/strategist-skill/internal/dojo/checker.go:162.42,169.4 2 3
github.com/SergioLacerda/strategist-skill/internal/dojo/checker.go:171.2,171.14 1 6
github.com/SergioLacerda/strategist-skill/internal/dojo/checker.go:175.124,181.2 5 1
github.com/SergioLacerda/strategist-skill/internal/dojo/checker.go:183.35,186.2 2 17
github.com/SergioLacerda/strategist-skill/internal/dojo/checker.go:188.48,189.12 1 25
github.com/SergioLacerda/strategist-skill/internal/dojo/checker.go:189.12,191.3 1 17
github.com/SergioLacerda/strategist-skill/internal/dojo/checker.go:192.2,192.15 1 8
github.com/SergioLacerda/strategist-skill/internal/domain/pipeline_bypass.go:38.48,43.2 1 0
github.com/SergioLacerda/strategist-skill/internal/domain/pipeline_bypass.go:47.72,49.38 2 0
github.com/SergioLacerda/strategist-skill/internal/domain/pipeline_bypass.go:49.38,51.3 1 0
github.com/SergioLacerda/strategist-skill/internal/domain/pipeline_bypass.go:52.2,52.25 1 0
github.com/SergioLacerda/strategist-skill/internal/domain/pipeline_bypass.go:52.25,59.3 1 0
github.com/SergioLacerda/strategist-skill/internal/domain/pipeline_bypass.go:60.2,60.45 1 0
github.com/SergioLacerda/strategist-skill/internal/domain/pipeline_bypass.go:60.45,62.27 2 0
github.com/SergioLacerda/strategist-skill/internal/domain/pipeline_bypass.go:62.27,64.4 1 0
github.com/SergioLacerda/strategist-skill/internal/domain/pipeline_bypass.go:65.3,70.4 1 0
github.com/SergioLacerda/strategist-skill/internal/domain/pipeline_bypass.go:72.2,72.41 1 0
github.com/SergioLacerda/strategist-skill/internal/domain/pipeline_bypass.go:72.41,79.3 1 0
github.com/SergioLacerda/strategist-skill/internal/domain/pipeline_bypass.go:80.2,80.46 1 0
github.com/SergioLacerda/strategist-skill/internal/domain/pipeline_bypass.go:83.73,84.51 1 0
github.com/SergioLacerda/strategist-skill/internal/domain/pipeline_bypass.go:84.51,91.3 1 0
github.com/SergioLacerda/strategist-skill/internal/domain/pipeline_bypass.go:92.2,92.46 1 0
github.com/SergioLacerda/strategist-skill/internal/domain/pipeline_bypass.go:95.122,104.2 1 0
github.com/SergioLacerda/strategist-skill/internal/domain/pipeline_bypass.go:106.69,107.19 1 0
github.com/SergioLacerda/strategist-skill/internal/domain/pipeline_bypass.go:107.19,109.3 1 0
github.com/SergioLacerda/strategist-skill/internal/domain/pipeline_bypass.go:110.2,110.22 1 0
github.com/SergioLacerda/strategist-skill/internal/domain/pipeline_bypass.go:110.22,112.3 1 0
github.com/SergioLacerda/strategist-skill/internal/domain/pipeline_bypass.go:113.2,113.29 1 0
github.com/SergioLacerda/strategist-skill/internal/domain/pipeline_bypass.go:113.29,115.3 1 0
github.com/SergioLacerda/strategist-skill/internal/domain/pipeline_bypass.go:116.2,116.10 1 0
github.com/SergioLacerda/strategist-skill/internal/domain/policy.go:100.79,106.2 1 0
github.com/SergioLacerda/strategist-skill/internal/domain/policy.go:109.41,110.25 1 0
github.com/SergioLacerda/strategist-skill/internal/domain/policy.go:111.29,112.58 1 0
github.com/SergioLacerda/strategist-skill/internal/domain/policy.go:112.58,114.4 1 0
github.com/SergioLacerda/strategist-skill/internal/domain/policy.go:115.35,116.31 1 0
github.com/SergioLacerda/strategist-skill/internal/domain/policy.go:117.70,117.70 0 0
github.com/SergioLacerda/strategist-skill/internal/domain/policy.go:118.11,119.76 1 0
github.com/SergioLacerda/strategist-skill/internal/domain/policy.go:121.10,122.67 1 0
github.com/SergioLacerda/strategist-skill/internal/domain/policy.go:124.2,124.12 1 0
github.com/SergioLacerda/strategist-skill/internal/domain/policy.go:128.53,129.27 1 0
github.com/SergioLacerda/strategist-skill/internal/domain/policy.go:129.27,131.3 1 0
github.com/SergioLacerda/strategist-skill/internal/domain/policy.go:132.2,132.32 1 0
github.com/SergioLacerda/strategist-skill/internal/domain/policy.go:132.32,134.3 1 0
github.com/SergioLacerda/strategist-skill/internal/domain/policy.go:135.2,136.10 2 0
github.com/SergioLacerda/strategist-skill/internal/domain/policy_evaluator.go:7.116,9.37 2 0
github.com/SergioLacerda/strategist-skill/internal/domain/policy_evaluator.go:9.37,11.3 1 0
github.com/SergioLacerda/strategist-skill/internal/domain/policy_evaluator.go:13.2,13.19 1 0
github.com/SergioLacerda/strategist-skill/internal/domain/policy_evaluator.go:13.19,15.3 1 0
github.com/SergioLacerda/strategist-skill/internal/domain/policy_evaluator.go:17.2,17.25 1 0
github.com/SergioLacerda/strategist-skill/internal/domain/policy_evaluator.go:18.32,19.20 1 0
github.com/SergioLacerda/strategist-skill/internal/domain/policy_evaluator.go:19.20,21.4 1 0
github.com/SergioLacerda/strategist-skill/internal/domain/policy_evaluator.go:22.3,22.92 1 0
github.com/SergioLacerda/strategist-skill/internal/domain/policy_evaluator.go:23.39,24.92 1 0
github.com/SergioLacerda/strategist-skill/internal/domain/policy_evaluator.go:25.10,26.117 1 0
github.com/SergioLacerda/strategist-skill/internal/domain/state_machine.go:4.96,7.17 2 0
github.com/SergioLacerda/strategist-skill/internal/domain/state_machine.go:8.17,9.29 1 0
github.com/SergioLacerda/strategist-skill/internal/domain/state_machine.go:10.30,11.42 1 0
github.com/SergioLacerda/strategist-skill/internal/domain/state_machine.go:12.28,13.43 1 0
github.com/SergioLacerda/strategist-skill/internal/domain/state_machine.go:14.28,15.40 1 0
github.com/SergioLacerda/strategist-skill/internal/domain/state_machine.go:16.23,17.38 1 0
github.com/SergioLacerda/strategist-skill/internal/domain/state_machine.go:18.25,19.40 1 0
github.com/SergioLacerda/strategist-skill/internal/domain/state_machine.go:20.22,21.34 1 0
github.com/SergioLacerda/strategist-skill/internal/domain/state_machine.go:22.21,23.36 1 0
github.com/SergioLacerda/strategist-skill/internal/domain/state_machine.go:24.22,25.34 1 0
github.com/SergioLacerda/strategist-skill/internal/domain/state_machine.go:26.26,27.38 1 0
github.com/SergioLacerda/strategist-skill/internal/domain/state_machine.go:28.21,29.33 1 0
github.com/SergioLacerda/strategist-skill/internal/domain/state_machine.go:30.21,31.33 1 0
github.com/SergioLacerda/strategist-skill/internal/domain/state_machine.go:32.25,33.37 1 0
github.com/SergioLacerda/strategist-skill/internal/domain/state_machine.go:34.25,35.37 1 0
github.com/SergioLacerda/strategist-skill/internal/domain/state_machine.go:36.54,37.17 1 0
github.com/SergioLacerda/strategist-skill/internal/domain/state_machine.go:40.2,40.16 1 0
github.com/SergioLacerda/strategist-skill/internal/domain/state_machine.go:43.55,44.15 1 0
github.com/SergioLacerda/strategist-skill/internal/domain/state_machine.go:45.28,46.24 1 0
github.com/SergioLacerda/strategist-skill/internal/domain/state_machine.go:47.49,48.32 1 0
github.com/SergioLacerda/strategist-skill/internal/domain/state_machine.go:52.57,53.19 1 0
github.com/SergioLacerda/strategist-skill/internal/domain/state_machine.go:55.2,55.18 1 0
github.com/SergioLacerda/strategist-skill/internal/domain/state_machine.go:58.68,59.15 1 0
github.com/SergioLacerda/strategist-skill/internal/domain/state_machine.go:60.26,61.25 1 0
github.com/SergioLacerda/strategist-skill/internal/domain/state_machine.go:62.29,63.30 1 0
github.com/SergioLacerda/strategist-skill/internal/domain/state_machine.go:67.57,68.32 1 0
github.com/SergioLacerda/strategist-skill/internal/domain/state_machine.go:70.2,70.31 1 0
github.com/SergioLacerda/strategist-skill/internal/domain/state_machine.go:73.83,74.15 1 0
github.com/SergioLacerda/strategist-skill/internal/domain/state_machine.go:75.23,76.25 1 0
github.com/SergioLacerda/strategist-skill/internal/domain/state_machine.go:77.25,78.19 1 0
github.com/SergioLacerda/strategist-skill/internal/domain/state_machine.go:78.19,80.4 1 0
github.com/SergioLacerda/strategist-skill/internal/domain/state_machine.go:81.3,81.25 1 0
github.com/SergioLacerda/strategist-skill/internal/domain/state_machine.go:85.57,86.30 1 0
github.com/SergioLacerda/strategist-skill/internal/domain/state_machine.go:88.2,88.29 1 0
github.com/SergioLacerda/strategist-skill/internal/domain/state_machine.go:91.66,92.15 1 0
github.com/SergioLacerda/strategist-skill/internal/domain/state_machine.go:93.23,94.25 1 0
github.com/SergioLacerda/strategist-skill/internal/domain/state_machine.go:98.57,99.30 1 0
github.com/SergioLacerda/strategist-skill/internal/domain/state_machine.go:101.2,101.29 1 0
github.com/SergioLacerda/strategist-skill/internal/domain/state_machine.go:104.78,105.15 1 0
github.com/SergioLacerda/strategist-skill/internal/domain/state_machine.go:106.29,107.27 1 0
github.com/SergioLacerda/strategist-skill/internal/domain/state_machine.go:108.27,109.47 1 0
github.com/SergioLacerda/strategist-skill/internal/domain/state_machine.go:109.47,111.4 1 0
github.com/SergioLacerda/strategist-skill/internal/domain/state_machine.go:112.3,112.27 1 0
github.com/SergioLacerda/strategist-skill/internal/domain/state_machine.go:113.26,114.23 1 0
github.com/SergioLacerda/strategist-skill/internal/domain/state_machine.go:115.26,116.22 1 0
github.com/SergioLacerda/strategist-skill/internal/domain/state_machine.go:119.75,120.25 1 0
github.com/SergioLacerda/strategist-skill/internal/domain/state_machine.go:122.2,122.24 1 0
github.com/SergioLacerda/strategist-skill/internal/domain/state_machine.go:125.80,126.15 1 0
github.com/SergioLacerda/strategist-skill/internal/domain/state_machine.go:127.23,128.27 1 0
github.com/SergioLacerda/strategist-skill/internal/domain/state_machine.go:129.25,130.19 1 0
github.com/SergioLacerda/strategist-skill/internal/domain/state_machine.go:130.19,132.4 1 0
github.com/SergioLacerda/strategist-skill/internal/domain/state_machine.go:133.3,133.27 1 0
github.com/SergioLacerda/strategist-skill/internal/domain/state_machine.go:137.57,138.27 1 0
github.com/SergioLacerda/strategist-skill/internal/domain/state_machine.go:140.2,140.26 1 0
github.com/SergioLacerda/strategist-skill/internal/domain/state_machine.go:143.60,144.15 1 0
github.com/SergioLacerda/strategist-skill/internal/domain/state_machine.go:145.23,146.27 1 0
github.com/SergioLacerda/strategist-skill/internal/domain/state_machine.go:147.21,149.30 1 0
github.com/SergioLacerda/strategist-skill/internal/domain/state_machine.go:150.26,151.23 1 0
github.com/SergioLacerda/strategist-skill/internal/domain/state_machine.go:152.26,153.22 1 0
github.com/SergioLacerda/strategist-skill/internal/domain/state_machine.go:156.60,157.24 1 0
github.com/SergioLacerda/strategist-skill/internal/domain/state_machine.go:159.2,159.23 1 0
github.com/SergioLacerda/strategist-skill/internal/domain/state_machine.go:162.63,163.35 1 0
github.com/SergioLacerda/strategist-skill/internal/domain/state_machine.go:163.35,165.3 1 0
github.com/SergioLacerda/strategist-skill/internal/domain/state_machine.go:166.2,166.26 1 0
github.com/SergioLacerda/strategist-skill/internal/domain/state_machine.go:169.63,170.35 1 0
github.com/SergioLacerda/strategist-skill/internal/domain/state_machine.go:170.35,172.3 1 0
github.com/SergioLacerda/strategist-skill/internal/domain/state_machine.go:173.2,173.26 1 0
github.com/SergioLacerda/strategist-skill/internal/domain/state_machine.go:178.76,179.15 1 0
github.com/SergioLacerda/strategist-skill/internal/domain/state_machine.go:180.29,181.25 1 0
github.com/SergioLacerda/strategist-skill/internal/domain/state_machine.go:182.46,183.22 1 0
github.com/SergioLacerda/strategist-skill/internal/domain/state_machine.go:186.75,187.23 1 0
github.com/SergioLacerda/strategist-skill/internal/domain/state_machine.go:189.2,189.22 1 0
github.com/SergioLacerda/strategist-skill/internal/domain/state_machine.go:192.60,193.15 1 0
github.com/SergioLacerda/strategist-skill/internal/domain/state_machine.go:194.29,195.28 1 0
github.com/SergioLacerda/strategist-skill/internal/domain/state_machine.go:196.26,197.28 1 0
github.com/SergioLacerda/strategist-skill/internal/domain/state_machine.go:201.57,202.24 1 0
github.com/SergioLacerda/strategist-skill/internal/domain/state_machine.go:204.2,204.23 1 0
github.com/SergioLacerda/strategist-skill/internal/domain/state_machine.go:207.64,208.15 1 0
github.com/SergioLacerda/strategist-skill/internal/domain/state_machine.go:209.52,210.28 1 0
github.com/SergioLacerda/strategist-skill/internal/domain/state_machine.go:214.57,215.28 1 0
github.com/SergioLacerda/strategist-skill/internal/domain/state_machine.go:217.2,217.27 1 0
github.com/SergioLacerda/strategist-skill/internal/domain/state_machine.go:220.59,221.15 1 0
github.com/SergioLacerda/strategist-skill/internal/domain/state_machine.go:222.24,223.23 1 0
github.com/SergioLacerda/strategist-skill/internal/domain/state_machine.go:224.24,225.22 1 0
github.com/SergioLacerda/strategist-skill/internal/domain/state_machine.go:229.57,230.23 1 0
github.com/SergioLacerda/strategist-skill/internal/domain/state_machine.go:232.2,232.22 1 0
github.com/SergioLacerda/strategist-skill/internal/domain/state_machine.go:235.59,236.15 1 0
github.com/SergioLacerda/strategist-skill/internal/domain/state_machine.go:237.42,238.22 1 0
github.com/SergioLacerda/strategist-skill/internal/domain/state_machine.go:242.57,243.23 1 0
github.com/SergioLacerda/strategist-skill/internal/domain/state_machine.go:245.2,245.22 1 0
github.com/SergioLacerda/strategist-skill/internal/domain/state_machine.go:249.103,251.28 2 0
github.com/SergioLacerda/strategist-skill/internal/domain/state_machine.go:251.28,253.3 1 0
github.com/SergioLacerda/strategist-skill/internal/domain/state_machine.go:254.2,254.14 1 0
github.com/SergioLacerda/strategist-skill/internal/domain/types.go:82.40,84.18 2 0
github.com/SergioLacerda/strategist-skill/internal/domain/types.go:84.18,86.3 1 0
github.com/SergioLacerda/strategist-skill/internal/domain/types.go:87.2,87.22 1 0
github.com/SergioLacerda/strategist-skill/internal/domain/types.go:87.22,89.3 1 0
github.com/SergioLacerda/strategist-skill/internal/domain/types.go:90.2,90.25 1 0
github.com/SergioLacerda/strategist-skill/internal/domain/types.go:90.25,92.3 1 0
github.com/SergioLacerda/strategist-skill/internal/domain/types.go:93.2,93.23 1 0
github.com/SergioLacerda/strategist-skill/internal/domain/types.go:93.23,95.3 1 0
github.com/SergioLacerda/strategist-skill/internal/domain/types.go:96.2,96.108 1 0
github.com/SergioLacerda/strategist-skill/internal/domain/types.go:96.108,98.3 1 0
github.com/SergioLacerda/strategist-skill/internal/domain/types.go:99.2,99.20 1 0
github.com/SergioLacerda/strategist-skill/internal/domain/types.go:99.20,101.3 1 0
github.com/SergioLacerda/strategist-skill/internal/domain/types.go:102.2,102.74 1 0
github.com/SergioLacerda/strategist-skill/internal/domain/types.go:106.41,108.16 2 0
github.com/SergioLacerda/strategist-skill/internal/domain/types.go:108.16,110.3 1 0
github.com/SergioLacerda/strategist-skill/internal/domain/types.go:111.2,111.27 1 0
github.com/SergioLacerda/strategist-skill/internal/domain/types.go:111.27,113.3 1 0
github.com/SergioLacerda/strategist-skill/internal/domain/types.go:114.2,114.20 1 0
github.com/SergioLacerda/strategist-skill/internal/domain/types.go:114.20,116.3 1 0
github.com/SergioLacerda/strategist-skill/internal/domain/types.go:117.2,117.75 1 0
github.com/SergioLacerda/strategist-skill/internal/domain/types.go:214.40,215.29 1 4
github.com/SergioLacerda/strategist-skill/internal/domain/types.go:215.29,216.17 1 7
github.com/SergioLacerda/strategist-skill/internal/domain/types.go:216.17,218.4 1 1
github.com/SergioLacerda/strategist-skill/internal/domain/types.go:220.2,220.13 1 3
github.com/SergioLacerda/strategist-skill/internal/domain/types.go:224.42,226.29 2 4
github.com/SergioLacerda/strategist-skill/internal/domain/types.go:226.29,227.17 1 7
github.com/SergioLacerda/strategist-skill/internal/domain/types.go:227.17,229.4 1 1
github.com/SergioLacerda/strategist-skill/internal/domain/types.go:231.2,231.10 1 4
github.com/SergioLacerda/strategist-skill/internal/embed/defaults.go:27.64,29.2 1 0
github.com/SergioLacerda/strategist-skill/internal/embed/defaults.go:33.61,35.16 2 0
github.com/SergioLacerda/strategist-skill/internal/embed/defaults.go:35.16,37.3 1 0
github.com/SergioLacerda/strategist-skill/internal/embed/defaults.go:38.2,38.18 1 0
github.com/SergioLacerda/strategist-skill/internal/embed/defaults.go:43.69,44.87 1 0
github.com/SergioLacerda/strategist-skill/internal/embed/defaults.go:44.87,46.3 1 0
github.com/SergioLacerda/strategist-skill/internal/embed/defaults.go:47.2,47.12 1 0
github.com/SergioLacerda/strategist-skill/internal/embed/defaults.go:50.79,51.59 1 0
github.com/SergioLacerda/strategist-skill/internal/embed/defaults.go:51.59,52.17 1 0
github.com/SergioLacerda/strategist-skill/internal/embed/defaults.go:52.17,54.4 1 0
github.com/SergioLacerda/strategist-skill/internal/embed/defaults.go:55.3,56.31 2 0
github.com/SergioLacerda/strategist-skill/internal/embed/defaults.go:56.31,58.4 1 0
github.com/SergioLacerda/strategist-skill/internal/embed/defaults.go:59.3,60.16 2 0
github.com/SergioLacerda/strategist-skill/internal/embed/defaults.go:60.16,61.54 1 0
github.com/SergioLacerda/strategist-skill/internal/embed/defaults.go:61.54,63.5 1 0
github.com/SergioLacerda/strategist-skill/internal/embed/defaults.go:64.4,64.14 1 0
github.com/SergioLacerda/strategist-skill/internal/embed/defaults.go:66.3,66.47 1 0
github.com/SergioLacerda/strategist-skill/internal/embed/defaults.go:73.68,75.20 2 0
github.com/SergioLacerda/strategist-skill/internal/embed/defaults.go:75.20,77.3 1 0
github.com/SergioLacerda/strategist-skill/internal/embed/defaults.go:78.2,78.66 1 0
github.com/SergioLacerda/strategist-skill/internal/embed/defaults.go:78.66,80.3 1 0
github.com/SergioLacerda/strategist-skill/internal/embed/defaults.go:81.2,81.12 1 0
github.com/SergioLacerda/strategist-skill/internal/embed/defaults.go:81.12,82.30 1 0
github.com/SergioLacerda/strategist-skill/internal/embed/defaults.go:82.30,84.4 1 0
github.com/SergioLacerda/strategist-skill/internal/embed/defaults.go:86.2,86.65 1 0
github.com/SergioLacerda/strategist-skill/internal/embed/defaults.go:86.65,88.3 1 0
github.com/SergioLacerda/strategist-skill/internal/embed/defaults.go:89.2,89.12 1 0
github.com/SergioLacerda/strategist-skill/internal/embed/defaults.go:94.53,96.16 2 0
github.com/SergioLacerda/strategist-skill/internal/embed/defaults.go:96.16,98.3 1 0
github.com/SergioLacerda/strategist-skill/internal/embed/defaults.go:99.2,99.59 1 0
github.com/SergioLacerda/strategist-skill/internal/i18n/wizard.go:64.43,65.38 1 0
github.com/SergioLacerda/strategist-skill/internal/i18n/wizard.go:65.38,67.3 1 0
github.com/SergioLacerda/strategist-skill/internal/i18n/wizard.go:68.2,68.11 1 0
github.com/SergioLacerda/strategist-skill/internal/install/active_yaml.go:17.74,19.42 2 0
github.com/SergioLacerda/strategist-skill/internal/install/active_yaml.go:19.42,21.3 1 0
github.com/SergioLacerda/strategist-skill/internal/install/active_yaml.go:23.2,24.20 2 0
github.com/SergioLacerda/strategist-skill/internal/install/active_yaml.go:24.20,26.3 1 0
github.com/SergioLacerda/strategist-skill/internal/install/active_yaml.go:28.2,54.32 2 0
github.com/SergioLacerda/strategist-skill/internal/install/active_yaml.go:54.32,62.3 2 0
github.com/SergioLacerda/strategist-skill/internal/install/active_yaml.go:64.2,65.67 2 0
github.com/SergioLacerda/strategist-skill/internal/install/active_yaml.go:65.67,67.3 1 0
github.com/SergioLacerda/strategist-skill/internal/install/active_yaml.go:68.2,69.60 2 0
github.com/SergioLacerda/strategist-skill/internal/install/active_yaml.go:69.60,71.3 1 0
github.com/SergioLacerda/strategist-skill/internal/install/active_yaml.go:72.2,72.12 1 0
github.com/SergioLacerda/strategist-skill/internal/install/active_yaml.go:79.84,80.32 1 0
github.com/SergioLacerda/strategist-skill/internal/install/active_yaml.go:80.32,82.3 1 0
github.com/SergioLacerda/strategist-skill/internal/install/active_yaml.go:83.2,85.16 3 0
github.com/SergioLacerda/strategist-skill/internal/install/active_yaml.go:85.16,87.3 1 0
github.com/SergioLacerda/strategist-skill/internal/install/active_yaml.go:88.2,91.69 4 0
github.com/SergioLacerda/strategist-skill/internal/install/active_yaml.go:91.69,93.3 1 0
github.com/SergioLacerda/strategist-skill/internal/install/active_yaml.go:94.2,94.12 1 0
github.com/SergioLacerda/strategist-skill/internal/install/active_yaml.go:98.42,100.38 2 0
github.com/SergioLacerda/strategist-skill/internal/install/active_yaml.go:100.38,101.21 1 0
github.com/SergioLacerda/strategist-skill/internal/install/active_yaml.go:101.21,103.4 1 0
github.com/SergioLacerda/strategist-skill/internal/install/active_yaml.go:105.2,105.13 1 0
github.com/SergioLacerda/strategist-skill/internal/install/gitignore.go:15.43,19.39 3 0
github.com/SergioLacerda/strategist-skill/internal/install/gitignore.go:19.39,21.3 1 0
github.com/SergioLacerda/strategist-skill/internal/install/gitignore.go:23.2,23.56 1 0
github.com/SergioLacerda/strategist-skill/internal/install/gitignore.go:23.56,25.3 1 0
github.com/SergioLacerda/strategist-skill/internal/install/gitignore.go:27.2,28.16 2 0
github.com/SergioLacerda/strategist-skill/internal/install/gitignore.go:28.16,30.3 1 0
github.com/SergioLacerda/strategist-skill/internal/install/gitignore.go:31.2,32.69 2 0
github.com/SergioLacerda/strategist-skill/internal/install/gitignore.go:32.69,34.3 1 0
github.com/SergioLacerda/strategist-skill/internal/install/gitignore.go:35.2,35.49 1 0
github.com/SergioLacerda/strategist-skill/internal/install/gitignore.go:35.49,37.3 1 0
github.com/SergioLacerda/strategist-skill/internal/install/gitignore.go:38.2,38.34 1 0
github.com/SergioLacerda/strategist-skill/internal/install/gitignore.go:38.34,40.3 1 0
github.com/SergioLacerda/strategist-skill/internal/install/gitignore.go:41.2,41.12 1 0
github.com/SergioLacerda/strategist-skill/internal/install/installer.go:46.79,51.15 4 0
github.com/SergioLacerda/strategist-skill/internal/install/installer.go:51.15,52.17 1 0
github.com/SergioLacerda/strategist-skill/internal/install/installer.go:52.17,54.4 1 0
github.com/SergioLacerda/strategist-skill/internal/install/installer.go:57.2,57.70 1 0
github.com/SergioLacerda/strategist-skill/internal/install/installer.go:57.70,59.3 1 0
github.com/SergioLacerda/strategist-skill/internal/install/installer.go:60.2,62.58 2 0
github.com/SergioLacerda/strategist-skill/internal/install/installer.go:62.58,64.3 1 0
github.com/SergioLacerda/strategist-skill/internal/install/installer.go:65.2,67.17 2 0
github.com/SergioLacerda/strategist-skill/internal/install/installer.go:67.17,70.53 3 0
github.com/SergioLacerda/strategist-skill/internal/install/installer.go:70.53,72.4 1 0
github.com/SergioLacerda/strategist-skill/internal/install/installer.go:73.3,73.24 1 0
github.com/SergioLacerda/strategist-skill/internal/install/installer.go:73.24,75.4 1 0
github.com/SergioLacerda/strategist-skill/internal/install/installer.go:78.2,79.16 2 0
github.com/SergioLacerda/strategist-skill/internal/install/installer.go:79.16,81.3 1 0
github.com/SergioLacerda/strategist-skill/internal/install/installer.go:82.2,87.83 4 0
github.com/SergioLacerda/strategist-skill/internal/install/installer.go:87.83,95.3 1 0
github.com/SergioLacerda/strategist-skill/internal/install/installer.go:97.2,98.12 2 0
github.com/SergioLacerda/strategist-skill/internal/install/installer.go:107.84,108.17 1 0
github.com/SergioLacerda/strategist-skill/internal/install/installer.go:108.17,110.47 2 0
github.com/SergioLacerda/strategist-skill/internal/install/installer.go:110.47,112.4 1 0
github.com/SergioLacerda/strategist-skill/internal/install/installer.go:113.3,114.17 2 0
github.com/SergioLacerda/strategist-skill/internal/install/installer.go:114.17,116.4 1 0
github.com/SergioLacerda/strategist-skill/internal/install/installer.go:117.3,117.67 1 0
github.com/SergioLacerda/strategist-skill/internal/install/installer.go:117.67,119.4 1 0
github.com/SergioLacerda/strategist-skill/internal/install/installer.go:120.3,120.13 1 0
github.com/SergioLacerda/strategist-skill/internal/install/installer.go:123.2,125.16 3 0
github.com/SergioLacerda/strategist-skill/internal/install/installer.go:125.16,127.3 1 0
github.com/SergioLacerda/strategist-skill/internal/install/installer.go:128.2,128.59 1 0
github.com/SergioLacerda/strategist-skill/internal/install/installer.go:128.59,130.3 1 0
github.com/SergioLacerda/strategist-skill/internal/install/installer.go:131.2,131.76 1 0
github.com/SergioLacerda/strategist-skill/internal/install/installer.go:131.76,133.3 1 0
github.com/SergioLacerda/strategist-skill/internal/install/installer.go:134.2,134.69 1 0
github.com/SergioLacerda/strategist-skill/internal/install/installer.go:134.69,136.3 1 0
github.com/SergioLacerda/strategist-skill/internal/install/installer.go:137.2,137.12 1 0
github.com/SergioLacerda/strategist-skill/internal/install/installer.go:140.101,143.45 2 0
github.com/SergioLacerda/strategist-skill/internal/install/installer.go:143.45,145.10 2 0
github.com/SergioLacerda/strategist-skill/internal/install/installer.go:145.10,146.12 1 0
github.com/SergioLacerda/strategist-skill/internal/install/installer.go:149.3,150.17 2 0
github.com/SergioLacerda/strategist-skill/internal/install/installer.go:150.17,152.4 1 0
github.com/SergioLacerda/strategist-skill/internal/install/installer.go:154.3,155.57 2 0
github.com/SergioLacerda/strategist-skill/internal/install/installer.go:155.57,157.4 1 0
github.com/SergioLacerda/strategist-skill/internal/install/installer.go:159.3,160.63 2 0
github.com/SergioLacerda/strategist-skill/internal/install/installer.go:160.63,162.4 1 0
github.com/SergioLacerda/strategist-skill/internal/install/installer.go:165.2,165.12 1 0
github.com/SergioLacerda/strategist-skill/internal/install/installer.go:170.45,171.29 1 0
github.com/SergioLacerda/strategist-skill/internal/install/installer.go:171.29,173.3 1 0
github.com/SergioLacerda/strategist-skill/internal/install/installer.go:174.2,175.18 2 0
github.com/SergioLacerda/strategist-skill/internal/install/installer.go:175.18,176.23 1 0
github.com/SergioLacerda/strategist-skill/internal/install/installer.go:176.23,176.69 1 0
github.com/SergioLacerda/strategist-skill/internal/install/installer.go:178.2,178.13 1 0
github.com/SergioLacerda/strategist-skill/internal/install/installer.go:178.13,180.20 2 0
github.com/SergioLacerda/strategist-skill/internal/install/installer.go:180.20,182.4 1 0
github.com/SergioLacerda/strategist-skill/internal/install/installer.go:183.3,183.18 1 0
github.com/SergioLacerda/strategist-skill/internal/install/installer.go:185.2,186.18 2 0
github.com/SergioLacerda/strategist-skill/internal/install/installer.go:186.18,188.3 1 0
github.com/SergioLacerda/strategist-skill/internal/install/installer.go:189.2,189.31 1 0
github.com/SergioLacerda/strategist-skill/internal/install/installer.go:194.86,196.16 2 0
github.com/SergioLacerda/strategist-skill/internal/install/installer.go:196.16,198.3 1 0
github.com/SergioLacerda/strategist-skill/internal/install/installer.go:199.2,200.16 2 0
github.com/SergioLacerda/strategist-skill/internal/install/installer.go:200.16,202.3 1 0
github.com/SergioLacerda/strategist-skill/internal/install/installer.go:203.2,203.63 1 0
github.com/SergioLacerda/strategist-skill/internal/install/installer.go:203.63,205.3 1 0
github.com/SergioLacerda/strategist-skill/internal/install/installer.go:206.2,206.22 1 0
github.com/SergioLacerda/strategist-skill/internal/install/installer.go:211.82,213.16 2 0
github.com/SergioLacerda/strategist-skill/internal/install/installer.go:213.16,215.3 1 0
github.com/SergioLacerda/strategist-skill/internal/install/installer.go:216.2,221.26 2 0
github.com/SergioLacerda/strategist-skill/internal/install/installer.go:225.68,226.25 1 0
github.com/SergioLacerda/strategist-skill/internal/install/installer.go:226.25,228.19 2 0
github.com/SergioLacerda/strategist-skill/internal/install/installer.go:228.19,230.18 2 0
github.com/SergioLacerda/strategist-skill/internal/install/installer.go:230.18,232.5 1 0
github.com/SergioLacerda/strategist-skill/internal/install/installer.go:233.4,233.55 1 0
github.com/SergioLacerda/strategist-skill/internal/install/installer.go:235.3,235.63 1 0
github.com/SergioLacerda/strategist-skill/internal/install/installer.go:237.2,237.28 1 0
github.com/SergioLacerda/strategist-skill/internal/install/installer.go:242.52,244.19 2 0
github.com/SergioLacerda/strategist-skill/internal/install/installer.go:244.19,247.17 3 0
github.com/SergioLacerda/strategist-skill/internal/install/installer.go:247.17,249.4 1 0
github.com/SergioLacerda/strategist-skill/internal/install/installer.go:251.2,251.83 1 0
github.com/SergioLacerda/strategist-skill/internal/install/installer.go:256.63,257.42 1 0
github.com/SergioLacerda/strategist-skill/internal/install/installer.go:257.42,258.83 1 0
github.com/SergioLacerda/strategist-skill/internal/install/installer.go:258.83,267.4 1 0
github.com/SergioLacerda/strategist-skill/internal/install/installer.go:269.2,274.3 1 0
github.com/SergioLacerda/strategist-skill/internal/install/installer.go:278.35,281.2 2 0
github.com/SergioLacerda/strategist-skill/internal/install/installer.go:291.66,293.2 1 0
github.com/SergioLacerda/strategist-skill/internal/install/installer.go:296.94,298.2 1 0
github.com/SergioLacerda/strategist-skill/internal/install/mission_id.go:15.69,18.40 3 0
github.com/SergioLacerda/strategist-skill/internal/install/mission_id.go:18.40,20.3 1 0
github.com/SergioLacerda/strategist-skill/internal/install/mission_id.go:22.2,25.18 3 0
github.com/SergioLacerda/strategist-skill/internal/install/mission_id.go:28.39,31.25 3 0
github.com/SergioLacerda/strategist-skill/internal/install/mission_id.go:31.25,32.67 1 0
github.com/SergioLacerda/strategist-skill/internal/install/mission_id.go:32.67,34.4 1 0
github.com/SergioLacerda/strategist-skill/internal/install/mission_id.go:34.9,34.34 1 0
github.com/SergioLacerda/strategist-skill/internal/install/mission_id.go:34.34,36.4 1 0
github.com/SergioLacerda/strategist-skill/internal/install/mission_id.go:38.2,38.38 1 0
github.com/SergioLacerda/strategist-skill/internal/install/mission_id.go:43.50,45.27 2 0
github.com/SergioLacerda/strategist-skill/internal/install/mission_id.go:45.27,48.17 3 0
github.com/SergioLacerda/strategist-skill/internal/install/mission_id.go:48.17,49.12 1 0
github.com/SergioLacerda/strategist-skill/internal/install/mission_id.go:51.3,51.29 1 0
github.com/SergioLacerda/strategist-skill/internal/install/mission_id.go:51.29,52.58 1 0
github.com/SergioLacerda/strategist-skill/internal/install/mission_id.go:52.58,54.5 1 0
github.com/SergioLacerda/strategist-skill/internal/install/mission_id.go:57.2,57.14 1 0
github.com/SergioLacerda/strategist-skill/internal/install/prompter.go:34.44,36.2 1 0
github.com/SergioLacerda/strategist-skill/internal/install/prompter.go:39.91,40.6 1 0
github.com/SergioLacerda/strategist-skill/internal/install/prompter.go:40.6,43.17 3 0
github.com/SergioLacerda/strategist-skill/internal/install/prompter.go:43.17,45.4 1 0
github.com/SergioLacerda/strategist-skill/internal/install/prompter.go:46.3,47.17 2 0
github.com/SergioLacerda/strategist-skill/internal/install/prompter.go:47.17,49.4 1 0
github.com/SergioLacerda/strategist-skill/internal/install/prompter.go:50.3,50.29 1 0
github.com/SergioLacerda/strategist-skill/internal/install/prompter.go:50.29,51.34 1 0
github.com/SergioLacerda/strategist-skill/internal/install/prompter.go:51.34,53.5 1 0
github.com/SergioLacerda/strategist-skill/internal/install/prompter.go:55.3,55.86 1 0
github.com/SergioLacerda/strategist-skill/internal/install/prompter.go:60.72,63.16 3 0
github.com/SergioLacerda/strategist-skill/internal/install/prompter.go:63.16,65.3 1 0
github.com/SergioLacerda/strategist-skill/internal/install/prompter.go:66.2,67.16 2 0
github.com/SergioLacerda/strategist-skill/internal/install/prompter.go:67.16,69.3 1 0
github.com/SergioLacerda/strategist-skill/internal/install/prompter.go:70.2,70.18 1 0
github.com/SergioLacerda/strategist-skill/internal/install/prompter.go:75.102,77.2 1 0
github.com/SergioLacerda/strategist-skill/internal/install/shim.go:9.65,14.21 2 0
github.com/SergioLacerda/strategist-skill/internal/install/shim.go:14.21,16.3 1 0
github.com/SergioLacerda/strategist-skill/internal/install/shim.go:17.2,20.35 2 0
github.com/SergioLacerda/strategist-skill/internal/install/shim.go:25.39,27.16 2 0
github.com/SergioLacerda/strategist-skill/internal/install/shim.go:27.16,29.3 1 0
github.com/SergioLacerda/strategist-skill/internal/install/shim.go:30.2,31.18 2 0
github.com/SergioLacerda/strategist-skill/internal/install/shim.go:31.18,33.20 2 0
github.com/SergioLacerda/strategist-skill/internal/install/shim.go:33.20,35.4 1 0
github.com/SergioLacerda/strategist-skill/internal/install/shim.go:36.3,36.54 1 0
github.com/SergioLacerda/strategist-skill/internal/install/shim.go:38.2,38.43 1 0
github.com/SergioLacerda/strategist-skill/internal/install/shim.go:45.67,47.73 2 0
github.com/SergioLacerda/strategist-skill/internal/install/shim.go:47.73,49.3 1 0
github.com/SergioLacerda/strategist-skill/internal/install/shim.go:50.2,51.12 2 0
github.com/SergioLacerda/strategist-skill/internal/install/shim.go:55.68,56.67 1 0
github.com/SergioLacerda/strategist-skill/internal/install/shim.go:56.67,58.3 1 0
github.com/SergioLacerda/strategist-skill/internal/install/shim.go:59.2,60.63 2 0
github.com/SergioLacerda/strategist-skill/internal/install/shim.go:60.63,62.3 1 0
github.com/SergioLacerda/strategist-skill/internal/install/shim.go:63.2,63.12 1 0
github.com/SergioLacerda/strategist-skill/internal/install/shim.go:69.68,71.66 2 0
github.com/SergioLacerda/strategist-skill/internal/install/shim.go:71.66,76.33 2 0
github.com/SergioLacerda/strategist-skill/internal/install/shim.go:76.33,77.68 1 0
github.com/SergioLacerda/strategist-skill/internal/install/shim.go:77.68,78.13 1 0
github.com/SergioLacerda/strategist-skill/internal/install/shim.go:83.2,84.65 2 0
github.com/SergioLacerda/strategist-skill/internal/install/shim.go:84.65,88.17 1 0
github.com/SergioLacerda/strategist-skill/internal/install/shim.go:88.17,90.4 1 0
github.com/SergioLacerda/strategist-skill/internal/install/tui.go:21.32,23.2 1 0
github.com/SergioLacerda/strategist-skill/internal/install/tui.go:26.90,29.28 3 0
github.com/SergioLacerda/strategist-skill/internal/install/tui.go:29.28,31.3 1 0
github.com/SergioLacerda/strategist-skill/internal/install/tui.go:32.2,37.16 1 0
github.com/SergioLacerda/strategist-skill/internal/install/tui.go:37.16,39.3 1 0
github.com/SergioLacerda/strategist-skill/internal/install/tui.go:40.2,40.20 1 0
github.com/SergioLacerda/strategist-skill/internal/install/tui.go:44.71,50.16 2 0
github.com/SergioLacerda/strategist-skill/internal/install/tui.go:50.16,52.3 1 0
github.com/SergioLacerda/strategist-skill/internal/install/tui.go:53.2,53.20 1 0
github.com/SergioLacerda/strategist-skill/internal/install/tui.go:58.117,60.28 2 0
github.com/SergioLacerda/strategist-skill/internal/install/tui.go:60.28,62.3 1 0
github.com/SergioLacerda/strategist-skill/internal/install/tui.go:63.2,71.16 3 0
github.com/SergioLacerda/strategist-skill/internal/install/tui.go:71.16,73.3 1 0
github.com/SergioLacerda/strategist-skill/internal/install/tui.go:75.2,75.30 1 0
github.com/SergioLacerda/strategist-skill/internal/install/tui.go:75.30,77.3 1 0
github.com/SergioLacerda/strategist-skill/internal/install/tui.go:80.2,85.16 2 0
github.com/SergioLacerda/strategist-skill/internal/install/tui.go:85.16,87.3 1 0
github.com/SergioLacerda/strategist-skill/internal/install/tui.go:88.2,88.20 1 0
github.com/SergioLacerda/strategist-skill/internal/install/wizard.go:40.61,42.9 2 0
github.com/SergioLacerda/strategist-skill/internal/install/wizard.go:42.9,45.3 1 0
github.com/SergioLacerda/strategist-skill/internal/install/wizard.go:46.2,46.26 1 0
github.com/SergioLacerda/strategist-skill/internal/install/wizard.go:46.26,49.3 1 0
github.com/SergioLacerda/strategist-skill/internal/install/wizard.go:50.2,50.11 1 0
github.com/SergioLacerda/strategist-skill/internal/install/wizard.go:54.57,57.16 2 0
github.com/SergioLacerda/strategist-skill/internal/install/wizard.go:57.16,59.3 1 0
github.com/SergioLacerda/strategist-skill/internal/install/wizard.go:60.2,65.16 4 0
github.com/SergioLacerda/strategist-skill/internal/install/wizard.go:65.16,67.3 1 0
github.com/SergioLacerda/strategist-skill/internal/install/wizard.go:68.2,69.16 2 0
github.com/SergioLacerda/strategist-skill/internal/install/wizard.go:69.16,71.3 1 0
github.com/SergioLacerda/strategist-skill/internal/install/wizard.go:72.2,73.16 2 0
github.com/SergioLacerda/strategist-skill/internal/install/wizard.go:73.16,75.3 1 0
github.com/SergioLacerda/strategist-skill/internal/install/wizard.go:77.2,78.16 2 0
github.com/SergioLacerda/strategist-skill/internal/install/wizard.go:78.16,80.3 1 0
github.com/SergioLacerda/strategist-skill/internal/install/wizard.go:81.2,82.16 2 0
github.com/SergioLacerda/strategist-skill/internal/install/wizard.go:82.16,84.3 1 0
github.com/SergioLacerda/strategist-skill/internal/install/wizard.go:85.2,86.16 2 0
github.com/SergioLacerda/strategist-skill/internal/install/wizard.go:86.16,88.3 1 0
github.com/SergioLacerda/strategist-skill/internal/install/wizard.go:90.2,91.16 2 0
github.com/SergioLacerda/strategist-skill/internal/install/wizard.go:91.16,93.3 1 0
github.com/SergioLacerda/strategist-skill/internal/install/wizard.go:95.2,96.16 2 0
github.com/SergioLacerda/strategist-skill/internal/install/wizard.go:96.16,98.3 1 0
github.com/SergioLacerda/strategist-skill/internal/install/wizard.go:100.2,102.16 3 0
github.com/SergioLacerda/strategist-skill/internal/install/wizard.go:102.16,104.3 1 0
github.com/SergioLacerda/strategist-skill/internal/install/wizard.go:106.2,120.8 1 0
github.com/SergioLacerda/strategist-skill/internal/install/wizard.go:124.113,126.16 2 0
github.com/SergioLacerda/strategist-skill/internal/install/wizard.go:126.16,128.3 1 0
github.com/SergioLacerda/strategist-skill/internal/install/wizard.go:129.2,130.57 2 0
github.com/SergioLacerda/strategist-skill/internal/install/wizard.go:130.57,132.3 1 0
github.com/SergioLacerda/strategist-skill/internal/install/wizard.go:133.2,134.16 2 0
github.com/SergioLacerda/strategist-skill/internal/install/wizard.go:134.16,136.3 1 0
github.com/SergioLacerda/strategist-skill/internal/install/wizard.go:137.2,137.93 1 0
github.com/SergioLacerda/strategist-skill/internal/install/wizard.go:137.93,139.3 1 0
github.com/SergioLacerda/strategist-skill/internal/install/wizard.go:140.2,140.47 1 0
github.com/SergioLacerda/strategist-skill/internal/install/wizard.go:144.105,147.16 3 0
github.com/SergioLacerda/strategist-skill/internal/install/wizard.go:147.16,149.3 1 0
github.com/SergioLacerda/strategist-skill/internal/install/wizard.go:150.2,150.65 1 0
github.com/SergioLacerda/strategist-skill/internal/install/wizard.go:150.65,152.3 1 0
github.com/SergioLacerda/strategist-skill/internal/install/wizard.go:153.2,154.16 2 0
github.com/SergioLacerda/strategist-skill/internal/install/wizard.go:154.16,156.3 1 0
github.com/SergioLacerda/strategist-skill/internal/install/wizard.go:157.2,157.66 1 0
github.com/SergioLacerda/strategist-skill/internal/install/wizard.go:157.66,159.3 1 0
github.com/SergioLacerda/strategist-skill/internal/install/wizard.go:160.2,161.16 2 0
github.com/SergioLacerda/strategist-skill/internal/install/wizard.go:161.16,163.3 1 0
github.com/SergioLacerda/strategist-skill/internal/install/wizard.go:164.2,164.61 1 0
github.com/SergioLacerda/strategist-skill/internal/install/wizard.go:164.61,166.3 1 0
github.com/SergioLacerda/strategist-skill/internal/install/wizard.go:167.2,167.46 1 0
github.com/SergioLacerda/strategist-skill/internal/install/wizard.go:171.34,172.37 1 0
github.com/SergioLacerda/strategist-skill/internal/install/wizard.go:172.37,174.3 1 0
github.com/SergioLacerda/strategist-skill/internal/install/wizard.go:175.2,175.12 1 0
github.com/SergioLacerda/strategist-skill/internal/integrity/warning.go:19.51,21.16 2 0
github.com/SergioLacerda/strategist-skill/internal/integrity/warning.go:21.16,23.3 1 0
github.com/SergioLacerda/strategist-skill/internal/integrity/warning.go:24.2,26.16 3 0
github.com/SergioLacerda/strategist-skill/internal/integrity/warning.go:26.16,28.3 1 0
github.com/SergioLacerda/strategist-skill/internal/integrity/warning.go:29.2,29.60 1 0
github.com/SergioLacerda/strategist-skill/internal/integrity/warning.go:29.60,31.3 1 0
github.com/SergioLacerda/strategist-skill/internal/integrity/warning.go:32.2,32.12 1 0
github.com/SergioLacerda/strategist-skill/internal/integrity/warning.go:37.60,39.36 2 0
github.com/SergioLacerda/strategist-skill/internal/integrity/warning.go:39.36,41.3 1 0
github.com/SergioLacerda/strategist-skill/internal/integrity/warning.go:42.2,42.16 1 0
github.com/SergioLacerda/strategist-skill/internal/integrity/warning.go:42.16,44.3 1 0
github.com/SergioLacerda/strategist-skill/internal/integrity/warning.go:46.2,47.52 2 0
github.com/SergioLacerda/strategist-skill/internal/integrity/warning.go:47.52,49.3 1 0
github.com/SergioLacerda/strategist-skill/internal/integrity/warning.go:51.2,52.36 2 0
github.com/SergioLacerda/strategist-skill/internal/integrity/warning.go:52.36,54.3 1 0
github.com/SergioLacerda/strategist-skill/internal/integrity/warning.go:55.2,55.16 1 0
github.com/SergioLacerda/strategist-skill/internal/integrity/warning.go:55.16,57.3 1 0
github.com/SergioLacerda/strategist-skill/internal/integrity/warning.go:59.2,59.53 1 0
github.com/SergioLacerda/strategist-skill/internal/stale/check.go:24.61,25.57 1 0
github.com/SergioLacerda/strategist-skill/internal/stale/check.go:25.57,27.3 1 0
github.com/SergioLacerda/strategist-skill/internal/stale/check.go:27.8,27.23 1 0
github.com/SergioLacerda/strategist-skill/internal/stale/check.go:27.23,29.3 1 0
github.com/SergioLacerda/strategist-skill/internal/stale/check.go:31.2,32.57 2 0
github.com/SergioLacerda/strategist-skill/internal/stale/check.go:32.57,34.3 1 0
github.com/SergioLacerda/strategist-skill/internal/stale/check.go:34.8,34.23 1 0
github.com/SergioLacerda/strategist-skill/internal/stale/check.go:34.23,36.3 1 0
github.com/SergioLacerda/strategist-skill/internal/stale/check.go:38.2,39.16 2 0
github.com/SergioLacerda/strategist-skill/internal/stale/check.go:39.16,41.3 1 0
github.com/SergioLacerda/strategist-skill/internal/stale/check.go:43.2,43.38 1 0
github.com/SergioLacerda/strategist-skill/internal/stale/check.go:43.38,45.29 2 0
github.com/SergioLacerda/strategist-skill/internal/stale/check.go:45.29,47.4 1 0
github.com/SergioLacerda/strategist-skill/internal/stale/check.go:48.3,48.21 1 0
github.com/SergioLacerda/strategist-skill/internal/stale/check.go:48.21,50.4 1 0
github.com/SergioLacerda/strategist-skill/internal/stale/check.go:51.3,51.39 1 0
github.com/SergioLacerda/strategist-skill/internal/stale/check.go:51.39,53.4 1 0
github.com/SergioLacerda/strategist-skill/internal/stale/check.go:56.2,56.19 1 0
github.com/SergioLacerda/strategist-skill/internal/stale/check.go:60.65,62.16 2 0
github.com/SergioLacerda/strategist-skill/internal/stale/check.go:62.16,64.3 1 0
github.com/SergioLacerda/strategist-skill/internal/stale/check.go:65.2,68.16 3 0
github.com/SergioLacerda/strategist-skill/internal/stale/check.go:68.16,70.3 1 0
github.com/SergioLacerda/strategist-skill/internal/stale/check.go:71.2,76.62 3 0
github.com/SergioLacerda/strategist-skill/internal/stale/check.go:76.62,78.3 1 0
github.com/SergioLacerda/strategist-skill/internal/stale/check.go:80.2,80.29 1 0
github.com/SergioLacerda/strategist-skill/internal/stale/check.go:80.29,82.3 1 0
github.com/SergioLacerda/strategist-skill/internal/stale/check.go:84.2,84.30 1 0
github.com/SergioLacerda/strategist-skill/internal/telemetry/checkpoint.go:22.50,23.40 1 0
github.com/SergioLacerda/strategist-skill/internal/telemetry/checkpoint.go:23.40,24.16 1 0
github.com/SergioLacerda/strategist-skill/internal/telemetry/checkpoint.go:24.16,26.4 1 0
github.com/SergioLacerda/strategist-skill/internal/telemetry/checkpoint.go:28.2,28.14 1 0
github.com/SergioLacerda/strategist-skill/internal/telemetry/checkpoint.go:32.49,33.20 1 0
github.com/SergioLacerda/strategist-skill/internal/telemetry/checkpoint.go:33.20,35.3 1 0
github.com/SergioLacerda/strategist-skill/internal/telemetry/checkpoint.go:36.2,36.28 1 0
github.com/SergioLacerda/strategist-skill/internal/telemetry/checkpoint.go:41.62,43.36 2 0
github.com/SergioLacerda/strategist-skill/internal/telemetry/checkpoint.go:43.36,45.3 1 0
github.com/SergioLacerda/strategist-skill/internal/telemetry/checkpoint.go:46.2,46.16 1 0
github.com/SergioLacerda/strategist-skill/internal/telemetry/checkpoint.go:46.16,48.3 1 0
github.com/SergioLacerda/strategist-skill/internal/telemetry/checkpoint.go:49.2,50.50 2 0
github.com/SergioLacerda/strategist-skill/internal/telemetry/checkpoint.go:50.50,52.3 1 0
github.com/SergioLacerda/strategist-skill/internal/telemetry/checkpoint.go:53.2,53.17 1 0
github.com/SergioLacerda/strategist-skill/internal/telemetry/checkpoint.go:58.63,60.16 2 0
github.com/SergioLacerda/strategist-skill/internal/telemetry/checkpoint.go:60.16,62.3 1 0
github.com/SergioLacerda/strategist-skill/internal/telemetry/checkpoint.go:63.2,65.16 3 0
github.com/SergioLacerda/strategist-skill/internal/telemetry/checkpoint.go:65.16,67.3 1 0
github.com/SergioLacerda/strategist-skill/internal/telemetry/checkpoint.go:68.2,69.43 2 0
github.com/SergioLacerda/strategist-skill/internal/telemetry/checkpoint.go:69.43,73.3 3 0
github.com/SergioLacerda/strategist-skill/internal/telemetry/checkpoint.go:74.2,74.36 1 0
github.com/SergioLacerda/strategist-skill/internal/telemetry/checkpoint.go:74.36,77.3 2 0
github.com/SergioLacerda/strategist-skill/internal/telemetry/checkpoint.go:78.2,78.49 1 0
github.com/SergioLacerda/strategist-skill/internal/telemetry/checkpoint.go:78.49,81.3 2 0
github.com/SergioLacerda/strategist-skill/internal/telemetry/checkpoint.go:82.2,82.12 1 0
github.com/SergioLacerda/strategist-skill/internal/telemetry/checkpoint.go:87.42,89.36 2 0
github.com/SergioLacerda/strategist-skill/internal/telemetry/checkpoint.go:89.36,91.3 1 0
github.com/SergioLacerda/strategist-skill/internal/telemetry/checkpoint.go:92.2,92.16 1 0
github.com/SergioLacerda/strategist-skill/internal/telemetry/checkpoint.go:92.16,94.3 1 0
github.com/SergioLacerda/strategist-skill/internal/telemetry/checkpoint.go:95.2,95.12 1 0
github.com/SergioLacerda/strategist-skill/internal/telemetry/config.go:18.23,20.19 2 0
github.com/SergioLacerda/strategist-skill/internal/telemetry/config.go:20.19,22.3 1 0
github.com/SergioLacerda/strategist-skill/internal/telemetry/config.go:23.2,28.3 2 0
github.com/SergioLacerda/strategist-skill/internal/telemetry/config.go:33.32,35.2 1 0
github.com/SergioLacerda/strategist-skill/internal/telemetry/mission_metrics.go:26.52,42.2 1 0
github.com/SergioLacerda/strategist-skill/internal/telemetry/mission_metrics.go:45.43,61.2 1 0
github.com/SergioLacerda/strategist-skill/internal/telemetry/mission_run.go:29.50,34.2 1 0
github.com/SergioLacerda/strategist-skill/internal/telemetry/mission_run.go:37.75,39.2 1 0
github.com/SergioLacerda/strategist-skill/internal/telemetry/mission_run.go:42.61,43.16 1 0
github.com/SergioLacerda/strategist-skill/internal/telemetry/mission_run.go:43.16,45.3 1 0
github.com/SergioLacerda/strategist-skill/internal/telemetry/mission_run.go:46.2,47.9 2 0
github.com/SergioLacerda/strategist-skill/internal/telemetry/mission_run.go:47.9,49.3 1 0
github.com/SergioLacerda/strategist-skill/internal/telemetry/mission_run.go:50.2,50.12 1 0
github.com/SergioLacerda/strategist-skill/internal/telemetry/mission_run.go:54.35,57.25 3 0
github.com/SergioLacerda/strategist-skill/internal/telemetry/mission_run.go:57.25,59.3 1 0
github.com/SergioLacerda/strategist-skill/internal/telemetry/mission_run.go:63.35,66.25 3 0
github.com/SergioLacerda/strategist-skill/internal/telemetry/mission_run.go:66.25,68.3 1 0
github.com/SergioLacerda/strategist-skill/internal/telemetry/mission_run.go:72.38,75.28 3 0
github.com/SergioLacerda/strategist-skill/internal/telemetry/mission_run.go:75.28,77.3 1 0
github.com/SergioLacerda/strategist-skill/internal/telemetry/mission_run.go:81.42,84.23 3 0
github.com/SergioLacerda/strategist-skill/internal/telemetry/mission_run.go:84.23,86.3 1 0
github.com/SergioLacerda/strategist-skill/internal/telemetry/mission_run.go:91.41,94.30 3 0
github.com/SergioLacerda/strategist-skill/internal/telemetry/mission_run.go:94.30,96.3 1 0
github.com/SergioLacerda/strategist-skill/internal/telemetry/mission_run.go:100.35,103.25 3 0
github.com/SergioLacerda/strategist-skill/internal/telemetry/mission_run.go:103.25,105.3 1 0
github.com/SergioLacerda/strategist-skill/internal/telemetry/mission_run.go:109.40,110.12 1 0
github.com/SergioLacerda/strategist-skill/internal/telemetry/mission_run.go:110.12,112.3 1 0
github.com/SergioLacerda/strategist-skill/internal/telemetry/mission_run.go:113.2,115.15 3 0
github.com/SergioLacerda/strategist-skill/internal/telemetry/mission_run.go:119.47,124.2 4 0
github.com/SergioLacerda/strategist-skill/internal/telemetry/mission_run.go:127.48,133.23 5 0
github.com/SergioLacerda/strategist-skill/internal/telemetry/mission_run.go:133.23,135.3 1 0
github.com/SergioLacerda/strategist-skill/internal/telemetry/mission_run.go:136.2,137.23 2 0
github.com/SergioLacerda/strategist-skill/internal/telemetry/mission_run.go:137.23,139.3 1 0
github.com/SergioLacerda/strategist-skill/internal/telemetry/mission_run.go:140.2,141.26 2 0
github.com/SergioLacerda/strategist-skill/internal/telemetry/mission_run.go:141.26,143.3 1 0
github.com/SergioLacerda/strategist-skill/internal/telemetry/mission_run.go:144.2,145.21 2 0
github.com/SergioLacerda/strategist-skill/internal/telemetry/mission_run.go:145.21,147.3 1 0
github.com/SergioLacerda/strategist-skill/internal/telemetry/mission_run.go:148.2,149.28 2 0
github.com/SergioLacerda/strategist-skill/internal/telemetry/mission_run.go:149.28,151.3 1 0
github.com/SergioLacerda/strategist-skill/internal/telemetry/mission_run.go:152.2,153.23 2 0
github.com/SergioLacerda/strategist-skill/internal/telemetry/mission_run.go:153.23,155.3 1 0
github.com/SergioLacerda/strategist-skill/internal/telemetry/mission_run.go:157.2,170.3 1 0
github.com/SergioLacerda/strategist-skill/internal/telemetry/mission_run.go:174.31,177.2 2 0
github.com/SergioLacerda/strategist-skill/internal/telemetry/mission_run.go:180.41,181.51 1 0
github.com/SergioLacerda/strategist-skill/internal/telemetry/mission_run.go:181.51,183.3 1 0
github.com/SergioLacerda/strategist-skill/internal/telemetry/mission_run.go:187.128,192.2 1 0
github.com/SergioLacerda/strategist-skill/internal/telemetry/outcome.go:27.45,29.57 2 0
github.com/SergioLacerda/strategist-skill/internal/telemetry/outcome.go:29.57,31.3 1 0
github.com/SergioLacerda/strategist-skill/internal/telemetry/outcome.go:32.2,33.23 2 0
github.com/SergioLacerda/strategist-skill/internal/telemetry/outcome.go:33.23,35.3 1 0
github.com/SergioLacerda/strategist-skill/internal/telemetry/outcome.go:36.2,36.20 1 0
github.com/SergioLacerda/strategist-skill/internal/telemetry/outcome.go:36.20,38.3 1 0
github.com/SergioLacerda/strategist-skill/internal/telemetry/outcome.go:39.2,39.23 1 0
github.com/SergioLacerda/strategist-skill/internal/telemetry/outcome.go:39.23,41.3 1 0
github.com/SergioLacerda/strategist-skill/internal/telemetry/outcome.go:42.2,42.29 1 0
github.com/SergioLacerda/strategist-skill/internal/telemetry/outcome.go:50.55,51.49 1 0
github.com/SergioLacerda/strategist-skill/internal/telemetry/outcome.go:51.49,53.3 1 0
github.com/SergioLacerda/strategist-skill/internal/telemetry/outcome.go:54.2,55.16 2 0
github.com/SergioLacerda/strategist-skill/internal/telemetry/outcome.go:55.16,57.3 1 0
github.com/SergioLacerda/strategist-skill/internal/telemetry/outcome.go:58.2,58.15 1 0
github.com/SergioLacerda/strategist-skill/internal/telemetry/outcome.go:58.15,59.51 1 0
github.com/SergioLacerda/strategist-skill/internal/telemetry/outcome.go:59.51,61.4 1 0
github.com/SergioLacerda/strategist-skill/internal/telemetry/outcome.go:63.2,63.67 1 0
github.com/SergioLacerda/strategist-skill/internal/telemetry/outcome.go:63.67,65.3 1 0
github.com/SergioLacerda/strategist-skill/internal/telemetry/outcome.go:66.2,66.15 1 0
github.com/SergioLacerda/strategist-skill/internal/telemetry/outcome.go:66.15,67.95 1 0
github.com/SergioLacerda/strategist-skill/internal/telemetry/outcome.go:67.95,69.4 1 0
github.com/SergioLacerda/strategist-skill/internal/telemetry/outcome.go:71.2,71.48 1 0
github.com/SergioLacerda/strategist-skill/internal/telemetry/outcome.go:71.48,73.3 1 0
github.com/SergioLacerda/strategist-skill/internal/telemetry/outcome.go:74.2,74.12 1 0
github.com/SergioLacerda/strategist-skill/internal/telemetry/policy_event.go:22.47,24.30 2 0
github.com/SergioLacerda/strategist-skill/internal/telemetry/policy_event.go:24.30,26.3 1 0
github.com/SergioLacerda/strategist-skill/internal/telemetry/policy_event.go:27.2,27.28 1 0
github.com/SergioLacerda/strategist-skill/internal/telemetry/policy_event.go:27.28,29.3 1 0
github.com/SergioLacerda/strategist-skill/internal/telemetry/policy_event.go:30.2,30.21 1 0
github.com/SergioLacerda/strategist-skill/internal/telemetry/policy_event.go:30.21,32.3 1 0
github.com/SergioLacerda/strategist-skill/internal/telemetry/policy_event.go:33.2,33.13 1 0
github.com/SergioLacerda/strategist-skill/internal/telemetry/policy_event.go:37.38,46.30 2 0
github.com/SergioLacerda/strategist-skill/internal/telemetry/policy_event.go:46.30,48.3 1 0
github.com/SergioLacerda/strategist-skill/internal/telemetry/policy_event.go:49.2,49.28 1 0
github.com/SergioLacerda/strategist-skill/internal/telemetry/policy_event.go:49.28,51.3 1 0
github.com/SergioLacerda/strategist-skill/internal/telemetry/policy_event.go:52.2,52.21 1 0
github.com/SergioLacerda/strategist-skill/internal/telemetry/policy_event.go:52.21,54.3 1 0
github.com/SergioLacerda/strategist-skill/internal/telemetry/policy_event.go:55.2,55.44 1 0
github.com/SergioLacerda/strategist-skill/internal/telemetry/schema.go:42.36,43.23 1 0
github.com/SergioLacerda/strategist-skill/internal/telemetry/schema.go:43.23,45.3 1 0
github.com/SergioLacerda/strategist-skill/internal/telemetry/schema.go:46.2,46.10 1 0
github.com/SergioLacerda/strategist-skill/internal/telemetry/setup.go:20.73,21.20 1 0
github.com/SergioLacerda/strategist-skill/internal/telemetry/setup.go:21.20,23.38 2 0
github.com/SergioLacerda/strategist-skill/internal/telemetry/setup.go:23.38,23.52 1 0
github.com/SergioLacerda/strategist-skill/internal/telemetry/setup.go:26.2,29.18 2 0
github.com/SergioLacerda/strategist-skill/internal/telemetry/setup.go:29.18,31.3 1 0
github.com/SergioLacerda/strategist-skill/internal/telemetry/setup.go:33.2,34.16 2 0
github.com/SergioLacerda/strategist-skill/internal/telemetry/setup.go:34.16,36.3 1 0
github.com/SergioLacerda/strategist-skill/internal/telemetry/setup.go:38.2,41.16 2 0
github.com/SergioLacerda/strategist-skill/internal/telemetry/setup.go:41.16,43.3 1 0
github.com/SergioLacerda/strategist-skill/internal/telemetry/setup.go:45.2,55.25 5 0
github.com/SergioLacerda/strategist-skill/internal/telemetry/tracer.go:13.28,15.2 1 0
github.com/SergioLacerda/strategist-skill/internal/testutil/testutil.go:16.52,25.2 8 0
github.com/SergioLacerda/strategist-skill/internal/testutil/testutil.go:28.51,37.2 8 0
github.com/SergioLacerda/strategist-skill/internal/testutil/testutil.go:42.44,51.2 8 0
github.com/SergioLacerda/strategist-skill/internal/compile/all.go:20.60,31.26 5 5
github.com/SergioLacerda/strategist-skill/internal/compile/all.go:31.26,31.63 1 5
github.com/SergioLacerda/strategist-skill/internal/compile/all.go:32.27,32.61 1 5
github.com/SergioLacerda/strategist-skill/internal/compile/all.go:33.27,33.61 1 5
github.com/SergioLacerda/strategist-skill/internal/compile/all.go:36.2,42.26 3 5
github.com/SergioLacerda/strategist-skill/internal/compile/all.go:42.26,44.13 2 15
github.com/SergioLacerda/strategist-skill/internal/compile/all.go:44.13,46.33 2 15
github.com/SergioLacerda/strategist-skill/internal/compile/all.go:46.33,50.5 3 6
github.com/SergioLacerda/strategist-skill/internal/compile/all.go:53.2,55.19 2 5
github.com/SergioLacerda/strategist-skill/internal/compile/all.go:55.19,57.3 1 3
github.com/SergioLacerda/strategist-skill/internal/compile/all.go:59.2,70.59 3 2
github.com/SergioLacerda/strategist-skill/internal/compile/all.go:70.59,72.3 1 0
github.com/SergioLacerda/strategist-skill/internal/compile/all.go:74.2,74.12 1 2
github.com/SergioLacerda/strategist-skill/internal/compile/cache.go:33.51,39.2 1 7
github.com/SergioLacerda/strategist-skill/internal/compile/cache.go:42.67,47.9 5 10
github.com/SergioLacerda/strategist-skill/internal/compile/cache.go:47.9,49.3 1 5
github.com/SergioLacerda/strategist-skill/internal/compile/cache.go:50.2,51.9 2 5
github.com/SergioLacerda/strategist-skill/internal/compile/cache.go:51.9,53.3 1 0
github.com/SergioLacerda/strategist-skill/internal/compile/cache.go:54.2,56.19 3 5
github.com/SergioLacerda/strategist-skill/internal/compile/cache.go:62.73,66.34 4 13
github.com/SergioLacerda/strategist-skill/internal/compile/cache.go:66.34,68.10 2 1
github.com/SergioLacerda/strategist-skill/internal/compile/cache.go:68.10,70.4 1 0
github.com/SergioLacerda/strategist-skill/internal/compile/cache.go:71.3,74.9 4 1
github.com/SergioLacerda/strategist-skill/internal/compile/cache.go:76.2,76.31 1 12
github.com/SergioLacerda/strategist-skill/internal/compile/cache.go:76.31,78.18 2 2
github.com/SergioLacerda/strategist-skill/internal/compile/cache.go:78.18,79.9 1 0
github.com/SergioLacerda/strategist-skill/internal/compile/cache.go:81.3,82.48 2 2
github.com/SergioLacerda/strategist-skill/internal/compile/cache.go:82.48,84.4 1 2
github.com/SergioLacerda/strategist-skill/internal/compile/cache.go:86.2,88.21 3 12
github.com/SergioLacerda/strategist-skill/internal/compile/cache.go:92.35,96.2 3 2
github.com/SergioLacerda/strategist-skill/internal/compile/config.go:14.44,19.61 3 21
github.com/SergioLacerda/strategist-skill/internal/compile/config.go:19.61,21.3 1 9
github.com/SergioLacerda/strategist-skill/internal/compile/config.go:22.2,22.45 1 12
github.com/SergioLacerda/strategist-skill/internal/compile/config.go:22.45,24.3 1 3
github.com/SergioLacerda/strategist-skill/internal/compile/config.go:27.2,28.16 2 9
github.com/SergioLacerda/strategist-skill/internal/compile/config.go:28.16,30.3 1 0
github.com/SergioLacerda/strategist-skill/internal/compile/config.go:32.2,37.16 3 9
github.com/SergioLacerda/strategist-skill/internal/compile/config.go:37.16,39.3 1 1
github.com/SergioLacerda/strategist-skill/internal/compile/config.go:40.2,41.16 2 8
github.com/SergioLacerda/strategist-skill/internal/compile/config.go:41.16,43.3 1 0
github.com/SergioLacerda/strategist-skill/internal/compile/config.go:44.2,44.43 1 8
github.com/SergioLacerda/strategist-skill/internal/compile/config.go:44.43,45.44 1 6
github.com/SergioLacerda/strategist-skill/internal/compile/config.go:45.44,47.4 1 1
github.com/SergioLacerda/strategist-skill/internal/compile/config.go:50.2,51.16 2 7
github.com/SergioLacerda/strategist-skill/internal/compile/config.go:51.16,53.3 1 0
github.com/SergioLacerda/strategist-skill/internal/compile/config.go:55.2,64.58 2 7
github.com/SergioLacerda/strategist-skill/internal/compile/config.go:64.58,66.3 1 1
github.com/SergioLacerda/strategist-skill/internal/compile/config.go:67.2,67.12 1 6
github.com/SergioLacerda/strategist-skill/internal/compile/config.go:72.83,74.24 2 17
github.com/SergioLacerda/strategist-skill/internal/compile/config.go:74.24,76.3 1 0
github.com/SergioLacerda/strategist-skill/internal/compile/config.go:77.2,77.16 1 17
github.com/SergioLacerda/strategist-skill/internal/compile/config.go:77.16,79.3 1 1
github.com/SergioLacerda/strategist-skill/internal/compile/config.go:81.2,82.28 2 16
github.com/SergioLacerda/strategist-skill/internal/compile/config.go:82.28,83.57 1 13
github.com/SergioLacerda/strategist-skill/internal/compile/config.go:83.57,84.12 1 1
github.com/SergioLacerda/strategist-skill/internal/compile/config.go:86.3,88.21 3 12
github.com/SergioLacerda/strategist-skill/internal/compile/config.go:88.21,90.4 1 1
github.com/SergioLacerda/strategist-skill/internal/compile/config.go:91.3,93.25 3 11
github.com/SergioLacerda/strategist-skill/internal/compile/config.go:95.2,95.20 1 15
github.com/SergioLacerda/strategist-skill/internal/compile/config.go:100.93,102.24 2 10
github.com/SergioLacerda/strategist-skill/internal/compile/config.go:102.24,104.3 1 0
github.com/SergioLacerda/strategist-skill/internal/compile/config.go:105.2,105.16 1 10
github.com/SergioLacerda/strategist-skill/internal/compile/config.go:105.16,107.3 1 1
github.com/SergioLacerda/strategist-skill/internal/compile/config.go:109.2,110.28 2 9
github.com/SergioLacerda/strategist-skill/internal/compile/config.go:110.28,111.57 1 8
github.com/SergioLacerda/strategist-skill/internal/compile/config.go:111.57,112.12 1 1
github.com/SergioLacerda/strategist-skill/internal/compile/config.go:114.3,116.54 3 7
github.com/SergioLacerda/strategist-skill/internal/compile/config.go:116.54,118.4 1 0
github.com/SergioLacerda/strategist-skill/internal/compile/config.go:119.3,119.21 1 7
github.com/SergioLacerda/strategist-skill/internal/compile/config.go:119.21,121.4 1 1
github.com/SergioLacerda/strategist-skill/internal/compile/config.go:122.3,123.25 2 7
github.com/SergioLacerda/strategist-skill/internal/compile/config.go:125.2,125.20 1 9
github.com/SergioLacerda/strategist-skill/internal/compile/domain.go:17.44,20.16 3 13
github.com/SergioLacerda/strategist-skill/internal/compile/domain.go:20.16,22.3 1 3
github.com/SergioLacerda/strategist-skill/internal/compile/domain.go:24.2,25.56 2 10
github.com/SergioLacerda/strategist-skill/internal/compile/domain.go:25.56,27.3 1 1
github.com/SergioLacerda/strategist-skill/internal/compile/domain.go:29.2,32.16 3 9
github.com/SergioLacerda/strategist-skill/internal/compile/domain.go:32.16,34.3 1 1
github.com/SergioLacerda/strategist-skill/internal/compile/domain.go:36.2,37.50 2 8
github.com/SergioLacerda/strategist-skill/internal/compile/domain.go:37.50,39.21 2 2
github.com/SergioLacerda/strategist-skill/internal/compile/domain.go:39.21,41.4 1 0
github.com/SergioLacerda/strategist-skill/internal/compile/domain.go:42.3,42.35 1 2
github.com/SergioLacerda/strategist-skill/internal/compile/domain.go:45.2,53.58 2 8
github.com/SergioLacerda/strategist-skill/internal/compile/domain.go:53.58,55.3 1 0
github.com/SergioLacerda/strategist-skill/internal/compile/domain.go:56.2,56.12 1 8
github.com/SergioLacerda/strategist-skill/internal/compile/domain.go:61.101,63.31 2 11
github.com/SergioLacerda/strategist-skill/internal/compile/domain.go:63.31,64.35 1 5
github.com/SergioLacerda/strategist-skill/internal/compile/domain.go:64.35,65.12 1 0
github.com/SergioLacerda/strategist-skill/internal/compile/domain.go:67.3,69.37 3 5
github.com/SergioLacerda/strategist-skill/internal/compile/domain.go:69.37,71.12 1 2
github.com/SergioLacerda/strategist-skill/internal/compile/domain.go:73.3,73.17 1 3
github.com/SergioLacerda/strategist-skill/internal/compile/domain.go:73.17,75.4 1 1
github.com/SergioLacerda/strategist-skill/internal/compile/domain.go:76.3,77.24 2 2
github.com/SergioLacerda/strategist-skill/internal/compile/domain.go:79.2,79.20 1 10
github.com/SergioLacerda/strategist-skill/internal/compile/helpers.go:13.31,15.16 2 43
github.com/SergioLacerda/strategist-skill/internal/compile/helpers.go:15.16,17.3 1 1
github.com/SergioLacerda/strategist-skill/internal/compile/helpers.go:18.2,18.30 1 42
github.com/SergioLacerda/strategist-skill/internal/compile/helpers.go:25.50,26.69 1 29
github.com/SergioLacerda/strategist-skill/internal/compile/helpers.go:26.69,28.3 1 1
github.com/SergioLacerda/strategist-skill/internal/compile/helpers.go:30.2,32.16 3 28
github.com/SergioLacerda/strategist-skill/internal/compile/helpers.go:32.16,34.3 1 0
github.com/SergioLacerda/strategist-skill/internal/compile/helpers.go:36.2,37.54 2 28
github.com/SergioLacerda/strategist-skill/internal/compile/helpers.go:37.54,40.3 2 1
github.com/SergioLacerda/strategist-skill/internal/compile/helpers.go:41.2,41.35 1 27
github.com/SergioLacerda/strategist-skill/internal/compile/helpers.go:41.35,44.3 2 0
github.com/SergioLacerda/strategist-skill/internal/compile/helpers.go:45.2,45.34 1 27
github.com/SergioLacerda/strategist-skill/internal/compile/helpers.go:45.34,48.3 2 0
github.com/SergioLacerda/strategist-skill/internal/compile/helpers.go:49.2,49.51 1 27
github.com/SergioLacerda/strategist-skill/internal/compile/helpers.go:49.51,52.3 2 1
github.com/SergioLacerda/strategist-skill/internal/compile/helpers.go:53.2,53.12 1 26
github.com/SergioLacerda/strategist-skill/internal/compile/helpers.go:57.41,59.16 2 7
github.com/SergioLacerda/strategist-skill/internal/compile/helpers.go:59.16,61.3 1 1
github.com/SergioLacerda/strategist-skill/internal/compile/helpers.go:62.2,63.38 2 6
github.com/SergioLacerda/strategist-skill/internal/compile/helpers.go:68.56,70.49 2 26
github.com/SergioLacerda/strategist-skill/internal/compile/helpers.go:70.49,72.3 1 4
github.com/SergioLacerda/strategist-skill/internal/compile/helpers.go:73.2,73.17 1 22
github.com/SergioLacerda/strategist-skill/internal/compile/helpers.go:77.45,79.16 2 54
github.com/SergioLacerda/strategist-skill/internal/compile/helpers.go:79.16,81.3 1 7
github.com/SergioLacerda/strategist-skill/internal/compile/helpers.go:82.2,82.47 1 47
[...]
github.com/SergioLacerda/strategist-skill/internal/install/wizard.go:46.2,46.26 1 0
github.com/SergioLacerda/strategist-skill/internal/install/wizard.go:46.26,49.3 1 0
github.com/SergioLacerda/strategist-skill/internal/install/wizard.go:50.2,50.11 1 0
github.com/SergioLacerda/strategist-skill/internal/install/wizard.go:54.57,57.16 2 0
github.com/SergioLacerda/strategist-skill/internal/install/wizard.go:57.16,59.3 1 0
github.com/SergioLacerda/strategist-skill/internal/install/wizard.go:60.2,65.16 4 0
github.com/SergioLacerda/strategist-skill/internal/install/wizard.go:65.16,67.3 1 0
github.com/SergioLacerda/strategist-skill/internal/install/wizard.go:68.2,69.16 2 0
github.com/SergioLacerda/strategist-skill/internal/install/wizard.go:69.16,71.3 1 0
github.com/SergioLacerda/strategist-skill/internal/install/wizard.go:72.2,73.16 2 0
github.com/SergioLacerda/strategist-skill/internal/install/wizard.go:73.16,75.3 1 0
github.com/SergioLacerda/strategist-skill/internal/install/wizard.go:77.2,78.16 2 0
github.com/SergioLacerda/strategist-skill/internal/install/wizard.go:78.16,80.3 1 0
github.com/SergioLacerda/strategist-skill/internal/install/wizard.go:81.2,82.16 2 0
github.com/SergioLacerda/strategist-skill/internal/install/wizard.go:82.16,84.3 1 0
github.com/SergioLacerda/strategist-skill/internal/install/wizard.go:85.2,86.16 2 0
github.com/SergioLacerda/strategist-skill/internal/install/wizard.go:86.16,88.3 1 0
github.com/SergioLacerda/strategist-skill/internal/install/wizard.go:90.2,91.16 2 0
github.com/SergioLacerda/strategist-skill/internal/install/wizard.go:91.16,93.3 1 0
github.com/SergioLacerda/strategist-skill/internal/install/wizard.go:95.2,96.16 2 0
github.com/SergioLacerda/strategist-skill/internal/install/wizard.go:96.16,98.3 1 0
github.com/SergioLacerda/strategist-skill/internal/install/wizard.go:100.2,102.16 3 0
github.com/SergioLacerda/strategist-skill/internal/install/wizard.go:102.16,104.3 1 0
github.com/SergioLacerda/strategist-skill/internal/install/wizard.go:106.2,120.8 1 0
github.com/SergioLacerda/strategist-skill/internal/install/wizard.go:124.113,126.16 2 0
github.com/SergioLacerda/strategist-skill/internal/install/wizard.go:126.16,128.3 1 0
github.com/SergioLacerda/strategist-skill/internal/install/wizard.go:129.2,130.57 2 0
github.com/SergioLacerda/strategist-skill/internal/install/wizard.go:130.57,132.3 1 0
github.com/SergioLacerda/strategist-skill/internal/install/wizard.go:133.2,134.16 2 0
github.com/SergioLacerda/strategist-skill/internal/install/wizard.go:134.16,136.3 1 0
github.com/SergioLacerda/strategist-skill/internal/install/wizard.go:137.2,137.93 1 0
github.com/SergioLacerda/strategist-skill/internal/install/wizard.go:137.93,139.3 1 0
github.com/SergioLacerda/strategist-skill/internal/install/wizard.go:140.2,140.47 1 0
github.com/SergioLacerda/strategist-skill/internal/install/wizard.go:144.105,147.16 3 0
github.com/SergioLacerda/strategist-skill/internal/install/wizard.go:147.16,149.3 1 0
github.com/SergioLacerda/strategist-skill/internal/install/wizard.go:150.2,150.65 1 0
github.com/SergioLacerda/strategist-skill/internal/install/wizard.go:150.65,152.3 1 0
github.com/SergioLacerda/strategist-skill/internal/install/wizard.go:153.2,154.16 2 0
github.com/SergioLacerda/strategist-skill/internal/install/wizard.go:154.16,156.3 1 0
github.com/SergioLacerda/strategist-skill/internal/install/wizard.go:157.2,157.66 1 0
github.com/SergioLacerda/strategist-skill/internal/install/wizard.go:157.66,159.3 1 0
github.com/SergioLacerda/strategist-skill/internal/install/wizard.go:160.2,161.16 2 0
github.com/SergioLacerda/strategist-skill/internal/install/wizard.go:161.16,163.3 1 0
github.com/SergioLacerda/strategist-skill/internal/install/wizard.go:164.2,164.61 1 0
github.com/SergioLacerda/strategist-skill/internal/install/wizard.go:164.61,166.3 1 0
github.com/SergioLacerda/strategist-skill/internal/install/wizard.go:167.2,167.46 1 0
github.com/SergioLacerda/strategist-skill/internal/install/wizard.go:171.34,172.37 1 0
github.com/SergioLacerda/strategist-skill/internal/install/wizard.go:172.37,174.3 1 0
github.com/SergioLacerda/strategist-skill/internal/install/wizard.go:175.2,175.12 1 0
github.com/SergioLacerda/strategist-skill/internal/integrity/warning.go:19.51,21.16 2 0
github.com/SergioLacerda/strategist-skill/internal/integrity/warning.go:21.16,23.3 1 0
github.com/SergioLacerda/strategist-skill/internal/integrity/warning.go:24.2,26.16 3 0
github.com/SergioLacerda/strategist-skill/internal/integrity/warning.go:26.16,28.3 1 0
github.com/SergioLacerda/strategist-skill/internal/integrity/warning.go:29.2,29.60 1 0
github.com/SergioLacerda/strategist-skill/internal/integrity/warning.go:29.60,31.3 1 0
github.com/SergioLacerda/strategist-skill/internal/integrity/warning.go:32.2,32.12 1 0
github.com/SergioLacerda/strategist-skill/internal/integrity/warning.go:37.60,39.36 2 0
github.com/SergioLacerda/strategist-skill/internal/integrity/warning.go:39.36,41.3 1 0
github.com/SergioLacerda/strategist-skill/internal/integrity/warning.go:42.2,42.16 1 0
github.com/SergioLacerda/strategist-skill/internal/integrity/warning.go:42.16,44.3 1 0
github.com/SergioLacerda/strategist-skill/internal/integrity/warning.go:46.2,47.52 2 0
github.com/SergioLacerda/strategist-skill/internal/integrity/warning.go:47.52,49.3 1 0
github.com/SergioLacerda/strategist-skill/internal/integrity/warning.go:51.2,52.36 2 0
github.com/SergioLacerda/strategist-skill/internal/integrity/warning.go:52.36,54.3 1 0
github.com/SergioLacerda/strategist-skill/internal/integrity/warning.go:55.2,55.16 1 0
github.com/SergioLacerda/strategist-skill/internal/integrity/warning.go:55.16,57.3 1 0
github.com/SergioLacerda/strategist-skill/internal/integrity/warning.go:59.2,59.53 1 0
github.com/SergioLacerda/strategist-skill/internal/stale/check.go:24.61,25.57 1 0
github.com/SergioLacerda/strategist-skill/internal/stale/check.go:25.57,27.3 1 0
github.com/SergioLacerda/strategist-skill/internal/stale/check.go:27.8,27.23 1 0
github.com/SergioLacerda/strategist-skill/internal/stale/check.go:27.23,29.3 1 0
github.com/SergioLacerda/strategist-skill/internal/stale/check.go:31.2,32.57 2 0
github.com/SergioLacerda/strategist-skill/internal/stale/check.go:32.57,34.3 1 0
github.com/SergioLacerda/strategist-skill/internal/stale/check.go:34.8,34.23 1 0
github.com/SergioLacerda/strategist-skill/internal/stale/check.go:34.23,36.3 1 0
github.com/SergioLacerda/strategist-skill/internal/stale/check.go:38.2,39.16 2 0
github.com/SergioLacerda/strategist-skill/internal/stale/check.go:39.16,41.3 1 0
github.com/SergioLacerda/strategist-skill/internal/stale/check.go:43.2,43.38 1 0
github.com/SergioLacerda/strategist-skill/internal/stale/check.go:43.38,45.29 2 0
github.com/SergioLacerda/strategist-skill/internal/stale/check.go:45.29,47.4 1 0
github.com/SergioLacerda/strategist-skill/internal/stale/check.go:48.3,48.21 1 0
github.com/SergioLacerda/strategist-skill/internal/stale/check.go:48.21,50.4 1 0
github.com/SergioLacerda/strategist-skill/internal/stale/check.go:51.3,51.39 1 0
github.com/SergioLacerda/strategist-skill/internal/stale/check.go:51.39,53.4 1 0
github.com/SergioLacerda/strategist-skill/internal/stale/check.go:56.2,56.19 1 0
github.com/SergioLacerda/strategist-skill/internal/stale/check.go:60.65,62.16 2 0
github.com/SergioLacerda/strategist-skill/internal/stale/check.go:62.16,64.3 1 0
github.com/SergioLacerda/strategist-skill/internal/stale/check.go:65.2,68.16 3 0
github.com/SergioLacerda/strategist-skill/internal/stale/check.go:68.16,70.3 1 0
github.com/SergioLacerda/strategist-skill/internal/stale/check.go:71.2,76.62 3 0
github.com/SergioLacerda/strategist-skill/internal/stale/check.go:76.62,78.3 1 0
github.com/SergioLacerda/strategist-skill/internal/stale/check.go:80.2,80.29 1 0
github.com/SergioLacerda/strategist-skill/internal/stale/check.go:80.29,82.3 1 0
github.com/SergioLacerda/strategist-skill/internal/stale/check.go:84.2,84.30 1 0
github.com/SergioLacerda/strategist-skill/internal/telemetry/checkpoint.go:22.50,23.40 1 18
github.com/SergioLacerda/strategist-skill/internal/telemetry/checkpoint.go:23.40,24.16 1 29
github.com/SergioLacerda/strategist-skill/internal/telemetry/checkpoint.go:24.16,26.4 1 7
github.com/SergioLacerda/strategist-skill/internal/telemetry/checkpoint.go:28.2,28.14 1 11
github.com/SergioLacerda/strategist-skill/internal/telemetry/checkpoint.go:32.49,33.20 1 8
github.com/SergioLacerda/strategist-skill/internal/telemetry/checkpoint.go:33.20,35.3 1 6
github.com/SergioLacerda/strategist-skill/internal/telemetry/checkpoint.go:36.2,36.28 1 8
github.com/SergioLacerda/strategist-skill/internal/telemetry/checkpoint.go:41.62,43.36 2 5
github.com/SergioLacerda/strategist-skill/internal/telemetry/checkpoint.go:43.36,45.3 1 1
github.com/SergioLacerda/strategist-skill/internal/telemetry/checkpoint.go:46.2,46.16 1 4
github.com/SergioLacerda/strategist-skill/internal/telemetry/checkpoint.go:46.16,48.3 1 1
github.com/SergioLacerda/strategist-skill/internal/telemetry/checkpoint.go:49.2,50.50 2 3
github.com/SergioLacerda/strategist-skill/internal/telemetry/checkpoint.go:50.50,52.3 1 1
github.com/SergioLacerda/strategist-skill/internal/telemetry/checkpoint.go:53.2,53.17 1 2
github.com/SergioLacerda/strategist-skill/internal/telemetry/checkpoint.go:58.63,60.16 2 4
github.com/SergioLacerda/strategist-skill/internal/telemetry/checkpoint.go:60.16,62.3 1 0
github.com/SergioLacerda/strategist-skill/internal/telemetry/checkpoint.go:63.2,65.16 3 4
github.com/SergioLacerda/strategist-skill/internal/telemetry/checkpoint.go:65.16,67.3 1 1
github.com/SergioLacerda/strategist-skill/internal/telemetry/checkpoint.go:68.2,69.43 2 3
github.com/SergioLacerda/strategist-skill/internal/telemetry/checkpoint.go:69.43,73.3 3 0
github.com/SergioLacerda/strategist-skill/internal/telemetry/checkpoint.go:74.2,74.36 1 3
github.com/SergioLacerda/strategist-skill/internal/telemetry/checkpoint.go:74.36,77.3 2 0
github.com/SergioLacerda/strategist-skill/internal/telemetry/checkpoint.go:78.2,78.49 1 3
github.com/SergioLacerda/strategist-skill/internal/telemetry/checkpoint.go:78.49,81.3 2 0
github.com/SergioLacerda/strategist-skill/internal/telemetry/checkpoint.go:82.2,82.12 1 3
github.com/SergioLacerda/strategist-skill/internal/telemetry/checkpoint.go:87.42,89.36 2 3
github.com/SergioLacerda/strategist-skill/internal/telemetry/checkpoint.go:89.36,91.3 1 1
github.com/SergioLacerda/strategist-skill/internal/telemetry/checkpoint.go:92.2,92.16 1 2
github.com/SergioLacerda/strategist-skill/internal/telemetry/checkpoint.go:92.16,94.3 1 1
github.com/SergioLacerda/strategist-skill/internal/telemetry/checkpoint.go:95.2,95.12 1 1
github.com/SergioLacerda/strategist-skill/internal/telemetry/config.go:18.23,20.19 2 3
github.com/SergioLacerda/strategist-skill/internal/telemetry/config.go:20.19,22.3 1 2
github.com/SergioLacerda/strategist-skill/internal/telemetry/config.go:23.2,28.3 2 3
github.com/SergioLacerda/strategist-skill/internal/telemetry/config.go:33.32,35.2 1 6
github.com/SergioLacerda/strategist-skill/internal/telemetry/mission_metrics.go:26.52,42.2 1 4
github.com/SergioLacerda/strategist-skill/internal/telemetry/mission_metrics.go:45.43,61.2 1 3
github.com/SergioLacerda/strategist-skill/internal/telemetry/mission_run.go:29.50,34.2 1 7
github.com/SergioLacerda/strategist-skill/internal/telemetry/mission_run.go:37.75,39.2 1 2
github.com/SergioLacerda/strategist-skill/internal/telemetry/mission_run.go:42.61,43.16 1 5
github.com/SergioLacerda/strategist-skill/internal/telemetry/mission_run.go:43.16,45.3 1 1
github.com/SergioLacerda/strategist-skill/internal/telemetry/mission_run.go:46.2,47.9 2 4
github.com/SergioLacerda/strategist-skill/internal/telemetry/mission_run.go:47.9,49.3 1 2
github.com/SergioLacerda/strategist-skill/internal/telemetry/mission_run.go:50.2,50.12 1 2
github.com/SergioLacerda/strategist-skill/internal/telemetry/mission_run.go:54.35,57.25 3 2
github.com/SergioLacerda/strategist-skill/internal/telemetry/mission_run.go:57.25,59.3 1 2
github.com/SergioLacerda/strategist-skill/internal/telemetry/mission_run.go:63.35,66.25 3 2
github.com/SergioLacerda/strategist-skill/internal/telemetry/mission_run.go:66.25,68.3 1 2
github.com/SergioLacerda/strategist-skill/internal/telemetry/mission_run.go:72.38,75.28 3 3
github.com/SergioLacerda/strategist-skill/internal/telemetry/mission_run.go:75.28,77.3 1 2
github.com/SergioLacerda/strategist-skill/internal/telemetry/mission_run.go:81.42,84.23 3 3
github.com/SergioLacerda/strategist-skill/internal/telemetry/mission_run.go:84.23,86.3 1 2
github.com/SergioLacerda/strategist-skill/internal/telemetry/mission_run.go:91.41,94.30 3 3
github.com/SergioLacerda/strategist-skill/internal/telemetry/mission_run.go:94.30,96.3 1 2
github.com/SergioLacerda/strategist-skill/internal/telemetry/mission_run.go:100.35,103.25 3 3
github.com/SergioLacerda/strategist-skill/internal/telemetry/mission_run.go:103.25,105.3 1 2
github.com/SergioLacerda/strategist-skill/internal/telemetry/mission_run.go:109.40,110.12 1 5
github.com/SergioLacerda/strategist-skill/internal/telemetry/mission_run.go:110.12,112.3 1 2
github.com/SergioLacerda/strategist-skill/internal/telemetry/mission_run.go:113.2,115.15 3 3
github.com/SergioLacerda/strategist-skill/internal/telemetry/mission_run.go:119.47,124.2 4 1
github.com/SergioLacerda/strategist-skill/internal/telemetry/mission_run.go:127.48,133.23 5 8
github.com/SergioLacerda/strategist-skill/internal/telemetry/mission_run.go:133.23,135.3 1 5
github.com/SergioLacerda/strategist-skill/internal/telemetry/mission_run.go:136.2,137.23 2 8
github.com/SergioLacerda/strategist-skill/internal/telemetry/mission_run.go:137.23,139.3 1 5
github.com/SergioLacerda/strategist-skill/internal/telemetry/mission_run.go:140.2,141.26 2 8
github.com/SergioLacerda/strategist-skill/internal/telemetry/mission_run.go:141.26,143.3 1 6
github.com/SergioLacerda/strategist-skill/internal/telemetry/mission_run.go:144.2,145.21 2 8
github.com/SergioLacerda/strategist-skill/internal/telemetry/mission_run.go:145.21,147.3 1 6
github.com/SergioLacerda/strategist-skill/internal/telemetry/mission_run.go:148.2,149.28 2 8
github.com/SergioLacerda/strategist-skill/internal/telemetry/mission_run.go:149.28,151.3 1 6
github.com/SergioLacerda/strategist-skill/internal/telemetry/mission_run.go:152.2,153.23 2 8
github.com/SergioLacerda/strategist-skill/internal/telemetry/mission_run.go:153.23,155.3 1 6
github.com/SergioLacerda/strategist-skill/internal/telemetry/mission_run.go:157.2,170.3 1 8
github.com/SergioLacerda/strategist-skill/internal/telemetry/mission_run.go:174.31,177.2 2 2
github.com/SergioLacerda/strategist-skill/internal/telemetry/mission_run.go:180.41,181.51 1 2
github.com/SergioLacerda/strategist-skill/internal/telemetry/mission_run.go:181.51,183.3 1 1
github.com/SergioLacerda/strategist-skill/internal/telemetry/mission_run.go:187.128,192.2 1 1
github.com/SergioLacerda/strategist-skill/internal/telemetry/outcome.go:27.45,29.57 2 13
github.com/SergioLacerda/strategist-skill/internal/telemetry/outcome.go:29.57,31.3 1 1
github.com/SergioLacerda/strategist-skill/internal/telemetry/outcome.go:32.2,33.23 2 12
github.com/SergioLacerda/strategist-skill/internal/telemetry/outcome.go:33.23,35.3 1 3
github.com/SergioLacerda/strategist-skill/internal/telemetry/outcome.go:36.2,36.20 1 12
github.com/SergioLacerda/strategist-skill/internal/telemetry/outcome.go:36.20,38.3 1 3
github.com/SergioLacerda/strategist-skill/internal/telemetry/outcome.go:39.2,39.23 1 12
github.com/SergioLacerda/strategist-skill/internal/telemetry/outcome.go:39.23,41.3 1 3
github.com/SergioLacerda/strategist-skill/internal/telemetry/outcome.go:42.2,42.29 1 12
github.com/SergioLacerda/strategist-skill/internal/telemetry/outcome.go:50.55,51.49 1 6
github.com/SergioLacerda/strategist-skill/internal/telemetry/outcome.go:51.49,53.3 1 1
github.com/SergioLacerda/strategist-skill/internal/telemetry/outcome.go:54.2,55.16 2 5
github.com/SergioLacerda/strategist-skill/internal/telemetry/outcome.go:55.16,57.3 1 1
github.com/SergioLacerda/strategist-skill/internal/telemetry/outcome.go:58.2,58.15 1 4
github.com/SergioLacerda/strategist-skill/internal/telemetry/outcome.go:58.15,59.51 1 4
github.com/SergioLacerda/strategist-skill/internal/telemetry/outcome.go:59.51,61.4 1 0
github.com/SergioLacerda/strategist-skill/internal/telemetry/outcome.go:63.2,63.67 1 4
github.com/SergioLacerda/strategist-skill/internal/telemetry/outcome.go:63.67,65.3 1 0
github.com/SergioLacerda/strategist-skill/internal/telemetry/outcome.go:66.2,66.15 1 4
github.com/SergioLacerda/strategist-skill/internal/telemetry/outcome.go:66.15,67.95 1 4
github.com/SergioLacerda/strategist-skill/internal/telemetry/outcome.go:67.95,69.4 1 0
github.com/SergioLacerda/strategist-skill/internal/telemetry/outcome.go:71.2,71.48 1 4
github.com/SergioLacerda/strategist-skill/internal/telemetry/outcome.go:71.48,73.3 1 0
github.com/SergioLacerda/strategist-skill/internal/telemetry/outcome.go:74.2,74.12 1 4
github.com/SergioLacerda/strategist-skill/internal/telemetry/policy_event.go:22.47,24.30 2 3
github.com/SergioLacerda/strategist-skill/internal/telemetry/policy_event.go:24.30,26.3 1 2
github.com/SergioLacerda/strategist-skill/internal/telemetry/policy_event.go:27.2,27.28 1 3
github.com/SergioLacerda/strategist-skill/internal/telemetry/policy_event.go:27.28,29.3 1 2
github.com/SergioLacerda/strategist-skill/internal/telemetry/policy_event.go:30.2,30.21 1 3
github.com/SergioLacerda/strategist-skill/internal/telemetry/policy_event.go:30.21,32.3 1 2
github.com/SergioLacerda/strategist-skill/internal/telemetry/policy_event.go:33.2,33.13 1 3
github.com/SergioLacerda/strategist-skill/internal/telemetry/policy_event.go:37.38,46.30 2 1
github.com/SergioLacerda/strategist-skill/internal/telemetry/policy_event.go:46.30,48.3 1 1
github.com/SergioLacerda/strategist-skill/internal/telemetry/policy_event.go:49.2,49.28 1 1
github.com/SergioLacerda/strategist-skill/internal/telemetry/policy_event.go:49.28,51.3 1 1
github.com/SergioLacerda/strategist-skill/internal/telemetry/policy_event.go:52.2,52.21 1 1
github.com/SergioLacerda/strategist-skill/internal/telemetry/policy_event.go:52.21,54.3 1 1
github.com/SergioLacerda/strategist-skill/internal/telemetry/policy_event.go:55.2,55.44 1 1
github.com/SergioLacerda/strategist-skill/internal/telemetry/schema.go:42.36,43.23 1 3
github.com/SergioLacerda/strategist-skill/internal/telemetry/schema.go:43.23,45.3 1 1
github.com/SergioLacerda/strategist-skill/internal/telemetry/schema.go:46.2,46.10 1 2
github.com/SergioLacerda/strategist-skill/internal/telemetry/setup.go:20.73,21.20 1 4
github.com/SergioLacerda/strategist-skill/internal/telemetry/setup.go:21.20,23.38 2 2
github.com/SergioLacerda/strategist-skill/internal/telemetry/setup.go:23.38,23.52 1 1
github.com/SergioLacerda/strategist-skill/internal/telemetry/setup.go:26.2,29.18 2 2
github.com/SergioLacerda/strategist-skill/internal/telemetry/setup.go:29.18,31.3 1 2
github.com/SergioLacerda/strategist-skill/internal/telemetry/setup.go:33.2,34.16 2 2
github.com/SergioLacerda/strategist-skill/internal/telemetry/setup.go:34.16,36.3 1 0
github.com/SergioLacerda/strategist-skill/internal/telemetry/setup.go:38.2,41.16 2 2
github.com/SergioLacerda/strategist-skill/internal/telemetry/setup.go:41.16,43.3 1 0
github.com/SergioLacerda/strategist-skill/internal/telemetry/setup.go:45.2,55.25 5 2
github.com/SergioLacerda/strategist-skill/internal/telemetry/tracer.go:13.28,15.2 1 2
github.com/SergioLacerda/strategist-skill/internal/testutil/testutil.go:16.52,25.2 8 0
github.com/SergioLacerda/strategist-skill/internal/testutil/testutil.go:28.51,37.2 8 0
github.com/SergioLacerda/strategist-skill/internal/testutil/testutil.go:42.44,51.2 8 0
github.com/SergioLacerda/strategist-skill/internal/testutil/testutil.go:16.52,25.2 8 0
github.com/SergioLacerda/strategist-skill/internal/testutil/testutil.go:28.51,37.2 8 0
github.com/SergioLacerda/strategist-skill/internal/testutil/testutil.go:42.44,51.2 8 0
