mode: atomic
github.com/SergioLacerda/strategist-skill/internal/compile/all.go:18.60,22.51 3 5
github.com/SergioLacerda/strategist-skill/internal/compile/all.go:22.51,24.3 1 1
github.com/SergioLacerda/strategist-skill/internal/compile/all.go:26.2,27.48 2 4
github.com/SergioLacerda/strategist-skill/internal/compile/all.go:27.48,29.3 1 1
github.com/SergioLacerda/strategist-skill/internal/compile/all.go:31.2,32.48 2 3
github.com/SergioLacerda/strategist-skill/internal/compile/all.go:32.48,34.3 1 1
github.com/SergioLacerda/strategist-skill/internal/compile/all.go:36.2,47.59 3 2
github.com/SergioLacerda/strategist-skill/internal/compile/all.go:47.59,49.3 1 0
github.com/SergioLacerda/strategist-skill/internal/compile/all.go:51.2,51.12 1 2
github.com/SergioLacerda/strategist-skill/internal/compile/config.go:14.44,17.16 3 18
github.com/SergioLacerda/strategist-skill/internal/compile/config.go:17.16,19.3 1 7
github.com/SergioLacerda/strategist-skill/internal/compile/config.go:21.2,24.16 3 11
github.com/SergioLacerda/strategist-skill/internal/compile/config.go:24.16,26.3 1 1
github.com/SergioLacerda/strategist-skill/internal/compile/config.go:28.2,29.16 2 10
github.com/SergioLacerda/strategist-skill/internal/compile/config.go:29.16,31.3 1 0
github.com/SergioLacerda/strategist-skill/internal/compile/config.go:33.2,42.58 2 10
github.com/SergioLacerda/strategist-skill/internal/compile/config.go:42.58,44.3 1 1
github.com/SergioLacerda/strategist-skill/internal/compile/config.go:45.2,45.12 1 9
github.com/SergioLacerda/strategist-skill/internal/compile/config.go:50.83,52.24 2 22
github.com/SergioLacerda/strategist-skill/internal/compile/config.go:52.24,54.3 1 0
github.com/SergioLacerda/strategist-skill/internal/compile/config.go:55.2,55.16 1 22
github.com/SergioLacerda/strategist-skill/internal/compile/config.go:55.16,57.3 1 1
github.com/SergioLacerda/strategist-skill/internal/compile/config.go:59.2,60.28 2 21
github.com/SergioLacerda/strategist-skill/internal/compile/config.go:60.28,61.57 1 12
github.com/SergioLacerda/strategist-skill/internal/compile/config.go:61.57,62.12 1 1
github.com/SergioLacerda/strategist-skill/internal/compile/config.go:64.3,66.21 3 11
github.com/SergioLacerda/strategist-skill/internal/compile/config.go:66.21,68.4 1 1
github.com/SergioLacerda/strategist-skill/internal/compile/config.go:69.3,71.25 3 10
github.com/SergioLacerda/strategist-skill/internal/compile/config.go:73.2,73.20 1 20
github.com/SergioLacerda/strategist-skill/internal/compile/domain.go:17.44,20.16 3 12
github.com/SergioLacerda/strategist-skill/internal/compile/domain.go:20.16,22.3 1 2
github.com/SergioLacerda/strategist-skill/internal/compile/domain.go:24.2,25.56 2 10
github.com/SergioLacerda/strategist-skill/internal/compile/domain.go:25.56,27.3 1 1
github.com/SergioLacerda/strategist-skill/internal/compile/domain.go:29.2,32.16 3 9
github.com/SergioLacerda/strategist-skill/internal/compile/domain.go:32.16,34.3 1 1
github.com/SergioLacerda/strategist-skill/internal/compile/domain.go:36.2,37.50 2 8
github.com/SergioLacerda/strategist-skill/internal/compile/domain.go:37.50,39.21 2 2
github.com/SergioLacerda/strategist-skill/internal/compile/domain.go:39.21,41.4 1 0
github.com/SergioLacerda/strategist-skill/internal/compile/domain.go:42.3,42.35 1 2
github.com/SergioLacerda/strategist-skill/internal/compile/domain.go:45.2,53.58 2 8
github.com/SergioLacerda/strategist-skill/internal/compile/domain.go:53.58,55.3 1 0
github.com/SergioLacerda/strategist-skill/internal/compile/domain.go:56.2,56.12 1 8
github.com/SergioLacerda/strategist-skill/internal/compile/domain.go:61.101,63.31 2 11
github.com/SergioLacerda/strategist-skill/internal/compile/domain.go:63.31,64.35 1 5
github.com/SergioLacerda/strategist-skill/internal/compile/domain.go:64.35,65.12 1 0
github.com/SergioLacerda/strategist-skill/internal/compile/domain.go:67.3,69.37 3 5
github.com/SergioLacerda/strategist-skill/internal/compile/domain.go:69.37,71.12 1 2
github.com/SergioLacerda/strategist-skill/internal/compile/domain.go:73.3,73.17 1 3
github.com/SergioLacerda/strategist-skill/internal/compile/domain.go:73.17,75.4 1 1
github.com/SergioLacerda/strategist-skill/internal/compile/domain.go:76.3,77.24 2 2
github.com/SergioLacerda/strategist-skill/internal/compile/domain.go:79.2,79.20 1 10
github.com/SergioLacerda/strategist-skill/internal/compile/helpers.go:13.31,15.16 2 43
github.com/SergioLacerda/strategist-skill/internal/compile/helpers.go:15.16,17.3 1 1
github.com/SergioLacerda/strategist-skill/internal/compile/helpers.go:18.2,18.30 1 42
github.com/SergioLacerda/strategist-skill/internal/compile/helpers.go:23.50,24.69 1 31
github.com/SergioLacerda/strategist-skill/internal/compile/helpers.go:24.69,26.3 1 0
github.com/SergioLacerda/strategist-skill/internal/compile/helpers.go:28.2,29.16 2 31
github.com/SergioLacerda/strategist-skill/internal/compile/helpers.go:29.16,31.3 1 1
github.com/SergioLacerda/strategist-skill/internal/compile/helpers.go:32.2,35.54 3 30
github.com/SergioLacerda/strategist-skill/internal/compile/helpers.go:35.54,37.3 1 1
github.com/SergioLacerda/strategist-skill/internal/compile/helpers.go:38.2,38.35 1 29
github.com/SergioLacerda/strategist-skill/internal/compile/helpers.go:38.35,40.3 1 0
github.com/SergioLacerda/strategist-skill/internal/compile/helpers.go:41.2,41.12 1 29
github.com/SergioLacerda/strategist-skill/internal/compile/helpers.go:45.41,47.16 2 7
github.com/SergioLacerda/strategist-skill/internal/compile/helpers.go:47.16,49.3 1 1
github.com/SergioLacerda/strategist-skill/internal/compile/helpers.go:50.2,51.38 2 6
github.com/SergioLacerda/strategist-skill/internal/compile/helpers.go:56.56,58.16 2 34
github.com/SergioLacerda/strategist-skill/internal/compile/helpers.go:58.16,60.3 1 5
github.com/SergioLacerda/strategist-skill/internal/compile/helpers.go:61.2,62.50 2 29
github.com/SergioLacerda/strategist-skill/internal/compile/helpers.go:62.50,64.3 1 6
github.com/SergioLacerda/strategist-skill/internal/compile/helpers.go:65.2,65.17 1 23
github.com/SergioLacerda/strategist-skill/internal/compile/index.go:15.57,17.16 2 16
github.com/SergioLacerda/strategist-skill/internal/compile/index.go:17.16,19.3 1 3
github.com/SergioLacerda/strategist-skill/internal/compile/index.go:21.2,22.50 2 13
github.com/SergioLacerda/strategist-skill/internal/compile/index.go:22.50,24.3 1 3
github.com/SergioLacerda/strategist-skill/internal/compile/index.go:26.2,27.16 2 10
github.com/SergioLacerda/strategist-skill/internal/compile/index.go:27.16,29.3 1 0
github.com/SergioLacerda/strategist-skill/internal/compile/index.go:32.2,36.33 3 10
github.com/SergioLacerda/strategist-skill/internal/compile/index.go:36.33,38.32 2 4
github.com/SergioLacerda/strategist-skill/internal/compile/index.go:38.32,40.4 1 7
github.com/SergioLacerda/strategist-skill/internal/compile/index.go:43.2,51.58 2 10
github.com/SergioLacerda/strategist-skill/internal/compile/index.go:51.58,53.3 1 0
github.com/SergioLacerda/strategist-skill/internal/compile/index.go:54.2,54.12 1 10
github.com/SergioLacerda/strategist-skill/internal/compile/yaml.go:10.46,11.48 1 29
github.com/SergioLacerda/strategist-skill/internal/compile/yaml.go:11.48,13.3 1 6
github.com/SergioLacerda/strategist-skill/internal/compile/yaml.go:14.2,14.12 1 23
github.com/SergioLacerda/strategist-skill/internal/embed/defaults.go:27.64,29.2 1 0
github.com/SergioLacerda/strategist-skill/internal/embed/defaults.go:33.69,34.87 1 0
github.com/SergioLacerda/strategist-skill/internal/embed/defaults.go:34.87,36.3 1 0
github.com/SergioLacerda/strategist-skill/internal/embed/defaults.go:37.2,37.12 1 0
github.com/SergioLacerda/strategist-skill/internal/embed/defaults.go:40.79,41.59 1 0
github.com/SergioLacerda/strategist-skill/internal/embed/defaults.go:41.59,42.17 1 0
github.com/SergioLacerda/strategist-skill/internal/embed/defaults.go:42.17,44.4 1 0
github.com/SergioLacerda/strategist-skill/internal/embed/defaults.go:45.3,46.31 2 0
github.com/SergioLacerda/strategist-skill/internal/embed/defaults.go:46.31,48.4 1 0
github.com/SergioLacerda/strategist-skill/internal/embed/defaults.go:49.3,50.16 2 0
github.com/SergioLacerda/strategist-skill/internal/embed/defaults.go:50.16,51.54 1 0
github.com/SergioLacerda/strategist-skill/internal/embed/defaults.go:51.54,53.5 1 0
github.com/SergioLacerda/strategist-skill/internal/embed/defaults.go:54.4,54.14 1 0
github.com/SergioLacerda/strategist-skill/internal/embed/defaults.go:56.3,56.47 1 0
github.com/SergioLacerda/strategist-skill/internal/embed/defaults.go:63.68,65.20 2 0
github.com/SergioLacerda/strategist-skill/internal/embed/defaults.go:65.20,67.3 1 0
github.com/SergioLacerda/strategist-skill/internal/embed/defaults.go:68.2,68.66 1 0
github.com/SergioLacerda/strategist-skill/internal/embed/defaults.go:68.66,70.3 1 0
github.com/SergioLacerda/strategist-skill/internal/embed/defaults.go:71.2,71.12 1 0
github.com/SergioLacerda/strategist-skill/internal/embed/defaults.go:71.12,72.30 1 0
github.com/SergioLacerda/strategist-skill/internal/embed/defaults.go:72.30,74.4 1 0
github.com/SergioLacerda/strategist-skill/internal/embed/defaults.go:76.2,76.65 1 0
github.com/SergioLacerda/strategist-skill/internal/embed/defaults.go:76.65,78.3 1 0
github.com/SergioLacerda/strategist-skill/internal/embed/defaults.go:79.2,79.12 1 0
github.com/SergioLacerda/strategist-skill/internal/embed/defaults.go:84.53,86.16 2 0
github.com/SergioLacerda/strategist-skill/internal/embed/defaults.go:86.16,88.3 1 0
github.com/SergioLacerda/strategist-skill/internal/embed/defaults.go:89.2,89.59 1 0
github.com/SergioLacerda/strategist-skill/internal/install/active_yaml.go:16.74,18.20 2 0
github.com/SergioLacerda/strategist-skill/internal/install/active_yaml.go:18.20,20.3 1 0
github.com/SergioLacerda/strategist-skill/internal/install/active_yaml.go:22.2,43.32 2 0
github.com/SergioLacerda/strategist-skill/internal/install/active_yaml.go:43.32,51.3 2 0
github.com/SergioLacerda/strategist-skill/internal/install/active_yaml.go:53.2,54.67 2 0
github.com/SergioLacerda/strategist-skill/internal/install/active_yaml.go:54.67,56.3 1 0
github.com/SergioLacerda/strategist-skill/internal/install/active_yaml.go:57.2,57.12 1 0
github.com/SergioLacerda/strategist-skill/internal/install/active_yaml.go:61.42,63.38 2 0
github.com/SergioLacerda/strategist-skill/internal/install/active_yaml.go:63.38,64.21 1 0
github.com/SergioLacerda/strategist-skill/internal/install/active_yaml.go:64.21,66.4 1 0
github.com/SergioLacerda/strategist-skill/internal/install/active_yaml.go:68.2,68.13 1 0
github.com/SergioLacerda/strategist-skill/internal/install/gitignore.go:15.43,19.39 3 0
github.com/SergioLacerda/strategist-skill/internal/install/gitignore.go:19.39,21.3 1 0
github.com/SergioLacerda/strategist-skill/internal/install/gitignore.go:23.2,23.56 1 0
github.com/SergioLacerda/strategist-skill/internal/install/gitignore.go:23.56,25.3 1 0
github.com/SergioLacerda/strategist-skill/internal/install/gitignore.go:27.2,28.16 2 0
github.com/SergioLacerda/strategist-skill/internal/install/gitignore.go:28.16,30.3 1 0
github.com/SergioLacerda/strategist-skill/internal/install/gitignore.go:31.2,32.69 2 0
github.com/SergioLacerda/strategist-skill/internal/install/gitignore.go:32.69,34.3 1 0
github.com/SergioLacerda/strategist-skill/internal/install/gitignore.go:35.2,35.49 1 0
github.com/SergioLacerda/strategist-skill/internal/install/gitignore.go:35.49,37.3 1 0
github.com/SergioLacerda/strategist-skill/internal/install/gitignore.go:38.2,38.34 1 0
github.com/SergioLacerda/strategist-skill/internal/install/gitignore.go:38.34,40.3 1 0
github.com/SergioLacerda/strategist-skill/internal/install/gitignore.go:41.2,41.12 1 0
github.com/SergioLacerda/strategist-skill/internal/install/installer.go:34.79,39.15 4 0
github.com/SergioLacerda/strategist-skill/internal/install/installer.go:39.15,40.16 1 0
github.com/SergioLacerda/strategist-skill/internal/install/installer.go:40.16,42.4 1 0
github.com/SergioLacerda/strategist-skill/internal/install/installer.go:44.3,44.43 1 0
github.com/SergioLacerda/strategist-skill/internal/install/installer.go:44.43,46.62 2 0
github.com/SergioLacerda/strategist-skill/internal/install/installer.go:46.62,50.5 1 0
github.com/SergioLacerda/strategist-skill/internal/install/installer.go:52.3,52.85 1 0
github.com/SergioLacerda/strategist-skill/internal/install/installer.go:55.2,55.70 1 0
github.com/SergioLacerda/strategist-skill/internal/install/installer.go:55.70,57.3 1 0
github.com/SergioLacerda/strategist-skill/internal/install/installer.go:58.2,60.58 2 0
github.com/SergioLacerda/strategist-skill/internal/install/installer.go:60.58,62.3 1 0
github.com/SergioLacerda/strategist-skill/internal/install/installer.go:63.2,67.52 4 0
github.com/SergioLacerda/strategist-skill/internal/install/installer.go:67.52,69.3 1 0
github.com/SergioLacerda/strategist-skill/internal/install/installer.go:70.2,70.23 1 0
github.com/SergioLacerda/strategist-skill/internal/install/installer.go:70.23,72.3 1 0
github.com/SergioLacerda/strategist-skill/internal/install/installer.go:74.2,75.16 2 0
github.com/SergioLacerda/strategist-skill/internal/install/installer.go:75.16,77.3 1 0
github.com/SergioLacerda/strategist-skill/internal/install/installer.go:78.2,78.53 1 0
github.com/SergioLacerda/strategist-skill/internal/install/installer.go:78.53,80.3 1 0
github.com/SergioLacerda/strategist-skill/internal/install/installer.go:81.2,86.83 4 0
github.com/SergioLacerda/strategist-skill/internal/install/installer.go:86.83,88.3 1 0
github.com/SergioLacerda/strategist-skill/internal/install/installer.go:90.2,91.12 2 0
github.com/SergioLacerda/strategist-skill/internal/install/installer.go:96.84,97.17 1 0
github.com/SergioLacerda/strategist-skill/internal/install/installer.go:97.17,98.107 1 0
github.com/SergioLacerda/strategist-skill/internal/install/installer.go:98.107,100.4 1 0
github.com/SergioLacerda/strategist-skill/internal/install/installer.go:101.3,101.13 1 0
github.com/SergioLacerda/strategist-skill/internal/install/installer.go:104.2,105.27 2 0
github.com/SergioLacerda/strategist-skill/internal/install/installer.go:105.27,107.3 1 0
github.com/SergioLacerda/strategist-skill/internal/install/installer.go:108.2,109.16 2 0
github.com/SergioLacerda/strategist-skill/internal/install/installer.go:109.16,111.3 1 0
github.com/SergioLacerda/strategist-skill/internal/install/installer.go:112.2,112.59 1 0
github.com/SergioLacerda/strategist-skill/internal/install/installer.go:112.59,114.3 1 0
github.com/SergioLacerda/strategist-skill/internal/install/installer.go:115.2,115.12 1 0
github.com/SergioLacerda/strategist-skill/internal/install/installer.go:119.54,120.25 1 0
github.com/SergioLacerda/strategist-skill/internal/install/installer.go:120.25,122.3 1 0
github.com/SergioLacerda/strategist-skill/internal/install/installer.go:123.2,123.28 1 0
github.com/SergioLacerda/strategist-skill/internal/install/installer.go:128.52,130.19 2 0
github.com/SergioLacerda/strategist-skill/internal/install/installer.go:130.19,133.17 3 0
github.com/SergioLacerda/strategist-skill/internal/install/installer.go:133.17,135.4 1 0
github.com/SergioLacerda/strategist-skill/internal/install/installer.go:137.2,137.83 1 0
github.com/SergioLacerda/strategist-skill/internal/install/installer.go:141.35,144.2 2 0
github.com/SergioLacerda/strategist-skill/internal/install/installer.go:154.66,156.2 1 0
github.com/SergioLacerda/strategist-skill/internal/install/installer.go:159.94,161.2 1 0
github.com/SergioLacerda/strategist-skill/internal/install/shim.go:20.39,24.16 3 0
github.com/SergioLacerda/strategist-skill/internal/install/shim.go:24.16,26.3 1 0
github.com/SergioLacerda/strategist-skill/internal/install/shim.go:27.2,27.28 1 0
github.com/SergioLacerda/strategist-skill/internal/install/shim.go:32.42,34.52 2 0
github.com/SergioLacerda/strategist-skill/internal/install/shim.go:34.52,36.3 1 0
github.com/SergioLacerda/strategist-skill/internal/install/shim.go:38.2,39.75 2 0
github.com/SergioLacerda/strategist-skill/internal/install/shim.go:39.75,41.3 1 0
github.com/SergioLacerda/strategist-skill/internal/install/shim.go:43.2,43.12 1 0
github.com/SergioLacerda/strategist-skill/internal/install/template.go:10.57,13.16 3 0
github.com/SergioLacerda/strategist-skill/internal/install/template.go:13.16,15.3 1 0
github.com/SergioLacerda/strategist-skill/internal/install/template.go:16.2,17.59 2 0
github.com/SergioLacerda/strategist-skill/internal/install/template.go:17.59,19.3 1 0
github.com/SergioLacerda/strategist-skill/internal/install/template.go:20.2,20.12 1 0
github.com/SergioLacerda/strategist-skill/internal/install/wizard.go:61.43,62.74 1 0
github.com/SergioLacerda/strategist-skill/internal/install/wizard.go:62.74,64.3 1 0
github.com/SergioLacerda/strategist-skill/internal/install/wizard.go:65.2,65.17 1 0
github.com/SergioLacerda/strategist-skill/internal/install/wizard.go:69.47,71.2 1 0
github.com/SergioLacerda/strategist-skill/internal/install/wizard.go:74.58,79.16 3 0
github.com/SergioLacerda/strategist-skill/internal/install/wizard.go:79.16,81.3 1 0
github.com/SergioLacerda/strategist-skill/internal/install/wizard.go:82.2,88.16 4 0
github.com/SergioLacerda/strategist-skill/internal/install/wizard.go:88.16,90.3 1 0
github.com/SergioLacerda/strategist-skill/internal/install/wizard.go:91.2,94.16 3 0
github.com/SergioLacerda/strategist-skill/internal/install/wizard.go:94.16,96.3 1 0
github.com/SergioLacerda/strategist-skill/internal/install/wizard.go:97.2,100.16 3 0
github.com/SergioLacerda/strategist-skill/internal/install/wizard.go:100.16,102.3 1 0
github.com/SergioLacerda/strategist-skill/internal/install/wizard.go:103.2,107.16 3 0
github.com/SergioLacerda/strategist-skill/internal/install/wizard.go:107.16,109.3 1 0
github.com/SergioLacerda/strategist-skill/internal/install/wizard.go:111.2,112.16 2 0
github.com/SergioLacerda/strategist-skill/internal/install/wizard.go:112.16,114.3 1 0
github.com/SergioLacerda/strategist-skill/internal/install/wizard.go:116.2,117.16 2 0
github.com/SergioLacerda/strategist-skill/internal/install/wizard.go:117.16,119.3 1 0
github.com/SergioLacerda/strategist-skill/internal/install/wizard.go:120.2,125.16 4 0
github.com/SergioLacerda/strategist-skill/internal/install/wizard.go:125.16,127.3 1 0
github.com/SergioLacerda/strategist-skill/internal/install/wizard.go:129.2,130.16 2 0
github.com/SergioLacerda/strategist-skill/internal/install/wizard.go:130.16,132.3 1 0
github.com/SergioLacerda/strategist-skill/internal/install/wizard.go:134.2,135.16 2 0
github.com/SergioLacerda/strategist-skill/internal/install/wizard.go:135.16,137.3 1 0
github.com/SergioLacerda/strategist-skill/internal/install/wizard.go:139.2,142.16 3 0
github.com/SergioLacerda/strategist-skill/internal/install/wizard.go:142.16,144.3 1 0
github.com/SergioLacerda/strategist-skill/internal/install/wizard.go:146.2,158.8 1 0
github.com/SergioLacerda/strategist-skill/internal/install/wizard.go:163.34,164.20 1 0
github.com/SergioLacerda/strategist-skill/internal/install/wizard.go:164.20,166.3 1 0
github.com/SergioLacerda/strategist-skill/internal/install/wizard.go:167.2,167.12 1 0
github.com/SergioLacerda/strategist-skill/internal/install/wizard.go:172.75,175.16 3 0
github.com/SergioLacerda/strategist-skill/internal/install/wizard.go:175.16,177.3 1 0
github.com/SergioLacerda/strategist-skill/internal/install/wizard.go:178.2,179.16 2 0
github.com/SergioLacerda/strategist-skill/internal/install/wizard.go:179.16,181.3 1 0
github.com/SergioLacerda/strategist-skill/internal/install/wizard.go:182.2,182.18 1 0
github.com/SergioLacerda/strategist-skill/internal/install/wizard.go:187.103,188.6 1 0
github.com/SergioLacerda/strategist-skill/internal/install/wizard.go:188.6,190.17 2 0
github.com/SergioLacerda/strategist-skill/internal/install/wizard.go:190.17,192.4 1 0
github.com/SergioLacerda/strategist-skill/internal/install/wizard.go:193.3,193.30 1 0
github.com/SergioLacerda/strategist-skill/internal/install/wizard.go:193.30,194.33 1 0
github.com/SergioLacerda/strategist-skill/internal/install/wizard.go:194.33,196.5 1 0
github.com/SergioLacerda/strategist-skill/internal/install/wizard.go:198.3,198.86 1 0
github.com/SergioLacerda/strategist-skill/internal/stale/check.go:24.61,25.57 1 0
github.com/SergioLacerda/strategist-skill/internal/stale/check.go:25.57,27.3 1 0
github.com/SergioLacerda/strategist-skill/internal/stale/check.go:27.8,27.23 1 0
github.com/SergioLacerda/strategist-skill/internal/stale/check.go:27.23,29.3 1 0
github.com/SergioLacerda/strategist-skill/internal/stale/check.go:31.2,32.57 2 0
github.com/SergioLacerda/strategist-skill/internal/stale/check.go:32.57,34.3 1 0
github.com/SergioLacerda/strategist-skill/internal/stale/check.go:34.8,34.23 1 0
github.com/SergioLacerda/strategist-skill/internal/stale/check.go:34.23,36.3 1 0
github.com/SergioLacerda/strategist-skill/internal/stale/check.go:38.2,39.16 2 0
github.com/SergioLacerda/strategist-skill/internal/stale/check.go:39.16,41.3 1 0
github.com/SergioLacerda/strategist-skill/internal/stale/check.go:43.2,43.38 1 0
github.com/SergioLacerda/strategist-skill/internal/stale/check.go:43.38,45.29 2 0
github.com/SergioLacerda/strategist-skill/internal/stale/check.go:45.29,47.4 1 0
github.com/SergioLacerda/strategist-skill/internal/stale/check.go:48.3,48.21 1 0
github.com/SergioLacerda/strategist-skill/internal/stale/check.go:48.21,50.4 1 0
github.com/SergioLacerda/strategist-skill/internal/stale/check.go:51.3,51.39 1 0
github.com/SergioLacerda/strategist-skill/internal/stale/check.go:51.39,53.4 1 0
github.com/SergioLacerda/strategist-skill/internal/stale/check.go:56.2,56.19 1 0
github.com/SergioLacerda/strategist-skill/internal/stale/check.go:60.65,62.16 2 0
github.com/SergioLacerda/strategist-skill/internal/stale/check.go:62.16,64.3 1 0
github.com/SergioLacerda/strategist-skill/internal/stale/check.go:65.2,68.16 3 0
github.com/SergioLacerda/strategist-skill/internal/stale/check.go:68.16,70.3 1 0
github.com/SergioLacerda/strategist-skill/internal/stale/check.go:71.2,76.62 3 0
github.com/SergioLacerda/strategist-skill/internal/stale/check.go:76.62,78.3 1 0
github.com/SergioLacerda/strategist-skill/internal/stale/check.go:80.2,80.29 1 0
github.com/SergioLacerda/strategist-skill/internal/stale/check.go:80.29,82.3 1 0
github.com/SergioLacerda/strategist-skill/internal/stale/check.go:84.2,84.30 1 0
github.com/SergioLacerda/strategist-skill/internal/telemetry/config.go:16.23,18.19 2 0
github.com/SergioLacerda/strategist-skill/internal/telemetry/config.go:18.19,20.3 1 0
github.com/SergioLacerda/strategist-skill/internal/telemetry/config.go:21.2,26.3 2 0
github.com/SergioLacerda/strategist-skill/internal/telemetry/config.go:31.32,33.2 1 0
github.com/SergioLacerda/strategist-skill/internal/telemetry/setup.go:20.73,21.20 1 0
github.com/SergioLacerda/strategist-skill/internal/telemetry/setup.go:21.20,23.38 2 0
github.com/SergioLacerda/strategist-skill/internal/telemetry/setup.go:23.38,23.52 1 0
github.com/SergioLacerda/strategist-skill/internal/telemetry/setup.go:26.2,29.18 2 0
github.com/SergioLacerda/strategist-skill/internal/telemetry/setup.go:29.18,31.3 1 0
github.com/SergioLacerda/strategist-skill/internal/telemetry/setup.go:33.2,34.16 2 0
github.com/SergioLacerda/strategist-skill/internal/telemetry/setup.go:34.16,36.3 1 0
github.com/SergioLacerda/strategist-skill/internal/telemetry/setup.go:38.2,41.16 2 0
github.com/SergioLacerda/strategist-skill/internal/telemetry/setup.go:41.16,43.3 1 0
github.com/SergioLacerda/strategist-skill/internal/telemetry/setup.go:45.2,55.25 5 0
github.com/SergioLacerda/strategist-skill/internal/telemetry/tracer.go:13.28,15.2 1 0
github.com/SergioLacerda/strategist-skill/internal/testutil/testutil.go:16.52,25.2 8 0
github.com/SergioLacerda/strategist-skill/internal/testutil/testutil.go:28.51,37.2 8 13
github.com/SergioLacerda/strategist-skill/internal/testutil/testutil.go:42.44,51.2 8 4
github.com/SergioLacerda/strategist-skill/internal/compile/all.go:18.60,22.51 3 0
github.com/SergioLacerda/strategist-skill/internal/compile/all.go:22.51,24.3 1 0
github.com/SergioLacerda/strategist-skill/internal/compile/all.go:26.2,27.48 2 0
github.com/SergioLacerda/strategist-skill/internal/compile/all.go:27.48,29.3 1 0
github.com/SergioLacerda/strategist-skill/internal/compile/all.go:31.2,32.48 2 0
github.com/SergioLacerda/strategist-skill/internal/compile/all.go:32.48,34.3 1 0
github.com/SergioLacerda/strategist-skill/internal/compile/all.go:36.2,47.59 3 0
github.com/SergioLacerda/strategist-skill/internal/compile/all.go:47.59,49.3 1 0
github.com/SergioLacerda/strategist-skill/internal/compile/all.go:51.2,51.12 1 0
github.com/SergioLacerda/strategist-skill/internal/compile/config.go:14.44,17.16 3 0
github.com/SergioLacerda/strategist-skill/internal/compile/config.go:17.16,19.3 1 0
github.com/SergioLacerda/strategist-skill/internal/compile/config.go:21.2,24.16 3 0
github.com/SergioLacerda/strategist-skill/internal/compile/config.go:24.16,26.3 1 0
github.com/SergioLacerda/strategist-skill/internal/compile/config.go:28.2,29.16 2 0
github.com/SergioLacerda/strategist-skill/internal/compile/config.go:29.16,31.3 1 0
github.com/SergioLacerda/strategist-skill/internal/compile/config.go:33.2,42.58 2 0
github.com/SergioLacerda/strategist-skill/internal/compile/config.go:42.58,44.3 1 0
github.com/SergioLacerda/strategist-skill/internal/compile/config.go:45.2,45.12 1 0
github.com/SergioLacerda/strategist-skill/internal/compile/config.go:50.83,52.24 2 0
github.com/SergioLacerda/strategist-skill/internal/compile/config.go:52.24,54.3 1 0
github.com/SergioLacerda/strategist-skill/internal/compile/config.go:55.2,55.16 1 0
github.com/SergioLacerda/strategist-skill/internal/compile/config.go:55.16,57.3 1 0
github.com/SergioLacerda/strategist-skill/internal/compile/config.go:59.2,60.28 2 0
github.com/SergioLacerda/strategist-skill/internal/compile/config.go:60.28,61.57 1 0
github.com/SergioLacerda/strategist-skill/internal/compile/config.go:61.57,62.12 1 0
github.com/SergioLacerda/strategist-skill/internal/compile/config.go:64.3,66.21 3 0
github.com/SergioLacerda/strategist-skill/internal/compile/config.go:66.21,68.4 1 0
github.com/SergioLacerda/strategist-skill/internal/compile/config.go:69.3,71.25 3 0
github.com/SergioLacerda/strategist-skill/internal/compile/config.go:73.2,73.20 1 0
github.com/SergioLacerda/strategist-skill/internal/compile/domain.go:17.44,20.16 3 0
github.com/SergioLacerda/strategist-skill/internal/compile/domain.go:20.16,22.3 1 0
github.com/SergioLacerda/strategist-skill/internal/compile/domain.go:24.2,25.56 2 0
github.com/SergioLacerda/strategist-skill/internal/compile/domain.go:25.56,27.3 1 0
github.com/SergioLacerda/strategist-skill/internal/compile/domain.go:29.2,32.16 3 0
github.com/SergioLacerda/strategist-skill/internal/compile/domain.go:32.16,34.3 1 0
github.com/SergioLacerda/strategist-skill/internal/compile/domain.go:36.2,37.50 2 0
github.com/SergioLacerda/strategist-skill/internal/compile/domain.go:37.50,39.21 2 0
github.com/SergioLacerda/strategist-skill/internal/compile/domain.go:39.21,41.4 1 0
github.com/SergioLacerda/strategist-skill/internal/compile/domain.go:42.3,42.35 1 0
github.com/SergioLacerda/strategist-skill/internal/compile/domain.go:45.2,53.58 2 0
github.com/SergioLacerda/strategist-skill/internal/compile/domain.go:53.58,55.3 1 0
github.com/SergioLacerda/strategist-skill/internal/compile/domain.go:56.2,56.12 1 0
github.com/SergioLacerda/strategist-skill/internal/compile/domain.go:61.101,63.31 2 0
github.com/SergioLacerda/strategist-skill/internal/compile/domain.go:63.31,64.35 1 0
github.com/SergioLacerda/strategist-skill/internal/compile/domain.go:64.35,65.12 1 0
github.com/SergioLacerda/strategist-skill/internal/compile/domain.go:67.3,69.37 3 0
github.com/SergioLacerda/strategist-skill/internal/compile/domain.go:69.37,71.12 1 0
github.com/SergioLacerda/strategist-skill/internal/compile/domain.go:73.3,73.17 1 0
github.com/SergioLacerda/strategist-skill/internal/compile/domain.go:73.17,75.4 1 0
github.com/SergioLacerda/strategist-skill/internal/compile/domain.go:76.3,77.24 2 0
github.com/SergioLacerda/strategist-skill/internal/compile/domain.go:79.2,79.20 1 0
github.com/SergioLacerda/strategist-skill/internal/compile/helpers.go:13.31,15.16 2 0
github.com/SergioLacerda/strategist-skill/internal/compile/helpers.go:15.16,17.3 1 0
github.com/SergioLacerda/strategist-skill/internal/compile/helpers.go:18.2,18.30 1 0
github.com/SergioLacerda/strategist-skill/internal/compile/helpers.go:23.50,24.69 1 0
github.com/SergioLacerda/strategist-skill/internal/compile/helpers.go:24.69,26.3 1 0
github.com/SergioLacerda/strategist-skill/internal/compile/helpers.go:28.2,29.16 2 0
github.com/SergioLacerda/strategist-skill/internal/compile/helpers.go:29.16,31.3 1 0
github.com/SergioLacerda/strategist-skill/internal/compile/helpers.go:32.2,35.54 3 0
github.com/SergioLacerda/strategist-skill/internal/compile/helpers.go:35.54,37.3 1 0
github.com/SergioLacerda/strategist-skill/internal/compile/helpers.go:38.2,38.35 1 0
github.com/SergioLacerda/strategist-skill/internal/compile/helpers.go:38.35,40.3 1 0
github.com/SergioLacerda/strategist-skill/internal/compile/helpers.go:41.2,41.12 1 0
github.com/SergioLacerda/strategist-skill/internal/compile/helpers.go:45.41,47.16 2 0
github.com/SergioLacerda/strategist-skill/internal/compile/helpers.go:47.16,49.3 1 0
github.com/SergioLacerda/strategist-skill/internal/compile/helpers.go:50.2,51.38 2 0
github.com/SergioLacerda/strategist-skill/internal/compile/helpers.go:56.56,58.16 2 0
github.com/SergioLacerda/strategist-skill/internal/compile/helpers.go:58.16,60.3 1 0
github.com/SergioLacerda/strategist-skill/internal/compile/helpers.go:61.2,62.50 2 0
github.com/SergioLacerda/strategist-skill/internal/compile/helpers.go:62.50,64.3 1 0
github.com/SergioLacerda/strategist-skill/internal/compile/helpers.go:65.2,65.17 1 0
github.com/SergioLacerda/strategist-skill/internal/compile/index.go:15.57,17.16 2 0
github.com/SergioLacerda/strategist-skill/internal/compile/index.go:17.16,19.3 1 0
github.com/SergioLacerda/strategist-skill/internal/compile/index.go:21.2,22.50 2 0
github.com/SergioLacerda/strategist-skill/internal/compile/index.go:22.50,24.3 1 0
github.com/SergioLacerda/strategist-skill/internal/compile/index.go:26.2,27.16 2 0
github.com/SergioLacerda/strategist-skill/internal/compile/index.go:27.16,29.3 1 0
github.com/SergioLacerda/strategist-skill/internal/compile/index.go:32.2,36.33 3 0
github.com/SergioLacerda/strategist-skill/internal/compile/index.go:36.33,38.32 2 0
github.com/SergioLacerda/strategist-skill/internal/compile/index.go:38.32,40.4 1 0
github.com/SergioLacerda/strategist-skill/internal/compile/index.go:43.2,51.58 2 0
github.com/SergioLacerda/strategist-skill/internal/compile/index.go:51.58,53.3 1 0
github.com/SergioLacerda/strategist-skill/internal/compile/index.go:54.2,54.12 1 0
github.com/SergioLacerda/strategist-skill/internal/compile/yaml.go:10.46,11.48 1 0
github.com/SergioLacerda/strategist-skill/internal/compile/yaml.go:11.48,13.3 1 0
github.com/SergioLacerda/strategist-skill/internal/compile/yaml.go:14.2,14.12 1 0
github.com/SergioLacerda/strategist-skill/internal/embed/defaults.go:27.64,29.2 1 0
github.com/SergioLacerda/strategist-skill/internal/embed/defaults.go:33.69,34.87 1 0
github.com/SergioLacerda/strategist-skill/internal/embed/defaults.go:34.87,36.3 1 0
github.com/SergioLacerda/strategist-skill/internal/embed/defaults.go:37.2,37.12 1 0
github.com/SergioLacerda/strategist-skill/internal/embed/defaults.go:40.79,41.59 1 0
github.com/SergioLacerda/strategist-skill/internal/embed/defaults.go:41.59,42.17 1 0
github.com/SergioLacerda/strategist-skill/internal/embed/defaults.go:42.17,44.4 1 0
github.com/SergioLacerda/strategist-skill/internal/embed/defaults.go:45.3,46.31 2 0
github.com/SergioLacerda/strategist-skill/internal/embed/defaults.go:46.31,48.4 1 0
github.com/SergioLacerda/strategist-skill/internal/embed/defaults.go:49.3,50.16 2 0
github.com/SergioLacerda/strategist-skill/internal/embed/defaults.go:50.16,51.54 1 0
github.com/SergioLacerda/strategist-skill/internal/embed/defaults.go:51.54,53.5 1 0
github.com/SergioLacerda/strategist-skill/internal/embed/defaults.go:54.4,54.14 1 0
github.com/SergioLacerda/strategist-skill/internal/embed/defaults.go:56.3,56.47 1 0
github.com/SergioLacerda/strategist-skill/internal/embed/defaults.go:63.68,65.20 2 0
github.com/SergioLacerda/strategist-skill/internal/embed/defaults.go:65.20,67.3 1 0
github.com/SergioLacerda/strategist-skill/internal/embed/defaults.go:68.2,68.66 1 0
github.com/SergioLacerda/strategist-skill/internal/embed/defaults.go:68.66,70.3 1 0
github.com/SergioLacerda/strategist-skill/internal/embed/defaults.go:71.2,71.12 1 0
github.com/SergioLacerda/strategist-skill/internal/embed/defaults.go:71.12,72.30 1 0
github.com/SergioLacerda/strategist-skill/internal/embed/defaults.go:72.30,74.4 1 0
github.com/SergioLacerda/strategist-skill/internal/embed/defaults.go:76.2,76.65 1 0
github.com/SergioLacerda/strategist-skill/internal/embed/defaults.go:76.65,78.3 1 0
github.com/SergioLacerda/strategist-skill/internal/embed/defaults.go:79.2,79.12 1 0
github.com/SergioLacerda/strategist-skill/internal/embed/defaults.go:84.53,86.16 2 0
github.com/SergioLacerda/strategist-skill/internal/embed/defaults.go:86.16,88.3 1 0
github.com/SergioLacerda/strategist-skill/internal/embed/defaults.go:89.2,89.59 1 0
github.com/SergioLacerda/strategist-skill/internal/install/active_yaml.go:16.74,18.20 2 0
github.com/SergioLacerda/strategist-skill/internal/install/active_yaml.go:18.20,20.3 1 0
github.com/SergioLacerda/strategist-skill/internal/install/active_yaml.go:22.2,43.32 2 0
github.com/SergioLacerda/strategist-skill/internal/install/active_yaml.go:43.32,51.3 2 0
github.com/SergioLacerda/strategist-skill/internal/install/active_yaml.go:53.2,54.67 2 0
github.com/SergioLacerda/strategist-skill/internal/install/active_yaml.go:54.67,56.3 1 0
github.com/SergioLacerda/strategist-skill/internal/install/active_yaml.go:57.2,57.12 1 0
github.com/SergioLacerda/strategist-skill/internal/install/active_yaml.go:61.42,63.38 2 0
github.com/SergioLacerda/strategist-skill/internal/install/active_yaml.go:63.38,64.21 1 0
github.com/SergioLacerda/strategist-skill/internal/install/active_yaml.go:64.21,66.4 1 0
github.com/SergioLacerda/strategist-skill/internal/install/active_yaml.go:68.2,68.13 1 0
github.com/SergioLacerda/strategist-skill/internal/install/gitignore.go:15.43,19.39 3 0
github.com/SergioLacerda/strategist-skill/internal/install/gitignore.go:19.39,21.3 1 0
github.com/SergioLacerda/strategist-skill/internal/install/gitignore.go:23.2,23.56 1 0
github.com/SergioLacerda/strategist-skill/internal/install/gitignore.go:23.56,25.3 1 0
github.com/SergioLacerda/strategist-skill/internal/install/gitignore.go:27.2,28.16 2 0
github.com/SergioLacerda/strategist-skill/internal/install/gitignore.go:28.16,30.3 1 0
github.com/SergioLacerda/strategist-skill/internal/install/gitignore.go:31.2,32.69 2 0
github.com/SergioLacerda/strategist-skill/internal/install/gitignore.go:32.69,34.3 1 0
github.com/SergioLacerda/strategist-skill/internal/install/gitignore.go:35.2,35.49 1 0
github.com/SergioLacerda/strategist-skill/internal/install/gitignore.go:35.49,37.3 1 0
github.com/SergioLacerda/strategist-skill/internal/install/gitignore.go:38.2,38.34 1 0
github.com/SergioLacerda/strategist-skill/internal/install/gitignore.go:38.34,40.3 1 0
github.com/SergioLacerda/strategist-skill/internal/install/gitignore.go:41.2,41.12 1 0
github.com/SergioLacerda/strategist-skill/internal/install/installer.go:34.79,39.15 4 0
github.com/SergioLacerda/strategist-skill/internal/install/installer.go:39.15,40.16 1 0
github.com/SergioLacerda/strategist-skill/internal/install/installer.go:40.16,42.4 1 0
github.com/SergioLacerda/strategist-skill/internal/install/installer.go:44.3,44.43 1 0
github.com/SergioLacerda/strategist-skill/internal/install/installer.go:44.43,46.62 2 0
github.com/SergioLacerda/strategist-skill/internal/install/installer.go:46.62,50.5 1 0
github.com/SergioLacerda/strategist-skill/internal/install/installer.go:52.3,52.85 1 0
github.com/SergioLacerda/strategist-skill/internal/install/installer.go:55.2,55.70 1 0
github.com/SergioLacerda/strategist-skill/internal/install/installer.go:55.70,57.3 1 0
github.com/SergioLacerda/strategist-skill/internal/install/installer.go:58.2,60.58 2 0
github.com/SergioLacerda/strategist-skill/internal/install/installer.go:60.58,62.3 1 0
github.com/SergioLacerda/strategist-skill/internal/install/installer.go:63.2,67.52 4 0
github.com/SergioLacerda/strategist-skill/internal/install/installer.go:67.52,69.3 1 0
github.com/SergioLacerda/strategist-skill/internal/install/installer.go:70.2,70.23 1 0
github.com/SergioLacerda/strategist-skill/internal/install/installer.go:70.23,72.3 1 0
github.com/SergioLacerda/strategist-skill/internal/install/installer.go:74.2,75.16 2 0
github.com/SergioLacerda/strategist-skill/internal/install/installer.go:75.16,77.3 1 0
github.com/SergioLacerda/strategist-skill/internal/install/installer.go:78.2,78.53 1 0
github.com/SergioLacerda/strategist-skill/internal/install/installer.go:78.53,80.3 1 0
github.com/SergioLacerda/strategist-skill/internal/install/installer.go:81.2,86.83 4 0
github.com/SergioLacerda/strategist-skill/internal/install/installer.go:86.83,88.3 1 0
github.com/SergioLacerda/strategist-skill/internal/install/installer.go:90.2,91.12 2 0
github.com/SergioLacerda/strategist-skill/internal/install/installer.go:96.84,97.17 1 0
github.com/SergioLacerda/strategist-skill/internal/install/installer.go:97.17,98.107 1 0
github.com/SergioLacerda/strategist-skill/internal/install/installer.go:98.107,100.4 1 0
github.com/SergioLacerda/strategist-skill/internal/install/installer.go:101.3,101.13 1 0
github.com/SergioLacerda/strategist-skill/internal/install/installer.go:104.2,105.27 2 0
github.com/SergioLacerda/strategist-skill/internal/install/installer.go:105.27,107.3 1 0
github.com/SergioLacerda/strategist-skill/internal/install/installer.go:108.2,109.16 2 0
github.com/SergioLacerda/strategist-skill/internal/install/installer.go:109.16,111.3 1 0
github.com/SergioLacerda/strategist-skill/internal/install/installer.go:112.2,112.59 1 0
github.com/SergioLacerda/strategist-skill/internal/install/installer.go:112.59,114.3 1 0
github.com/SergioLacerda/strategist-skill/internal/install/installer.go:115.2,115.12 1 0
github.com/SergioLacerda/strategist-skill/internal/install/installer.go:119.54,120.25 1 0
github.com/SergioLacerda/strategist-skill/internal/install/installer.go:120.25,122.3 1 0
github.com/SergioLacerda/strategist-skill/internal/install/installer.go:123.2,123.28 1 0
github.com/SergioLacerda/strategist-skill/internal/install/installer.go:128.52,130.19 2 0
github.com/SergioLacerda/strategist-skill/internal/install/installer.go:130.19,133.17 3 0
github.com/SergioLacerda/strategist-skill/internal/install/installer.go:133.17,135.4 1 0
github.com/SergioLacerda/strategist-skill/internal/install/installer.go:137.2,137.83 1 0
github.com/SergioLacerda/strategist-skill/internal/install/installer.go:141.35,144.2 2 0
github.com/SergioLacerda/strategist-skill/internal/install/installer.go:154.66,156.2 1 0
github.com/SergioLacerda/strategist-skill/internal/install/installer.go:159.94,161.2 1 0
github.com/SergioLacerda/strategist-skill/internal/install/shim.go:20.39,24.16 3 0
github.com/SergioLacerda/strategist-skill/internal/install/shim.go:24.16,26.3 1 0
github.com/SergioLacerda/strategist-skill/internal/install/shim.go:27.2,27.28 1 0
github.com/SergioLacerda/strategist-skill/internal/install/shim.go:32.42,34.52 2 0
github.com/SergioLacerda/strategist-skill/internal/install/shim.go:34.52,36.3 1 0
github.com/SergioLacerda/strategist-skill/internal/install/shim.go:38.2,39.75 2 0
github.com/SergioLacerda/strategist-skill/internal/install/shim.go:39.75,41.3 1 0
github.com/SergioLacerda/strategist-skill/internal/install/shim.go:43.2,43.12 1 0
github.com/SergioLacerda/strategist-skill/internal/install/template.go:10.57,13.16 3 0
github.com/SergioLacerda/strategist-skill/internal/install/template.go:13.16,15.3 1 0
github.com/SergioLacerda/strategist-skill/internal/install/template.go:16.2,17.59 2 0
github.com/SergioLacerda/strategist-skill/internal/install/template.go:17.59,19.3 1 0
github.com/SergioLacerda/strategist-skill/internal/install/template.go:20.2,20.12 1 0
github.com/SergioLacerda/strategist-skill/internal/install/wizard.go:61.43,62.74 1 0
github.com/SergioLacerda/strategist-skill/internal/install/wizard.go:62.74,64.3 1 0
github.com/SergioLacerda/strategist-skill/internal/install/wizard.go:65.2,65.17 1 0
github.com/SergioLacerda/strategist-skill/internal/install/wizard.go:69.47,71.2 1 0
github.com/SergioLacerda/strategist-skill/internal/install/wizard.go:74.58,79.16 3 0
github.com/SergioLacerda/strategist-skill/internal/install/wizard.go:79.16,81.3 1 0
github.com/SergioLacerda/strategist-skill/internal/install/wizard.go:82.2,88.16 4 0
github.com/SergioLacerda/strategist-skill/internal/install/wizard.go:88.16,90.3 1 0
github.com/SergioLacerda/strategist-skill/internal/install/wizard.go:91.2,94.16 3 0
github.com/SergioLacerda/strategist-skill/internal/install/wizard.go:94.16,96.3 1 0
github.com/SergioLacerda/strategist-skill/internal/install/wizard.go:97.2,100.16 3 0
github.com/SergioLacerda/strategist-skill/internal/install/wizard.go:100.16,102.3 1 0
github.com/SergioLacerda/strategist-skill/internal/install/wizard.go:103.2,107.16 3 0
github.com/SergioLacerda/strategist-skill/internal/install/wizard.go:107.16,109.3 1 0
github.com/SergioLacerda/strategist-skill/internal/install/wizard.go:111.2,112.16 2 0
github.com/SergioLacerda/strategist-skill/internal/install/wizard.go:112.16,114.3 1 0
github.com/SergioLacerda/strategist-skill/internal/install/wizard.go:116.2,117.16 2 0
github.com/SergioLacerda/strategist-skill/internal/install/wizard.go:117.16,119.3 1 0
github.com/SergioLacerda/strategist-skill/internal/install/wizard.go:120.2,125.16 4 0
github.com/SergioLacerda/strategist-skill/internal/install/wizard.go:125.16,127.3 1 0
github.com/SergioLacerda/strategist-skill/internal/install/wizard.go:129.2,130.16 2 0
github.com/SergioLacerda/strategist-skill/internal/install/wizard.go:130.16,132.3 1 0
github.com/SergioLacerda/strategist-skill/internal/install/wizard.go:134.2,135.16 2 0
github.com/SergioLacerda/strategist-skill/internal/install/wizard.go:135.16,137.3 1 0
github.com/SergioLacerda/strategist-skill/internal/install/wizard.go:139.2,142.16 3 0
github.com/SergioLacerda/strategist-skill/internal/install/wizard.go:142.16,144.3 1 0
github.com/SergioLacerda/strategist-skill/internal/install/wizard.go:146.2,158.8 1 0
github.com/SergioLacerda/strategist-skill/internal/install/wizard.go:163.34,164.20 1 0
github.com/SergioLacerda/strategist-skill/internal/install/wizard.go:164.20,166.3 1 0
github.com/SergioLacerda/strategist-skill/internal/install/wizard.go:167.2,167.12 1 0
github.com/SergioLacerda/strategist-skill/internal/install/wizard.go:172.75,175.16 3 0
github.com/SergioLacerda/strategist-skill/internal/install/wizard.go:175.16,177.3 1 0
github.com/SergioLacerda/strategist-skill/internal/install/wizard.go:178.2,179.16 2 0
github.com/SergioLacerda/strategist-skill/internal/install/wizard.go:179.16,181.3 1 0
github.com/SergioLacerda/strategist-skill/internal/install/wizard.go:182.2,182.18 1 0
github.com/SergioLacerda/strategist-skill/internal/install/wizard.go:187.103,188.6 1 0
github.com/SergioLacerda/strategist-skill/internal/install/wizard.go:188.6,190.17 2 0
github.com/SergioLacerda/strategist-skill/internal/install/wizard.go:190.17,192.4 1 0
github.com/SergioLacerda/strategist-skill/internal/install/wizard.go:193.3,193.30 1 0
github.com/SergioLacerda/strategist-skill/internal/install/wizard.go:193.30,194.33 1 0
github.com/SergioLacerda/strategist-skill/internal/install/wizard.go:194.33,196.5 1 0
github.com/SergioLacerda/strategist-skill/internal/install/wizard.go:198.3,198.86 1 0
github.com/SergioLacerda/strategist-skill/internal/stale/check.go:24.61,25.57 1 0
github.com/SergioLacerda/strategist-skill/internal/stale/check.go:25.57,27.3 1 0
github.com/SergioLacerda/strategist-skill/internal/stale/check.go:27.8,27.23 1 0
github.com/SergioLacerda/strategist-skill/internal/stale/check.go:27.23,29.3 1 0
github.com/SergioLacerda/strategist-skill/internal/stale/check.go:31.2,32.57 2 0
github.com/SergioLacerda/strategist-skill/internal/stale/check.go:32.57,34.3 1 0
github.com/SergioLacerda/strategist-skill/internal/stale/check.go:34.8,34.23 1 0
github.com/SergioLacerda/strategist-skill/internal/stale/check.go:34.23,36.3 1 0
github.com/SergioLacerda/strategist-skill/internal/stale/check.go:38.2,39.16 2 0
github.com/SergioLacerda/strategist-skill/internal/stale/check.go:39.16,41.3 1 0
github.com/SergioLacerda/strategist-skill/internal/stale/check.go:43.2,43.38 1 0
github.com/SergioLacerda/strategist-skill/internal/stale/check.go:43.38,45.29 2 0
github.com/SergioLacerda/strategist-skill/internal/stale/check.go:45.29,47.4 1 0
github.com/SergioLacerda/strategist-skill/internal/stale/check.go:48.3,48.21 1 0
github.com/SergioLacerda/strategist-skill/internal/stale/check.go:48.21,50.4 1 0
github.com/SergioLacerda/strategist-skill/internal/stale/check.go:51.3,51.39 1 0
github.com/SergioLacerda/strategist-skill/internal/stale/check.go:51.39,53.4 1 0
github.com/SergioLacerda/strategist-skill/internal/stale/check.go:56.2,56.19 1 0
github.com/SergioLacerda/strategist-skill/internal/stale/check.go:60.65,62.16 2 0
github.com/SergioLacerda/strategist-skill/internal/stale/check.go:62.16,64.3 1 0
github.com/SergioLacerda/strategist-skill/internal/stale/check.go:65.2,68.16 3 0
github.com/SergioLacerda/strategist-skill/internal/stale/check.go:68.16,70.3 1 0
github.com/SergioLacerda/strategist-skill/internal/stale/check.go:71.2,76.62 3 0
github.com/SergioLacerda/strategist-skill/internal/stale/check.go:76.62,78.3 1 0
github.com/SergioLacerda/strategist-skill/internal/stale/check.go:80.2,80.29 1 0
github.com/SergioLacerda/strategist-skill/internal/stale/check.go:80.29,82.3 1 0
github.com/SergioLacerda/strategist-skill/internal/stale/check.go:84.2,84.30 1 0
github.com/SergioLacerda/strategist-skill/internal/telemetry/config.go:16.23,18.19 2 0
github.com/SergioLacerda/strategist-skill/internal/telemetry/config.go:18.19,20.3 1 0
github.com/SergioLacerda/strategist-skill/internal/telemetry/config.go:21.2,26.3 2 0
github.com/SergioLacerda/strategist-skill/internal/telemetry/config.go:31.32,33.2 1 0
github.com/SergioLacerda/strategist-skill/internal/telemetry/setup.go:20.73,21.20 1 0
github.com/SergioLacerda/strategist-skill/internal/telemetry/setup.go:21.20,23.38 2 0
github.com/SergioLacerda/strategist-skill/internal/telemetry/setup.go:23.38,23.52 1 0
github.com/SergioLacerda/strategist-skill/internal/telemetry/setup.go:26.2,29.18 2 0
github.com/SergioLacerda/strategist-skill/internal/telemetry/setup.go:29.18,31.3 1 0
github.com/SergioLacerda/strategist-skill/internal/telemetry/setup.go:33.2,34.16 2 0
github.com/SergioLacerda/strategist-skill/internal/telemetry/setup.go:34.16,36.3 1 0
github.com/SergioLacerda/strategist-skill/internal/telemetry/setup.go:38.2,41.16 2 0
github.com/SergioLacerda/strategist-skill/internal/telemetry/setup.go:41.16,43.3 1 0
github.com/SergioLacerda/strategist-skill/internal/telemetry/setup.go:45.2,55.25 5 0
github.com/SergioLacerda/strategist-skill/internal/telemetry/tracer.go:13.28,15.2 1 0
github.com/SergioLacerda/strategist-skill/internal/testutil/testutil.go:16.52,25.2 8 0
github.com/SergioLacerda/strategist-skill/internal/testutil/testutil.go:28.51,37.2 8 0
github.com/SergioLacerda/strategist-skill/internal/testutil/testutil.go:42.44,51.2 8 0
github.com/SergioLacerda/strategist-skill/internal/compile/all.go:18.60,22.51 3 0
github.com/SergioLacerda/strategist-skill/internal/compile/all.go:22.51,24.3 1 0
github.com/SergioLacerda/strategist-skill/internal/compile/all.go:26.2,27.48 2 0
github.com/SergioLacerda/strategist-skill/internal/compile/all.go:27.48,29.3 1 0
github.com/SergioLacerda/strategist-skill/internal/compile/all.go:31.2,32.48 2 0
github.com/SergioLacerda/strategist-skill/internal/compile/all.go:32.48,34.3 1 0
github.com/SergioLacerda/strategist-skill/internal/compile/all.go:36.2,47.59 3 0
github.com/SergioLacerda/strategist-skill/internal/compile/all.go:47.59,49.3 1 0
github.com/SergioLacerda/strategist-skill/internal/compile/all.go:51.2,51.12 1 0
github.com/SergioLacerda/strategist-skill/internal/compile/config.go:14.44,17.16 3 0
github.com/SergioLacerda/strategist-skill/internal/compile/config.go:17.16,19.3 1 0
github.com/SergioLacerda/strategist-skill/internal/compile/config.go:21.2,24.16 3 0
github.com/SergioLacerda/strategist-skill/internal/compile/config.go:24.16,26.3 1 0
github.com/SergioLacerda/strategist-skill/internal/compile/config.go:28.2,29.16 2 0
github.com/SergioLacerda/strategist-skill/internal/compile/config.go:29.16,31.3 1 0
github.com/SergioLacerda/strategist-skill/internal/compile/config.go:33.2,42.58 2 0
github.com/SergioLacerda/strategist-skill/internal/compile/config.go:42.58,44.3 1 0
github.com/SergioLacerda/strategist-skill/internal/compile/config.go:45.2,45.12 1 0
github.com/SergioLacerda/strategist-skill/internal/compile/config.go:50.83,52.24 2 0
github.com/SergioLacerda/strategist-skill/internal/compile/config.go:52.24,54.3 1 0
github.com/SergioLacerda/strategist-skill/internal/compile/config.go:55.2,55.16 1 0
github.com/SergioLacerda/strategist-skill/internal/compile/config.go:55.16,57.3 1 0
github.com/SergioLacerda/strategist-skill/internal/compile/config.go:59.2,60.28 2 0
github.com/SergioLacerda/strategist-skill/internal/compile/config.go:60.28,61.57 1 0
github.com/SergioLacerda/strategist-skill/internal/compile/config.go:61.57,62.12 1 0
github.com/SergioLacerda/strategist-skill/internal/compile/config.go:64.3,66.21 3 0
github.com/SergioLacerda/strategist-skill/internal/compile/config.go:66.21,68.4 1 0
github.com/SergioLacerda/strategist-skill/internal/compile/config.go:69.3,71.25 3 0
github.com/SergioLacerda/strategist-skill/internal/compile/config.go:73.2,73.20 1 0
github.com/SergioLacerda/strategist-skill/internal/compile/domain.go:17.44,20.16 3 0
github.com/SergioLacerda/strategist-skill/internal/compile/domain.go:20.16,22.3 1 0
github.com/SergioLacerda/strategist-skill/internal/compile/domain.go:24.2,25.56 2 0
github.com/SergioLacerda/strategist-skill/internal/compile/domain.go:25.56,27.3 1 0
github.com/SergioLacerda/strategist-skill/internal/compile/domain.go:29.2,32.16 3 0
github.com/SergioLacerda/strategist-skill/internal/compile/domain.go:32.16,34.3 1 0
github.com/SergioLacerda/strategist-skill/internal/compile/domain.go:36.2,37.50 2 0
github.com/SergioLacerda/strategist-skill/internal/compile/domain.go:37.50,39.21 2 0
github.com/SergioLacerda/strategist-skill/internal/compile/domain.go:39.21,41.4 1 0
github.com/SergioLacerda/strategist-skill/internal/compile/domain.go:42.3,42.35 1 0
github.com/SergioLacerda/strategist-skill/internal/compile/domain.go:45.2,53.58 2 0
github.com/SergioLacerda/strategist-skill/internal/compile/domain.go:53.58,55.3 1 0
github.com/SergioLacerda/strategist-skill/internal/compile/domain.go:56.2,56.12 1 0
github.com/SergioLacerda/strategist-skill/internal/compile/domain.go:61.101,63.31 2 0
github.com/SergioLacerda/strategist-skill/internal/compile/domain.go:63.31,64.35 1 0
github.com/SergioLacerda/strategist-skill/internal/compile/domain.go:64.35,65.12 1 0
github.com/SergioLacerda/strategist-skill/internal/compile/domain.go:67.3,69.37 3 0
github.com/SergioLacerda/strategist-skill/internal/compile/domain.go:69.37,71.12 1 0
github.com/SergioLacerda/strategist-skill/internal/compile/domain.go:73.3,73.17 1 0
github.com/SergioLacerda/strategist-skill/internal/compile/domain.go:73.17,75.4 1 0
github.com/SergioLacerda/strategist-skill/internal/compile/domain.go:76.3,77.24 2 0
github.com/SergioLacerda/strategist-skill/internal/compile/domain.go:79.2,79.20 1 0
github.com/SergioLacerda/strategist-skill/internal/compile/helpers.go:13.31,15.16 2 0
github.com/SergioLacerda/strategist-skill/internal/compile/helpers.go:15.16,17.3 1 0
github.com/SergioLacerda/strategist-skill/internal/compile/helpers.go:18.2,18.30 1 0
github.com/SergioLacerda/strategist-skill/internal/compile/helpers.go:23.50,24.69 1 0
github.com/SergioLacerda/strategist-skill/internal/compile/helpers.go:24.69,26.3 1 0
github.com/SergioLacerda/strategist-skill/internal/compile/helpers.go:28.2,29.16 2 0
github.com/SergioLacerda/strategist-skill/internal/compile/helpers.go:29.16,31.3 1 0
github.com/SergioLacerda/strategist-skill/internal/compile/helpers.go:32.2,35.54 3 0
github.com/SergioLacerda/strategist-skill/internal/compile/helpers.go:35.54,37.3 1 0
github.com/SergioLacerda/strategist-skill/internal/compile/helpers.go:38.2,38.35 1 0
github.com/SergioLacerda/strategist-skill/internal/compile/helpers.go:38.35,40.3 1 0
github.com/SergioLacerda/strategist-skill/internal/compile/helpers.go:41.2,41.12 1 0
github.com/SergioLacerda/strategist-skill/internal/compile/helpers.go:45.41,47.16 2 0
github.com/SergioLacerda/strategist-skill/internal/compile/helpers.go:47.16,49.3 1 0
github.com/SergioLacerda/strategist-skill/internal/compile/helpers.go:50.2,51.38 2 0
github.com/SergioLacerda/strategist-skill/internal/compile/helpers.go:56.56,58.16 2 0
github.com/SergioLacerda/strategist-skill/internal/compile/helpers.go:58.16,60.3 1 0
github.com/SergioLacerda/strategist-skill/internal/compile/helpers.go:61.2,62.50 2 0
github.com/SergioLacerda/strategist-skill/internal/compile/helpers.go:62.50,64.3 1 0
github.com/SergioLacerda/strategist-skill/internal/compile/helpers.go:65.2,65.17 1 0
github.com/SergioLacerda/strategist-skill/internal/compile/index.go:15.57,17.16 2 0
github.com/SergioLacerda/strategist-skill/internal/compile/index.go:17.16,19.3 1 0
github.com/SergioLacerda/strategist-skill/internal/compile/index.go:21.2,22.50 2 0
github.com/SergioLacerda/strategist-skill/internal/compile/index.go:22.50,24.3 1 0
github.com/SergioLacerda/strategist-skill/internal/compile/index.go:26.2,27.16 2 0
github.com/SergioLacerda/strategist-skill/internal/compile/index.go:27.16,29.3 1 0
github.com/SergioLacerda/strategist-skill/internal/compile/index.go:32.2,36.33 3 0
github.com/SergioLacerda/strategist-skill/internal/compile/index.go:36.33,38.32 2 0
github.com/SergioLacerda/strategist-skill/internal/compile/index.go:38.32,40.4 1 0
github.com/SergioLacerda/strategist-skill/internal/compile/index.go:43.2,51.58 2 0
github.com/SergioLacerda/strategist-skill/internal/compile/index.go:51.58,53.3 1 0
github.com/SergioLacerda/strategist-skill/internal/compile/index.go:54.2,54.12 1 0
github.com/SergioLacerda/strategist-skill/internal/compile/yaml.go:10.46,11.48 1 0
github.com/SergioLacerda/strategist-skill/internal/compile/yaml.go:11.48,13.3 1 0
github.com/SergioLacerda/strategist-skill/internal/compile/yaml.go:14.2,14.12 1 0
github.com/SergioLacerda/strategist-skill/internal/embed/defaults.go:27.64,29.2 1 5
github.com/SergioLacerda/strategist-skill/internal/embed/defaults.go:33.69,34.87 1 17
github.com/SergioLacerda/strategist-skill/internal/embed/defaults.go:34.87,36.3 1 4
github.com/SergioLacerda/strategist-skill/internal/embed/defaults.go:37.2,37.12 1 13
github.com/SergioLacerda/strategist-skill/internal/embed/defaults.go:40.79,41.59 1 17
github.com/SergioLacerda/strategist-skill/internal/embed/defaults.go:41.59,42.17 1 284
github.com/SergioLacerda/strategist-skill/internal/embed/defaults.go:42.17,44.4 1 1
github.com/SergioLacerda/strategist-skill/internal/embed/defaults.go:45.3,46.31 2 283
github.com/SergioLacerda/strategist-skill/internal/embed/defaults.go:46.31,48.4 1 17
github.com/SergioLacerda/strategist-skill/internal/embed/defaults.go:49.3,50.16 2 266
github.com/SergioLacerda/strategist-skill/internal/embed/defaults.go:50.16,51.54 1 87
github.com/SergioLacerda/strategist-skill/internal/embed/defaults.go:51.54,53.5 1 1
github.com/SergioLacerda/strategist-skill/internal/embed/defaults.go:54.4,54.14 1 86
github.com/SergioLacerda/strategist-skill/internal/embed/defaults.go:56.3,56.47 1 179
github.com/SergioLacerda/strategist-skill/internal/embed/defaults.go:63.68,65.20 2 179
github.com/SergioLacerda/strategist-skill/internal/embed/defaults.go:65.20,67.3 1 0
github.com/SergioLacerda/strategist-skill/internal/embed/defaults.go:68.2,68.66 1 179
github.com/SergioLacerda/strategist-skill/internal/embed/defaults.go:68.66,70.3 1 0
github.com/SergioLacerda/strategist-skill/internal/embed/defaults.go:71.2,71.12 1 179
github.com/SergioLacerda/strategist-skill/internal/embed/defaults.go:71.12,72.30 1 178
github.com/SergioLacerda/strategist-skill/internal/embed/defaults.go:72.30,74.4 1 2
github.com/SergioLacerda/strategist-skill/internal/embed/defaults.go:76.2,76.65 1 177
github.com/SergioLacerda/strategist-skill/internal/embed/defaults.go:76.65,78.3 1 2
github.com/SergioLacerda/strategist-skill/internal/embed/defaults.go:79.2,79.12 1 175
github.com/SergioLacerda/strategist-skill/internal/embed/defaults.go:84.53,86.16 2 179
github.com/SergioLacerda/strategist-skill/internal/embed/defaults.go:86.16,88.3 1 134
github.com/SergioLacerda/strategist-skill/internal/embed/defaults.go:89.2,89.59 1 45
github.com/SergioLacerda/strategist-skill/internal/install/active_yaml.go:16.74,18.20 2 0
github.com/SergioLacerda/strategist-skill/internal/install/active_yaml.go:18.20,20.3 1 0
github.com/SergioLacerda/strategist-skill/internal/install/active_yaml.go:22.2,43.32 2 0
github.com/SergioLacerda/strategist-skill/internal/install/active_yaml.go:43.32,51.3 2 0
github.com/SergioLacerda/strategist-skill/internal/install/active_yaml.go:53.2,54.67 2 0
github.com/SergioLacerda/strategist-skill/internal/install/active_yaml.go:54.67,56.3 1 0
github.com/SergioLacerda/strategist-skill/internal/install/active_yaml.go:57.2,57.12 1 0
github.com/SergioLacerda/strategist-skill/internal/install/active_yaml.go:61.42,63.38 2 0
github.com/SergioLacerda/strategist-skill/internal/install/active_yaml.go:63.38,64.21 1 0
github.com/SergioLacerda/strategist-skill/internal/install/active_yaml.go:64.21,66.4 1 0
github.com/SergioLacerda/strategist-skill/internal/install/active_yaml.go:68.2,68.13 1 0
github.com/SergioLacerda/strategist-skill/internal/install/gitignore.go:15.43,19.39 3 0
github.com/SergioLacerda/strategist-skill/internal/install/gitignore.go:19.39,21.3 1 0
github.com/SergioLacerda/strategist-skill/internal/install/gitignore.go:23.2,23.56 1 0
github.com/SergioLacerda/strategist-skill/internal/install/gitignore.go:23.56,25.3 1 0
github.com/SergioLacerda/strategist-skill/internal/install/gitignore.go:27.2,28.16 2 0
github.com/SergioLacerda/strategist-skill/internal/install/gitignore.go:28.16,30.3 1 0
github.com/SergioLacerda/strategist-skill/internal/install/gitignore.go:31.2,32.69 2 0
github.com/SergioLacerda/strategist-skill/internal/install/gitignore.go:32.69,34.3 1 0
github.com/SergioLacerda/strategist-skill/internal/install/gitignore.go:35.2,35.49 1 0
github.com/SergioLacerda/strategist-skill/internal/install/gitignore.go:35.49,37.3 1 0
github.com/SergioLacerda/strategist-skill/internal/install/gitignore.go:38.2,38.34 1 0
github.com/SergioLacerda/strategist-skill/internal/install/gitignore.go:38.34,40.3 1 0
github.com/SergioLacerda/strategist-skill/internal/install/gitignore.go:41.2,41.12 1 0
github.com/SergioLacerda/strategist-skill/internal/install/installer.go:34.79,39.15 4 0
github.com/SergioLacerda/strategist-skill/internal/install/installer.go:39.15,40.16 1 0
github.com/SergioLacerda/strategist-skill/internal/install/installer.go:40.16,42.4 1 0
github.com/SergioLacerda/strategist-skill/internal/install/installer.go:44.3,44.43 1 0
github.com/SergioLacerda/strategist-skill/internal/install/installer.go:44.43,46.62 2 0
github.com/SergioLacerda/strategist-skill/internal/install/installer.go:46.62,50.5 1 0
github.com/SergioLacerda/strategist-skill/internal/install/installer.go:52.3,52.85 1 0
github.com/SergioLacerda/strategist-skill/internal/install/installer.go:55.2,55.70 1 0
github.com/SergioLacerda/strategist-skill/internal/install/installer.go:55.70,57.3 1 0
github.com/SergioLacerda/strategist-skill/internal/install/installer.go:58.2,60.58 2 0
github.com/SergioLacerda/strategist-skill/internal/install/installer.go:60.58,62.3 1 0
github.com/SergioLacerda/strategist-skill/internal/install/installer.go:63.2,67.52 4 0
github.com/SergioLacerda/strategist-skill/internal/install/installer.go:67.52,69.3 1 0
github.com/SergioLacerda/strategist-skill/internal/install/installer.go:70.2,70.23 1 0
github.com/SergioLacerda/strategist-skill/internal/install/installer.go:70.23,72.3 1 0
github.com/SergioLacerda/strategist-skill/internal/install/installer.go:74.2,75.16 2 0
github.com/SergioLacerda/strategist-skill/internal/install/installer.go:75.16,77.3 1 0
github.com/SergioLacerda/strategist-skill/internal/install/installer.go:78.2,78.53 1 0
github.com/SergioLacerda/strategist-skill/internal/install/installer.go:78.53,80.3 1 0
github.com/SergioLacerda/strategist-skill/internal/install/installer.go:81.2,86.83 4 0
github.com/SergioLacerda/strategist-skill/internal/install/installer.go:86.83,88.3 1 0
github.com/SergioLacerda/strategist-skill/internal/install/installer.go:90.2,91.12 2 0
github.com/SergioLacerda/strategist-skill/internal/install/installer.go:96.84,97.17 1 0
github.com/SergioLacerda/strategist-skill/internal/install/installer.go:97.17,98.107 1 0
github.com/SergioLacerda/strategist-skill/internal/install/installer.go:98.107,100.4 1 0
github.com/SergioLacerda/strategist-skill/internal/install/installer.go:101.3,101.13 1 0
github.com/SergioLacerda/strategist-skill/internal/install/installer.go:104.2,105.27 2 0
github.com/SergioLacerda/strategist-skill/internal/install/installer.go:105.27,107.3 1 0
github.com/SergioLacerda/strategist-skill/internal/install/installer.go:108.2,109.16 2 0
github.com/SergioLacerda/strategist-skill/internal/install/installer.go:109.16,111.3 1 0
github.com/SergioLacerda/strategist-skill/internal/install/installer.go:112.2,112.59 1 0
github.com/SergioLacerda/strategist-skill/internal/install/installer.go:112.59,114.3 1 0
github.com/SergioLacerda/strategist-skill/internal/install/installer.go:115.2,115.12 1 0
github.com/SergioLacerda/strategist-skill/internal/install/installer.go:119.54,120.25 1 0
github.com/SergioLacerda/strategist-skill/internal/install/installer.go:120.25,122.3 1 0
github.com/SergioLacerda/strategist-skill/internal/install/installer.go:123.2,123.28 1 0
github.com/SergioLacerda/strategist-skill/internal/install/installer.go:128.52,130.19 2 0
github.com/SergioLacerda/strategist-skill/internal/install/installer.go:130.19,133.17 3 0
github.com/SergioLacerda/strategist-skill/internal/install/installer.go:133.17,135.4 1 0
github.com/SergioLacerda/strategist-skill/internal/install/installer.go:137.2,137.83 1 0
github.com/SergioLacerda/strategist-skill/internal/install/installer.go:141.35,144.2 2 0
github.com/SergioLacerda/strategist-skill/internal/install/installer.go:154.66,156.2 1 0
github.com/SergioLacerda/strategist-skill/internal/install/installer.go:159.94,161.2 1 0
github.com/SergioLacerda/strategist-skill/internal/install/shim.go:20.39,24.16 3 0
github.com/SergioLacerda/strategist-skill/internal/install/shim.go:24.16,26.3 1 0
github.com/SergioLacerda/strategist-skill/internal/install/shim.go:27.2,27.28 1 0
github.com/SergioLacerda/strategist-skill/internal/install/shim.go:32.42,34.52 2 0
github.com/SergioLacerda/strategist-skill/internal/install/shim.go:34.52,36.3 1 0
github.com/SergioLacerda/strategist-skill/internal/install/shim.go:38.2,39.75 2 0
github.com/SergioLacerda/strategist-skill/internal/install/shim.go:39.75,41.3 1 0
github.com/SergioLacerda/strategist-skill/internal/install/shim.go:43.2,43.12 1 0
github.com/SergioLacerda/strategist-skill/internal/install/template.go:10.57,13.16 3 0
github.com/SergioLacerda/strategist-skill/internal/install/template.go:13.16,15.3 1 0
github.com/SergioLacerda/strategist-skill/internal/install/template.go:16.2,17.59 2 0
github.com/SergioLacerda/strategist-skill/internal/install/template.go:17.59,19.3 1 0
github.com/SergioLacerda/strategist-skill/internal/install/template.go:20.2,20.12 1 0
github.com/SergioLacerda/strategist-skill/internal/install/wizard.go:61.43,62.74 1 0
github.com/SergioLacerda/strategist-skill/internal/install/wizard.go:62.74,64.3 1 0
github.com/SergioLacerda/strategist-skill/internal/install/wizard.go:65.2,65.17 1 0
github.com/SergioLacerda/strategist-skill/internal/install/wizard.go:69.47,71.2 1 0
github.com/SergioLacerda/strategist-skill/internal/install/wizard.go:74.58,79.16 3 0
github.com/SergioLacerda/strategist-skill/internal/install/wizard.go:79.16,81.3 1 0
github.com/SergioLacerda/strategist-skill/internal/install/wizard.go:82.2,88.16 4 0
github.com/SergioLacerda/strategist-skill/internal/install/wizard.go:88.16,90.3 1 0
github.com/SergioLacerda/strategist-skill/internal/install/wizard.go:91.2,94.16 3 0
github.com/SergioLacerda/strategist-skill/internal/install/wizard.go:94.16,96.3 1 0
github.com/SergioLacerda/strategist-skill/internal/install/wizard.go:97.2,100.16 3 0
github.com/SergioLacerda/strategist-skill/internal/install/wizard.go:100.16,102.3 1 0
github.com/SergioLacerda/strategist-skill/internal/install/wizard.go:103.2,107.16 3 0
github.com/SergioLacerda/strategist-skill/internal/install/wizard.go:107.16,109.3 1 0
github.com/SergioLacerda/strategist-skill/internal/install/wizard.go:111.2,112.16 2 0
github.com/SergioLacerda/strategist-skill/internal/install/wizard.go:112.16,114.3 1 0
github.com/SergioLacerda/strategist-skill/internal/install/wizard.go:116.2,117.16 2 0
github.com/SergioLacerda/strategist-skill/internal/install/wizard.go:117.16,119.3 1 0
github.com/SergioLacerda/strategist-skill/internal/install/wizard.go:120.2,125.16 4 0
github.com/SergioLacerda/strategist-skill/internal/install/wizard.go:125.16,127.3 1 0
github.com/SergioLacerda/strategist-skill/internal/install/wizard.go:129.2,130.16 2 0
github.com/SergioLacerda/strategist-skill/internal/install/wizard.go:130.16,132.3 1 0
github.com/SergioLacerda/strategist-skill/internal/install/wizard.go:134.2,135.16 2 0
github.com/SergioLacerda/strategist-skill/internal/install/wizard.go:135.16,137.3 1 0
github.com/SergioLacerda/strategist-skill/internal/install/wizard.go:139.2,142.16 3 0
github.com/SergioLacerda/strategist-skill/internal/install/wizard.go:142.16,144.3 1 0
github.com/SergioLacerda/strategist-skill/internal/install/wizard.go:146.2,158.8 1 0
github.com/SergioLacerda/strategist-skill/internal/install/wizard.go:163.34,164.20 1 0
github.com/SergioLacerda/strategist-skill/internal/install/wizard.go:164.20,166.3 1 0
github.com/SergioLacerda/strategist-skill/internal/install/wizard.go:167.2,167.12 1 0
github.com/SergioLacerda/strategist-skill/internal/install/wizard.go:172.75,175.16 3 0
github.com/SergioLacerda/strategist-skill/internal/install/wizard.go:175.16,177.3 1 0
github.com/SergioLacerda/strategist-skill/internal/install/wizard.go:178.2,179.16 2 0
github.com/SergioLacerda/strategist-skill/internal/install/wizard.go:179.16,181.3 1 0
github.com/SergioLacerda/strategist-skill/internal/install/wizard.go:182.2,182.18 1 0
github.com/SergioLacerda/strategist-skill/internal/install/wizard.go:187.103,188.6 1 0
github.com/SergioLacerda/strategist-skill/internal/install/wizard.go:188.6,190.17 2 0
github.com/SergioLacerda/strategist-skill/internal/install/wizard.go:190.17,192.4 1 0
github.com/SergioLacerda/strategist-skill/internal/install/wizard.go:193.3,193.30 1 0
github.com/SergioLacerda/strategist-skill/internal/install/wizard.go:193.30,194.33 1 0
github.com/SergioLacerda/strategist-skill/internal/install/wizard.go:194.33,196.5 1 0
github.com/SergioLacerda/strategist-skill/internal/install/wizard.go:198.3,198.86 1 0
github.com/SergioLacerda/strategist-skill/internal/stale/check.go:24.61,25.57 1 0
github.com/SergioLacerda/strategist-skill/internal/stale/check.go:25.57,27.3 1 0
github.com/SergioLacerda/strategist-skill/internal/stale/check.go:27.8,27.23 1 0
github.com/SergioLacerda/strategist-skill/internal/stale/check.go:27.23,29.3 1 0
github.com/SergioLacerda/strategist-skill/internal/stale/check.go:31.2,32.57 2 0
github.com/SergioLacerda/strategist-skill/internal/stale/check.go:32.57,34.3 1 0
github.com/SergioLacerda/strategist-skill/internal/stale/check.go:34.8,34.23 1 0
github.com/SergioLacerda/strategist-skill/internal/stale/check.go:34.23,36.3 1 0
github.com/SergioLacerda/strategist-skill/internal/stale/check.go:38.2,39.16 2 0
github.com/SergioLacerda/strategist-skill/internal/stale/check.go:39.16,41.3 1 0
github.com/SergioLacerda/strategist-skill/internal/stale/check.go:43.2,43.38 1 0
github.com/SergioLacerda/strategist-skill/internal/stale/check.go:43.38,45.29 2 0
github.com/SergioLacerda/strategist-skill/internal/stale/check.go:45.29,47.4 1 0
github.com/SergioLacerda/strategist-skill/internal/stale/check.go:48.3,48.21 1 0
github.com/SergioLacerda/strategist-skill/internal/stale/check.go:48.21,50.4 1 0
github.com/SergioLacerda/strategist-skill/internal/stale/check.go:51.3,51.39 1 0
github.com/SergioLacerda/strategist-skill/internal/stale/check.go:51.39,53.4 1 0
github.com/SergioLacerda/strategist-skill/internal/stale/check.go:56.2,56.19 1 0
github.com/SergioLacerda/strategist-skill/internal/stale/check.go:60.65,62.16 2 0
github.com/SergioLacerda/strategist-skill/internal/stale/check.go:62.16,64.3 1 0
github.com/SergioLacerda/strategist-skill/internal/stale/check.go:65.2,68.16 3 0
github.com/SergioLacerda/strategist-skill/internal/stale/check.go:68.16,70.3 1 0
github.com/SergioLacerda/strategist-skill/internal/stale/check.go:71.2,76.62 3 0
github.com/SergioLacerda/strategist-skill/internal/stale/check.go:76.62,78.3 1 0
github.com/SergioLacerda/strategist-skill/internal/stale/check.go:80.2,80.29 1 0
github.com/SergioLacerda/strategist-skill/internal/stale/check.go:80.29,82.3 1 0
github.com/SergioLacerda/strategist-skill/internal/stale/check.go:84.2,84.30 1 0
github.com/SergioLacerda/strategist-skill/internal/telemetry/config.go:16.23,18.19 2 0
github.com/SergioLacerda/strategist-skill/internal/telemetry/config.go:18.19,20.3 1 0
github.com/SergioLacerda/strategist-skill/internal/telemetry/config.go:21.2,26.3 2 0
github.com/SergioLacerda/strategist-skill/internal/telemetry/config.go:31.32,33.2 1 0
github.com/SergioLacerda/strategist-skill/internal/telemetry/setup.go:20.73,21.20 1 0
github.com/SergioLacerda/strategist-skill/internal/telemetry/setup.go:21.20,23.38 2 0
github.com/SergioLacerda/strategist-skill/internal/telemetry/setup.go:23.38,23.52 1 0
github.com/SergioLacerda/strategist-skill/internal/telemetry/setup.go:26.2,29.18 2 0
github.com/SergioLacerda/strategist-skill/internal/telemetry/setup.go:29.18,31.3 1 0
github.com/SergioLacerda/strategist-skill/internal/telemetry/setup.go:33.2,34.16 2 0
github.com/SergioLacerda/strategist-skill/internal/telemetry/setup.go:34.16,36.3 1 0
github.com/SergioLacerda/strategist-skill/internal/telemetry/setup.go:38.2,41.16 2 0
github.com/SergioLacerda/strategist-skill/internal/telemetry/setup.go:41.16,43.3 1 0
github.com/SergioLacerda/strategist-skill/internal/telemetry/setup.go:45.2,55.25 5 0
github.com/SergioLacerda/strategist-skill/internal/telemetry/tracer.go:13.28,15.2 1 0
github.com/SergioLacerda/strategist-skill/internal/testutil/testutil.go:16.52,25.2 8 0
github.com/SergioLacerda/strategist-skill/internal/testutil/testutil.go:28.51,37.2 8 0
github.com/SergioLacerda/strategist-skill/internal/testutil/testutil.go:42.44,51.2 8 0
github.com/SergioLacerda/strategist-skill/internal/testutil/testutil.go:16.52,25.2 8 0
github.com/SergioLacerda/strategist-skill/internal/testutil/testutil.go:28.51,37.2 8 0
github.com/SergioLacerda/strategist-skill/internal/testutil/testutil.go:42.44,51.2 8 0
github.com/SergioLacerda/strategist-skill/internal/compile/all.go:18.60,22.51 3 0
github.com/SergioLacerda/strategist-skill/internal/compile/all.go:22.51,24.3 1 0
github.com/SergioLacerda/strategist-skill/internal/compile/all.go:26.2,27.48 2 0
github.com/SergioLacerda/strategist-skill/internal/compile/all.go:27.48,29.3 1 0
github.com/SergioLacerda/strategist-skill/internal/compile/all.go:31.2,32.48 2 0
github.com/SergioLacerda/strategist-skill/internal/compile/all.go:32.48,34.3 1 0
github.com/SergioLacerda/strategist-skill/internal/compile/all.go:36.2,47.59 3 0
github.com/SergioLacerda/strategist-skill/internal/compile/all.go:47.59,49.3 1 0
github.com/SergioLacerda/strategist-skill/internal/compile/all.go:51.2,51.12 1 0
github.com/SergioLacerda/strategist-skill/internal/compile/config.go:14.44,17.16 3 0
github.com/SergioLacerda/strategist-skill/internal/compile/config.go:17.16,19.3 1 0
github.com/SergioLacerda/strategist-skill/internal/compile/config.go:21.2,24.16 3 0
github.com/SergioLacerda/strategist-skill/internal/compile/config.go:24.16,26.3 1 0
github.com/SergioLacerda/strategist-skill/internal/compile/config.go:28.2,29.16 2 0
github.com/SergioLacerda/strategist-skill/internal/compile/config.go:29.16,31.3 1 0
github.com/SergioLacerda/strategist-skill/internal/compile/config.go:33.2,42.58 2 0
github.com/SergioLacerda/strategist-skill/internal/compile/config.go:42.58,44.3 1 0
github.com/SergioLacerda/strategist-skill/internal/compile/config.go:45.2,45.12 1 0
github.com/SergioLacerda/strategist-skill/internal/compile/config.go:50.83,52.24 2 0
github.com/SergioLacerda/strategist-skill/internal/compile/config.go:52.24,54.3 1 0
github.com/SergioLacerda/strategist-skill/internal/compile/config.go:55.2,55.16 1 0
github.com/SergioLacerda/strategist-skill/internal/compile/config.go:55.16,57.3 1 0
github.com/SergioLacerda/strategist-skill/internal/compile/config.go:59.2,60.28 2 0
github.com/SergioLacerda/strategist-skill/internal/compile/config.go:60.28,61.57 1 0
github.com/SergioLacerda/strategist-skill/internal/compile/config.go:61.57,62.12 1 0
github.com/SergioLacerda/strategist-skill/internal/compile/config.go:64.3,66.21 3 0
github.com/SergioLacerda/strategist-skill/internal/compile/config.go:66.21,68.4 1 0
github.com/SergioLacerda/strategist-skill/internal/compile/config.go:69.3,71.25 3 0
github.com/SergioLacerda/strategist-skill/internal/compile/config.go:73.2,73.20 1 0
github.com/SergioLacerda/strategist-skill/internal/compile/domain.go:17.44,20.16 3 0
github.com/SergioLacerda/strategist-skill/internal/compile/domain.go:20.16,22.3 1 0
github.com/SergioLacerda/strategist-skill/internal/compile/domain.go:24.2,25.56 2 0
github.com/SergioLacerda/strategist-skill/internal/compile/domain.go:25.56,27.3 1 0
github.com/SergioLacerda/strategist-skill/internal/compile/domain.go:29.2,32.16 3 0
github.com/SergioLacerda/strategist-skill/internal/compile/domain.go:32.16,34.3 1 0
github.com/SergioLacerda/strategist-skill/internal/compile/domain.go:36.2,37.50 2 0
github.com/SergioLacerda/strategist-skill/internal/compile/domain.go:37.50,39.21 2 0
github.com/SergioLacerda/strategist-skill/internal/compile/domain.go:39.21,41.4 1 0
github.com/SergioLacerda/strategist-skill/internal/compile/domain.go:42.3,42.35 1 0
github.com/SergioLacerda/strategist-skill/internal/compile/domain.go:45.2,53.58 2 0
github.com/SergioLacerda/strategist-skill/internal/compile/domain.go:53.58,55.3 1 0
github.com/SergioLacerda/strategist-skill/internal/compile/domain.go:56.2,56.12 1 0
github.com/SergioLacerda/strategist-skill/internal/compile/domain.go:61.101,63.31 2 0
github.com/SergioLacerda/strategist-skill/internal/compile/domain.go:63.31,64.35 1 0
github.com/SergioLacerda/strategist-skill/internal/compile/domain.go:64.35,65.12 1 0
github.com/SergioLacerda/strategist-skill/internal/compile/domain.go:67.3,69.37 3 0
github.com/SergioLacerda/strategist-skill/internal/compile/domain.go:69.37,71.12 1 0
github.com/SergioLacerda/strategist-skill/internal/compile/domain.go:73.3,73.17 1 0
github.com/SergioLacerda/strategist-skill/internal/compile/domain.go:73.17,75.4 1 0
github.com/SergioLacerda/strategist-skill/internal/compile/domain.go:76.3,77.24 2 0
github.com/SergioLacerda/strategist-skill/internal/compile/domain.go:79.2,79.20 1 0
github.com/SergioLacerda/strategist-skill/internal/compile/helpers.go:13.31,15.16 2 0
github.com/SergioLacerda/strategist-skill/internal/compile/helpers.go:15.16,17.3 1 0
github.com/SergioLacerda/strategist-skill/internal/compile/helpers.go:18.2,18.30 1 0
github.com/SergioLacerda/strategist-skill/internal/compile/helpers.go:23.50,24.69 1 0
github.com/SergioLacerda/strategist-skill/internal/compile/helpers.go:24.69,26.3 1 0
github.com/SergioLacerda/strategist-skill/internal/compile/helpers.go:28.2,29.16 2 0
github.com/SergioLacerda/strategist-skill/internal/compile/helpers.go:29.16,31.3 1 0
github.com/SergioLacerda/strategist-skill/internal/compile/helpers.go:32.2,35.54 3 0
github.com/SergioLacerda/strategist-skill/internal/compile/helpers.go:35.54,37.3 1 0
github.com/SergioLacerda/strategist-skill/internal/compile/helpers.go:38.2,38.35 1 0
github.com/SergioLacerda/strategist-skill/internal/compile/helpers.go:38.35,40.3 1 0
github.com/SergioLacerda/strategist-skill/internal/compile/helpers.go:41.2,41.12 1 0
github.com/SergioLacerda/strategist-skill/internal/compile/helpers.go:45.41,47.16 2 0
github.com/SergioLacerda/strategist-skill/internal/compile/helpers.go:47.16,49.3 1 0
github.com/SergioLacerda/strategist-skill/internal/compile/helpers.go:50.2,51.38 2 0
github.com/SergioLacerda/strategist-skill/internal/compile/helpers.go:56.56,58.16 2 0
github.com/SergioLacerda/strategist-skill/internal/compile/helpers.go:58.16,60.3 1 0
github.com/SergioLacerda/strategist-skill/internal/compile/helpers.go:61.2,62.50 2 0
github.com/SergioLacerda/strategist-skill/internal/compile/helpers.go:62.50,64.3 1 0
github.com/SergioLacerda/strategist-skill/internal/compile/helpers.go:65.2,65.17 1 0
github.com/SergioLacerda/strategist-skill/internal/compile/index.go:15.57,17.16 2 0
github.com/SergioLacerda/strategist-skill/internal/compile/index.go:17.16,19.3 1 0
github.com/SergioLacerda/strategist-skill/internal/compile/index.go:21.2,22.50 2 0
github.com/SergioLacerda/strategist-skill/internal/compile/index.go:22.50,24.3 1 0
github.com/SergioLacerda/strategist-skill/internal/compile/index.go:26.2,27.16 2 0
github.com/SergioLacerda/strategist-skill/internal/compile/index.go:27.16,29.3 1 0
github.com/SergioLacerda/strategist-skill/internal/compile/index.go:32.2,36.33 3 0
github.com/SergioLacerda/strategist-skill/internal/compile/index.go:36.33,38.32 2 0
github.com/SergioLacerda/strategist-skill/internal/compile/index.go:38.32,40.4 1 0
github.com/SergioLacerda/strategist-skill/internal/compile/index.go:43.2,51.58 2 0
github.com/SergioLacerda/strategist-skill/internal/compile/index.go:51.58,53.3 1 0
github.com/SergioLacerda/strategist-skill/internal/compile/index.go:54.2,54.12 1 0
github.com/SergioLacerda/strategist-skill/internal/compile/yaml.go:10.46,11.48 1 0
github.com/SergioLacerda/strategist-skill/internal/compile/yaml.go:11.48,13.3 1 0
github.com/SergioLacerda/strategist-skill/internal/compile/yaml.go:14.2,14.12 1 0
github.com/SergioLacerda/strategist-skill/internal/embed/defaults.go:27.64,29.2 1 0
github.com/SergioLacerda/strategist-skill/internal/embed/defaults.go:33.69,34.87 1 0
github.com/SergioLacerda/strategist-skill/internal/embed/defaults.go:34.87,36.3 1 0
github.com/SergioLacerda/strategist-skill/internal/embed/defaults.go:37.2,37.12 1 0
github.com/SergioLacerda/strategist-skill/internal/embed/defaults.go:40.79,41.59 1 0
github.com/SergioLacerda/strategist-skill/internal/embed/defaults.go:41.59,42.17 1 0
github.com/SergioLacerda/strategist-skill/internal/embed/defaults.go:42.17,44.4 1 0
github.com/SergioLacerda/strategist-skill/internal/embed/defaults.go:45.3,46.31 2 0
github.com/SergioLacerda/strategist-skill/internal/embed/defaults.go:46.31,48.4 1 0
github.com/SergioLacerda/strategist-skill/internal/embed/defaults.go:49.3,50.16 2 0
github.com/SergioLacerda/strategist-skill/internal/embed/defaults.go:50.16,51.54 1 0
[...]
github.com/SergioLacerda/strategist-skill/internal/compile/domain.go:69.37,71.12 1 0
github.com/SergioLacerda/strategist-skill/internal/compile/domain.go:73.3,73.17 1 0
github.com/SergioLacerda/strategist-skill/internal/compile/domain.go:73.17,75.4 1 0
github.com/SergioLacerda/strategist-skill/internal/compile/domain.go:76.3,77.24 2 0
github.com/SergioLacerda/strategist-skill/internal/compile/domain.go:79.2,79.20 1 0
github.com/SergioLacerda/strategist-skill/internal/compile/helpers.go:13.31,15.16 2 0
github.com/SergioLacerda/strategist-skill/internal/compile/helpers.go:15.16,17.3 1 0
github.com/SergioLacerda/strategist-skill/internal/compile/helpers.go:18.2,18.30 1 0
github.com/SergioLacerda/strategist-skill/internal/compile/helpers.go:23.50,24.69 1 0
github.com/SergioLacerda/strategist-skill/internal/compile/helpers.go:24.69,26.3 1 0
github.com/SergioLacerda/strategist-skill/internal/compile/helpers.go:28.2,29.16 2 0
github.com/SergioLacerda/strategist-skill/internal/compile/helpers.go:29.16,31.3 1 0
github.com/SergioLacerda/strategist-skill/internal/compile/helpers.go:32.2,35.54 3 0
github.com/SergioLacerda/strategist-skill/internal/compile/helpers.go:35.54,37.3 1 0
github.com/SergioLacerda/strategist-skill/internal/compile/helpers.go:38.2,38.35 1 0
github.com/SergioLacerda/strategist-skill/internal/compile/helpers.go:38.35,40.3 1 0
github.com/SergioLacerda/strategist-skill/internal/compile/helpers.go:41.2,41.12 1 0
github.com/SergioLacerda/strategist-skill/internal/compile/helpers.go:45.41,47.16 2 0
github.com/SergioLacerda/strategist-skill/internal/compile/helpers.go:47.16,49.3 1 0
github.com/SergioLacerda/strategist-skill/internal/compile/helpers.go:50.2,51.38 2 0
github.com/SergioLacerda/strategist-skill/internal/compile/helpers.go:56.56,58.16 2 0
github.com/SergioLacerda/strategist-skill/internal/compile/helpers.go:58.16,60.3 1 0
github.com/SergioLacerda/strategist-skill/internal/compile/helpers.go:61.2,62.50 2 0
github.com/SergioLacerda/strategist-skill/internal/compile/helpers.go:62.50,64.3 1 0
github.com/SergioLacerda/strategist-skill/internal/compile/helpers.go:65.2,65.17 1 0
github.com/SergioLacerda/strategist-skill/internal/compile/index.go:15.57,17.16 2 0
github.com/SergioLacerda/strategist-skill/internal/compile/index.go:17.16,19.3 1 0
github.com/SergioLacerda/strategist-skill/internal/compile/index.go:21.2,22.50 2 0
github.com/SergioLacerda/strategist-skill/internal/compile/index.go:22.50,24.3 1 0
github.com/SergioLacerda/strategist-skill/internal/compile/index.go:26.2,27.16 2 0
github.com/SergioLacerda/strategist-skill/internal/compile/index.go:27.16,29.3 1 0
github.com/SergioLacerda/strategist-skill/internal/compile/index.go:32.2,36.33 3 0
github.com/SergioLacerda/strategist-skill/internal/compile/index.go:36.33,38.32 2 0
github.com/SergioLacerda/strategist-skill/internal/compile/index.go:38.32,40.4 1 0
github.com/SergioLacerda/strategist-skill/internal/compile/index.go:43.2,51.58 2 0
github.com/SergioLacerda/strategist-skill/internal/compile/index.go:51.58,53.3 1 0
github.com/SergioLacerda/strategist-skill/internal/compile/index.go:54.2,54.12 1 0
github.com/SergioLacerda/strategist-skill/internal/compile/yaml.go:10.46,11.48 1 0
github.com/SergioLacerda/strategist-skill/internal/compile/yaml.go:11.48,13.3 1 0
github.com/SergioLacerda/strategist-skill/internal/compile/yaml.go:14.2,14.12 1 0
github.com/SergioLacerda/strategist-skill/internal/embed/defaults.go:27.64,29.2 1 0
github.com/SergioLacerda/strategist-skill/internal/embed/defaults.go:33.69,34.87 1 0
github.com/SergioLacerda/strategist-skill/internal/embed/defaults.go:34.87,36.3 1 0
github.com/SergioLacerda/strategist-skill/internal/embed/defaults.go:37.2,37.12 1 0
github.com/SergioLacerda/strategist-skill/internal/embed/defaults.go:40.79,41.59 1 0
github.com/SergioLacerda/strategist-skill/internal/embed/defaults.go:41.59,42.17 1 0
github.com/SergioLacerda/strategist-skill/internal/embed/defaults.go:42.17,44.4 1 0
github.com/SergioLacerda/strategist-skill/internal/embed/defaults.go:45.3,46.31 2 0
github.com/SergioLacerda/strategist-skill/internal/embed/defaults.go:46.31,48.4 1 0
github.com/SergioLacerda/strategist-skill/internal/embed/defaults.go:49.3,50.16 2 0
github.com/SergioLacerda/strategist-skill/internal/embed/defaults.go:50.16,51.54 1 0
github.com/SergioLacerda/strategist-skill/internal/embed/defaults.go:51.54,53.5 1 0
github.com/SergioLacerda/strategist-skill/internal/embed/defaults.go:54.4,54.14 1 0
github.com/SergioLacerda/strategist-skill/internal/embed/defaults.go:56.3,56.47 1 0
github.com/SergioLacerda/strategist-skill/internal/embed/defaults.go:63.68,65.20 2 0
github.com/SergioLacerda/strategist-skill/internal/embed/defaults.go:65.20,67.3 1 0
github.com/SergioLacerda/strategist-skill/internal/embed/defaults.go:68.2,68.66 1 0
github.com/SergioLacerda/strategist-skill/internal/embed/defaults.go:68.66,70.3 1 0
github.com/SergioLacerda/strategist-skill/internal/embed/defaults.go:71.2,71.12 1 0
github.com/SergioLacerda/strategist-skill/internal/embed/defaults.go:71.12,72.30 1 0
github.com/SergioLacerda/strategist-skill/internal/embed/defaults.go:72.30,74.4 1 0
github.com/SergioLacerda/strategist-skill/internal/embed/defaults.go:76.2,76.65 1 0
github.com/SergioLacerda/strategist-skill/internal/embed/defaults.go:76.65,78.3 1 0
github.com/SergioLacerda/strategist-skill/internal/embed/defaults.go:79.2,79.12 1 0
github.com/SergioLacerda/strategist-skill/internal/embed/defaults.go:84.53,86.16 2 0
github.com/SergioLacerda/strategist-skill/internal/embed/defaults.go:86.16,88.3 1 0
github.com/SergioLacerda/strategist-skill/internal/embed/defaults.go:89.2,89.59 1 0
github.com/SergioLacerda/strategist-skill/internal/install/active_yaml.go:16.74,18.20 2 0
github.com/SergioLacerda/strategist-skill/internal/install/active_yaml.go:18.20,20.3 1 0
github.com/SergioLacerda/strategist-skill/internal/install/active_yaml.go:22.2,43.32 2 0
github.com/SergioLacerda/strategist-skill/internal/install/active_yaml.go:43.32,51.3 2 0
github.com/SergioLacerda/strategist-skill/internal/install/active_yaml.go:53.2,54.67 2 0
github.com/SergioLacerda/strategist-skill/internal/install/active_yaml.go:54.67,56.3 1 0
github.com/SergioLacerda/strategist-skill/internal/install/active_yaml.go:57.2,57.12 1 0
github.com/SergioLacerda/strategist-skill/internal/install/active_yaml.go:61.42,63.38 2 0
github.com/SergioLacerda/strategist-skill/internal/install/active_yaml.go:63.38,64.21 1 0
github.com/SergioLacerda/strategist-skill/internal/install/active_yaml.go:64.21,66.4 1 0
github.com/SergioLacerda/strategist-skill/internal/install/active_yaml.go:68.2,68.13 1 0
github.com/SergioLacerda/strategist-skill/internal/install/gitignore.go:15.43,19.39 3 0
github.com/SergioLacerda/strategist-skill/internal/install/gitignore.go:19.39,21.3 1 0
github.com/SergioLacerda/strategist-skill/internal/install/gitignore.go:23.2,23.56 1 0
github.com/SergioLacerda/strategist-skill/internal/install/gitignore.go:23.56,25.3 1 0
github.com/SergioLacerda/strategist-skill/internal/install/gitignore.go:27.2,28.16 2 0
github.com/SergioLacerda/strategist-skill/internal/install/gitignore.go:28.16,30.3 1 0
github.com/SergioLacerda/strategist-skill/internal/install/gitignore.go:31.2,32.69 2 0
github.com/SergioLacerda/strategist-skill/internal/install/gitignore.go:32.69,34.3 1 0
github.com/SergioLacerda/strategist-skill/internal/install/gitignore.go:35.2,35.49 1 0
github.com/SergioLacerda/strategist-skill/internal/install/gitignore.go:35.49,37.3 1 0
github.com/SergioLacerda/strategist-skill/internal/install/gitignore.go:38.2,38.34 1 0
github.com/SergioLacerda/strategist-skill/internal/install/gitignore.go:38.34,40.3 1 0
github.com/SergioLacerda/strategist-skill/internal/install/gitignore.go:41.2,41.12 1 0
github.com/SergioLacerda/strategist-skill/internal/install/installer.go:34.79,39.15 4 0
github.com/SergioLacerda/strategist-skill/internal/install/installer.go:39.15,40.16 1 0
github.com/SergioLacerda/strategist-skill/internal/install/installer.go:40.16,42.4 1 0
github.com/SergioLacerda/strategist-skill/internal/install/installer.go:44.3,44.43 1 0
github.com/SergioLacerda/strategist-skill/internal/install/installer.go:44.43,46.62 2 0
github.com/SergioLacerda/strategist-skill/internal/install/installer.go:46.62,50.5 1 0
github.com/SergioLacerda/strategist-skill/internal/install/installer.go:52.3,52.85 1 0
github.com/SergioLacerda/strategist-skill/internal/install/installer.go:55.2,55.70 1 0
github.com/SergioLacerda/strategist-skill/internal/install/installer.go:55.70,57.3 1 0
github.com/SergioLacerda/strategist-skill/internal/install/installer.go:58.2,60.58 2 0
github.com/SergioLacerda/strategist-skill/internal/install/installer.go:60.58,62.3 1 0
github.com/SergioLacerda/strategist-skill/internal/install/installer.go:63.2,67.52 4 0
github.com/SergioLacerda/strategist-skill/internal/install/installer.go:67.52,69.3 1 0
github.com/SergioLacerda/strategist-skill/internal/install/installer.go:70.2,70.23 1 0
github.com/SergioLacerda/strategist-skill/internal/install/installer.go:70.23,72.3 1 0
github.com/SergioLacerda/strategist-skill/internal/install/installer.go:74.2,75.16 2 0
github.com/SergioLacerda/strategist-skill/internal/install/installer.go:75.16,77.3 1 0
github.com/SergioLacerda/strategist-skill/internal/install/installer.go:78.2,78.53 1 0
github.com/SergioLacerda/strategist-skill/internal/install/installer.go:78.53,80.3 1 0
github.com/SergioLacerda/strategist-skill/internal/install/installer.go:81.2,86.83 4 0
github.com/SergioLacerda/strategist-skill/internal/install/installer.go:86.83,88.3 1 0
github.com/SergioLacerda/strategist-skill/internal/install/installer.go:90.2,91.12 2 0
github.com/SergioLacerda/strategist-skill/internal/install/installer.go:96.84,97.17 1 0
github.com/SergioLacerda/strategist-skill/internal/install/installer.go:97.17,98.107 1 0
github.com/SergioLacerda/strategist-skill/internal/install/installer.go:98.107,100.4 1 0
github.com/SergioLacerda/strategist-skill/internal/install/installer.go:101.3,101.13 1 0
github.com/SergioLacerda/strategist-skill/internal/install/installer.go:104.2,105.27 2 0
github.com/SergioLacerda/strategist-skill/internal/install/installer.go:105.27,107.3 1 0
github.com/SergioLacerda/strategist-skill/internal/install/installer.go:108.2,109.16 2 0
github.com/SergioLacerda/strategist-skill/internal/install/installer.go:109.16,111.3 1 0
github.com/SergioLacerda/strategist-skill/internal/install/installer.go:112.2,112.59 1 0
github.com/SergioLacerda/strategist-skill/internal/install/installer.go:112.59,114.3 1 0
github.com/SergioLacerda/strategist-skill/internal/install/installer.go:115.2,115.12 1 0
github.com/SergioLacerda/strategist-skill/internal/install/installer.go:119.54,120.25 1 0
github.com/SergioLacerda/strategist-skill/internal/install/installer.go:120.25,122.3 1 0
github.com/SergioLacerda/strategist-skill/internal/install/installer.go:123.2,123.28 1 0
github.com/SergioLacerda/strategist-skill/internal/install/installer.go:128.52,130.19 2 0
github.com/SergioLacerda/strategist-skill/internal/install/installer.go:130.19,133.17 3 0
github.com/SergioLacerda/strategist-skill/internal/install/installer.go:133.17,135.4 1 0
github.com/SergioLacerda/strategist-skill/internal/install/installer.go:137.2,137.83 1 0
github.com/SergioLacerda/strategist-skill/internal/install/installer.go:141.35,144.2 2 0
github.com/SergioLacerda/strategist-skill/internal/install/installer.go:154.66,156.2 1 0
github.com/SergioLacerda/strategist-skill/internal/install/installer.go:159.94,161.2 1 0
github.com/SergioLacerda/strategist-skill/internal/install/shim.go:20.39,24.16 3 0
github.com/SergioLacerda/strategist-skill/internal/install/shim.go:24.16,26.3 1 0
github.com/SergioLacerda/strategist-skill/internal/install/shim.go:27.2,27.28 1 0
github.com/SergioLacerda/strategist-skill/internal/install/shim.go:32.42,34.52 2 0
github.com/SergioLacerda/strategist-skill/internal/install/shim.go:34.52,36.3 1 0
github.com/SergioLacerda/strategist-skill/internal/install/shim.go:38.2,39.75 2 0
github.com/SergioLacerda/strategist-skill/internal/install/shim.go:39.75,41.3 1 0
github.com/SergioLacerda/strategist-skill/internal/install/shim.go:43.2,43.12 1 0
github.com/SergioLacerda/strategist-skill/internal/install/template.go:10.57,13.16 3 0
github.com/SergioLacerda/strategist-skill/internal/install/template.go:13.16,15.3 1 0
github.com/SergioLacerda/strategist-skill/internal/install/template.go:16.2,17.59 2 0
github.com/SergioLacerda/strategist-skill/internal/install/template.go:17.59,19.3 1 0
github.com/SergioLacerda/strategist-skill/internal/install/template.go:20.2,20.12 1 0
github.com/SergioLacerda/strategist-skill/internal/install/wizard.go:61.43,62.74 1 0
github.com/SergioLacerda/strategist-skill/internal/install/wizard.go:62.74,64.3 1 0
github.com/SergioLacerda/strategist-skill/internal/install/wizard.go:65.2,65.17 1 0
github.com/SergioLacerda/strategist-skill/internal/install/wizard.go:69.47,71.2 1 0
github.com/SergioLacerda/strategist-skill/internal/install/wizard.go:74.58,79.16 3 0
github.com/SergioLacerda/strategist-skill/internal/install/wizard.go:79.16,81.3 1 0
github.com/SergioLacerda/strategist-skill/internal/install/wizard.go:82.2,88.16 4 0
github.com/SergioLacerda/strategist-skill/internal/install/wizard.go:88.16,90.3 1 0
github.com/SergioLacerda/strategist-skill/internal/install/wizard.go:91.2,94.16 3 0
github.com/SergioLacerda/strategist-skill/internal/install/wizard.go:94.16,96.3 1 0
github.com/SergioLacerda/strategist-skill/internal/install/wizard.go:97.2,100.16 3 0
github.com/SergioLacerda/strategist-skill/internal/install/wizard.go:100.16,102.3 1 0
github.com/SergioLacerda/strategist-skill/internal/install/wizard.go:103.2,107.16 3 0
github.com/SergioLacerda/strategist-skill/internal/install/wizard.go:107.16,109.3 1 0
github.com/SergioLacerda/strategist-skill/internal/install/wizard.go:111.2,112.16 2 0
github.com/SergioLacerda/strategist-skill/internal/install/wizard.go:112.16,114.3 1 0
github.com/SergioLacerda/strategist-skill/internal/install/wizard.go:116.2,117.16 2 0
github.com/SergioLacerda/strategist-skill/internal/install/wizard.go:117.16,119.3 1 0
github.com/SergioLacerda/strategist-skill/internal/install/wizard.go:120.2,125.16 4 0
github.com/SergioLacerda/strategist-skill/internal/install/wizard.go:125.16,127.3 1 0
github.com/SergioLacerda/strategist-skill/internal/install/wizard.go:129.2,130.16 2 0
github.com/SergioLacerda/strategist-skill/internal/install/wizard.go:130.16,132.3 1 0
github.com/SergioLacerda/strategist-skill/internal/install/wizard.go:134.2,135.16 2 0
github.com/SergioLacerda/strategist-skill/internal/install/wizard.go:135.16,137.3 1 0
github.com/SergioLacerda/strategist-skill/internal/install/wizard.go:139.2,142.16 3 0
github.com/SergioLacerda/strategist-skill/internal/install/wizard.go:142.16,144.3 1 0
github.com/SergioLacerda/strategist-skill/internal/install/wizard.go:146.2,158.8 1 0
github.com/SergioLacerda/strategist-skill/internal/install/wizard.go:163.34,164.20 1 0
github.com/SergioLacerda/strategist-skill/internal/install/wizard.go:164.20,166.3 1 0
github.com/SergioLacerda/strategist-skill/internal/install/wizard.go:167.2,167.12 1 0
github.com/SergioLacerda/strategist-skill/internal/install/wizard.go:172.75,175.16 3 0
github.com/SergioLacerda/strategist-skill/internal/install/wizard.go:175.16,177.3 1 0
github.com/SergioLacerda/strategist-skill/internal/install/wizard.go:178.2,179.16 2 0
github.com/SergioLacerda/strategist-skill/internal/install/wizard.go:179.16,181.3 1 0
github.com/SergioLacerda/strategist-skill/internal/install/wizard.go:182.2,182.18 1 0
github.com/SergioLacerda/strategist-skill/internal/install/wizard.go:187.103,188.6 1 0
github.com/SergioLacerda/strategist-skill/internal/install/wizard.go:188.6,190.17 2 0
github.com/SergioLacerda/strategist-skill/internal/install/wizard.go:190.17,192.4 1 0
github.com/SergioLacerda/strategist-skill/internal/install/wizard.go:193.3,193.30 1 0
github.com/SergioLacerda/strategist-skill/internal/install/wizard.go:193.30,194.33 1 0
github.com/SergioLacerda/strategist-skill/internal/install/wizard.go:194.33,196.5 1 0
github.com/SergioLacerda/strategist-skill/internal/install/wizard.go:198.3,198.86 1 0
github.com/SergioLacerda/strategist-skill/internal/stale/check.go:24.61,25.57 1 0
github.com/SergioLacerda/strategist-skill/internal/stale/check.go:25.57,27.3 1 0
github.com/SergioLacerda/strategist-skill/internal/stale/check.go:27.8,27.23 1 0
github.com/SergioLacerda/strategist-skill/internal/stale/check.go:27.23,29.3 1 0
github.com/SergioLacerda/strategist-skill/internal/stale/check.go:31.2,32.57 2 0
github.com/SergioLacerda/strategist-skill/internal/stale/check.go:32.57,34.3 1 0
github.com/SergioLacerda/strategist-skill/internal/stale/check.go:34.8,34.23 1 0
github.com/SergioLacerda/strategist-skill/internal/stale/check.go:34.23,36.3 1 0
github.com/SergioLacerda/strategist-skill/internal/stale/check.go:38.2,39.16 2 0
github.com/SergioLacerda/strategist-skill/internal/stale/check.go:39.16,41.3 1 0
github.com/SergioLacerda/strategist-skill/internal/stale/check.go:43.2,43.38 1 0
github.com/SergioLacerda/strategist-skill/internal/stale/check.go:43.38,45.29 2 0
github.com/SergioLacerda/strategist-skill/internal/stale/check.go:45.29,47.4 1 0
github.com/SergioLacerda/strategist-skill/internal/stale/check.go:48.3,48.21 1 0
github.com/SergioLacerda/strategist-skill/internal/stale/check.go:48.21,50.4 1 0
github.com/SergioLacerda/strategist-skill/internal/stale/check.go:51.3,51.39 1 0
github.com/SergioLacerda/strategist-skill/internal/stale/check.go:51.39,53.4 1 0
github.com/SergioLacerda/strategist-skill/internal/stale/check.go:56.2,56.19 1 0
github.com/SergioLacerda/strategist-skill/internal/stale/check.go:60.65,62.16 2 0
github.com/SergioLacerda/strategist-skill/internal/stale/check.go:62.16,64.3 1 0
github.com/SergioLacerda/strategist-skill/internal/stale/check.go:65.2,68.16 3 0
github.com/SergioLacerda/strategist-skill/internal/stale/check.go:68.16,70.3 1 0
github.com/SergioLacerda/strategist-skill/internal/stale/check.go:71.2,76.62 3 0
github.com/SergioLacerda/strategist-skill/internal/stale/check.go:76.62,78.3 1 0
github.com/SergioLacerda/strategist-skill/internal/stale/check.go:80.2,80.29 1 0
github.com/SergioLacerda/strategist-skill/internal/stale/check.go:80.29,82.3 1 0
github.com/SergioLacerda/strategist-skill/internal/stale/check.go:84.2,84.30 1 0
github.com/SergioLacerda/strategist-skill/internal/telemetry/config.go:16.23,18.19 2 2
github.com/SergioLacerda/strategist-skill/internal/telemetry/config.go:18.19,20.3 1 1
github.com/SergioLacerda/strategist-skill/internal/telemetry/config.go:21.2,26.3 2 2
github.com/SergioLacerda/strategist-skill/internal/telemetry/config.go:31.32,33.2 1 5
github.com/SergioLacerda/strategist-skill/internal/telemetry/setup.go:20.73,21.20 1 3
github.com/SergioLacerda/strategist-skill/internal/telemetry/setup.go:21.20,23.38 2 2
github.com/SergioLacerda/strategist-skill/internal/telemetry/setup.go:23.38,23.52 1 1
github.com/SergioLacerda/strategist-skill/internal/telemetry/setup.go:26.2,29.18 2 1
github.com/SergioLacerda/strategist-skill/internal/telemetry/setup.go:29.18,31.3 1 1
github.com/SergioLacerda/strategist-skill/internal/telemetry/setup.go:33.2,34.16 2 1
github.com/SergioLacerda/strategist-skill/internal/telemetry/setup.go:34.16,36.3 1 0
github.com/SergioLacerda/strategist-skill/internal/telemetry/setup.go:38.2,41.16 2 1
github.com/SergioLacerda/strategist-skill/internal/telemetry/setup.go:41.16,43.3 1 0
github.com/SergioLacerda/strategist-skill/internal/telemetry/setup.go:45.2,55.25 5 1
github.com/SergioLacerda/strategist-skill/internal/telemetry/tracer.go:13.28,15.2 1 2
github.com/SergioLacerda/strategist-skill/internal/testutil/testutil.go:16.52,25.2 8 0
github.com/SergioLacerda/strategist-skill/internal/testutil/testutil.go:28.51,37.2 8 0
github.com/SergioLacerda/strategist-skill/internal/testutil/testutil.go:42.44,51.2 8 0
