mode: atomic
github.com/SergioLacerda/strategist-skill/cmd/strategist/check_stale.go:25.61,29.16 3 2
github.com/SergioLacerda/strategist-skill/cmd/strategist/check_stale.go:29.16,31.3 1 2
github.com/SergioLacerda/strategist-skill/cmd/strategist/check_stale.go:32.2,33.16 2 2
github.com/SergioLacerda/strategist-skill/cmd/strategist/check_stale.go:33.16,36.3 2 0
github.com/SergioLacerda/strategist-skill/cmd/strategist/check_stale.go:37.2,42.16 3 2
github.com/SergioLacerda/strategist-skill/cmd/strategist/check_stale.go:42.16,47.3 4 1
github.com/SergioLacerda/strategist-skill/cmd/strategist/check_stale.go:49.2,56.13 4 1
github.com/SergioLacerda/strategist-skill/cmd/strategist/check_stale.go:56.13,58.3 1 0
github.com/SergioLacerda/strategist-skill/cmd/strategist/check_stale.go:59.2,59.12 1 1
github.com/SergioLacerda/strategist-skill/cmd/strategist/compile.go:26.64,27.23 1 3
github.com/SergioLacerda/strategist-skill/cmd/strategist/compile.go:27.23,29.3 1 1
github.com/SergioLacerda/strategist-skill/cmd/strategist/compile.go:31.2,32.16 2 3
github.com/SergioLacerda/strategist-skill/cmd/strategist/compile.go:32.16,34.3 1 3
github.com/SergioLacerda/strategist-skill/cmd/strategist/compile.go:35.2,36.16 2 3
github.com/SergioLacerda/strategist-skill/cmd/strategist/compile.go:36.16,38.3 1 0
github.com/SergioLacerda/strategist-skill/cmd/strategist/compile.go:39.2,42.15 2 3
github.com/SergioLacerda/strategist-skill/cmd/strategist/compile.go:42.15,43.20 1 3
github.com/SergioLacerda/strategist-skill/cmd/strategist/compile.go:43.20,46.4 2 1
github.com/SergioLacerda/strategist-skill/cmd/strategist/compile.go:47.3,47.13 1 3
github.com/SergioLacerda/strategist-skill/cmd/strategist/compile.go:50.2,50.16 1 3
github.com/SergioLacerda/strategist-skill/cmd/strategist/compile.go:50.16,52.3 1 0
github.com/SergioLacerda/strategist-skill/cmd/strategist/compile.go:53.2,57.61 4 3
github.com/SergioLacerda/strategist-skill/cmd/strategist/compile.go:57.61,59.3 1 1
github.com/SergioLacerda/strategist-skill/cmd/strategist/compile.go:61.2,61.16 1 2
github.com/SergioLacerda/strategist-skill/cmd/strategist/compile.go:61.16,63.3 1 0
github.com/SergioLacerda/strategist-skill/cmd/strategist/compile.go:64.2,66.12 3 2
github.com/SergioLacerda/strategist-skill/cmd/strategist/compile.go:69.13,71.2 1 2
github.com/SergioLacerda/strategist-skill/cmd/strategist/install.go:35.64,36.19 1 4
github.com/SergioLacerda/strategist-skill/cmd/strategist/install.go:36.19,37.26 1 1
github.com/SergioLacerda/strategist-skill/cmd/strategist/install.go:37.26,39.18 2 1
github.com/SergioLacerda/strategist-skill/cmd/strategist/install.go:39.18,41.5 1 0
github.com/SergioLacerda/strategist-skill/cmd/strategist/install.go:42.4,42.24 1 1
github.com/SergioLacerda/strategist-skill/cmd/strategist/install.go:44.8,44.32 1 3
github.com/SergioLacerda/strategist-skill/cmd/strategist/install.go:44.32,46.3 1 1
github.com/SergioLacerda/strategist-skill/cmd/strategist/install.go:48.2,49.16 2 4
github.com/SergioLacerda/strategist-skill/cmd/strategist/install.go:49.16,51.3 1 4
github.com/SergioLacerda/strategist-skill/cmd/strategist/install.go:52.2,53.16 2 4
github.com/SergioLacerda/strategist-skill/cmd/strategist/install.go:53.16,55.3 1 0
github.com/SergioLacerda/strategist-skill/cmd/strategist/install.go:56.2,59.15 2 4
github.com/SergioLacerda/strategist-skill/cmd/strategist/install.go:59.15,60.20 1 4
github.com/SergioLacerda/strategist-skill/cmd/strategist/install.go:60.20,63.4 2 2
github.com/SergioLacerda/strategist-skill/cmd/strategist/install.go:64.3,64.13 1 4
github.com/SergioLacerda/strategist-skill/cmd/strategist/install.go:67.2,67.16 1 4
github.com/SergioLacerda/strategist-skill/cmd/strategist/install.go:67.16,69.3 1 0
github.com/SergioLacerda/strategist-skill/cmd/strategist/install.go:70.2,73.16 3 4
github.com/SergioLacerda/strategist-skill/cmd/strategist/install.go:73.16,75.3 1 0
github.com/SergioLacerda/strategist-skill/cmd/strategist/install.go:77.2,91.63 3 4
github.com/SergioLacerda/strategist-skill/cmd/strategist/install.go:91.63,93.3 1 2
github.com/SergioLacerda/strategist-skill/cmd/strategist/install.go:95.2,95.16 1 2
github.com/SergioLacerda/strategist-skill/cmd/strategist/install.go:95.16,97.3 1 0
github.com/SergioLacerda/strategist-skill/cmd/strategist/install.go:98.2,100.12 3 2
github.com/SergioLacerda/strategist-skill/cmd/strategist/install.go:103.13,109.2 5 2
github.com/SergioLacerda/strategist-skill/cmd/strategist/main.go:10.13,13.16 3 1
github.com/SergioLacerda/strategist-skill/cmd/strategist/main.go:13.16,15.3 1 0
github.com/SergioLacerda/strategist-skill/cmd/strategist/main.go:15.8,17.3 1 1
github.com/SergioLacerda/strategist-skill/cmd/strategist/main.go:18.2,18.11 1 1
github.com/SergioLacerda/strategist-skill/cmd/strategist/root.go:20.13,21.73 1 2
github.com/SergioLacerda/strategist-skill/cmd/strategist/root.go:21.73,31.3 9 3
github.com/SergioLacerda/strategist-skill/cmd/strategist/root.go:32.2,32.74 1 2
github.com/SergioLacerda/strategist-skill/cmd/strategist/root.go:32.74,35.3 2 3
github.com/SergioLacerda/strategist-skill/cmd/strategist/root.go:36.2,41.32 6 2
github.com/SergioLacerda/strategist-skill/cmd/strategist/root.go:44.16,45.42 1 3
github.com/SergioLacerda/strategist-skill/cmd/strategist/root.go:45.42,47.3 1 1
github.com/SergioLacerda/strategist-skill/cmd/strategist/sync_governance.go:41.74,42.30 1 3
github.com/SergioLacerda/strategist-skill/cmd/strategist/sync_governance.go:42.30,44.3 1 1
github.com/SergioLacerda/strategist-skill/cmd/strategist/sync_governance.go:45.2,45.32 1 3
github.com/SergioLacerda/strategist-skill/cmd/strategist/sync_governance.go:45.32,47.3 1 1
github.com/SergioLacerda/strategist-skill/cmd/strategist/sync_governance.go:49.2,50.16 2 3
github.com/SergioLacerda/strategist-skill/cmd/strategist/sync_governance.go:50.16,52.3 1 3
github.com/SergioLacerda/strategist-skill/cmd/strategist/sync_governance.go:53.2,54.16 2 3
github.com/SergioLacerda/strategist-skill/cmd/strategist/sync_governance.go:54.16,56.3 1 0
github.com/SergioLacerda/strategist-skill/cmd/strategist/sync_governance.go:57.2,58.15 2 3
github.com/SergioLacerda/strategist-skill/cmd/strategist/sync_governance.go:58.15,59.20 1 3
github.com/SergioLacerda/strategist-skill/cmd/strategist/sync_governance.go:59.20,62.4 2 2
github.com/SergioLacerda/strategist-skill/cmd/strategist/sync_governance.go:63.3,63.13 1 3
github.com/SergioLacerda/strategist-skill/cmd/strategist/sync_governance.go:66.2,67.16 2 3
github.com/SergioLacerda/strategist-skill/cmd/strategist/sync_governance.go:67.16,69.3 1 2
github.com/SergioLacerda/strategist-skill/cmd/strategist/sync_governance.go:71.2,75.16 2 1
github.com/SergioLacerda/strategist-skill/cmd/strategist/sync_governance.go:75.16,77.3 1 0
github.com/SergioLacerda/strategist-skill/cmd/strategist/sync_governance.go:78.2,85.12 3 1
github.com/SergioLacerda/strategist-skill/cmd/strategist/sync_governance.go:115.83,119.16 3 9
github.com/SergioLacerda/strategist-skill/cmd/strategist/sync_governance.go:119.16,121.3 1 3
github.com/SergioLacerda/strategist-skill/cmd/strategist/sync_governance.go:122.2,127.16 5 6
github.com/SergioLacerda/strategist-skill/cmd/strategist/sync_governance.go:127.16,129.3 1 1
github.com/SergioLacerda/strategist-skill/cmd/strategist/sync_governance.go:131.2,134.24 3 5
github.com/SergioLacerda/strategist-skill/cmd/strategist/sync_governance.go:134.24,136.17 2 2
github.com/SergioLacerda/strategist-skill/cmd/strategist/sync_governance.go:136.17,138.4 1 0
github.com/SergioLacerda/strategist-skill/cmd/strategist/sync_governance.go:139.3,139.61 1 2
github.com/SergioLacerda/strategist-skill/cmd/strategist/sync_governance.go:139.61,141.4 1 1
github.com/SergioLacerda/strategist-skill/cmd/strategist/sync_governance.go:144.2,144.20 1 4
github.com/SergioLacerda/strategist-skill/cmd/strategist/sync_governance.go:147.93,150.16 3 16
github.com/SergioLacerda/strategist-skill/cmd/strategist/sync_governance.go:150.16,151.25 1 5
github.com/SergioLacerda/strategist-skill/cmd/strategist/sync_governance.go:151.25,153.4 1 4
github.com/SergioLacerda/strategist-skill/cmd/strategist/sync_governance.go:154.3,154.55 1 1
github.com/SergioLacerda/strategist-skill/cmd/strategist/sync_governance.go:156.2,157.55 2 11
github.com/SergioLacerda/strategist-skill/cmd/strategist/sync_governance.go:157.55,159.3 1 1
github.com/SergioLacerda/strategist-skill/cmd/strategist/sync_governance.go:160.2,161.14 2 10
github.com/SergioLacerda/strategist-skill/cmd/strategist/sync_governance.go:161.14,163.3 1 1
github.com/SergioLacerda/strategist-skill/cmd/strategist/sync_governance.go:165.2,167.16 3 10
github.com/SergioLacerda/strategist-skill/cmd/strategist/sync_governance.go:167.16,169.3 1 1
github.com/SergioLacerda/strategist-skill/cmd/strategist/sync_governance.go:170.2,171.55 2 9
github.com/SergioLacerda/strategist-skill/cmd/strategist/sync_governance.go:171.55,173.3 1 1
github.com/SergioLacerda/strategist-skill/cmd/strategist/sync_governance.go:174.2,174.34 1 8
github.com/SergioLacerda/strategist-skill/cmd/strategist/sync_governance.go:174.34,175.58 1 8
github.com/SergioLacerda/strategist-skill/cmd/strategist/sync_governance.go:175.58,177.4 1 8
github.com/SergioLacerda/strategist-skill/cmd/strategist/sync_governance.go:179.2,179.32 1 8
github.com/SergioLacerda/strategist-skill/cmd/strategist/sync_governance.go:182.58,184.16 2 9
github.com/SergioLacerda/strategist-skill/cmd/strategist/sync_governance.go:184.16,186.3 1 2
github.com/SergioLacerda/strategist-skill/cmd/strategist/sync_governance.go:187.2,188.57 2 7
github.com/SergioLacerda/strategist-skill/cmd/strategist/sync_governance.go:188.57,190.3 1 1
github.com/SergioLacerda/strategist-skill/cmd/strategist/sync_governance.go:191.2,191.19 1 6
github.com/SergioLacerda/strategist-skill/cmd/strategist/sync_governance.go:194.70,196.65 2 8
github.com/SergioLacerda/strategist-skill/cmd/strategist/sync_governance.go:196.65,199.3 2 6
github.com/SergioLacerda/strategist-skill/cmd/strategist/sync_governance.go:200.2,200.64 1 8
github.com/SergioLacerda/strategist-skill/cmd/strategist/sync_governance.go:200.64,203.3 2 1
github.com/SergioLacerda/strategist-skill/cmd/strategist/sync_governance.go:204.2,204.42 1 8
github.com/SergioLacerda/strategist-skill/cmd/strategist/sync_governance.go:204.42,205.18 1 12
github.com/SergioLacerda/strategist-skill/cmd/strategist/sync_governance.go:205.18,207.4 1 5
github.com/SergioLacerda/strategist-skill/cmd/strategist/sync_governance.go:211.82,220.29 2 8
github.com/SergioLacerda/strategist-skill/cmd/strategist/sync_governance.go:220.29,221.33 1 24
github.com/SergioLacerda/strategist-skill/cmd/strategist/sync_governance.go:221.33,225.4 3 14
github.com/SergioLacerda/strategist-skill/cmd/strategist/sync_governance.go:227.2,227.16 1 8
github.com/SergioLacerda/strategist-skill/cmd/strategist/sync_governance.go:230.41,231.16 1 17
github.com/SergioLacerda/strategist-skill/cmd/strategist/sync_governance.go:231.16,233.3 1 0
github.com/SergioLacerda/strategist-skill/cmd/strategist/sync_governance.go:236.63,243.32 5 5
github.com/SergioLacerda/strategist-skill/cmd/strategist/sync_governance.go:243.32,246.39 3 1
github.com/SergioLacerda/strategist-skill/cmd/strategist/sync_governance.go:246.39,249.4 2 1
github.com/SergioLacerda/strategist-skill/cmd/strategist/sync_governance.go:250.3,250.16 1 1
github.com/SergioLacerda/strategist-skill/cmd/strategist/sync_governance.go:253.2,254.31 2 5
github.com/SergioLacerda/strategist-skill/cmd/strategist/sync_governance.go:254.31,257.3 2 3
github.com/SergioLacerda/strategist-skill/cmd/strategist/sync_governance.go:259.2,259.14 1 2
github.com/SergioLacerda/strategist-skill/cmd/strategist/sync_governance.go:259.14,261.3 1 1
github.com/SergioLacerda/strategist-skill/cmd/strategist/sync_governance.go:261.8,263.3 1 1
github.com/SergioLacerda/strategist-skill/cmd/strategist/sync_governance.go:267.61,269.25 2 21
github.com/SergioLacerda/strategist-skill/cmd/strategist/sync_governance.go:269.25,271.10 2 40
github.com/SergioLacerda/strategist-skill/cmd/strategist/sync_governance.go:271.10,273.4 1 9
github.com/SergioLacerda/strategist-skill/cmd/strategist/sync_governance.go:274.3,274.14 1 31
github.com/SergioLacerda/strategist-skill/cmd/strategist/sync_governance.go:276.2,277.9 2 12
github.com/SergioLacerda/strategist-skill/cmd/strategist/sync_governance.go:277.9,279.3 1 6
github.com/SergioLacerda/strategist-skill/cmd/strategist/sync_governance.go:280.2,281.24 2 6
github.com/SergioLacerda/strategist-skill/cmd/strategist/sync_governance.go:281.24,282.30 1 9
github.com/SergioLacerda/strategist-skill/cmd/strategist/sync_governance.go:282.30,284.4 1 9
github.com/SergioLacerda/strategist-skill/cmd/strategist/sync_governance.go:286.2,286.12 1 6
github.com/SergioLacerda/strategist-skill/cmd/strategist/sync_governance.go:289.13,293.2 3 2
github.com/SergioLacerda/strategist-skill/cmd/strategist/validate.go:27.51,28.25 1 13
github.com/SergioLacerda/strategist-skill/cmd/strategist/validate.go:28.25,30.4 1 1
github.com/SergioLacerda/strategist-skill/cmd/strategist/validate.go:31.3,32.17 2 13
github.com/SergioLacerda/strategist-skill/cmd/strategist/validate.go:32.17,34.4 1 13
github.com/SergioLacerda/strategist-skill/cmd/strategist/validate.go:35.3,36.17 2 13
github.com/SergioLacerda/strategist-skill/cmd/strategist/validate.go:36.17,38.4 1 0
github.com/SergioLacerda/strategist-skill/cmd/strategist/validate.go:40.3,46.23 5 13
github.com/SergioLacerda/strategist-skill/cmd/strategist/validate.go:46.23,48.4 1 6
github.com/SergioLacerda/strategist-skill/cmd/strategist/validate.go:51.3,62.44 8 13
github.com/SergioLacerda/strategist-skill/cmd/strategist/validate.go:62.44,64.55 2 2
github.com/SergioLacerda/strategist-skill/cmd/strategist/validate.go:64.55,66.5 1 1
github.com/SergioLacerda/strategist-skill/cmd/strategist/validate.go:69.3,69.20 1 13
github.com/SergioLacerda/strategist-skill/cmd/strategist/validate.go:69.20,70.27 1 11
github.com/SergioLacerda/strategist-skill/cmd/strategist/validate.go:70.27,72.5 1 16
github.com/SergioLacerda/strategist-skill/cmd/strategist/validate.go:73.4,73.77 1 11
github.com/SergioLacerda/strategist-skill/cmd/strategist/validate.go:76.3,76.17 1 2
github.com/SergioLacerda/strategist-skill/cmd/strategist/validate.go:76.17,78.4 1 0
github.com/SergioLacerda/strategist-skill/cmd/strategist/validate.go:79.3,80.13 2 2
github.com/SergioLacerda/strategist-skill/cmd/strategist/validate.go:84.44,86.16 2 13
github.com/SergioLacerda/strategist-skill/cmd/strategist/validate.go:86.16,87.25 1 3
github.com/SergioLacerda/strategist-skill/cmd/strategist/validate.go:87.25,89.4 1 3
github.com/SergioLacerda/strategist-skill/cmd/strategist/validate.go:90.3,90.37 1 0
github.com/SergioLacerda/strategist-skill/cmd/strategist/validate.go:93.2,94.50 2 10
github.com/SergioLacerda/strategist-skill/cmd/strategist/validate.go:94.50,96.3 1 1
github.com/SergioLacerda/strategist-skill/cmd/strategist/validate.go:98.2,98.57 1 9
github.com/SergioLacerda/strategist-skill/cmd/strategist/validate.go:98.57,99.31 1 18
github.com/SergioLacerda/strategist-skill/cmd/strategist/validate.go:99.31,101.4 1 1
github.com/SergioLacerda/strategist-skill/cmd/strategist/validate.go:104.2,104.42 1 8
github.com/SergioLacerda/strategist-skill/cmd/strategist/validate.go:104.42,105.44 1 8
github.com/SergioLacerda/strategist-skill/cmd/strategist/validate.go:105.44,107.4 1 1
github.com/SergioLacerda/strategist-skill/cmd/strategist/validate.go:110.2,110.12 1 7
github.com/SergioLacerda/strategist-skill/cmd/strategist/validate.go:113.66,115.16 2 13
github.com/SergioLacerda/strategist-skill/cmd/strategist/validate.go:115.16,117.3 1 2
github.com/SergioLacerda/strategist-skill/cmd/strategist/validate.go:119.2,119.28 1 11
github.com/SergioLacerda/strategist-skill/cmd/strategist/validate.go:119.28,120.57 1 11
github.com/SergioLacerda/strategist-skill/cmd/strategist/validate.go:120.57,121.12 1 0
github.com/SergioLacerda/strategist-skill/cmd/strategist/validate.go:123.3,126.17 4 11
github.com/SergioLacerda/strategist-skill/cmd/strategist/validate.go:126.17,128.12 2 0
github.com/SergioLacerda/strategist-skill/cmd/strategist/validate.go:130.3,131.49 2 11
github.com/SergioLacerda/strategist-skill/cmd/strategist/validate.go:131.49,133.12 2 1
github.com/SergioLacerda/strategist-skill/cmd/strategist/validate.go:135.3,135.68 1 10
github.com/SergioLacerda/strategist-skill/cmd/strategist/validate.go:135.68,136.30 1 20
github.com/SergioLacerda/strategist-skill/cmd/strategist/validate.go:136.30,138.5 1 1
github.com/SergioLacerda/strategist-skill/cmd/strategist/validate.go:141.2,141.21 1 11
github.com/SergioLacerda/strategist-skill/cmd/strategist/validate.go:144.63,146.16 2 13
github.com/SergioLacerda/strategist-skill/cmd/strategist/validate.go:146.16,148.3 1 2
github.com/SergioLacerda/strategist-skill/cmd/strategist/validate.go:150.2,150.28 1 11
github.com/SergioLacerda/strategist-skill/cmd/strategist/validate.go:150.28,151.57 1 10
github.com/SergioLacerda/strategist-skill/cmd/strategist/validate.go:151.57,152.12 1 0
github.com/SergioLacerda/strategist-skill/cmd/strategist/validate.go:154.3,157.17 4 10
github.com/SergioLacerda/strategist-skill/cmd/strategist/validate.go:157.17,159.12 2 0
github.com/SergioLacerda/strategist-skill/cmd/strategist/validate.go:161.3,162.49 2 10
github.com/SergioLacerda/strategist-skill/cmd/strategist/validate.go:162.49,164.12 2 1
github.com/SergioLacerda/strategist-skill/cmd/strategist/validate.go:166.3,166.73 1 9
github.com/SergioLacerda/strategist-skill/cmd/strategist/validate.go:166.73,167.29 1 27
github.com/SergioLacerda/strategist-skill/cmd/strategist/validate.go:167.29,169.5 1 2
github.com/SergioLacerda/strategist-skill/cmd/strategist/validate.go:172.2,172.21 1 11
github.com/SergioLacerda/strategist-skill/cmd/strategist/validate.go:175.42,177.16 2 2
github.com/SergioLacerda/strategist-skill/cmd/strategist/validate.go:177.16,179.3 1 0
github.com/SergioLacerda/strategist-skill/cmd/strategist/validate.go:180.2,181.48 2 2
github.com/SergioLacerda/strategist-skill/cmd/strategist/validate.go:181.48,183.3 1 1
github.com/SergioLacerda/strategist-skill/cmd/strategist/validate.go:184.2,184.12 1 1
github.com/SergioLacerda/strategist-skill/cmd/strategist/validate.go:187.13,189.2 1 2
github.com/SergioLacerda/strategist-skill/cmd/strategist/version.go:15.42,17.3 1 4
