mode: atomic
github.com/SergioLacerda/strategist-skill/cmd/strategist/check_stale.go:25.61,29.16 3 2
github.com/SergioLacerda/strategist-skill/cmd/strategist/check_stale.go:29.16,31.3 1 2
github.com/SergioLacerda/strategist-skill/cmd/strategist/check_stale.go:32.2,33.16 2 2
github.com/SergioLacerda/strategist-skill/cmd/strategist/check_stale.go:33.16,36.3 2 0
github.com/SergioLacerda/strategist-skill/cmd/strategist/check_stale.go:37.2,48.16 3 2
github.com/SergioLacerda/strategist-skill/cmd/strategist/check_stale.go:48.16,53.3 4 1
github.com/SergioLacerda/strategist-skill/cmd/strategist/check_stale.go:55.2,65.13 4 1
github.com/SergioLacerda/strategist-skill/cmd/strategist/check_stale.go:65.13,67.3 1 0
github.com/SergioLacerda/strategist-skill/cmd/strategist/check_stale.go:68.2,68.12 1 1
github.com/SergioLacerda/strategist-skill/cmd/strategist/compile.go:27.64,28.23 1 3
github.com/SergioLacerda/strategist-skill/cmd/strategist/compile.go:28.23,30.3 1 1
github.com/SergioLacerda/strategist-skill/cmd/strategist/compile.go:32.2,33.16 2 3
github.com/SergioLacerda/strategist-skill/cmd/strategist/compile.go:33.16,35.3 1 3
github.com/SergioLacerda/strategist-skill/cmd/strategist/compile.go:36.2,37.16 2 3
github.com/SergioLacerda/strategist-skill/cmd/strategist/compile.go:37.16,39.3 1 0
github.com/SergioLacerda/strategist-skill/cmd/strategist/compile.go:40.2,48.15 2 3
github.com/SergioLacerda/strategist-skill/cmd/strategist/compile.go:48.15,49.20 1 3
github.com/SergioLacerda/strategist-skill/cmd/strategist/compile.go:49.20,52.4 2 1
github.com/SergioLacerda/strategist-skill/cmd/strategist/compile.go:53.3,53.13 1 3
github.com/SergioLacerda/strategist-skill/cmd/strategist/compile.go:56.2,56.16 1 3
github.com/SergioLacerda/strategist-skill/cmd/strategist/compile.go:56.16,58.3 1 0
github.com/SergioLacerda/strategist-skill/cmd/strategist/compile.go:59.2,68.100 4 3
github.com/SergioLacerda/strategist-skill/cmd/strategist/compile.go:68.100,69.62 1 3
github.com/SergioLacerda/strategist-skill/cmd/strategist/compile.go:69.62,71.4 1 1
github.com/SergioLacerda/strategist-skill/cmd/strategist/compile.go:72.3,73.13 2 2
github.com/SergioLacerda/strategist-skill/cmd/strategist/compile.go:75.2,75.23 1 3
github.com/SergioLacerda/strategist-skill/cmd/strategist/compile.go:75.23,77.3 1 1
github.com/SergioLacerda/strategist-skill/cmd/strategist/compile.go:79.2,79.16 1 2
github.com/SergioLacerda/strategist-skill/cmd/strategist/compile.go:79.16,81.3 1 0
github.com/SergioLacerda/strategist-skill/cmd/strategist/compile.go:82.2,89.12 3 2
github.com/SergioLacerda/strategist-skill/cmd/strategist/compile.go:92.13,94.2 1 2
github.com/SergioLacerda/strategist-skill/cmd/strategist/dojo.go:45.58,49.16 3 6
github.com/SergioLacerda/strategist-skill/cmd/strategist/dojo.go:49.16,51.3 1 2
github.com/SergioLacerda/strategist-skill/cmd/strategist/dojo.go:53.2,55.16 3 4
github.com/SergioLacerda/strategist-skill/cmd/strategist/dojo.go:55.16,57.3 1 1
github.com/SergioLacerda/strategist-skill/cmd/strategist/dojo.go:59.2,62.48 3 3
github.com/SergioLacerda/strategist-skill/cmd/strategist/dojo.go:62.48,64.3 1 0
github.com/SergioLacerda/strategist-skill/cmd/strategist/dojo.go:65.2,65.22 1 3
github.com/SergioLacerda/strategist-skill/cmd/strategist/dojo.go:65.22,67.3 1 1
github.com/SergioLacerda/strategist-skill/cmd/strategist/dojo.go:68.2,68.12 1 2
github.com/SergioLacerda/strategist-skill/cmd/strategist/dojo.go:71.54,73.16 2 4
github.com/SergioLacerda/strategist-skill/cmd/strategist/dojo.go:73.16,75.3 1 1
github.com/SergioLacerda/strategist-skill/cmd/strategist/dojo.go:77.2,79.16 3 3
github.com/SergioLacerda/strategist-skill/cmd/strategist/dojo.go:79.16,81.3 1 1
github.com/SergioLacerda/strategist-skill/cmd/strategist/dojo.go:83.2,84.28 2 2
github.com/SergioLacerda/strategist-skill/cmd/strategist/dojo.go:84.28,85.44 1 2
github.com/SergioLacerda/strategist-skill/cmd/strategist/dojo.go:85.44,86.12 1 0
github.com/SergioLacerda/strategist-skill/cmd/strategist/dojo.go:88.3,90.56 3 2
github.com/SergioLacerda/strategist-skill/cmd/strategist/dojo.go:90.56,92.38 2 2
github.com/SergioLacerda/strategist-skill/cmd/strategist/dojo.go:92.38,94.5 1 2
github.com/SergioLacerda/strategist-skill/cmd/strategist/dojo.go:96.3,96.78 1 2
github.com/SergioLacerda/strategist-skill/cmd/strategist/dojo.go:96.78,98.4 1 0
github.com/SergioLacerda/strategist-skill/cmd/strategist/dojo.go:100.2,100.34 1 2
github.com/SergioLacerda/strategist-skill/cmd/strategist/dojo.go:100.34,102.3 1 0
github.com/SergioLacerda/strategist-skill/cmd/strategist/dojo.go:103.2,103.12 1 2
github.com/SergioLacerda/strategist-skill/cmd/strategist/dojo.go:106.81,108.26 2 10
github.com/SergioLacerda/strategist-skill/cmd/strategist/dojo.go:108.26,110.3 1 0
github.com/SergioLacerda/strategist-skill/cmd/strategist/dojo.go:112.2,113.16 2 10
github.com/SergioLacerda/strategist-skill/cmd/strategist/dojo.go:113.16,115.3 1 2
github.com/SergioLacerda/strategist-skill/cmd/strategist/dojo.go:116.2,117.50 2 8
github.com/SergioLacerda/strategist-skill/cmd/strategist/dojo.go:117.50,119.3 1 0
github.com/SergioLacerda/strategist-skill/cmd/strategist/dojo.go:120.2,120.24 1 8
github.com/SergioLacerda/strategist-skill/cmd/strategist/dojo.go:120.24,122.3 1 1
github.com/SergioLacerda/strategist-skill/cmd/strategist/dojo.go:123.2,124.31 2 7
github.com/SergioLacerda/strategist-skill/cmd/strategist/dojo.go:124.31,126.3 1 7
github.com/SergioLacerda/strategist-skill/cmd/strategist/dojo.go:127.2,127.38 1 7
github.com/SergioLacerda/strategist-skill/cmd/strategist/dojo.go:130.53,131.17 1 4
github.com/SergioLacerda/strategist-skill/cmd/strategist/dojo.go:131.17,133.3 1 3
github.com/SergioLacerda/strategist-skill/cmd/strategist/dojo.go:134.2,135.18 2 1
github.com/SergioLacerda/strategist-skill/cmd/strategist/dojo.go:135.18,137.3 1 0
github.com/SergioLacerda/strategist-skill/cmd/strategist/dojo.go:138.2,138.64 1 1
github.com/SergioLacerda/strategist-skill/cmd/strategist/dojo.go:141.60,142.21 1 3
github.com/SergioLacerda/strategist-skill/cmd/strategist/dojo.go:142.21,144.3 1 2
github.com/SergioLacerda/strategist-skill/cmd/strategist/dojo.go:145.2,145.102 1 1
github.com/SergioLacerda/strategist-skill/cmd/strategist/dojo.go:148.59,154.36 3 3
github.com/SergioLacerda/strategist-skill/cmd/strategist/dojo.go:154.36,156.3 1 4
github.com/SergioLacerda/strategist-skill/cmd/strategist/dojo.go:157.2,158.29 2 3
github.com/SergioLacerda/strategist-skill/cmd/strategist/dojo.go:158.29,159.48 1 16
github.com/SergioLacerda/strategist-skill/cmd/strategist/dojo.go:159.48,161.4 1 0
github.com/SergioLacerda/strategist-skill/cmd/strategist/dojo.go:163.2,163.34 1 3
github.com/SergioLacerda/strategist-skill/cmd/strategist/dojo.go:163.34,165.3 1 0
github.com/SergioLacerda/strategist-skill/cmd/strategist/dojo.go:166.2,166.12 1 3
github.com/SergioLacerda/strategist-skill/cmd/strategist/dojo.go:169.13,176.2 6 2
github.com/SergioLacerda/strategist-skill/cmd/strategist/initiative.go:29.56,30.26 1 4
github.com/SergioLacerda/strategist-skill/cmd/strategist/initiative.go:30.26,32.3 1 1
github.com/SergioLacerda/strategist-skill/cmd/strategist/initiative.go:34.2,35.16 2 4
github.com/SergioLacerda/strategist-skill/cmd/strategist/initiative.go:35.16,37.3 1 2
github.com/SergioLacerda/strategist-skill/cmd/strategist/initiative.go:39.2,40.50 2 2
github.com/SergioLacerda/strategist-skill/cmd/strategist/initiative.go:40.50,42.3 1 0
github.com/SergioLacerda/strategist-skill/cmd/strategist/initiative.go:44.2,45.72 2 2
github.com/SergioLacerda/strategist-skill/cmd/strategist/initiative.go:45.72,48.105 3 6
github.com/SergioLacerda/strategist-skill/cmd/strategist/initiative.go:48.105,50.4 1 0
github.com/SergioLacerda/strategist-skill/cmd/strategist/initiative.go:52.2,52.34 1 2
github.com/SergioLacerda/strategist-skill/cmd/strategist/initiative.go:52.34,54.3 1 0
github.com/SergioLacerda/strategist-skill/cmd/strategist/initiative.go:55.2,55.12 1 2
github.com/SergioLacerda/strategist-skill/cmd/strategist/initiative.go:58.42,59.14 1 10
github.com/SergioLacerda/strategist-skill/cmd/strategist/initiative.go:60.19,61.18 1 3
github.com/SergioLacerda/strategist-skill/cmd/strategist/initiative.go:62.20,63.21 1 3
github.com/SergioLacerda/strategist-skill/cmd/strategist/initiative.go:64.19,65.18 1 3
github.com/SergioLacerda/strategist-skill/cmd/strategist/initiative.go:66.10,67.46 1 1
github.com/SergioLacerda/strategist-skill/cmd/strategist/initiative.go:71.44,72.30 1 8
github.com/SergioLacerda/strategist-skill/cmd/strategist/initiative.go:73.16,74.18 1 3
github.com/SergioLacerda/strategist-skill/cmd/strategist/initiative.go:75.19,76.21 1 2
github.com/SergioLacerda/strategist-skill/cmd/strategist/initiative.go:77.16,78.18 1 1
github.com/SergioLacerda/strategist-skill/cmd/strategist/initiative.go:79.10,80.20 1 2
github.com/SergioLacerda/strategist-skill/cmd/strategist/initiative.go:80.20,82.4 1 1
github.com/SergioLacerda/strategist-skill/cmd/strategist/initiative.go:83.3,83.44 1 1
github.com/SergioLacerda/strategist-skill/cmd/strategist/initiative.go:88.95,93.22 4 10
github.com/SergioLacerda/strategist-skill/cmd/strategist/initiative.go:93.22,95.3 1 0
github.com/SergioLacerda/strategist-skill/cmd/strategist/initiative.go:97.2,98.16 2 10
github.com/SergioLacerda/strategist-skill/cmd/strategist/initiative.go:98.16,100.3 1 9
github.com/SergioLacerda/strategist-skill/cmd/strategist/initiative.go:102.2,103.37 2 1
github.com/SergioLacerda/strategist-skill/cmd/strategist/initiative.go:103.37,105.3 1 0
github.com/SergioLacerda/strategist-skill/cmd/strategist/initiative.go:107.2,107.60 1 1
github.com/SergioLacerda/strategist-skill/cmd/strategist/initiative.go:107.60,109.3 1 1
github.com/SergioLacerda/strategist-skill/cmd/strategist/initiative.go:110.2,110.91 1 1
github.com/SergioLacerda/strategist-skill/cmd/strategist/initiative.go:110.91,112.3 1 1
github.com/SergioLacerda/strategist-skill/cmd/strategist/initiative.go:113.2,114.8 2 1
github.com/SergioLacerda/strategist-skill/cmd/strategist/initiative.go:117.13,120.2 2 2
github.com/SergioLacerda/strategist-skill/cmd/strategist/install.go:36.64,37.19 1 4
github.com/SergioLacerda/strategist-skill/cmd/strategist/install.go:37.19,38.26 1 1
github.com/SergioLacerda/strategist-skill/cmd/strategist/install.go:38.26,40.18 2 1
github.com/SergioLacerda/strategist-skill/cmd/strategist/install.go:40.18,42.5 1 0
github.com/SergioLacerda/strategist-skill/cmd/strategist/install.go:43.4,43.24 1 1
github.com/SergioLacerda/strategist-skill/cmd/strategist/install.go:45.8,45.32 1 3
github.com/SergioLacerda/strategist-skill/cmd/strategist/install.go:45.32,47.3 1 1
github.com/SergioLacerda/strategist-skill/cmd/strategist/install.go:49.2,50.16 2 4
github.com/SergioLacerda/strategist-skill/cmd/strategist/install.go:50.16,52.3 1 4
github.com/SergioLacerda/strategist-skill/cmd/strategist/install.go:53.2,54.16 2 4
github.com/SergioLacerda/strategist-skill/cmd/strategist/install.go:54.16,56.3 1 0
github.com/SergioLacerda/strategist-skill/cmd/strategist/install.go:57.2,65.15 2 4
github.com/SergioLacerda/strategist-skill/cmd/strategist/install.go:65.15,66.20 1 4
github.com/SergioLacerda/strategist-skill/cmd/strategist/install.go:66.20,69.4 2 2
github.com/SergioLacerda/strategist-skill/cmd/strategist/install.go:70.3,70.13 1 4
github.com/SergioLacerda/strategist-skill/cmd/strategist/install.go:73.2,73.16 1 4
github.com/SergioLacerda/strategist-skill/cmd/strategist/install.go:73.16,75.3 1 0
github.com/SergioLacerda/strategist-skill/cmd/strategist/install.go:76.2,84.16 3 4
github.com/SergioLacerda/strategist-skill/cmd/strategist/install.go:84.16,86.3 1 0
github.com/SergioLacerda/strategist-skill/cmd/strategist/install.go:88.2,102.92 3 4
github.com/SergioLacerda/strategist-skill/cmd/strategist/install.go:102.92,103.42 1 4
github.com/SergioLacerda/strategist-skill/cmd/strategist/install.go:103.42,103.63 1 8
github.com/SergioLacerda/strategist-skill/cmd/strategist/install.go:104.3,104.31 1 4
github.com/SergioLacerda/strategist-skill/cmd/strategist/install.go:106.2,106.23 1 4
github.com/SergioLacerda/strategist-skill/cmd/strategist/install.go:106.23,108.3 1 2
github.com/SergioLacerda/strategist-skill/cmd/strategist/install.go:110.2,110.16 1 2
github.com/SergioLacerda/strategist-skill/cmd/strategist/install.go:110.16,112.3 1 0
github.com/SergioLacerda/strategist-skill/cmd/strategist/install.go:113.2,120.12 3 2
github.com/SergioLacerda/strategist-skill/cmd/strategist/install.go:123.13,129.2 5 2
github.com/SergioLacerda/strategist-skill/cmd/strategist/main.go:10.13,13.16 3 1
github.com/SergioLacerda/strategist-skill/cmd/strategist/main.go:13.16,20.3 1 0
github.com/SergioLacerda/strategist-skill/cmd/strategist/main.go:20.8,22.3 1 1
github.com/SergioLacerda/strategist-skill/cmd/strategist/main.go:23.2,23.11 1 1
github.com/SergioLacerda/strategist-skill/cmd/strategist/root.go:24.13,25.73 1 2
github.com/SergioLacerda/strategist-skill/cmd/strategist/root.go:25.73,40.123 10 3
github.com/SergioLacerda/strategist-skill/cmd/strategist/root.go:40.123,44.4 1 0
github.com/SergioLacerda/strategist-skill/cmd/strategist/root.go:45.3,45.13 1 3
github.com/SergioLacerda/strategist-skill/cmd/strategist/root.go:47.2,47.74 1 2
github.com/SergioLacerda/strategist-skill/cmd/strategist/root.go:47.74,50.3 2 3
github.com/SergioLacerda/strategist-skill/cmd/strategist/root.go:51.2,56.32 6 2
github.com/SergioLacerda/strategist-skill/cmd/strategist/root.go:59.16,60.42 1 3
github.com/SergioLacerda/strategist-skill/cmd/strategist/root.go:60.42,62.3 1 1
github.com/SergioLacerda/strategist-skill/cmd/strategist/root.go:72.33,73.9 1 1
github.com/SergioLacerda/strategist-skill/cmd/strategist/root.go:74.56,75.11 1 0
github.com/SergioLacerda/strategist-skill/cmd/strategist/root.go:76.130,77.11 1 0
github.com/SergioLacerda/strategist-skill/cmd/strategist/root.go:78.10,79.11 1 1
github.com/SergioLacerda/strategist-skill/cmd/strategist/sync_governance.go:41.74,42.30 1 3
github.com/SergioLacerda/strategist-skill/cmd/strategist/sync_governance.go:42.30,44.3 1 1
github.com/SergioLacerda/strategist-skill/cmd/strategist/sync_governance.go:45.2,45.32 1 3
github.com/SergioLacerda/strategist-skill/cmd/strategist/sync_governance.go:45.32,47.3 1 1
github.com/SergioLacerda/strategist-skill/cmd/strategist/sync_governance.go:49.2,50.16 2 3
github.com/SergioLacerda/strategist-skill/cmd/strategist/sync_governance.go:50.16,52.3 1 3
github.com/SergioLacerda/strategist-skill/cmd/strategist/sync_governance.go:53.2,54.16 2 3
github.com/SergioLacerda/strategist-skill/cmd/strategist/sync_governance.go:54.16,56.3 1 0
github.com/SergioLacerda/strategist-skill/cmd/strategist/sync_governance.go:57.2,58.15 2 3
github.com/SergioLacerda/strategist-skill/cmd/strategist/sync_governance.go:58.15,59.20 1 3
github.com/SergioLacerda/strategist-skill/cmd/strategist/sync_governance.go:59.20,62.4 2 2
github.com/SergioLacerda/strategist-skill/cmd/strategist/sync_governance.go:63.3,63.13 1 3
github.com/SergioLacerda/strategist-skill/cmd/strategist/sync_governance.go:66.2,67.16 2 3
github.com/SergioLacerda/strategist-skill/cmd/strategist/sync_governance.go:67.16,69.3 1 2
github.com/SergioLacerda/strategist-skill/cmd/strategist/sync_governance.go:71.2,79.16 2 1
github.com/SergioLacerda/strategist-skill/cmd/strategist/sync_governance.go:79.16,81.3 1 0
github.com/SergioLacerda/strategist-skill/cmd/strategist/sync_governance.go:82.2,93.12 3 1
github.com/SergioLacerda/strategist-skill/cmd/strategist/sync_governance.go:123.83,127.16 3 9
github.com/SergioLacerda/strategist-skill/cmd/strategist/sync_governance.go:127.16,129.3 1 3
github.com/SergioLacerda/strategist-skill/cmd/strategist/sync_governance.go:130.2,135.16 5 6
github.com/SergioLacerda/strategist-skill/cmd/strategist/sync_governance.go:135.16,137.3 1 1
github.com/SergioLacerda/strategist-skill/cmd/strategist/sync_governance.go:139.2,142.24 3 5
github.com/SergioLacerda/strategist-skill/cmd/strategist/sync_governance.go:142.24,144.17 2 2
github.com/SergioLacerda/strategist-skill/cmd/strategist/sync_governance.go:144.17,146.4 1 0
github.com/SergioLacerda/strategist-skill/cmd/strategist/sync_governance.go:147.3,147.61 1 2
github.com/SergioLacerda/strategist-skill/cmd/strategist/sync_governance.go:147.61,149.4 1 1
github.com/SergioLacerda/strategist-skill/cmd/strategist/sync_governance.go:152.2,152.20 1 4
github.com/SergioLacerda/strategist-skill/cmd/strategist/sync_governance.go:155.93,158.16 3 16
github.com/SergioLacerda/strategist-skill/cmd/strategist/sync_governance.go:158.16,159.25 1 5
github.com/SergioLacerda/strategist-skill/cmd/strategist/sync_governance.go:159.25,161.4 1 4
github.com/SergioLacerda/strategist-skill/cmd/strategist/sync_governance.go:162.3,162.55 1 1
github.com/SergioLacerda/strategist-skill/cmd/strategist/sync_governance.go:164.2,165.55 2 11
github.com/SergioLacerda/strategist-skill/cmd/strategist/sync_governance.go:165.55,167.3 1 1
github.com/SergioLacerda/strategist-skill/cmd/strategist/sync_governance.go:168.2,169.14 2 10
github.com/SergioLacerda/strategist-skill/cmd/strategist/sync_governance.go:169.14,171.3 1 1
github.com/SergioLacerda/strategist-skill/cmd/strategist/sync_governance.go:173.2,175.16 3 10
github.com/SergioLacerda/strategist-skill/cmd/strategist/sync_governance.go:175.16,177.3 1 1
github.com/SergioLacerda/strategist-skill/cmd/strategist/sync_governance.go:178.2,179.55 2 9
github.com/SergioLacerda/strategist-skill/cmd/strategist/sync_governance.go:179.55,181.3 1 1
github.com/SergioLacerda/strategist-skill/cmd/strategist/sync_governance.go:182.2,182.34 1 8
github.com/SergioLacerda/strategist-skill/cmd/strategist/sync_governance.go:182.34,183.58 1 8
github.com/SergioLacerda/strategist-skill/cmd/strategist/sync_governance.go:183.58,185.4 1 8
github.com/SergioLacerda/strategist-skill/cmd/strategist/sync_governance.go:187.2,187.32 1 8
github.com/SergioLacerda/strategist-skill/cmd/strategist/sync_governance.go:190.58,192.16 2 9
github.com/SergioLacerda/strategist-skill/cmd/strategist/sync_governance.go:192.16,194.3 1 2
github.com/SergioLacerda/strategist-skill/cmd/strategist/sync_governance.go:195.2,196.57 2 7
github.com/SergioLacerda/strategist-skill/cmd/strategist/sync_governance.go:196.57,198.3 1 1
github.com/SergioLacerda/strategist-skill/cmd/strategist/sync_governance.go:199.2,199.19 1 6
github.com/SergioLacerda/strategist-skill/cmd/strategist/sync_governance.go:202.70,204.65 2 8
github.com/SergioLacerda/strategist-skill/cmd/strategist/sync_governance.go:204.65,207.3 2 6
github.com/SergioLacerda/strategist-skill/cmd/strategist/sync_governance.go:208.2,208.64 1 8
github.com/SergioLacerda/strategist-skill/cmd/strategist/sync_governance.go:208.64,211.3 2 1
github.com/SergioLacerda/strategist-skill/cmd/strategist/sync_governance.go:212.2,212.42 1 8
github.com/SergioLacerda/strategist-skill/cmd/strategist/sync_governance.go:212.42,213.18 1 12
github.com/SergioLacerda/strategist-skill/cmd/strategist/sync_governance.go:213.18,215.4 1 5
github.com/SergioLacerda/strategist-skill/cmd/strategist/sync_governance.go:219.82,228.29 2 8
github.com/SergioLacerda/strategist-skill/cmd/strategist/sync_governance.go:228.29,229.33 1 24
github.com/SergioLacerda/strategist-skill/cmd/strategist/sync_governance.go:229.33,233.4 3 14
github.com/SergioLacerda/strategist-skill/cmd/strategist/sync_governance.go:235.2,235.16 1 8
github.com/SergioLacerda/strategist-skill/cmd/strategist/sync_governance.go:238.41,239.16 1 17
github.com/SergioLacerda/strategist-skill/cmd/strategist/sync_governance.go:239.16,241.3 1 0
github.com/SergioLacerda/strategist-skill/cmd/strategist/sync_governance.go:244.63,251.32 5 5
github.com/SergioLacerda/strategist-skill/cmd/strategist/sync_governance.go:251.32,254.39 3 1
github.com/SergioLacerda/strategist-skill/cmd/strategist/sync_governance.go:254.39,257.4 2 1
github.com/SergioLacerda/strategist-skill/cmd/strategist/sync_governance.go:258.3,258.16 1 1
github.com/SergioLacerda/strategist-skill/cmd/strategist/sync_governance.go:261.2,262.31 2 5
github.com/SergioLacerda/strategist-skill/cmd/strategist/sync_governance.go:262.31,265.3 2 3
github.com/SergioLacerda/strategist-skill/cmd/strategist/sync_governance.go:267.2,267.14 1 2
github.com/SergioLacerda/strategist-skill/cmd/strategist/sync_governance.go:267.14,269.3 1 1
github.com/SergioLacerda/strategist-skill/cmd/strategist/sync_governance.go:269.8,271.3 1 1
github.com/SergioLacerda/strategist-skill/cmd/strategist/sync_governance.go:275.61,277.25 2 21
github.com/SergioLacerda/strategist-skill/cmd/strategist/sync_governance.go:277.25,279.10 2 40
github.com/SergioLacerda/strategist-skill/cmd/strategist/sync_governance.go:279.10,281.4 1 9
github.com/SergioLacerda/strategist-skill/cmd/strategist/sync_governance.go:282.3,282.14 1 31
github.com/SergioLacerda/strategist-skill/cmd/strategist/sync_governance.go:284.2,285.9 2 12
github.com/SergioLacerda/strategist-skill/cmd/strategist/sync_governance.go:285.9,287.3 1 6
github.com/SergioLacerda/strategist-skill/cmd/strategist/sync_governance.go:288.2,289.24 2 6
github.com/SergioLacerda/strategist-skill/cmd/strategist/sync_governance.go:289.24,290.30 1 9
github.com/SergioLacerda/strategist-skill/cmd/strategist/sync_governance.go:290.30,292.4 1 9
github.com/SergioLacerda/strategist-skill/cmd/strategist/sync_governance.go:294.2,294.12 1 6
github.com/SergioLacerda/strategist-skill/cmd/strategist/sync_governance.go:297.13,301.2 3 2
github.com/SergioLacerda/strategist-skill/cmd/strategist/validate.go:33.51,34.25 1 14
github.com/SergioLacerda/strategist-skill/cmd/strategist/validate.go:34.25,36.4 1 1
github.com/SergioLacerda/strategist-skill/cmd/strategist/validate.go:37.3,38.17 2 14
github.com/SergioLacerda/strategist-skill/cmd/strategist/validate.go:38.17,40.4 1 14
github.com/SergioLacerda/strategist-skill/cmd/strategist/validate.go:41.3,42.17 2 14
github.com/SergioLacerda/strategist-skill/cmd/strategist/validate.go:42.17,44.4 1 0
github.com/SergioLacerda/strategist-skill/cmd/strategist/validate.go:45.3,61.23 7 14
github.com/SergioLacerda/strategist-skill/cmd/strategist/validate.go:61.23,63.4 1 6
github.com/SergioLacerda/strategist-skill/cmd/strategist/validate.go:66.3,77.44 8 14
github.com/SergioLacerda/strategist-skill/cmd/strategist/validate.go:77.44,79.55 2 2
github.com/SergioLacerda/strategist-skill/cmd/strategist/validate.go:79.55,81.5 1 1
github.com/SergioLacerda/strategist-skill/cmd/strategist/validate.go:84.3,84.20 1 14
github.com/SergioLacerda/strategist-skill/cmd/strategist/validate.go:84.20,87.27 3 11
github.com/SergioLacerda/strategist-skill/cmd/strategist/validate.go:87.27,89.5 1 16
github.com/SergioLacerda/strategist-skill/cmd/strategist/validate.go:90.4,90.77 1 11
github.com/SergioLacerda/strategist-skill/cmd/strategist/validate.go:93.3,93.17 1 3
github.com/SergioLacerda/strategist-skill/cmd/strategist/validate.go:93.17,95.4 1 0
github.com/SergioLacerda/strategist-skill/cmd/strategist/validate.go:96.3,104.13 3 3
github.com/SergioLacerda/strategist-skill/cmd/strategist/validate.go:108.44,110.16 2 14
github.com/SergioLacerda/strategist-skill/cmd/strategist/validate.go:110.16,111.25 1 3
github.com/SergioLacerda/strategist-skill/cmd/strategist/validate.go:111.25,113.4 1 3
github.com/SergioLacerda/strategist-skill/cmd/strategist/validate.go:114.3,114.37 1 0
github.com/SergioLacerda/strategist-skill/cmd/strategist/validate.go:117.2,118.50 2 11
github.com/SergioLacerda/strategist-skill/cmd/strategist/validate.go:118.50,120.3 1 1
github.com/SergioLacerda/strategist-skill/cmd/strategist/validate.go:121.2,121.20 1 10
github.com/SergioLacerda/strategist-skill/cmd/strategist/validate.go:121.20,123.3 1 0
github.com/SergioLacerda/strategist-skill/cmd/strategist/validate.go:124.2,124.27 1 10
github.com/SergioLacerda/strategist-skill/cmd/strategist/validate.go:124.27,126.3 1 1
github.com/SergioLacerda/strategist-skill/cmd/strategist/validate.go:127.2,127.51 1 9
github.com/SergioLacerda/strategist-skill/cmd/strategist/validate.go:127.51,129.3 1 1
github.com/SergioLacerda/strategist-skill/cmd/strategist/validate.go:130.2,130.12 1 8
github.com/SergioLacerda/strategist-skill/cmd/strategist/validate.go:133.66,135.16 2 14
github.com/SergioLacerda/strategist-skill/cmd/strategist/validate.go:135.16,137.3 1 2
github.com/SergioLacerda/strategist-skill/cmd/strategist/validate.go:139.2,139.28 1 12
github.com/SergioLacerda/strategist-skill/cmd/strategist/validate.go:139.28,140.57 1 12
github.com/SergioLacerda/strategist-skill/cmd/strategist/validate.go:140.57,141.12 1 0
github.com/SergioLacerda/strategist-skill/cmd/strategist/validate.go:143.3,146.17 4 12
github.com/SergioLacerda/strategist-skill/cmd/strategist/validate.go:146.17,148.12 2 0
github.com/SergioLacerda/strategist-skill/cmd/strategist/validate.go:150.3,151.49 2 12
github.com/SergioLacerda/strategist-skill/cmd/strategist/validate.go:151.49,153.12 2 1
github.com/SergioLacerda/strategist-skill/cmd/strategist/validate.go:155.3,155.28 1 11
github.com/SergioLacerda/strategist-skill/cmd/strategist/validate.go:155.28,157.4 1 0
github.com/SergioLacerda/strategist-skill/cmd/strategist/validate.go:158.3,158.103 1 11
github.com/SergioLacerda/strategist-skill/cmd/strategist/validate.go:158.103,160.4 1 1
github.com/SergioLacerda/strategist-skill/cmd/strategist/validate.go:162.2,162.21 1 12
github.com/SergioLacerda/strategist-skill/cmd/strategist/validate.go:165.63,167.16 2 14
github.com/SergioLacerda/strategist-skill/cmd/strategist/validate.go:167.16,169.3 1 2
github.com/SergioLacerda/strategist-skill/cmd/strategist/validate.go:171.2,171.28 1 12
github.com/SergioLacerda/strategist-skill/cmd/strategist/validate.go:171.28,172.57 1 11
github.com/SergioLacerda/strategist-skill/cmd/strategist/validate.go:172.57,173.12 1 0
github.com/SergioLacerda/strategist-skill/cmd/strategist/validate.go:175.3,176.58 2 11
github.com/SergioLacerda/strategist-skill/cmd/strategist/validate.go:178.2,178.21 1 12
github.com/SergioLacerda/strategist-skill/cmd/strategist/validate.go:181.57,184.16 3 11
github.com/SergioLacerda/strategist-skill/cmd/strategist/validate.go:184.16,186.3 1 0
github.com/SergioLacerda/strategist-skill/cmd/strategist/validate.go:188.2,189.51 2 11
github.com/SergioLacerda/strategist-skill/cmd/strategist/validate.go:189.51,191.3 1 1
github.com/SergioLacerda/strategist-skill/cmd/strategist/validate.go:193.2,193.45 1 10
github.com/SergioLacerda/strategist-skill/cmd/strategist/validate.go:193.45,195.3 1 0
github.com/SergioLacerda/strategist-skill/cmd/strategist/validate.go:197.2,197.72 1 10
github.com/SergioLacerda/strategist-skill/cmd/strategist/validate.go:197.72,198.31 1 30
github.com/SergioLacerda/strategist-skill/cmd/strategist/validate.go:198.31,200.4 1 2
github.com/SergioLacerda/strategist-skill/cmd/strategist/validate.go:202.2,202.13 1 10
github.com/SergioLacerda/strategist-skill/cmd/strategist/validate.go:205.42,207.16 2 2
github.com/SergioLacerda/strategist-skill/cmd/strategist/validate.go:207.16,209.3 1 0
github.com/SergioLacerda/strategist-skill/cmd/strategist/validate.go:210.2,211.48 2 2
github.com/SergioLacerda/strategist-skill/cmd/strategist/validate.go:211.48,213.3 1 1
github.com/SergioLacerda/strategist-skill/cmd/strategist/validate.go:214.2,214.12 1 1
github.com/SergioLacerda/strategist-skill/cmd/strategist/validate.go:217.13,219.2 1 2
github.com/SergioLacerda/strategist-skill/cmd/strategist/version.go:17.44,25.3 2 5
