TN:
SF:src/components/CopyButton.tsx
FN:3,CopyButtons
FN:6,(anonymous_1)
FN:7,handleClick
FN:11,(anonymous_3)
FN:13,(anonymous_4)
FN:14,(anonymous_5)
FN:17,(anonymous_6)
FNF:7
FNH:6
FNDA:11,CopyButtons
FNDA:6,(anonymous_1)
FNDA:5,handleClick
FNDA:4,(anonymous_3)
FNDA:1,(anonymous_4)
FNDA:0,(anonymous_5)
FNDA:6,(anonymous_6)
DA:4,11
DA:6,11
DA:8,5
DA:9,5
DA:10,4
DA:11,5
DA:12,4
DA:13,4
DA:16,6
DA:17,6
DA:20,11
DA:21,4
LF:12
LH:12
BRDA:9,0,0,1
BRDA:9,0,1,4
BRDA:10,1,0,4
BRDA:10,1,1,0
BRDA:20,2,0,7
BRDA:20,2,1,4
BRF:6
BRH:5
end_of_record
TN:
SF:src/components/LangToggle.tsx
FN:3,read
FN:6,save
FN:10,LangToggle
FN:11,(anonymous_3)
FN:13,(anonymous_4)
FN:17,(anonymous_5)
FN:28,(anonymous_6)
FN:33,(anonymous_7)
FNF:8
FNH:8
FNDA:7,read
FNDA:12,save
FNDA:12,LangToggle
FNDA:7,(anonymous_3)
FNDA:12,(anonymous_4)
FNDA:24,(anonymous_5)
FNDA:1,(anonymous_6)
FNDA:4,(anonymous_7)
DA:4,7
DA:7,12
DA:11,12
DA:13,12
DA:14,12
DA:15,12
DA:17,12
DA:18,24
DA:19,24
DA:21,12
DA:24,12
DA:28,1
DA:33,4
LF:13
LH:13
BRDA:4,0,0,7
BRDA:4,0,1,6
BRDA:15,1,0,5
BRDA:15,1,1,7
BRDA:18,2,0,10
BRDA:18,2,1,14
BRDA:19,3,0,24
BRDA:19,3,1,0
BRDA:27,4,0,7
BRDA:27,4,1,5
BRDA:32,5,0,5
BRDA:32,5,1,7
BRF:12
BRH:11
end_of_record
TN:
SF:src/components/TabSwitcher.tsx
FN:15,read
FN:18,save
FN:24,TabSwitcher
FN:25,(anonymous_3)
FN:27,(anonymous_4)
FN:29,(anonymous_5)
FN:36,(anonymous_6)
FN:37,onSwitch
FN:42,(anonymous_8)
FN:46,(anonymous_9)
FN:47,(anonymous_10)
FN:56,(anonymous_11)
FN:60,(anonymous_12)
FNF:13
FNH:13
FNDA:8,read
FNDA:11,save
FNDA:11,TabSwitcher
FNDA:8,(anonymous_3)
FNDA:11,(anonymous_4)
FNDA:55,(anonymous_5)
FNDA:8,(anonymous_6)
FNDA:2,onSwitch
FNDA:8,(anonymous_8)
FNDA:8,(anonymous_9)
FNDA:40,(anonymous_10)
FNDA:55,(anonymous_11)
FNDA:2,(anonymous_12)
DA:3,1
DA:6,1
DA:10,1
DA:16,8
DA:19,11
DA:25,11
DA:27,11
DA:28,11
DA:29,11
DA:30,55
DA:32,11
DA:36,11
DA:38,2
DA:39,2
DA:41,8
DA:42,8
DA:46,11
DA:47,8
DA:48,40
DA:52,11
DA:54,11
DA:57,55
DA:60,2
LF:23
LH:23
BRDA:16,0,0,8
BRDA:16,0,1,7
BRDA:39,1,0,1
BRDA:39,1,1,1
BRDA:52,2,0,1
BRDA:52,2,1,10
BRDA:59,3,0,11
BRDA:59,3,1,44
BRDA:61,4,0,11
BRDA:61,4,1,44
BRF:10
BRH:10
end_of_record
